#
# There is insufficient memory for the Java Runtime Environment to continue.
# Native memory allocation (mmap) failed to map 65536 bytes for Failed to commit metaspace.
# Possible reasons:
#   The system is out of physical RAM or swap space
#   The process is running with CompressedOops enabled, and the Java Heap may be blocking the growth of the native heap
# Possible solutions:
#   Reduce memory load on the system
#   Increase physical memory or swap space
#   Check if swap backing store is full
#   Decrease Java heap size (-Xmx/-Xms)
#   Decrease number of Java threads
#   Decrease Java thread stack sizes (-Xss)
#   Set larger code cache with -XX:ReservedCodeCacheSize=
#   JVM is running with Unscaled Compressed Oops mode in which the Java heap is
#     placed in the first 4GB address space. The Java Heap base address is the
#     maximum limit for the native heap growth. Please use -XX:HeapBaseMinAddress
#     to set the Java Heap base and to place the Java Heap above 4GB virtual address.
# This output file may be truncated or incomplete.
#
#  Out of Memory Error (virtualSpaceNode.cpp:110), pid=7264, tid=8944
#
# JRE version: OpenJDK Runtime Environment Temurin-17.0.3+7 (17.0.3+7) (build 17.0.3+7)
# Java VM: OpenJDK 64-Bit Server VM Temurin-17.0.3+7 (17.0.3+7, mixed mode, tiered, compressed oops, compressed class ptrs, parallel gc, windows-amd64)
# No core dump will be written. Minidumps are not enabled by default on client versions of Windows
#

---------------  S U M M A R Y ------------

Command Line: --add-modules=ALL-SYSTEM --add-opens=java.base/java.util=ALL-UNNAMED --add-opens=java.base/java.lang=ALL-UNNAMED --add-opens=java.base/sun.nio.fs=ALL-UNNAMED -Declipse.application=org.eclipse.jdt.ls.core.id1 -Dosgi.bundles.defaultStartLevel=4 -Declipse.product=org.eclipse.jdt.ls.core.product -Djava.import.generatesMetadataFilesAtProjectRoot=false -Dfile.encoding=utf8 -DwatchParentProcess=false -XX:+UseParallelGC -XX:GCTimeRatio=4 -XX:AdaptiveSizePolicyWeight=90 -Dsun.zip.disableMemoryMapping=true -Xmx1G -Xms100m -XX:+HeapDumpOnOutOfMemoryError -XX:HeapDumpPath=c:\Users\LENOVO\AppData\Roaming\Code\User\workspaceStorage\123212859bc6ca5fc8f745e4ec924077\redhat.java c:\Users\LENOVO\.vscode\extensions\redhat.java-1.8.0-win32-x64\server\plugins\org.eclipse.equinox.launcher_1.6.400.v20210924-0641.jar -configuration c:\Users\LENOVO\AppData\Roaming\Code\User\globalStorage\redhat.java\1.8.0\config_win -data c:\Users\LENOVO\AppData\Roaming\Code\User\workspaceStorage\123212859bc6ca5fc8f745e4ec924077\redhat.java\jdt_ws

Host: AMD E1-2100 APU with Radeon(TM) HD Graphics    , 2 cores, 1G,  Windows 7 , 64 bit Build 7601 (6.1.7601.23572)
Time: Fri Jul  8 13:07:18 2022 SE Asia Standard Time elapsed time: 19.365523 seconds (0d 0h 0m 19s)

---------------  T H R E A D  ---------------

Current thread (0x0000000019bd69e0):  JavaThread "Start Level: Equinox Container: 3061760d-65bc-48f7-ae20-a30d4dd2965d" daemon [_thread_in_vm, id=8944, stack(0x000000001acc0000,0x000000001adc0000)]

Stack: [0x000000001acc0000,0x000000001adc0000]
Native frames: (J=compiled Java code, j=interpreted, Vv=VM code, C=native code)
V  [jvm.dll+0x675efa]
V  [jvm.dll+0x830a24]
V  [jvm.dll+0x8321ce]
V  [jvm.dll+0x832833]
V  [jvm.dll+0x2454b5]
V  [jvm.dll+0x82c9cb]
V  [jvm.dll+0x61ab26]
V  [jvm.dll+0x61ab8a]
V  [jvm.dll+0x61d3aa]
V  [jvm.dll+0x61b4c6]
V  [jvm.dll+0x239a1f]
V  [jvm.dll+0x6252d5]
V  [jvm.dll+0x1ea19b]
V  [jvm.dll+0x1ea6d5]
V  [jvm.dll+0x1eb10f]
V  [jvm.dll+0x1e05b1]
V  [jvm.dll+0x53bb80]
V  [jvm.dll+0x1f0da7]
V  [jvm.dll+0x7aae5b]
V  [jvm.dll+0x7ac202]
V  [jvm.dll+0x7ac538]
V  [jvm.dll+0x23d79e]
V  [jvm.dll+0x23d9ef]
V  [jvm.dll+0x559143]
V  [jvm.dll+0x55b5c4]
V  [jvm.dll+0x38296e]
V  [jvm.dll+0x382412]
C  0x00000000052c86e8

Java frames: (J=compiled Java code, j=interpreted, Vv=VM code)
j  sun.util.resources.LocaleData$1.run()Ljava/util/ResourceBundle;+8 java.base@17.0.3
j  sun.util.resources.LocaleData$1.run()Ljava/lang/Object;+1 java.base@17.0.3
J 1606 c1 java.security.AccessController.doPrivileged(Ljava/security/PrivilegedAction;)Ljava/lang/Object; java.base@17.0.3 (9 bytes) @ 0x0000000005b2e8bc [0x0000000005b2e760+0x000000000000015c]
j  sun.util.resources.LocaleData.getBundle(Ljava/lang/String;Ljava/util/Locale;)Ljava/util/ResourceBundle;+9 java.base@17.0.3
j  sun.util.resources.LocaleData.getCalendarData(Ljava/util/Locale;)Ljava/util/ResourceBundle;+26 java.base@17.0.3
j  sun.util.locale.provider.LocaleResources.getCalendarData(Ljava/lang/String;)Ljava/lang/String;+68 java.base@17.0.3
j  sun.util.cldr.CLDRCalendarDataProviderImpl.findValue(Ljava/lang/String;Ljava/util/Locale;)I+64 java.base@17.0.3
j  sun.util.cldr.CLDRCalendarDataProviderImpl.getFirstDayOfWeek(Ljava/util/Locale;)I+3 java.base@17.0.3
j  sun.util.locale.provider.CalendarDataUtility$CalendarWeekParameterGetter.getObject(Ljava/util/spi/CalendarDataProvider;Ljava/util/Locale;Ljava/lang/String;[Ljava/lang/Object;)Ljava/lang/Integer;+114 java.base@17.0.3
j  sun.util.locale.provider.CalendarDataUtility$CalendarWeekParameterGetter.getObject(Ljava/util/spi/LocaleServiceProvider;Ljava/util/Locale;Ljava/lang/String;[Ljava/lang/Object;)Ljava/lang/Object;+9 java.base@17.0.3
j  sun.util.locale.provider.LocaleServiceProviderPool.getLocalizedObjectImpl(Lsun/util/locale/provider/LocaleServiceProviderPool$LocalizedObjectGetter;Ljava/util/Locale;ZLjava/lang/String;[Ljava/lang/Object;)Ljava/lang/Object;+93 java.base@17.0.3
j  sun.util.locale.provider.LocaleServiceProviderPool.getLocalizedObject(Lsun/util/locale/provider/LocaleServiceProviderPool$LocalizedObjectGetter;Ljava/util/Locale;Ljava/lang/Boolean;Ljava/lang/String;[Ljava/lang/Object;)Ljava/lang/Object;+11 java.base@17.0.3
j  sun.util.locale.provider.CalendarDataUtility.retrieveFirstDayOfWeek(Ljava/util/Locale;)I+280 java.base@17.0.3
j  java.util.Calendar.setWeekCountData(Ljava/util/Locale;)V+24 java.base@17.0.3
j  java.util.Calendar.<init>(Ljava/util/TimeZone;Ljava/util/Locale;)V+55 java.base@17.0.3
j  java.util.GregorianCalendar.<init>(Ljava/util/TimeZone;Ljava/util/Locale;Z)V+3 java.base@17.0.3
j  java.util.Calendar$Builder.build()Ljava/util/Calendar;+249 java.base@17.0.3
j  sun.util.locale.provider.CalendarProviderImpl.getInstance(Ljava/util/TimeZone;Ljava/util/Locale;)Ljava/util/Calendar;+21 java.base@17.0.3
j  java.util.Calendar.createCalendar(Ljava/util/TimeZone;Ljava/util/Locale;)Ljava/util/Calendar;+18 java.base@17.0.3
j  java.util.Calendar.getInstance(Ljava/util/Locale;)Ljava/util/Calendar;+5 java.base@17.0.3
j  java.text.SimpleDateFormat.initializeCalendar(Ljava/util/Locale;)V+27 java.base@17.0.3
j  java.text.SimpleDateFormat.<init>(Ljava/lang/String;Ljava/util/Locale;)V+43 java.base@17.0.3
j  java.text.SimpleDateFormat.<init>(Ljava/lang/String;)V+8 java.base@17.0.3
j  org.eclipse.osgi.internal.debug.EclipseDebugTrace.<clinit>()V+6
v  ~StubRoutines::call_stub
j  org.eclipse.osgi.internal.debug.FrameworkDebugOptions.newDebugTrace(Ljava/lang/String;Ljava/lang/Class;)Lorg/eclipse/osgi/service/debug/DebugTrace;+28
j  org.eclipse.osgi.internal.debug.FrameworkDebugOptions.newDebugTrace(Ljava/lang/String;)Lorg/eclipse/osgi/service/debug/DebugTrace;+3
j  org.eclipse.core.internal.utils.Policy$1.optionsChanged(Lorg/eclipse/osgi/service/debug/DebugOptions;)V+3
j  org.eclipse.osgi.internal.debug.FrameworkDebugOptions.addingService(Lorg/osgi/framework/ServiceReference;)Lorg/eclipse/osgi/service/debug/DebugOptionsListener;+16
j  org.eclipse.osgi.internal.debug.FrameworkDebugOptions.addingService(Lorg/osgi/framework/ServiceReference;)Ljava/lang/Object;+5
j  org.osgi.util.tracker.ServiceTracker$Tracked.customizerAdding(Lorg/osgi/framework/ServiceReference;Lorg/osgi/framework/ServiceEvent;)Ljava/lang/Object;+8
j  org.osgi.util.tracker.ServiceTracker$Tracked.customizerAdding(Ljava/lang/Object;Ljava/lang/Object;)Ljava/lang/Object;+9
j  org.osgi.util.tracker.AbstractTracked.trackAdding(Ljava/lang/Object;Ljava/lang/Object;)V+8
j  org.osgi.util.tracker.AbstractTracked.track(Ljava/lang/Object;Ljava/lang/Object;)V+83
j  org.osgi.util.tracker.ServiceTracker$Tracked.serviceChanged(Lorg/osgi/framework/ServiceEvent;)V+67
J 1375 c1 org.eclipse.osgi.internal.serviceregistry.FilteredServiceListener.serviceChanged(Lorg/osgi/framework/ServiceEvent;)V (284 bytes) @ 0x0000000005abd524 [0x0000000005abb260+0x00000000000022c4]
J 1519 c1 org.eclipse.osgi.internal.framework.BundleContextImpl.dispatchEvent(Ljava/lang/Object;Ljava/lang/Object;ILjava/lang/Object;)V (558 bytes) @ 0x0000000005af95f4 [0x0000000005af6520+0x00000000000030d4]
J 2051 c1 org.eclipse.osgi.framework.eventmgr.EventManager.dispatchEvent(Ljava/util/Set;Lorg/eclipse/osgi/framework/eventmgr/EventDispatcher;ILjava/lang/Object;)V (69 bytes) @ 0x0000000005c38874 [0x0000000005c383a0+0x00000000000004d4]
j  org.eclipse.osgi.framework.eventmgr.ListenerQueue.dispatchEventSynchronous(ILjava/lang/Object;)V+67
j  org.eclipse.osgi.internal.serviceregistry.ServiceRegistry.publishServiceEventPrivileged(Lorg/osgi/framework/ServiceEvent;)V+320
j  org.eclipse.osgi.internal.serviceregistry.ServiceRegistry.publishServiceEvent(Lorg/osgi/framework/ServiceEvent;)V+8
j  org.eclipse.osgi.internal.serviceregistry.ServiceRegistrationImpl.register(Ljava/util/Dictionary;)V+128
j  org.eclipse.osgi.internal.serviceregistry.ServiceRegistry.registerService(Lorg/eclipse/osgi/internal/framework/BundleContextImpl;[Ljava/lang/String;Ljava/lang/Object;Ljava/util/Dictionary;)Lorg/eclipse/osgi/internal/serviceregistry/ServiceRegistrationImpl;+298
j  org.eclipse.osgi.internal.framework.BundleContextImpl.registerService([Ljava/lang/String;Ljava/lang/Object;Ljava/util/Dictionary;)Lorg/osgi/framework/ServiceRegistration;+15
j  org.eclipse.osgi.internal.framework.BundleContextImpl.registerService(Ljava/lang/String;Ljava/lang/Object;Ljava/util/Dictionary;)Lorg/osgi/framework/ServiceRegistration;+15
j  org.eclipse.osgi.internal.framework.BundleContextImpl.registerService(Ljava/lang/Class;Ljava/lang/Object;Ljava/util/Dictionary;)Lorg/osgi/framework/ServiceRegistration;+7
j  org.eclipse.core.resources.ResourcesPlugin.start(Lorg/osgi/framework/BundleContext;)V+44
j  org.eclipse.osgi.internal.framework.BundleContextImpl$2.run()Ljava/lang/Void;+23
j  org.eclipse.osgi.internal.framework.BundleContextImpl$2.run()Ljava/lang/Object;+1
J 1044 c1 java.security.AccessController.executePrivileged(Ljava/security/PrivilegedExceptionAction;Ljava/security/AccessControlContext;Ljava/lang/Class;)Ljava/lang/Object; java.base@17.0.3 (65 bytes) @ 0x00000000059f1934 [0x00000000059f17e0+0x0000000000000154]
j  java.security.AccessController.doPrivileged(Ljava/security/PrivilegedExceptionAction;)Ljava/lang/Object;+9 java.base@17.0.3
j  org.eclipse.osgi.internal.framework.BundleContextImpl.startActivator(Lorg/osgi/framework/BundleActivator;)V+9
j  org.eclipse.osgi.internal.framework.BundleContextImpl.start()V+134
j  org.eclipse.osgi.internal.framework.EquinoxBundle.startWorker0()V+35
j  org.eclipse.osgi.internal.framework.EquinoxBundle$EquinoxModule.startWorker()V+4
j  org.eclipse.osgi.container.Module.doStart([Lorg/eclipse/osgi/container/Module$StartOptions;)Lorg/eclipse/osgi/container/ModuleContainerAdaptor$ModuleEvent;+190
j  org.eclipse.osgi.container.Module.start([Lorg/eclipse/osgi/container/Module$StartOptions;)V+460
j  org.eclipse.osgi.framework.util.SecureAction.start(Lorg/eclipse/osgi/container/Module;[Lorg/eclipse/osgi/container/Module$StartOptions;)V+8
J 2087 c1 org.eclipse.osgi.internal.hooks.EclipseLazyStarter.postFindLocalClass(Ljava/lang/String;Ljava/lang/Class;Lorg/eclipse/osgi/internal/loader/classpath/ClasspathManager;)V (394 bytes) @ 0x0000000005c51bbc [0x0000000005c50c40+0x0000000000000f7c]
J 1946 c1 org.eclipse.osgi.internal.loader.classpath.ClasspathManager.findLocalClass(Ljava/lang/String;)Ljava/lang/Class; (210 bytes) @ 0x0000000005c06cd4 [0x0000000005c05d20+0x0000000000000fb4]
J 1944 c1 org.eclipse.osgi.internal.loader.BundleLoader.findLocalClass(Ljava/lang/String;)Ljava/lang/Class; (152 bytes) @ 0x0000000005c03e6c [0x0000000005c03620+0x000000000000084c]
J 1491 c1 org.eclipse.osgi.internal.loader.BundleLoader.findClass0(Ljava/lang/String;ZZ)Ljava/lang/Class; (466 bytes) @ 0x0000000005ae5994 [0x0000000005ae32a0+0x00000000000026f4]
J 1490 c1 org.eclipse.osgi.internal.loader.BundleLoader.findClass(Ljava/lang/String;)Ljava/lang/Class; (8 bytes) @ 0x0000000005ae299c [0x0000000005ae2920+0x000000000000007c]
J 1526 c1 org.eclipse.osgi.internal.loader.ModuleClassLoader.loadClass(Ljava/lang/String;Z)Ljava/lang/Class; (20 bytes) @ 0x0000000005b02cfc [0x0000000005b02be0+0x000000000000011c]
J 693 c1 java.lang.ClassLoader.loadClass(Ljava/lang/String;)Ljava/lang/Class; java.base@17.0.3 (7 bytes) @ 0x000000000594c1bc [0x000000000594c0c0+0x00000000000000fc]
v  ~StubRoutines::call_stub
j  java.lang.Class.getDeclaredConstructors0(Z)[Ljava/lang/reflect/Constructor;+0 java.base@17.0.3
j  java.lang.Class.privateGetDeclaredConstructors(Z)[Ljava/lang/reflect/Constructor;+52 java.base@17.0.3
j  java.lang.Class.getConstructor0([Ljava/lang/Class;I)Ljava/lang/reflect/Constructor;+14 java.base@17.0.3
j  java.lang.Class.getConstructor([Ljava/lang/Class;)Ljava/lang/reflect/Constructor;+24 java.base@17.0.3
j  org.eclipse.osgi.internal.framework.BundleContextImpl.loadBundleActivator()Lorg/osgi/framework/BundleActivator;+105
j  org.eclipse.osgi.internal.framework.BundleContextImpl.start()V+18
j  org.eclipse.osgi.internal.framework.EquinoxBundle.startWorker0()V+35
j  org.eclipse.osgi.internal.framework.EquinoxBundle$EquinoxModule.startWorker()V+4
j  org.eclipse.osgi.container.Module.doStart([Lorg/eclipse/osgi/container/Module$StartOptions;)Lorg/eclipse/osgi/container/ModuleContainerAdaptor$ModuleEvent;+190
j  org.eclipse.osgi.container.Module.start([Lorg/eclipse/osgi/container/Module$StartOptions;)V+460
j  org.eclipse.osgi.container.ModuleContainer$ContainerStartLevel$2.run()V+71
j  org.eclipse.osgi.internal.framework.EquinoxContainerAdaptor$1$1.execute(Ljava/lang/Runnable;)V+1
j  org.eclipse.osgi.container.ModuleContainer$ContainerStartLevel.incStartLevel(ILjava/util/List;Z)V+192
j  org.eclipse.osgi.container.ModuleContainer$ContainerStartLevel.incStartLevel(ILjava/util/List;Ljava/util/List;Ljava/util/List;Ljava/util/List;)V+19
j  org.eclipse.osgi.container.ModuleContainer$ContainerStartLevel.doContainerStartLevel(Lorg/eclipse/osgi/container/Module;I[Lorg/osgi/framework/FrameworkListener;)V+349
j  org.eclipse.osgi.container.ModuleContainer$ContainerStartLevel.dispatchEvent(Lorg/eclipse/osgi/container/Module;[Lorg/osgi/framework/FrameworkListener;ILjava/lang/Integer;)V+32
j  org.eclipse.osgi.container.ModuleContainer$ContainerStartLevel.dispatchEvent(Ljava/lang/Object;Ljava/lang/Object;ILjava/lang/Object;)V+15
j  org.eclipse.osgi.framework.eventmgr.EventManager.dispatchEvent(Ljava/util/Set;Lorg/eclipse/osgi/framework/eventmgr/EventDispatcher;ILjava/lang/Object;)V+48
j  org.eclipse.osgi.framework.eventmgr.EventManager$EventThread.run()V+26
v  ~StubRoutines::call_stub

---------------  P R O C E S S  ---------------

Threads class SMR info:
_java_thread_list=0x0000000019c9c850, length=18, elements={
0x00000000001f5d80, 0x00000000002897c0, 0x000000000028c040, 0x00000000174b1f30,
0x00000000174b3ab0, 0x00000000174b4630, 0x00000000174b51b0, 0x00000000174bbfa0,
0x00000000174be350, 0x00000000174c1ff0, 0x0000000018f58050, 0x0000000019015560,
0x00000000198f2410, 0x000000001992e990, 0x0000000019bd69e0, 0x0000000019d41a60,
0x000000001920d180, 0x0000000019c06c00
}

Java Threads: ( => current thread )
  0x00000000001f5d80 JavaThread "main" [_thread_blocked, id=8264, stack(0x0000000002100000,0x0000000002200000)]
  0x00000000002897c0 JavaThread "Reference Handler" daemon [_thread_blocked, id=6828, stack(0x0000000018180000,0x0000000018280000)]
  0x000000000028c040 JavaThread "Finalizer" daemon [_thread_blocked, id=8888, stack(0x0000000018370000,0x0000000018470000)]
  0x00000000174b1f30 JavaThread "Signal Dispatcher" daemon [_thread_blocked, id=8224, stack(0x00000000185e0000,0x00000000186e0000)]
  0x00000000174b3ab0 JavaThread "Attach Listener" daemon [_thread_blocked, id=9144, stack(0x0000000018700000,0x0000000018800000)]
  0x00000000174b4630 JavaThread "Service Thread" daemon [_thread_blocked, id=9100, stack(0x0000000018910000,0x0000000018a10000)]
  0x00000000174b51b0 JavaThread "Monitor Deflation Thread" daemon [_thread_blocked, id=8340, stack(0x0000000018b50000,0x0000000018c50000)]
  0x00000000174bbfa0 JavaThread "C2 CompilerThread0" daemon [_thread_blocked, id=7932, stack(0x0000000018cf0000,0x0000000018df0000)]
  0x00000000174be350 JavaThread "C1 CompilerThread0" daemon [_thread_in_vm, id=5196, stack(0x00000000184e0000,0x00000000185e0000)]
  0x00000000174c1ff0 JavaThread "Sweeper thread" daemon [_thread_blocked, id=7244, stack(0x0000000018e30000,0x0000000018f30000)]
  0x0000000018f58050 JavaThread "Common-Cleaner" daemon [_thread_blocked, id=1360, stack(0x0000000019410000,0x0000000019510000)]
  0x0000000019015560 JavaThread "Notification Thread" daemon [_thread_blocked, id=4908, stack(0x0000000018a10000,0x0000000018b10000)]
  0x00000000198f2410 JavaThread "Active Thread: Equinox Container: 3061760d-65bc-48f7-ae20-a30d4dd2965d" [_thread_blocked, id=8472, stack(0x000000001a1c0000,0x000000001a2c0000)]
  0x000000001992e990 JavaThread "Framework Event Dispatcher: Equinox Container: 3061760d-65bc-48f7-ae20-a30d4dd2965d" daemon [_thread_blocked, id=6800, stack(0x000000001a2d0000,0x000000001a3d0000)]
=>0x0000000019bd69e0 JavaThread "Start Level: Equinox Container: 3061760d-65bc-48f7-ae20-a30d4dd2965d" daemon [_thread_in_vm, id=8944, stack(0x000000001acc0000,0x000000001adc0000)]
  0x0000000019d41a60 JavaThread "SCR Component Actor" daemon [_thread_blocked, id=5172, stack(0x000000001b070000,0x000000001b170000)]
  0x000000001920d180 JavaThread "Timer-0" [_thread_blocked, id=7400, stack(0x000000001add0000,0x000000001aed0000)]
  0x0000000019c06c00 JavaThread "Bundle File Closer" daemon [_thread_blocked, id=6060, stack(0x000000001b270000,0x000000001b370000)]

Other Threads:
  0x00000000174795a0 VMThread "VM Thread" [stack: 0x0000000018050000,0x0000000018150000] [id=7756]
  0x0000000019049da0 WatcherThread [stack: 0x00000000195f0000,0x00000000196f0000] [id=6548]
  0x0000000000211c00 GCTaskThread "GC Thread#0" [stack: 0x0000000014640000,0x0000000014740000] [id=2588]
  0x0000000019d65e70 GCTaskThread "GC Thread#1" [stack: 0x000000001af10000,0x000000001b010000] [id=1320]

Threads with active compile tasks:
C1 CompilerThread0    19600 2184       3       sun.util.locale.LocaleObjectCache::normalizeKey (2 bytes)

VM state: not at safepoint (normal execution)

VM Mutex/Monitor currently owned by a thread:  ([mutex/lock_event])
[0x00000000001f01f0] Metaspace_lock - owner thread: 0x0000000019bd69e0
[0x00000000001f1c00] MethodData_lock - owner thread: 0x00000000174be350

Heap address: 0x00000000c0000000, size: 1024 MB, Compressed Oops mode: 32-bit

CDS archive(s) not mapped
Compressed class space mapped at: 0x000000013fc00000-0x000000017fc00000, reserved size: 1073741824
Narrow klass base: 0x0000000000000000, Narrow klass shift: 3, Narrow klass range: 0x17fc00000

GC Precious Log:
 CPUs: 2 total, 2 available
 Memory: 1485M
 Large Page Support: Disabled
 NUMA Support: Disabled
 Compressed Oops: Enabled (32-bit)
 Alignments: Space 512K, Generation 512K, Heap 2M
 Heap Min Capacity: 100M
 Heap Initial Capacity: 100M
 Heap Max Capacity: 1G
 Pre-touch: Disabled
 Parallel Workers: 2

Heap:
 PSYoungGen      total 29696K, used 24532K [0x00000000eab00000, 0x00000000ecc00000, 0x0000000100000000)
  eden space 25600K, 79% used [0x00000000eab00000,0x00000000ebefb140,0x00000000ec400000)
  from space 4096K, 99% used [0x00000000ec400000,0x00000000ec7f9fa8,0x00000000ec800000)
  to   space 4096K, 0% used [0x00000000ec800000,0x00000000ec800000,0x00000000ecc00000)
 ParOldGen       total 68608K, used 622K [0x00000000c0000000, 0x00000000c4300000, 0x00000000eab00000)
  object space 68608K, 0% used [0x00000000c0000000,0x00000000c009bb50,0x00000000c4300000)
 Metaspace       used 17237K, committed 17536K, reserved 1064960K
  class space    used 1740K, committed 1856K, reserved 1048576K

Card table byte_map: [0x00000000143a0000,0x00000000145b0000] _byte_map_base: 0x0000000013da0000

Marking Bits: (ParMarkBitMap*) 0x000007fec8204b80
 Begin Bits: [0x00000000148a0000, 0x00000000158a0000)
 End Bits:   [0x00000000158a0000, 0x00000000168a0000)

Polling page: 0x0000000000440000

Metaspace:

Usage:
  Non-class:     15.13 MB used.
      Class:      1.70 MB used.
       Both:     16.83 MB used.

Virtual space:
  Non-class space:       16.00 MB reserved,      15.31 MB ( 96%) committed,  2 nodes.
      Class space:        1.00 GB reserved,       1.81 MB ( <1%) committed,  1 nodes.
             Both:        1.02 GB reserved,      17.13 MB (  2%) committed. 

Chunk freelists:
   Non-Class:  476.00 KB
       Class:  2.04 MB
        Both:  2.51 MB

MaxMetaspaceSize: unlimited
CompressedClassSpaceSize: 1.00 GB
Initial GC threshold: 21.00 MB
Current GC threshold: 21.00 MB
CDS: off
MetaspaceReclaimPolicy: balanced
 - commit_granule_bytes: 65536.
 - commit_granule_words: 8192.
 - virtual_space_node_default_size: 1048576.
 - enlarge_chunks_in_place: 1.
 - new_chunks_are_fully_committed: 0.
 - uncommit_free_chunks: 1.
 - use_allocation_guard: 0.
 - handle_deallocations: 1.


Internal statistics:

num_allocs_failed_limit: 0.
num_arena_births: 116.
num_arena_deaths: 0.
num_vsnodes_births: 3.
num_vsnodes_deaths: 0.
num_space_committed: 274.
num_space_uncommitted: 0.
num_chunks_returned_to_freelist: 0.
num_chunks_taken_from_freelist: 446.
num_chunk_merges: 0.
num_chunk_splits: 277.
num_chunks_enlarged: 191.
num_purges: 0.
num_inconsistent_stats: 0.

CodeHeap 'non-profiled nmethods': size=120064Kb used=734Kb max_used=734Kb free=119329Kb
 bounds [0x000000000cd70000, 0x000000000cfe0000, 0x00000000142b0000]
CodeHeap 'profiled nmethods': size=120000Kb used=4416Kb max_used=4416Kb free=115584Kb
 bounds [0x0000000005840000, 0x0000000005c90000, 0x000000000cd70000]
CodeHeap 'non-nmethods': size=5696Kb used=1169Kb max_used=1185Kb free=4527Kb
 bounds [0x00000000052b0000, 0x0000000005520000, 0x0000000005840000]
 total_blobs=2640 nmethods=2178 adapters=377
 compilation: enabled
              stopped_count=0, restarted_count=0
 full_count=0

Compilation events (20 events):
Event: 19.330 Thread 0x00000000174be350 nmethod 2178 0x0000000005c8d610 code [0x0000000005c8d960, 0x0000000005c8eb68]
Event: 19.330 Thread 0x00000000174be350 2185       3       sun.util.locale.InternalLocaleBuilder::setExtensions (206 bytes)
Event: 19.343 Thread 0x00000000174be350 nmethod 2185 0x000000000ce20b10 code [0x000000000ce21000, 0x000000000ce238d8]
Event: 19.343 Thread 0x00000000174be350 2190       3       java.util.Locale::hasExtensions (13 bytes)
Event: 19.344 Thread 0x00000000174be350 nmethod 2190 0x0000000005c8f290 code [0x0000000005c8f420, 0x0000000005c8f598]
Event: 19.344 Thread 0x00000000174be350 2191       3       java.util.Locale::stripExtensions (20 bytes)
Event: 19.345 Thread 0x00000000174be350 nmethod 2191 0x0000000005c8f610 code [0x0000000005c8f7c0, 0x0000000005c8fa48]
Event: 19.345 Thread 0x00000000174be350 2192       3       java.util.Locale::equals (75 bytes)
Event: 19.347 Thread 0x00000000174be350 nmethod 2192 0x000000000ce24690 code [0x000000000ce248a0, 0x000000000ce24fd8]
Event: 19.347 Thread 0x00000000174be350 2193       3       sun.util.locale.BaseLocale::equals (71 bytes)
Event: 19.348 Thread 0x00000000174be350 nmethod 2193 0x000000000ce25190 code [0x000000000ce25360, 0x000000000ce25838]
Event: 19.348 Thread 0x00000000174be350 2179       3       sun.util.locale.InternalLocaleBuilder::getLocaleExtensions (65 bytes)
Event: 19.352 Thread 0x00000000174be350 nmethod 2179 0x000000000ce25910 code [0x000000000ce25b40, 0x000000000ce26388]
Event: 19.352 Thread 0x00000000174be350 2180       3       sun.util.locale.LocaleUtils::isEmpty (19 bytes)
Event: 19.353 Thread 0x00000000174be350 nmethod 2180 0x0000000005c8fb10 code [0x0000000005c8fcc0, 0x0000000005c8ff08]
Event: 19.353 Thread 0x00000000174be350 2181       3       sun.util.locale.LocaleUtils::isEmpty (19 bytes)
Event: 19.354 Thread 0x00000000174be350 nmethod 2181 0x000000000ce26590 code [0x000000000ce26740, 0x000000000ce26988]
Event: 19.354 Thread 0x00000000174be350 2182       3       sun.util.locale.BaseLocale$Key::getBaseLocale (25 bytes)
Event: 19.355 Thread 0x00000000174be350 nmethod 2182 0x000000000ce26a90 code [0x000000000ce26c40, 0x000000000ce26f68]
Event: 19.356 Thread 0x00000000174be350 2183       3       sun.util.locale.BaseLocale::convertOldISOCodes (238 bytes)

GC Heap History (2 events):
Event: 10.751 GC heap before
{Heap before GC invocations=1 (full 0):
 PSYoungGen      total 29696K, used 25600K [0x00000000eab00000, 0x00000000ecc00000, 0x0000000100000000)
  eden space 25600K, 100% used [0x00000000eab00000,0x00000000ec400000,0x00000000ec400000)
  from space 4096K, 0% used [0x00000000ec800000,0x00000000ec800000,0x00000000ecc00000)
  to   space 4096K, 0% used [0x00000000ec400000,0x00000000ec400000,0x00000000ec800000)
 ParOldGen       total 68608K, used 0K [0x00000000c0000000, 0x00000000c4300000, 0x00000000eab00000)
  object space 68608K, 0% used [0x00000000c0000000,0x00000000c0000000,0x00000000c4300000)
 Metaspace       used 12641K, committed 12800K, reserved 1064960K
  class space    used 1264K, committed 1344K, reserved 1048576K
}
Event: 10.793 GC heap after
{Heap after GC invocations=1 (full 0):
 PSYoungGen      total 29696K, used 4071K [0x00000000eab00000, 0x00000000ecc00000, 0x0000000100000000)
  eden space 25600K, 0% used [0x00000000eab00000,0x00000000eab00000,0x00000000ec400000)
  from space 4096K, 99% used [0x00000000ec400000,0x00000000ec7f9fa8,0x00000000ec800000)
  to   space 4096K, 0% used [0x00000000ec800000,0x00000000ec800000,0x00000000ecc00000)
 ParOldGen       total 68608K, used 622K [0x00000000c0000000, 0x00000000c4300000, 0x00000000eab00000)
  object space 68608K, 0% used [0x00000000c0000000,0x00000000c009bb50,0x00000000c4300000)
 Metaspace       used 12641K, committed 12800K, reserved 1064960K
  class space    used 1264K, committed 1344K, reserved 1048576K
}

Deoptimization events (20 events):
Event: 18.772 Thread 0x0000000019bd69e0 Uncommon trap: trap_request=0xffffffde fr.pc=0x000000000cdbaab4 relative=0x0000000000000294
Event: 18.772 Thread 0x0000000019bd69e0 Uncommon trap: reason=class_check action=maybe_recompile pc=0x000000000cdbaab4 method=java.io.DataInputStream.readByte()B @ 4 c2
Event: 18.772 Thread 0x0000000019bd69e0 DEOPT PACKING pc=0x000000000cdbaab4 sp=0x000000001adb8600
Event: 18.772 Thread 0x0000000019bd69e0 DEOPT UNPACKING pc=0x00000000053020a3 sp=0x000000001adb85b8 mode 2
Event: 18.772 Thread 0x0000000019bd69e0 Uncommon trap: trap_request=0xffffffde fr.pc=0x000000000cdbbcac relative=0x00000000000009ac
Event: 18.772 Thread 0x0000000019bd69e0 Uncommon trap: reason=class_check action=maybe_recompile pc=0x000000000cdbbcac method=java.io.DataInputStream.readInt()I @ 4 c2
Event: 18.772 Thread 0x0000000019bd69e0 DEOPT PACKING pc=0x000000000cdbbcac sp=0x000000001adb85e0
Event: 18.772 Thread 0x0000000019bd69e0 DEOPT UNPACKING pc=0x00000000053020a3 sp=0x000000001adb85a0 mode 2
Event: 18.772 Thread 0x0000000019bd69e0 Uncommon trap: trap_request=0xffffffde fr.pc=0x000000000cdbaab4 relative=0x0000000000000294
Event: 18.772 Thread 0x0000000019bd69e0 Uncommon trap: reason=class_check action=maybe_recompile pc=0x000000000cdbaab4 method=java.io.DataInputStream.readByte()B @ 4 c2
Event: 18.772 Thread 0x0000000019bd69e0 DEOPT PACKING pc=0x000000000cdbaab4 sp=0x000000001adb8600
Event: 18.772 Thread 0x0000000019bd69e0 DEOPT UNPACKING pc=0x00000000053020a3 sp=0x000000001adb85b8 mode 2
Event: 18.772 Thread 0x0000000019bd69e0 Uncommon trap: trap_request=0xffffffde fr.pc=0x000000000cdbbcac relative=0x00000000000009ac
Event: 18.772 Thread 0x0000000019bd69e0 Uncommon trap: reason=class_check action=maybe_recompile pc=0x000000000cdbbcac method=java.io.DataInputStream.readInt()I @ 4 c2
Event: 18.772 Thread 0x0000000019bd69e0 DEOPT PACKING pc=0x000000000cdbbcac sp=0x000000001adb8650
Event: 18.772 Thread 0x0000000019bd69e0 DEOPT UNPACKING pc=0x00000000053020a3 sp=0x000000001adb8610 mode 2
Event: 18.772 Thread 0x0000000019bd69e0 Uncommon trap: trap_request=0xffffffde fr.pc=0x000000000cdbbcac relative=0x00000000000009ac
Event: 18.772 Thread 0x0000000019bd69e0 Uncommon trap: reason=class_check action=maybe_recompile pc=0x000000000cdbbcac method=java.io.DataInputStream.readInt()I @ 4 c2
Event: 18.772 Thread 0x0000000019bd69e0 DEOPT PACKING pc=0x000000000cdbbcac sp=0x000000001adb85e0
Event: 18.772 Thread 0x0000000019bd69e0 DEOPT UNPACKING pc=0x00000000053020a3 sp=0x000000001adb85a0 mode 2

Classes unloaded (0 events):
No events

Classes redefined (0 events):
No events

Internal exceptions (20 events):
Event: 3.471 Thread 0x00000000001f5d80 Exception <a 'java/io/FileNotFoundException'{0x00000000eafb9bb8}> (0x00000000eafb9bb8) 
thrown [e:\jenkins\tmp\workspace\build\src\src\hotspot\share\prims\jni.cpp, line 516]
Event: 4.728 Thread 0x00000000001f5d80 Exception <a 'java/lang/ClassNotFoundException'{0x00000000eb67b528}: sun/net/www/protocol/c/Handler> (0x00000000eb67b528) 
thrown [e:\jenkins\tmp\workspace\build\src\src\hotspot\share\classfile\systemDictionary.cpp, line 256]
Event: 4.730 Thread 0x00000000001f5d80 Exception <a 'java/lang/ClassNotFoundException'{0x00000000eb67c858}: sun/net/www/protocol/c/Handler> (0x00000000eb67c858) 
thrown [e:\jenkins\tmp\workspace\build\src\src\hotspot\share\classfile\systemDictionary.cpp, line 256]
Event: 4.789 Thread 0x00000000001f5d80 Exception <a 'java/lang/ClassNotFoundException'{0x00000000eb67d9c8}: sun/net/www/protocol/c/Handler> (0x00000000eb67d9c8) 
thrown [e:\jenkins\tmp\workspace\build\src\src\hotspot\share\classfile\systemDictionary.cpp, line 256]
Event: 4.842 Thread 0x00000000001f5d80 Exception <a 'java/io/FileNotFoundException'{0x00000000eb69fb98}> (0x00000000eb69fb98) 
thrown [e:\jenkins\tmp\workspace\build\src\src\hotspot\share\prims\jni.cpp, line 516]
Event: 5.186 Thread 0x00000000001f5d80 Implicit null exception at 0x000000000cd941db to 0x000000000cd94ae0
Event: 5.187 Thread 0x00000000001f5d80 Implicit null exception at 0x000000000cd9f6f1 to 0x000000000cd9f8cc
Event: 5.815 Thread 0x00000000001f5d80 Exception <a 'java/lang/NoSuchMethodError'{0x00000000eb87ed40}: 'int java.lang.invoke.DirectMethodHandle$Holder.invokeStaticInit(java.lang.Object, java.lang.Object, java.lang.Object, java.lang.Object)'> (0x00000000eb87ed40) 
thrown [e:\jenkins\tmp\workspace\build\src\src\hotspot\share\interpreter\linkResolver.cpp, line 766]
Event: 5.835 Thread 0x00000000001f5d80 Exception <a 'java/lang/NoSuchMethodError'{0x00000000eb8893b0}: 'java.lang.Object java.lang.invoke.DirectMethodHandle$Holder.invokeInterface(java.lang.Object, java.lang.Object)'> (0x00000000eb8893b0) 
thrown [e:\jenkins\tmp\workspace\build\src\src\hotspot\share\interpreter\linkResolver.cpp, line 766]
Event: 5.845 Thread 0x00000000001f5d80 Exception <a 'java/lang/IncompatibleClassChangeError'{0x00000000eb88cba8}: Found class java.lang.Object, but interface was expected> (0x00000000eb88cba8) 
thrown [e:\jenkins\tmp\workspace\build\src\src\hotspot\share\interpreter\linkResolver.cpp, line 833]
Event: 5.855 Thread 0x00000000001f5d80 Exception <a 'java/lang/NoSuchMethodError'{0x00000000eb88fac8}: 'void java.lang.invoke.DirectMethodHandle$Holder.invokeStatic(java.lang.Object, java.lang.Object)'> (0x00000000eb88fac8) 
thrown [e:\jenkins\tmp\workspace\build\src\src\hotspot\share\interpreter\linkResolver.cpp, line 766]
Event: 5.934 Thread 0x00000000001f5d80 Exception <a 'java/lang/NoSuchMethodError'{0x00000000eb8932c8}: 'void java.lang.invoke.DirectMethodHandle$Holder.invokeStaticInit(java.lang.Object, java.lang.Object)'> (0x00000000eb8932c8) 
thrown [e:\jenkins\tmp\workspace\build\src\src\hotspot\share\interpreter\linkResolver.cpp, line 766]
Event: 5.955 Thread 0x00000000001f5d80 Exception <a 'java/lang/NoSuchMethodError'{0x00000000eb898e48}: 'int java.lang.invoke.DirectMethodHandle$Holder.invokeStaticInit(java.lang.Object, java.lang.Object)'> (0x00000000eb898e48) 
thrown [e:\jenkins\tmp\workspace\build\src\src\hotspot\share\interpreter\linkResolver.cpp, line 766]
Event: 7.001 Thread 0x00000000001f5d80 Exception <a 'java/lang/NoSuchMethodError'{0x00000000eb976210}: 'void java.lang.invoke.DirectMethodHandle$Holder.invokeSpecial(java.lang.Object, java.lang.Object, java.lang.Object)'> (0x00000000eb976210) 
thrown [e:\jenkins\tmp\workspace\build\src\src\hotspot\share\interpreter\linkResolver.cpp, line 766]
Event: 8.981 Thread 0x00000000001f5d80 Exception <a 'java/lang/NoSuchMethodError'{0x00000000ec01d9f0}: 'java.lang.Object java.lang.invoke.DirectMethodHandle$Holder.newInvokeSpecial(java.lang.Object, int, java.lang.Object)'> (0x00000000ec01d9f0) 
thrown [e:\jenkins\tmp\workspace\build\src\src\hotspot\share\interpreter\linkResolver.cpp, line 766]
Event: 10.714 Thread 0x00000000001f5d80 Exception <a 'java/lang/UnsatisfiedLinkError'{0x00000000ec37f1d0}: 'void org.eclipse.equinox.launcher.JNIBridge._update_splash()'> (0x00000000ec37f1d0) 
thrown [e:\jenkins\tmp\workspace\build\src\src\hotspot\share\prims\nativeLookup.cpp, line 543]
Event: 11.377 Thread 0x0000000019bd69e0 Exception <a 'java/lang/NoSuchMethodError'{0x00000000eaca5a18}: 'java.lang.Object java.lang.invoke.DirectMethodHandle$Holder.invokeStaticInit(java.lang.Object)'> (0x00000000eaca5a18) 
thrown [e:\jenkins\tmp\workspace\build\src\src\hotspot\share\interpreter\linkResolver.cpp, line 766]
Event: 17.655 Thread 0x0000000019bd69e0 Exception <a 'java/io/FileNotFoundException'{0x00000000ebacce78}> (0x00000000ebacce78) 
thrown [e:\jenkins\tmp\workspace\build\src\src\hotspot\share\prims\jni.cpp, line 516]
Event: 17.723 Thread 0x0000000019bd69e0 Exception <a 'java/lang/NullPointerException'{0x00000000ebaedaa8}> (0x00000000ebaedaa8) 
thrown [e:\jenkins\tmp\workspace\build\src\src\hotspot\share\interpreter\linkResolver.cpp, line 1357]
Event: 17.723 Thread 0x0000000019bd69e0 Exception <a 'java/lang/NullPointerException'{0x00000000ebaee2d0}> (0x00000000ebaee2d0) 
thrown [e:\jenkins\tmp\workspace\build\src\src\hotspot\share\interpreter\linkResolver.cpp, line 1357]

VM Operations (20 events):
Event: 8.802 Executing VM operation: HandshakeAllThreads
Event: 8.802 Executing VM operation: HandshakeAllThreads done
Event: 8.844 Executing VM operation: HandshakeAllThreads
Event: 8.844 Executing VM operation: HandshakeAllThreads done
Event: 9.844 Executing VM operation: Cleanup
Event: 9.845 Executing VM operation: Cleanup done
Event: 10.751 Executing VM operation: ParallelGCFailedAllocation
Event: 10.795 Executing VM operation: ParallelGCFailedAllocation done
Event: 11.580 Executing VM operation: HandshakeAllThreads
Event: 11.580 Executing VM operation: HandshakeAllThreads done
Event: 12.601 Executing VM operation: Cleanup
Event: 15.336 Executing VM operation: Cleanup done
Event: 16.336 Executing VM operation: Cleanup
Event: 16.357 Executing VM operation: Cleanup done
Event: 17.377 Executing VM operation: Cleanup
Event: 17.396 Executing VM operation: Cleanup done
Event: 18.396 Executing VM operation: Cleanup
Event: 18.412 Executing VM operation: Cleanup done
Event: 18.775 Executing VM operation: HandshakeAllThreads
Event: 18.775 Executing VM operation: HandshakeAllThreads done

Events (20 events):
Event: 18.894 loading class java/util/ResourceBundle$Control done
Event: 18.894 loading class java/util/ResourceBundle$Control$CandidateListCache
Event: 18.895 loading class java/util/ResourceBundle$Control$CandidateListCache done
Event: 18.895 loading class java/util/ResourceBundle$NoFallbackControl
Event: 18.895 loading class java/util/ResourceBundle$SingleFormatControl
Event: 18.895 loading class java/util/ResourceBundle$SingleFormatControl done
Event: 18.895 loading class java/util/ResourceBundle$NoFallbackControl done
Event: 19.011 loading class sun/util/cldr/CLDRCalendarDataProviderImpl
Event: 19.011 loading class sun/util/locale/provider/CalendarDataProviderImpl
Event: 19.012 loading class sun/util/locale/provider/CalendarDataProviderImpl done
Event: 19.012 loading class sun/util/cldr/CLDRCalendarDataProviderImpl done
Event: 19.335 loading class sun/util/locale/provider/LocaleResources
Event: 19.351 loading class sun/util/locale/provider/LocaleResources done
Event: 19.352 loading class sun/util/resources/LocaleData
Event: 19.354 loading class sun/util/resources/LocaleData done
Event: 19.355 loading class sun/util/resources/LocaleData$1
Event: 19.355 loading class sun/util/resources/LocaleData$1 done
Event: 19.356 loading class sun/util/resources/LocaleData$LocaleDataStrategy
Event: 19.356 loading class sun/util/resources/Bundles$Strategy
Event: 19.357 loading class sun/util/resources/Bundles$Strategy done


Dynamic libraries:
0x000000013f980000 - 0x000000013f98e000 	c:\Users\LENOVO\.vscode\extensions\redhat.java-1.8.0-win32-x64\jre\17.0.3-win32-x86_64\bin\java.exe
0x0000000077320000 - 0x00000000774ca000 	C:\Windows\SYSTEM32\ntdll.dll
0x000007fee3020000 - 0x000007fee3036000 	C:\Program Files\Avast Software\Avast\aswhook.dll
0x0000000077200000 - 0x000000007731f000 	C:\Windows\system32\kernel32.dll
0x000007fefd120000 - 0x000007fefd18a000 	C:\Windows\system32\KERNELBASE.dll
0x000007fefb660000 - 0x000007fefb678000 	c:\Users\LENOVO\.vscode\extensions\redhat.java-1.8.0-win32-x64\jre\17.0.3-win32-x86_64\bin\jli.dll
0x000007fefbc00000 - 0x000007fefbdf4000 	C:\Windows\WinSxS\amd64_microsoft.windows.common-controls_6595b64144ccf1df_6.0.7601.18837_none_fa3b1e3d17594757\COMCTL32.dll
0x000007feff510000 - 0x000007feff5af000 	C:\Windows\system32\msvcrt.dll
0x000007fefe900000 - 0x000007fefe967000 	C:\Windows\system32\GDI32.dll
0x0000000077100000 - 0x00000000771fa000 	C:\Windows\system32\USER32.dll
0x000007feff0b0000 - 0x000007feff0be000 	C:\Windows\system32\LPK.dll
0x000007fefd740000 - 0x000007fefd80a000 	C:\Windows\system32\USP10.dll
0x000007feff0c0000 - 0x000007feff131000 	C:\Windows\system32\SHLWAPI.dll
0x000007fef5d80000 - 0x000007fef5d99000 	c:\Users\LENOVO\.vscode\extensions\redhat.java-1.8.0-win32-x64\jre\17.0.3-win32-x86_64\bin\VCRUNTIME140.dll
0x000007fefadd0000 - 0x000007fefadd4000 	c:\Users\LENOVO\.vscode\extensions\redhat.java-1.8.0-win32-x64\jre\17.0.3-win32-x86_64\bin\api-ms-win-crt-runtime-l1-1-0.dll
0x000007fed0540000 - 0x000007fed063a000 	c:\Users\LENOVO\.vscode\extensions\redhat.java-1.8.0-win32-x64\jre\17.0.3-win32-x86_64\bin\ucrtbase.DLL
0x000007fef5d70000 - 0x000007fef5d73000 	c:\Users\LENOVO\.vscode\extensions\redhat.java-1.8.0-win32-x64\jre\17.0.3-win32-x86_64\bin\api-ms-win-core-localization-l1-2-0.dll
0x000007fef5d30000 - 0x000007fef5d33000 	c:\Users\LENOVO\.vscode\extensions\redhat.java-1.8.0-win32-x64\jre\17.0.3-win32-x86_64\bin\api-ms-win-core-processthreads-l1-1-1.dll
0x000007fef5d20000 - 0x000007fef5d23000 	c:\Users\LENOVO\.vscode\extensions\redhat.java-1.8.0-win32-x64\jre\17.0.3-win32-x86_64\bin\api-ms-win-core-file-l1-2-0.dll
0x000007fef5cd0000 - 0x000007fef5cd3000 	c:\Users\LENOVO\.vscode\extensions\redhat.java-1.8.0-win32-x64\jre\17.0.3-win32-x86_64\bin\api-ms-win-core-timezone-l1-1-0.dll
0x000007fef5cc0000 - 0x000007fef5cc3000 	c:\Users\LENOVO\.vscode\extensions\redhat.java-1.8.0-win32-x64\jre\17.0.3-win32-x86_64\bin\api-ms-win-core-file-l2-1-0.dll
0x000007fef5cb0000 - 0x000007fef5cb3000 	c:\Users\LENOVO\.vscode\extensions\redhat.java-1.8.0-win32-x64\jre\17.0.3-win32-x86_64\bin\api-ms-win-core-synch-l1-2-0.dll
0x000007fef5ca0000 - 0x000007fef5ca3000 	c:\Users\LENOVO\.vscode\extensions\redhat.java-1.8.0-win32-x64\jre\17.0.3-win32-x86_64\bin\api-ms-win-crt-heap-l1-1-0.dll
0x000007fef5c90000 - 0x000007fef5c94000 	c:\Users\LENOVO\.vscode\extensions\redhat.java-1.8.0-win32-x64\jre\17.0.3-win32-x86_64\bin\api-ms-win-crt-string-l1-1-0.dll
0x000007fef5c80000 - 0x000007fef5c84000 	c:\Users\LENOVO\.vscode\extensions\redhat.java-1.8.0-win32-x64\jre\17.0.3-win32-x86_64\bin\api-ms-win-crt-stdio-l1-1-0.dll
0x000007fef5c70000 - 0x000007fef5c74000 	c:\Users\LENOVO\.vscode\extensions\redhat.java-1.8.0-win32-x64\jre\17.0.3-win32-x86_64\bin\api-ms-win-crt-convert-l1-1-0.dll
0x000007fef5c60000 - 0x000007fef5c63000 	c:\Users\LENOVO\.vscode\extensions\redhat.java-1.8.0-win32-x64\jre\17.0.3-win32-x86_64\bin\api-ms-win-crt-environment-l1-1-0.dll
0x000007fef5c50000 - 0x000007fef5c53000 	c:\Users\LENOVO\.vscode\extensions\redhat.java-1.8.0-win32-x64\jre\17.0.3-win32-x86_64\bin\api-ms-win-crt-filesystem-l1-1-0.dll
0x000007fef5c40000 - 0x000007fef5c45000 	c:\Users\LENOVO\.vscode\extensions\redhat.java-1.8.0-win32-x64\jre\17.0.3-win32-x86_64\bin\api-ms-win-crt-math-l1-1-0.dll
0x000007fed0530000 - 0x000007fed0533000 	c:\Users\LENOVO\.vscode\extensions\redhat.java-1.8.0-win32-x64\jre\17.0.3-win32-x86_64\bin\api-ms-win-crt-locale-l1-1-0.dll
0x000007fefd410000 - 0x000007fefd43e000 	C:\Windows\system32\IMM32.DLL
0x000007fefee50000 - 0x000007fefef59000 	C:\Windows\system32\MSCTF.dll
0x000007fed0320000 - 0x000007fed032c000 	c:\Users\LENOVO\.vscode\extensions\redhat.java-1.8.0-win32-x64\jre\17.0.3-win32-x86_64\bin\vcruntime140_1.dll
0x000007fed0280000 - 0x000007fed0311000 	c:\Users\LENOVO\.vscode\extensions\redhat.java-1.8.0-win32-x64\jre\17.0.3-win32-x86_64\bin\msvcp140.dll
0x000007fed0270000 - 0x000007fed0273000 	c:\Users\LENOVO\.vscode\extensions\redhat.java-1.8.0-win32-x64\jre\17.0.3-win32-x86_64\bin\api-ms-win-crt-time-l1-1-0.dll
0x000007fed0260000 - 0x000007fed0263000 	c:\Users\LENOVO\.vscode\extensions\redhat.java-1.8.0-win32-x64\jre\17.0.3-win32-x86_64\bin\api-ms-win-crt-utility-l1-1-0.dll
0x000007fec7680000 - 0x000007fec82c8000 	c:\Users\LENOVO\.vscode\extensions\redhat.java-1.8.0-win32-x64\jre\17.0.3-win32-x86_64\bin\server\jvm.dll
0x000007fefe820000 - 0x000007fefe8fb000 	C:\Windows\system32\ADVAPI32.dll
0x000007fefd440000 - 0x000007fefd45f000 	C:\Windows\SYSTEM32\sechost.dll
0x000007feff160000 - 0x000007feff28d000 	C:\Windows\system32\RPCRT4.dll
0x000007fef99e0000 - 0x000007fef99e9000 	C:\Windows\system32\WSOCK32.dll
0x000007feff060000 - 0x000007feff0ad000 	C:\Windows\system32\WS2_32.dll
0x000007feff290000 - 0x000007feff298000 	C:\Windows\system32\NSI.dll
0x000007feebd60000 - 0x000007feebd9b000 	C:\Windows\system32\WINMM.dll
0x000007fefc120000 - 0x000007fefc12c000 	C:\Windows\system32\VERSION.dll
0x00000000774f0000 - 0x00000000774f7000 	C:\Windows\system32\PSAPI.DLL
0x000007fed0250000 - 0x000007fed025a000 	c:\Users\LENOVO\.vscode\extensions\redhat.java-1.8.0-win32-x64\jre\17.0.3-win32-x86_64\bin\jimage.dll
0x000007fefa670000 - 0x000007fefa795000 	C:\Windows\system32\DBGHELP.DLL
0x000007fed0220000 - 0x000007fed0245000 	c:\Users\LENOVO\.vscode\extensions\redhat.java-1.8.0-win32-x64\jre\17.0.3-win32-x86_64\bin\java.dll
0x000007fed0510000 - 0x000007fed0528000 	c:\Users\LENOVO\.vscode\extensions\redhat.java-1.8.0-win32-x64\jre\17.0.3-win32-x86_64\bin\zip.dll
0x000007fefd8b0000 - 0x000007fefe639000 	C:\Windows\system32\SHELL32.dll
0x000007fefec40000 - 0x000007fefee43000 	C:\Windows\system32\ole32.dll
0x000007fefd050000 - 0x000007fefd05f000 	C:\Windows\system32\profapi.dll
0x000007fed04f0000 - 0x000007fed0509000 	C:\Users\LENOVO\.vscode\extensions\redhat.java-1.8.0-win32-x64\jre\17.0.3-win32-x86_64\bin\net.dll
0x000007fef7c10000 - 0x000007fef7c81000 	C:\Windows\system32\WINHTTP.dll
0x000007fef7ba0000 - 0x000007fef7c05000 	C:\Windows\system32\webio.dll
0x000007fefc7f0000 - 0x000007fefc845000 	C:\Windows\system32\mswsock.dll
0x000007fefc7e0000 - 0x000007fefc7e7000 	C:\Windows\System32\wship6.dll
0x000007fed04d0000 - 0x000007fed04e5000 	C:\Users\LENOVO\.vscode\extensions\redhat.java-1.8.0-win32-x64\jre\17.0.3-win32-x86_64\bin\nio.dll
0x000007fed0490000 - 0x000007fed04ce000 	C:\Users\LENOVO\AppData\Roaming\Code\User\globalStorage\redhat.java\1.8.0\config_win\org.eclipse.equinox.launcher\org.eclipse.equinox.launcher.win32.win32.x86_64_1.2.500.v20220509-0833\eclipse_11700.dll

dbghelp: loaded successfully - version: 4.0.5 - missing functions: none
symbol engine: initialized successfully - sym options: 0x614 - pdb path: .;c:\Users\LENOVO\.vscode\extensions\redhat.java-1.8.0-win32-x64\jre\17.0.3-win32-x86_64\bin;C:\Windows\SYSTEM32;C:\Program Files\Avast Software\Avast;C:\Windows\WinSxS\amd64_microsoft.windows.common-controls_6595b64144ccf1df_6.0.7601.18837_none_fa3b1e3d17594757;c:\Users\LENOVO\.vscode\extensions\redhat.java-1.8.0-win32-x64\jre\17.0.3-win32-x86_64\bin\server;C:\Users\LENOVO\AppData\Roaming\Code\User\globalStorage\redhat.java\1.8.0\config_win\org.eclipse.equinox.launcher\org.eclipse.equinox.launcher.win32.win32.x86_64_1.2.500.v20220509-0833

VM Arguments:
jvm_args: --add-modules=ALL-SYSTEM --add-opens=java.base/java.util=ALL-UNNAMED --add-opens=java.base/java.lang=ALL-UNNAMED --add-opens=java.base/sun.nio.fs=ALL-UNNAMED -Declipse.application=org.eclipse.jdt.ls.core.id1 -Dosgi.bundles.defaultStartLevel=4 -Declipse.product=org.eclipse.jdt.ls.core.product -Djava.import.generatesMetadataFilesAtProjectRoot=false -Dfile.encoding=utf8 -DwatchParentProcess=false -XX:+UseParallelGC -XX:GCTimeRatio=4 -XX:AdaptiveSizePolicyWeight=90 -Dsun.zip.disableMemoryMapping=true -Xmx1G -Xms100m -XX:+HeapDumpOnOutOfMemoryError -XX:HeapDumpPath=c:\Users\LENOVO\AppData\Roaming\Code\User\workspaceStorage\123212859bc6ca5fc8f745e4ec924077\redhat.java 
java_command: c:\Users\LENOVO\.vscode\extensions\redhat.java-1.8.0-win32-x64\server\plugins\org.eclipse.equinox.launcher_1.6.400.v20210924-0641.jar -configuration c:\Users\LENOVO\AppData\Roaming\Code\User\globalStorage\redhat.java\1.8.0\config_win -data c:\Users\LENOVO\AppData\Roaming\Code\User\workspaceStorage\123212859bc6ca5fc8f745e4ec924077\redhat.java\jdt_ws
java_class_path (initial): c:\Users\LENOVO\.vscode\extensions\redhat.java-1.8.0-win32-x64\server\plugins\org.eclipse.equinox.launcher_1.6.400.v20210924-0641.jar
Launcher Type: SUN_STANDARD

[Global flags]
    uintx AdaptiveSizePolicyWeight                 = 90                                        {product} {command line}
     intx CICompilerCount                          = 2                                         {product} {ergonomic}
    uintx GCTimeRatio                              = 4                                         {product} {command line}
     bool HeapDumpOnOutOfMemoryError               = true                                   {manageable} {command line}
    ccstr HeapDumpPath                             = c:\Users\LENOVO\AppData\Roaming\Code\User\workspaceStorage\123212859bc6ca5fc8f745e4ec924077\redhat.java         {manageable} {command line}
   size_t InitialHeapSize                          = 104857600                                 {product} {command line}
   size_t MaxHeapSize                              = 1073741824                                {product} {command line}
   size_t MaxNewSize                               = 357564416                                 {product} {ergonomic}
   size_t MinHeapDeltaBytes                        = 524288                                    {product} {ergonomic}
   size_t MinHeapSize                              = 104857600                                 {product} {command line}
   size_t NewSize                                  = 34603008                                  {product} {ergonomic}
    uintx NonNMethodCodeHeapSize                   = 5826188                                {pd product} {ergonomic}
    uintx NonProfiledCodeHeapSize                  = 122916026                              {pd product} {ergonomic}
   size_t OldSize                                  = 70254592                                  {product} {ergonomic}
    uintx ProfiledCodeHeapSize                     = 122916026                              {pd product} {ergonomic}
    uintx ReservedCodeCacheSize                    = 251658240                              {pd product} {ergonomic}
     bool SegmentedCodeCache                       = true                                      {product} {ergonomic}
   size_t SoftMaxHeapSize                          = 1073741824                             {manageable} {ergonomic}
     bool UseCompressedClassPointers               = true                           {product lp64_product} {ergonomic}
     bool UseCompressedOops                        = true                           {product lp64_product} {ergonomic}
     bool UseLargePagesIndividualAllocation        = false                                  {pd product} {ergonomic}
     bool UseParallelGC                            = true                                      {product} {command line}

Logging:
Log output configuration:
 #0: stdout all=warning uptime,level,tags
 #1: stderr all=off uptime,level,tags

Environment Variables:
JAVA_HOME=C:\Program Files\Java\jdk-18
PATH=C:\Program Files\Common Files\Oracle\Java\javapath;C:\Windows\system32;C:\Windows;C:\Windows\System32\Wbem;C:\Windows\System32\WindowsPowerShell\v1.0\;C:\Program Files (x86)\ATI Technologies\ATI.ACE\Core-Static;C:\Program Files\IBM\SPSS\Statistics\23\JRE\bin;C:\Program Files\Git\cmd;C:\Program Files\nodejs\;C:\Program Files\MySQL\MySQL Server 8.0\bin;C:\Program Files (x86)\nodejs\;C:\Program Files\apache-maven-3.8.6\bin;C:\Users\LENOVO\AppData\Local\Programs\Python\Python38-32\Scripts\;C:\Users\LENOVO\AppData\Local\Programs\Python\Python38-32\;C:\Users\LENOVO\AppData\Local\Programs\Microsoft VS Code\bin;C:\Users\LENOVO\AppData\Roaming\npm;C:\Program Files\apache-maven-3.8.6\bin
USERNAME=LENOVO
OS=Windows_NT
PROCESSOR_IDENTIFIER=AMD64 Family 22 Model 0 Stepping 1, AuthenticAMD



---------------  S Y S T E M  ---------------

OS:
 Windows 7 , 64 bit Build 7601 (6.1.7601.23572)
OS uptime: 0 days 5:07 hours

CPU: total 2 (initial active 2) (2 cores per cpu, 1 threads per core) family 22 model 0 stepping 1 microcode 0x0, cx8, cmov, fxsr, mmx, 3dnowpref, sse, sse2, sse3, ssse3, sse4a, sse4.1, sse4.2, popcnt, lzcnt, tsc, tscinvbit, avx, aes, clmul, bmi1, vzeroupper, clflush

Memory: 4k page, system-wide physical 1485M (127M free)
TotalPageFile size 5941M (AvailPageFile size 5M)
current process WorkingSet (physical memory assigned to process): 88M, peak: 88M
current process commit charge ("private bytes"): 196M, peak: 196M

vm_info: OpenJDK 64-Bit Server VM (17.0.3+7) for windows-amd64 JRE (17.0.3+7), built on Apr 19 2022 16:55:35 by "" with MS VC++ 16.7 (VS2019)

END.
