#
# There is insufficient memory for the Java Runtime Environment to continue.
# Native memory allocation (mmap) failed to map 65536 bytes for Failed to commit metaspace.
# Possible reasons:
#   The system is out of physical RAM or swap space
#   The process is running with CompressedOops enabled, and the Java Heap may be blocking the growth of the native heap
# Possible solutions:
#   Reduce memory load on the system
#   Increase physical memory or swap space
#   Check if swap backing store is full
#   Decrease Java heap size (-Xmx/-Xms)
#   Decrease number of Java threads
#   Decrease Java thread stack sizes (-Xss)
#   Set larger code cache with -XX:ReservedCodeCacheSize=
#   JVM is running with Unscaled Compressed Oops mode in which the Java heap is
#     placed in the first 4GB address space. The Java Heap base address is the
#     maximum limit for the native heap growth. Please use -XX:HeapBaseMinAddress
#     to set the Java Heap base and to place the Java Heap above 4GB virtual address.
# This output file may be truncated or incomplete.
#
#  Out of Memory Error (virtualSpaceNode.cpp:110), pid=2588, tid=8984
#
# JRE version: OpenJDK Runtime Environment Temurin-17.0.3+7 (17.0.3+7) (build 17.0.3+7)
# Java VM: OpenJDK 64-Bit Server VM Temurin-17.0.3+7 (17.0.3+7, mixed mode, tiered, compressed oops, compressed class ptrs, parallel gc, windows-amd64)
# No core dump will be written. Minidumps are not enabled by default on client versions of Windows
#

---------------  S U M M A R Y ------------

Command Line: --add-modules=ALL-SYSTEM --add-opens=java.base/java.util=ALL-UNNAMED --add-opens=java.base/java.lang=ALL-UNNAMED --add-opens=java.base/sun.nio.fs=ALL-UNNAMED -Declipse.application=org.eclipse.jdt.ls.core.id1 -Dosgi.bundles.defaultStartLevel=4 -Declipse.product=org.eclipse.jdt.ls.core.product -Djava.import.generatesMetadataFilesAtProjectRoot=false -Dfile.encoding=utf8 -DwatchParentProcess=false -XX:+UseParallelGC -XX:GCTimeRatio=4 -XX:AdaptiveSizePolicyWeight=90 -Dsun.zip.disableMemoryMapping=true -Xmx1G -Xms100m c:\Users\LENOVO\.vscode\extensions\redhat.java-1.8.0-win32-x64\server\plugins\org.eclipse.equinox.launcher_1.6.400.v20210924-0641.jar -configuration c:\Users\LENOVO\AppData\Roaming\Code\User\globalStorage\redhat.java\1.8.0\config_ss_win -data c:\Users\LENOVO\AppData\Roaming\Code\User\workspaceStorage\123212859bc6ca5fc8f745e4ec924077\redhat.java\ss_ws

Host: AMD E1-2100 APU with Radeon(TM) HD Graphics    , 2 cores, 1G,  Windows 7 , 64 bit Build 7601 (6.1.7601.23572)
Time: Fri Jul  8 13:06:09 2022 SE Asia Standard Time elapsed time: 15.837120 seconds (0d 0h 0m 15s)

---------------  T H R E A D  ---------------

Current thread (0x00000000190f0d50):  JavaThread "Start Level: Equinox Container: b19b01af-6ac9-4111-b55a-5353c77799c8" daemon [_thread_in_vm, id=8984, stack(0x0000000019520000,0x0000000019620000)]

Stack: [0x0000000019520000,0x0000000019620000]
Native frames: (J=compiled Java code, j=interpreted, Vv=VM code, C=native code)
V  [jvm.dll+0x675efa]
V  [jvm.dll+0x830a24]
V  [jvm.dll+0x8321ce]
V  [jvm.dll+0x832833]
V  [jvm.dll+0x2454b5]
V  [jvm.dll+0x82c9cb]
V  [jvm.dll+0x61ab26]
V  [jvm.dll+0x1c046e]
V  [jvm.dll+0x61d471]
V  [jvm.dll+0x61b4c6]
V  [jvm.dll+0x23ae70]
V  [jvm.dll+0x1eab7d]
V  [jvm.dll+0x1e05b1]
V  [jvm.dll+0x53bb80]
V  [jvm.dll+0x7aba28]
V  [jvm.dll+0x7abb14]
V  [jvm.dll+0x40c7c5]
V  [jvm.dll+0x4129b8]
C  [java.dll+0x17ec]

Java frames: (J=compiled Java code, j=interpreted, Vv=VM code)
J 1030  java.lang.ClassLoader.defineClass1(Ljava/lang/ClassLoader;Ljava/lang/String;[BIILjava/security/ProtectionDomain;Ljava/lang/String;)Ljava/lang/Class; java.base@17.0.3 (0 bytes) @ 0x000000000ced3a5b [0x000000000ced39a0+0x00000000000000bb]
J 1423 c1 java.lang.ClassLoader.defineClass(Ljava/lang/String;[BIILjava/security/ProtectionDomain;)Ljava/lang/Class; java.base@17.0.3 (43 bytes) @ 0x0000000005bdedd4 [0x0000000005bdea80+0x0000000000000354]
j  org.eclipse.osgi.internal.loader.ModuleClassLoader.defineClass(Ljava/lang/String;[BLorg/eclipse/osgi/internal/loader/classpath/ClasspathEntry;)Lorg/eclipse/osgi/internal/loader/ModuleClassLoader$DefineClassResult;+42
j  org.eclipse.osgi.internal.loader.classpath.ClasspathManager.defineClass(Ljava/lang/String;[BLorg/eclipse/osgi/internal/loader/classpath/ClasspathEntry;Lorg/eclipse/osgi/storage/bundlefile/BundleEntry;Ljava/util/List;)Ljava/lang/Class;+424
j  org.eclipse.osgi.internal.loader.classpath.ClasspathManager.findClassImpl(Ljava/lang/String;Lorg/eclipse/osgi/internal/loader/classpath/ClasspathEntry;Ljava/util/List;)Ljava/lang/Class;+269
j  org.eclipse.osgi.internal.loader.classpath.ClasspathManager.findLocalClassImpl(Ljava/lang/String;[Lorg/eclipse/osgi/internal/loader/classpath/ClasspathEntry;Ljava/util/List;)Ljava/lang/Class;+30
j  org.eclipse.osgi.internal.loader.classpath.ClasspathManager.findLocalClassImpl(Ljava/lang/String;Ljava/util/List;)Ljava/lang/Class;+69
j  org.eclipse.osgi.internal.loader.classpath.ClasspathManager.findLocalClass(Ljava/lang/String;)Ljava/lang/Class;+113
j  org.eclipse.osgi.internal.loader.ModuleClassLoader.findLocalClass(Ljava/lang/String;)Ljava/lang/Class;+5
j  org.eclipse.osgi.internal.loader.BundleLoader.findLocalClass(Ljava/lang/String;)Ljava/lang/Class;+57
J 1459 c1 org.eclipse.osgi.internal.loader.BundleLoader.findClass0(Ljava/lang/String;ZZ)Ljava/lang/Class; (466 bytes) @ 0x0000000005bf1504 [0x0000000005beee20+0x00000000000026e4]
J 1418 c1 org.eclipse.osgi.internal.loader.BundleLoader.findClass(Ljava/lang/String;)Ljava/lang/Class; (8 bytes) @ 0x0000000005bdd79c [0x0000000005bdd720+0x000000000000007c]
J 1419 c1 org.eclipse.osgi.internal.loader.ModuleClassLoader.loadClass(Ljava/lang/String;Z)Ljava/lang/Class; (20 bytes) @ 0x0000000005bddbfc [0x0000000005bddae0+0x000000000000011c]
J 686 c1 java.lang.ClassLoader.loadClass(Ljava/lang/String;)Ljava/lang/Class; java.base@17.0.3 (7 bytes) @ 0x0000000005a5fc3c [0x0000000005a5fb40+0x00000000000000fc]
v  ~StubRoutines::call_stub
j  org.eclipse.core.internal.preferences.Activator.start(Lorg/osgi/framework/BundleContext;)V+4
j  org.eclipse.osgi.internal.framework.BundleContextImpl$2.run()Ljava/lang/Void;+23
j  org.eclipse.osgi.internal.framework.BundleContextImpl$2.run()Ljava/lang/Object;+1
J 1000 c1 java.security.AccessController.executePrivileged(Ljava/security/PrivilegedExceptionAction;Ljava/security/AccessControlContext;Ljava/lang/Class;)Ljava/lang/Object; java.base@17.0.3 (65 bytes) @ 0x0000000005afb134 [0x0000000005afafe0+0x0000000000000154]
j  java.security.AccessController.doPrivileged(Ljava/security/PrivilegedExceptionAction;)Ljava/lang/Object;+9 java.base@17.0.3
j  org.eclipse.osgi.internal.framework.BundleContextImpl.startActivator(Lorg/osgi/framework/BundleActivator;)V+9
j  org.eclipse.osgi.internal.framework.BundleContextImpl.start()V+134
j  org.eclipse.osgi.internal.framework.EquinoxBundle.startWorker0()V+35
j  org.eclipse.osgi.internal.framework.EquinoxBundle$EquinoxModule.startWorker()V+4
j  org.eclipse.osgi.container.Module.doStart([Lorg/eclipse/osgi/container/Module$StartOptions;)Lorg/eclipse/osgi/container/ModuleContainerAdaptor$ModuleEvent;+190
j  org.eclipse.osgi.container.Module.start([Lorg/eclipse/osgi/container/Module$StartOptions;)V+460
j  org.eclipse.osgi.framework.util.SecureAction.start(Lorg/eclipse/osgi/container/Module;[Lorg/eclipse/osgi/container/Module$StartOptions;)V+8
j  org.eclipse.osgi.internal.hooks.EclipseLazyStarter.postFindLocalClass(Ljava/lang/String;Ljava/lang/Class;Lorg/eclipse/osgi/internal/loader/classpath/ClasspathManager;)V+173
j  org.eclipse.osgi.internal.loader.classpath.ClasspathManager.findLocalClass(Ljava/lang/String;)Ljava/lang/Class;+148
j  org.eclipse.osgi.internal.loader.ModuleClassLoader.findLocalClass(Ljava/lang/String;)Ljava/lang/Class;+5
j  org.eclipse.osgi.internal.loader.BundleLoader.findLocalClass(Ljava/lang/String;)Ljava/lang/Class;+57
j  org.eclipse.osgi.internal.loader.sources.SingleSourcePackage.loadClass(Ljava/lang/String;)Ljava/lang/Class;+5
J 1459 c1 org.eclipse.osgi.internal.loader.BundleLoader.findClass0(Ljava/lang/String;ZZ)Ljava/lang/Class; (466 bytes) @ 0x0000000005bf140c [0x0000000005beee20+0x00000000000025ec]
J 1418 c1 org.eclipse.osgi.internal.loader.BundleLoader.findClass(Ljava/lang/String;)Ljava/lang/Class; (8 bytes) @ 0x0000000005bdd79c [0x0000000005bdd720+0x000000000000007c]
J 1419 c1 org.eclipse.osgi.internal.loader.ModuleClassLoader.loadClass(Ljava/lang/String;Z)Ljava/lang/Class; (20 bytes) @ 0x0000000005bddbfc [0x0000000005bddae0+0x000000000000011c]
J 686 c1 java.lang.ClassLoader.loadClass(Ljava/lang/String;)Ljava/lang/Class; java.base@17.0.3 (7 bytes) @ 0x0000000005a5fc3c [0x0000000005a5fb40+0x00000000000000fc]
v  ~StubRoutines::call_stub
j  java.lang.Class.getDeclaredMethods0(Z)[Ljava/lang/reflect/Method;+0 java.base@17.0.3
j  java.lang.Class.privateGetDeclaredMethods(Z)[Ljava/lang/reflect/Method;+34 java.base@17.0.3
j  java.lang.Class.getDeclaredMethod(Ljava/lang/String;[Ljava/lang/Class;)Ljava/lang/reflect/Method;+25 java.base@17.0.3
j  org.apache.felix.scr.impl.inject.methods.BaseMethod.getMethod(Ljava/lang/Class;Ljava/lang/String;[Ljava/lang/Class;ZZLorg/apache/felix/scr/impl/logger/ComponentLogger;)Ljava/lang/reflect/Method;+3
j  org.apache.felix.scr.impl.inject.methods.BindMethod.getServiceReferenceMethod(Ljava/lang/Class;ZZLorg/apache/felix/scr/impl/logger/ComponentLogger;)Ljava/lang/reflect/Method;+20
j  org.apache.felix.scr.impl.inject.methods.BindMethod.doFindMethod(Ljava/lang/Class;ZZLorg/apache/felix/scr/impl/logger/ComponentLogger;)Lorg/apache/felix/scr/impl/inject/methods/BaseMethod$MethodInfo;+67
j  org.apache.felix.scr.impl.inject.methods.BaseMethod.findMethod(Lorg/apache/felix/scr/impl/logger/ComponentLogger;)Lorg/apache/felix/scr/impl/inject/methods/BaseMethod$MethodInfo;+103
j  org.apache.felix.scr.impl.inject.methods.BaseMethod.access$400(Lorg/apache/felix/scr/impl/inject/methods/BaseMethod;Lorg/apache/felix/scr/impl/logger/ComponentLogger;)Lorg/apache/felix/scr/impl/inject/methods/BaseMethod$MethodInfo;+2
j  org.apache.felix.scr.impl.inject.methods.BaseMethod$NotResolved.resolve(Lorg/apache/felix/scr/impl/inject/methods/BaseMethod;Lorg/apache/felix/scr/impl/logger/ComponentLogger;)V+34
j  org.apache.felix.scr.impl.inject.methods.BaseMethod$NotResolved.methodExists(Lorg/apache/felix/scr/impl/inject/methods/BaseMethod;Lorg/apache/felix/scr/impl/logger/ComponentLogger;)Z+3
j  org.apache.felix.scr.impl.inject.methods.BaseMethod.methodExists(Lorg/apache/felix/scr/impl/logger/ComponentLogger;)Z+6
j  org.apache.felix.scr.impl.inject.methods.BindMethod.getServiceObject(Lorg/apache/felix/scr/impl/inject/BindParameters;Lorg/osgi/framework/BundleContext;)Z+24
j  org.apache.felix.scr.impl.manager.DependencyManager.getServiceObject(Lorg/apache/felix/scr/impl/manager/ComponentContextImpl;Lorg/apache/felix/scr/impl/inject/ReferenceMethod;Lorg/apache/felix/scr/impl/inject/RefPair;)Z+26
j  org.apache.felix.scr.impl.manager.DependencyManager$SingleDynamicCustomizer.prebind(Lorg/apache/felix/scr/impl/manager/ComponentContextImpl;)Z+151
j  org.apache.felix.scr.impl.manager.DependencyManager.prebind(Lorg/apache/felix/scr/impl/manager/ComponentContextImpl;)Z+5
j  org.apache.felix.scr.impl.manager.AbstractComponentManager.collectDependencies(Lorg/apache/felix/scr/impl/manager/ComponentContextImpl;)Z+36
j  org.apache.felix.scr.impl.manager.SingleComponentManager.getServiceInternal(Lorg/osgi/framework/ServiceRegistration;)Z+25
j  org.apache.felix.scr.impl.manager.AbstractComponentManager.activateInternal()V+427
j  org.apache.felix.scr.impl.manager.AbstractComponentManager.enableInternal()V+174
j  org.apache.felix.scr.impl.manager.AbstractComponentManager.enable(Z)Lorg/osgi/util/promise/Promise;+12
j  org.apache.felix.scr.impl.manager.ConfigurableComponentHolder.enableComponents(Z)Lorg/osgi/util/promise/Promise;+275
j  org.apache.felix.scr.impl.BundleComponentActivator.initialEnable()V+105
j  org.apache.felix.scr.impl.Activator.loadComponents(Lorg/osgi/framework/Bundle;)V+376
j  org.apache.felix.scr.impl.Activator.access$200(Lorg/apache/felix/scr/impl/Activator;Lorg/osgi/framework/Bundle;)V+2
j  org.apache.felix.scr.impl.Activator$ScrExtension.start()V+72
j  org.apache.felix.scr.impl.AbstractExtender.createExtension(Lorg/osgi/framework/Bundle;)V+71
j  org.apache.felix.scr.impl.AbstractExtender.modifiedBundle(Lorg/osgi/framework/Bundle;Lorg/osgi/framework/BundleEvent;Lorg/osgi/framework/Bundle;)V+115
j  org.apache.felix.scr.impl.AbstractExtender.addingBundle(Lorg/osgi/framework/Bundle;Lorg/osgi/framework/BundleEvent;)Lorg/osgi/framework/Bundle;+4
j  org.apache.felix.scr.impl.AbstractExtender.addingBundle(Lorg/osgi/framework/Bundle;Lorg/osgi/framework/BundleEvent;)Ljava/lang/Object;+3
j  org.osgi.util.tracker.BundleTracker$Tracked.customizerAdding(Lorg/osgi/framework/Bundle;Lorg/osgi/framework/BundleEvent;)Ljava/lang/Object;+9
j  org.osgi.util.tracker.BundleTracker$Tracked.customizerAdding(Ljava/lang/Object;Ljava/lang/Object;)Ljava/lang/Object;+9
j  org.osgi.util.tracker.AbstractTracked.trackAdding(Ljava/lang/Object;Ljava/lang/Object;)V+8
j  org.osgi.util.tracker.AbstractTracked.track(Ljava/lang/Object;Ljava/lang/Object;)V+83
j  org.osgi.util.tracker.BundleTracker$Tracked.bundleChanged(Lorg/osgi/framework/BundleEvent;)V+35
J 1284 c1 org.eclipse.osgi.internal.framework.BundleContextImpl.dispatchEvent(Ljava/lang/Object;Ljava/lang/Object;ILjava/lang/Object;)V (558 bytes) @ 0x0000000005ba26c4 [0x0000000005ba14a0+0x0000000000001224]
j  org.eclipse.osgi.framework.eventmgr.EventManager.dispatchEvent(Ljava/util/Set;Lorg/eclipse/osgi/framework/eventmgr/EventDispatcher;ILjava/lang/Object;)V+48
j  org.eclipse.osgi.framework.eventmgr.ListenerQueue.dispatchEventSynchronous(ILjava/lang/Object;)V+67
j  org.eclipse.osgi.internal.framework.EquinoxEventPublisher.publishBundleEventPrivileged(Lorg/osgi/framework/BundleEvent;)V+547
j  org.eclipse.osgi.internal.framework.EquinoxEventPublisher.publishBundleEvent(Lorg/osgi/framework/BundleEvent;)V+8
j  org.eclipse.osgi.internal.framework.EquinoxEventPublisher.publishBundleEvent(ILorg/osgi/framework/Bundle;Lorg/osgi/framework/Bundle;)V+15
j  org.eclipse.osgi.internal.framework.EquinoxContainerAdaptor.publishModuleEvent(Lorg/eclipse/osgi/container/ModuleContainerAdaptor$ModuleEvent;Lorg/eclipse/osgi/container/Module;Lorg/eclipse/osgi/container/Module;)V+29
j  org.eclipse.osgi.container.Module.publishEvent(Lorg/eclipse/osgi/container/ModuleContainerAdaptor$ModuleEvent;)V+13
j  org.eclipse.osgi.container.Module.start([Lorg/eclipse/osgi/container/Module$StartOptions;)V+588
j  org.eclipse.osgi.container.ModuleContainer$ContainerStartLevel$2.run()V+71
j  org.eclipse.osgi.internal.framework.EquinoxContainerAdaptor$1$1.execute(Ljava/lang/Runnable;)V+1
j  org.eclipse.osgi.container.ModuleContainer$ContainerStartLevel.incStartLevel(ILjava/util/List;Z)V+192
j  org.eclipse.osgi.container.ModuleContainer$ContainerStartLevel.incStartLevel(ILjava/util/List;Ljava/util/List;Ljava/util/List;Ljava/util/List;)V+4
j  org.eclipse.osgi.container.ModuleContainer$ContainerStartLevel.doContainerStartLevel(Lorg/eclipse/osgi/container/Module;I[Lorg/osgi/framework/FrameworkListener;)V+349
j  org.eclipse.osgi.container.ModuleContainer$ContainerStartLevel.dispatchEvent(Lorg/eclipse/osgi/container/Module;[Lorg/osgi/framework/FrameworkListener;ILjava/lang/Integer;)V+32
j  org.eclipse.osgi.container.ModuleContainer$ContainerStartLevel.dispatchEvent(Ljava/lang/Object;Ljava/lang/Object;ILjava/lang/Object;)V+15
j  org.eclipse.osgi.framework.eventmgr.EventManager.dispatchEvent(Ljava/util/Set;Lorg/eclipse/osgi/framework/eventmgr/EventDispatcher;ILjava/lang/Object;)V+48
j  org.eclipse.osgi.framework.eventmgr.EventManager$EventThread.run()V+26
v  ~StubRoutines::call_stub

---------------  P R O C E S S  ---------------

Threads class SMR info:
_java_thread_list=0x0000000019f518d0, length=17, elements={
0x00000000002efce0, 0x0000000016cd6670, 0x0000000016cd8500, 0x0000000016d03c10,
0x0000000016d054d0, 0x0000000016d06a90, 0x0000000016d07350, 0x0000000016d08cf0,
0x0000000016d1a120, 0x0000000016d2ca00, 0x0000000018ea05d0, 0x0000000018f57d20,
0x0000000019f945d0, 0x0000000019f0c810, 0x00000000190f0d50, 0x0000000019b1f6a0,
0x0000000019adf5f0
}

Java Threads: ( => current thread )
  0x00000000002efce0 JavaThread "main" [_thread_blocked, id=5032, stack(0x00000000021f0000,0x00000000022f0000)]
  0x0000000016cd6670 JavaThread "Reference Handler" daemon [_thread_blocked, id=8696, stack(0x0000000018270000,0x0000000018370000)]
  0x0000000016cd8500 JavaThread "Finalizer" daemon [_thread_blocked, id=7216, stack(0x00000000184b0000,0x00000000185b0000)]
  0x0000000016d03c10 JavaThread "Signal Dispatcher" daemon [_thread_blocked, id=6580, stack(0x0000000018630000,0x0000000018730000)]
  0x0000000016d054d0 JavaThread "Attach Listener" daemon [_thread_blocked, id=8960, stack(0x00000000183a0000,0x00000000184a0000)]
  0x0000000016d06a90 JavaThread "Service Thread" daemon [_thread_blocked, id=8924, stack(0x00000000187c0000,0x00000000188c0000)]
  0x0000000016d07350 JavaThread "Monitor Deflation Thread" daemon [_thread_blocked, id=8828, stack(0x0000000018950000,0x0000000018a50000)]
  0x0000000016d08cf0 JavaThread "C2 CompilerThread0" daemon [_thread_blocked, id=8260, stack(0x0000000018ac0000,0x0000000018bc0000)]
  0x0000000016d1a120 JavaThread "C1 CompilerThread0" daemon [_thread_blocked, id=8104, stack(0x0000000018bf0000,0x0000000018cf0000)]
  0x0000000016d2ca00 JavaThread "Sweeper thread" daemon [_thread_blocked, id=6864, stack(0x0000000018d70000,0x0000000018e70000)]
  0x0000000018ea05d0 JavaThread "Common-Cleaner" daemon [_thread_blocked, id=7276, stack(0x0000000019360000,0x0000000019460000)]
  0x0000000018f57d20 JavaThread "Notification Thread" daemon [_thread_blocked, id=8940, stack(0x0000000019650000,0x0000000019750000)]
  0x0000000019f945d0 JavaThread "Active Thread: Equinox Container: b19b01af-6ac9-4111-b55a-5353c77799c8" [_thread_blocked, id=6772, stack(0x00000000198b0000,0x00000000199b0000)]
  0x0000000019f0c810 JavaThread "Framework Event Dispatcher: Equinox Container: b19b01af-6ac9-4111-b55a-5353c77799c8" daemon [_thread_blocked, id=8976, stack(0x000000001ac80000,0x000000001ad80000)]
=>0x00000000190f0d50 JavaThread "Start Level: Equinox Container: b19b01af-6ac9-4111-b55a-5353c77799c8" daemon [_thread_in_vm, id=8984, stack(0x0000000019520000,0x0000000019620000)]
  0x0000000019b1f6a0 JavaThread "SCR Component Actor" daemon [_thread_blocked, id=9024, stack(0x000000001aef0000,0x000000001aff0000)]
  0x0000000019adf5f0 JavaThread "Timer-0" [_thread_blocked, id=7976, stack(0x000000001ad90000,0x000000001ae90000)]

Other Threads:
  0x0000000016cc0670 VMThread "VM Thread" [stack: 0x0000000018080000,0x0000000018180000] [id=9052]
  0x0000000018f581f0 WatcherThread [stack: 0x00000000197a0000,0x00000000198a0000] [id=6636]
  0x000000000030b7e0 GCTaskThread "GC Thread#0" [stack: 0x00000000146f0000,0x00000000147f0000] [id=8916]
  0x0000000019c095d0 GCTaskThread "GC Thread#1" [stack: 0x000000001b070000,0x000000001b170000] [id=9084]

Threads with active compile tasks:

VM state: not at safepoint (normal execution)

VM Mutex/Monitor currently owned by a thread:  ([mutex/lock_event])
[0x00000000002ea060] Metaspace_lock - owner thread: 0x00000000190f0d50

Heap address: 0x00000000c0000000, size: 1024 MB, Compressed Oops mode: 32-bit

CDS archive(s) not mapped
Compressed class space mapped at: 0x000000013fc00000-0x000000017fc00000, reserved size: 1073741824
Narrow klass base: 0x0000000000000000, Narrow klass shift: 3, Narrow klass range: 0x17fc00000

GC Precious Log:
 CPUs: 2 total, 2 available
 Memory: 1485M
 Large Page Support: Disabled
 NUMA Support: Disabled
 Compressed Oops: Enabled (32-bit)
 Alignments: Space 512K, Generation 512K, Heap 2M
 Heap Min Capacity: 100M
 Heap Initial Capacity: 100M
 Heap Max Capacity: 1G
 Pre-touch: Disabled
 Parallel Workers: 2

Heap:
 PSYoungGen      total 29696K, used 8649K [0x00000000eab00000, 0x00000000ecc00000, 0x0000000100000000)
  eden space 25600K, 17% used [0x00000000eab00000,0x00000000eaf7e7b8,0x00000000ec400000)
  from space 4096K, 98% used [0x00000000ec400000,0x00000000ec7f3d58,0x00000000ec800000)
  to   space 4096K, 0% used [0x00000000ec800000,0x00000000ec800000,0x00000000ecc00000)
 ParOldGen       total 68608K, used 0K [0x00000000c0000000, 0x00000000c4300000, 0x00000000eab00000)
  object space 68608K, 0% used [0x00000000c0000000,0x00000000c0000000,0x00000000c4300000)
 Metaspace       used 15350K, committed 15552K, reserved 1064960K
  class space    used 1584K, committed 1664K, reserved 1048576K

Card table byte_map: [0x00000000144b0000,0x00000000146c0000] _byte_map_base: 0x0000000013eb0000

Marking Bits: (ParMarkBitMap*) 0x000007fec8204b80
 Begin Bits: [0x0000000014950000, 0x0000000015950000)
 End Bits:   [0x0000000015950000, 0x0000000016950000)

Polling page: 0x0000000000240000

Metaspace:

Usage:
  Non-class:     13.44 MB used.
      Class:      1.55 MB used.
       Both:     14.99 MB used.

Virtual space:
  Non-class space:       16.00 MB reserved,      13.56 MB ( 85%) committed,  2 nodes.
      Class space:        1.00 GB reserved,       1.63 MB ( <1%) committed,  1 nodes.
             Both:        1.02 GB reserved,      15.19 MB (  1%) committed. 

Chunk freelists:
   Non-Class:  2.12 MB
       Class:  2.40 MB
        Both:  4.52 MB

MaxMetaspaceSize: unlimited
CompressedClassSpaceSize: 1.00 GB
Initial GC threshold: 21.00 MB
Current GC threshold: 21.00 MB
CDS: off
MetaspaceReclaimPolicy: balanced
 - commit_granule_bytes: 65536.
 - commit_granule_words: 8192.
 - virtual_space_node_default_size: 1048576.
 - enlarge_chunks_in_place: 1.
 - new_chunks_are_fully_committed: 0.
 - uncommit_free_chunks: 1.
 - use_allocation_guard: 0.
 - handle_deallocations: 1.


Internal statistics:

num_allocs_failed_limit: 0.
num_arena_births: 98.
num_arena_deaths: 0.
num_vsnodes_births: 3.
num_vsnodes_deaths: 0.
num_space_committed: 243.
num_space_uncommitted: 0.
num_chunks_returned_to_freelist: 0.
num_chunks_taken_from_freelist: 343.
num_chunk_merges: 0.
num_chunk_splits: 224.
num_chunks_enlarged: 173.
num_purges: 0.
num_inconsistent_stats: 0.

CodeHeap 'non-profiled nmethods': size=120064Kb used=480Kb max_used=480Kb free=119583Kb
 bounds [0x000000000ce80000, 0x000000000d0f0000, 0x00000000143c0000]
CodeHeap 'profiled nmethods': size=120000Kb used=2760Kb max_used=2760Kb free=117239Kb
 bounds [0x0000000005950000, 0x0000000005c10000, 0x000000000ce80000]
CodeHeap 'non-nmethods': size=5696Kb used=1156Kb max_used=1170Kb free=4539Kb
 bounds [0x00000000053c0000, 0x0000000005630000, 0x0000000005950000]
 total_blobs=1939 nmethods=1489 adapters=365
 compilation: enabled
              stopped_count=0, restarted_count=0
 full_count=0

Compilation events (20 events):
Event: 15.156 Thread 0x0000000016d1a120 nmethod 1476 0x0000000005bfba10 code [0x0000000005bfbba0, 0x0000000005bfbcc8]
Event: 15.172 Thread 0x0000000016d08cf0 1478 %     4       java.lang.StringLatin1::inflate @ 3 (34 bytes)
Event: 15.198 Thread 0x0000000016d08cf0 nmethod 1478% 0x000000000cef6b90 code [0x000000000cef6d20, 0x000000000cef7078]
Event: 15.449 Thread 0x0000000016d08cf0 1479       4       java.io.DataInputStream::readByte (23 bytes)
Event: 15.459 Thread 0x0000000016d08cf0 nmethod 1479 0x000000000cef7210 code [0x000000000cef73a0, 0x000000000cef77a8]
Event: 15.486 Thread 0x0000000016d1a120 1480   !   3       java.util.concurrent.ConcurrentHashMap::putVal (433 bytes)
Event: 15.495 Thread 0x0000000016d1a120 nmethod 1480 0x0000000005bfbd90 code [0x0000000005bfc0e0, 0x0000000005bfda48]
Event: 15.516 Thread 0x0000000016d1a120 1481       3       org.eclipse.osgi.internal.framework.BundleContextImpl::checkValid (44 bytes)
Event: 15.520 Thread 0x0000000016d1a120 nmethod 1481 0x0000000005bfe410 code [0x0000000005bfe680, 0x0000000005bff0a8]
Event: 15.795 Thread 0x0000000016d1a120 1484       3       java.io.File::getAbsolutePath (8 bytes)
Event: 15.796 Thread 0x0000000016d1a120 nmethod 1484 0x0000000005bff490 code [0x0000000005bff640, 0x0000000005bff7a8]
Event: 15.814 Thread 0x0000000016d1a120 1485       3       org.eclipse.osgi.framework.eventmgr.CopyOnWriteIdentityMap::entrySet (15 bytes)
Event: 15.816 Thread 0x0000000016d1a120 nmethod 1485 0x0000000005bff890 code [0x0000000005bffa60, 0x0000000005bffef8]
Event: 15.816 Thread 0x0000000016d1a120 1487       3       org.eclipse.osgi.framework.eventmgr.CopyOnWriteIdentityMap$Snapshot::entrySet (9 bytes)
Event: 15.818 Thread 0x0000000016d1a120 nmethod 1487 0x0000000005c00110 code [0x0000000005c002c0, 0x0000000005c005b8]
Event: 15.818 Thread 0x0000000016d1a120 1488       3       java.util.concurrent.locks.AbstractQueuedSynchronizer::acquireShared (20 bytes)
Event: 15.819 Thread 0x0000000016d1a120 nmethod 1488 0x0000000005c00710 code [0x0000000005c008c0, 0x0000000005c00b38]
Event: 15.820 Thread 0x0000000016d1a120 1486       3       org.eclipse.osgi.framework.eventmgr.CopyOnWriteIdentityMap$Snapshot::<init> (10 bytes)
Event: 15.820 Thread 0x0000000016d1a120 nmethod 1486 0x0000000005c00c10 code [0x0000000005c00da0, 0x0000000005c00f38]
Event: 15.820 Thread 0x0000000016d1a120 1489       3       java.util.concurrent.locks.ReentrantReadWriteLock$Sync::tryReleaseShared (146 bytes)

GC Heap History (2 events):
Event: 12.051 GC heap before
{Heap before GC invocations=1 (full 0):
 PSYoungGen      total 29696K, used 25600K [0x00000000eab00000, 0x00000000ecc00000, 0x0000000100000000)
  eden space 25600K, 100% used [0x00000000eab00000,0x00000000ec400000,0x00000000ec400000)
  from space 4096K, 0% used [0x00000000ec800000,0x00000000ec800000,0x00000000ecc00000)
  to   space 4096K, 0% used [0x00000000ec400000,0x00000000ec400000,0x00000000ec800000)
 ParOldGen       total 68608K, used 0K [0x00000000c0000000, 0x00000000c4300000, 0x00000000eab00000)
  object space 68608K, 0% used [0x00000000c0000000,0x00000000c0000000,0x00000000c4300000)
 Metaspace       used 12979K, committed 13184K, reserved 1064960K
  class space    used 1308K, committed 1408K, reserved 1048576K
}
Event: 12.148 GC heap after
{Heap after GC invocations=1 (full 0):
 PSYoungGen      total 29696K, used 4047K [0x00000000eab00000, 0x00000000ecc00000, 0x0000000100000000)
  eden space 25600K, 0% used [0x00000000eab00000,0x00000000eab00000,0x00000000ec400000)
  from space 4096K, 98% used [0x00000000ec400000,0x00000000ec7f3d58,0x00000000ec800000)
  to   space 4096K, 0% used [0x00000000ec800000,0x00000000ec800000,0x00000000ecc00000)
 ParOldGen       total 68608K, used 0K [0x00000000c0000000, 0x00000000c4300000, 0x00000000eab00000)
  object space 68608K, 0% used [0x00000000c0000000,0x00000000c0000000,0x00000000c4300000)
 Metaspace       used 12979K, committed 13184K, reserved 1064960K
  class space    used 1308K, committed 1408K, reserved 1048576K
}

Deoptimization events (20 events):
Event: 10.001 Thread 0x00000000002efce0 Uncommon trap: trap_request=0xffffffde fr.pc=0x000000000cecf2bc relative=0x000000000000091c
Event: 10.001 Thread 0x00000000002efce0 Uncommon trap: reason=class_check action=maybe_recompile pc=0x000000000cecf2bc method=java.util.HashMap.putVal(ILjava/lang/Object;Ljava/lang/Object;ZZ)Ljava/lang/Object; @ 253 c2
Event: 10.001 Thread 0x00000000002efce0 DEOPT PACKING pc=0x000000000cecf2bc sp=0x00000000022edf30
Event: 10.001 Thread 0x00000000002efce0 DEOPT UNPACKING pc=0x00000000054120a3 sp=0x00000000022ede48 mode 2
Event: 10.021 Thread 0x00000000002efce0 Uncommon trap: trap_request=0xffffffde fr.pc=0x000000000cec4244 relative=0x00000000000008a4
Event: 10.021 Thread 0x00000000002efce0 Uncommon trap: reason=class_check action=maybe_recompile pc=0x000000000cec4244 method=java.util.HashMap.putVal(ILjava/lang/Object;Ljava/lang/Object;ZZ)Ljava/lang/Object; @ 253 c2
Event: 10.021 Thread 0x00000000002efce0 DEOPT PACKING pc=0x000000000cec4244 sp=0x00000000022eddb0
Event: 10.022 Thread 0x00000000002efce0 DEOPT UNPACKING pc=0x00000000054120a3 sp=0x00000000022edd50 mode 2
Event: 11.191 Thread 0x00000000002efce0 DEOPT PACKING pc=0x000000000597f64e sp=0x00000000022ee400
Event: 11.191 Thread 0x00000000002efce0 DEOPT UNPACKING pc=0x0000000005412843 sp=0x00000000022ed848 mode 0
Event: 13.618 Thread 0x00000000190f0d50 DEOPT PACKING pc=0x0000000005bda5c6 sp=0x000000001961d100
Event: 13.618 Thread 0x00000000190f0d50 DEOPT UNPACKING pc=0x0000000005412843 sp=0x000000001961c5b0 mode 0
Event: 14.461 Thread 0x00000000190f0d50 Uncommon trap: trap_request=0xffffff45 fr.pc=0x000000000cef3f74 relative=0x0000000000000ad4
Event: 14.461 Thread 0x00000000190f0d50 Uncommon trap: reason=unstable_if action=reinterpret pc=0x000000000cef3f74 method=java.util.concurrent.ConcurrentHashMap.putVal(Ljava/lang/Object;Ljava/lang/Object;Z)Ljava/lang/Object; @ 148 c2
Event: 14.461 Thread 0x00000000190f0d50 DEOPT PACKING pc=0x000000000cef3f74 sp=0x0000000019618ca0
Event: 14.461 Thread 0x00000000190f0d50 DEOPT UNPACKING pc=0x00000000054120a3 sp=0x0000000019618c10 mode 2
Event: 14.569 Thread 0x00000000190f0d50 Uncommon trap: trap_request=0xffffff45 fr.pc=0x000000000cee1744 relative=0x0000000000000f04
Event: 14.569 Thread 0x00000000190f0d50 Uncommon trap: reason=unstable_if action=reinterpret pc=0x000000000cee1744 method=java.io.WinNTFileSystem.normalize(Ljava/lang/String;II)Ljava/lang/String; @ 100 c2
Event: 14.569 Thread 0x00000000190f0d50 DEOPT PACKING pc=0x000000000cee1744 sp=0x00000000196190b0
Event: 14.569 Thread 0x00000000190f0d50 DEOPT UNPACKING pc=0x00000000054120a3 sp=0x0000000019618ff0 mode 2

Classes unloaded (0 events):
No events

Classes redefined (0 events):
No events

Internal exceptions (20 events):
Event: 3.601 Thread 0x00000000002efce0 Exception <a 'java/io/FileNotFoundException'{0x00000000eaf89520}> (0x00000000eaf89520) 
thrown [e:\jenkins\tmp\workspace\build\src\src\hotspot\share\prims\jni.cpp, line 516]
Event: 3.602 Thread 0x00000000002efce0 Exception <a 'java/io/FileNotFoundException'{0x00000000eaf8a1e0}> (0x00000000eaf8a1e0) 
thrown [e:\jenkins\tmp\workspace\build\src\src\hotspot\share\prims\jni.cpp, line 516]
Event: 3.705 Thread 0x00000000002efce0 Exception <a 'java/io/FileNotFoundException'{0x00000000eafb3528}> (0x00000000eafb3528) 
thrown [e:\jenkins\tmp\workspace\build\src\src\hotspot\share\prims\jni.cpp, line 516]
Event: 5.650 Thread 0x00000000002efce0 Exception <a 'java/lang/ClassNotFoundException'{0x00000000eb678be0}: sun/net/www/protocol/c/Handler> (0x00000000eb678be0) 
thrown [e:\jenkins\tmp\workspace\build\src\src\hotspot\share\classfile\systemDictionary.cpp, line 256]
Event: 5.652 Thread 0x00000000002efce0 Exception <a 'java/lang/ClassNotFoundException'{0x00000000eb679f10}: sun/net/www/protocol/c/Handler> (0x00000000eb679f10) 
thrown [e:\jenkins\tmp\workspace\build\src\src\hotspot\share\classfile\systemDictionary.cpp, line 256]
Event: 5.654 Thread 0x00000000002efce0 Exception <a 'java/lang/ClassNotFoundException'{0x00000000eb67b080}: sun/net/www/protocol/c/Handler> (0x00000000eb67b080) 
thrown [e:\jenkins\tmp\workspace\build\src\src\hotspot\share\classfile\systemDictionary.cpp, line 256]
Event: 5.757 Thread 0x00000000002efce0 Exception <a 'java/io/FileNotFoundException'{0x00000000eb6950e0}> (0x00000000eb6950e0) 
thrown [e:\jenkins\tmp\workspace\build\src\src\hotspot\share\prims\jni.cpp, line 516]
Event: 6.178 Thread 0x00000000002efce0 Implicit null exception at 0x000000000cea3bdb to 0x000000000cea44e0
Event: 6.179 Thread 0x00000000002efce0 Implicit null exception at 0x000000000ceb17f1 to 0x000000000ceb19c8
Event: 6.180 Thread 0x00000000002efce0 Implicit null exception at 0x000000000ceb1e0f to 0x000000000ceb1e85
Event: 6.838 Thread 0x00000000002efce0 Exception <a 'java/lang/NoSuchMethodError'{0x00000000eb874150}: 'int java.lang.invoke.DirectMethodHandle$Holder.invokeStaticInit(java.lang.Object, java.lang.Object, java.lang.Object, java.lang.Object)'> (0x00000000eb874150) 
thrown [e:\jenkins\tmp\workspace\build\src\src\hotspot\share\interpreter\linkResolver.cpp, line 766]
Event: 6.855 Thread 0x00000000002efce0 Exception <a 'java/lang/NoSuchMethodError'{0x00000000eb87e7c0}: 'java.lang.Object java.lang.invoke.DirectMethodHandle$Holder.invokeInterface(java.lang.Object, java.lang.Object)'> (0x00000000eb87e7c0) 
thrown [e:\jenkins\tmp\workspace\build\src\src\hotspot\share\interpreter\linkResolver.cpp, line 766]
Event: 6.858 Thread 0x00000000002efce0 Exception <a 'java/lang/IncompatibleClassChangeError'{0x00000000eb881fb8}: Found class java.lang.Object, but interface was expected> (0x00000000eb881fb8) 
thrown [e:\jenkins\tmp\workspace\build\src\src\hotspot\share\interpreter\linkResolver.cpp, line 833]
Event: 6.867 Thread 0x00000000002efce0 Exception <a 'java/lang/NoSuchMethodError'{0x00000000eb884ed8}: 'void java.lang.invoke.DirectMethodHandle$Holder.invokeStatic(java.lang.Object, java.lang.Object)'> (0x00000000eb884ed8) 
thrown [e:\jenkins\tmp\workspace\build\src\src\hotspot\share\interpreter\linkResolver.cpp, line 766]
Event: 6.873 Thread 0x00000000002efce0 Exception <a 'java/lang/NoSuchMethodError'{0x00000000eb8886d8}: 'void java.lang.invoke.DirectMethodHandle$Holder.invokeStaticInit(java.lang.Object, java.lang.Object)'> (0x00000000eb8886d8) 
thrown [e:\jenkins\tmp\workspace\build\src\src\hotspot\share\interpreter\linkResolver.cpp, line 766]
Event: 6.922 Thread 0x00000000002efce0 Exception <a 'java/lang/NoSuchMethodError'{0x00000000eb88e258}: 'int java.lang.invoke.DirectMethodHandle$Holder.invokeStaticInit(java.lang.Object, java.lang.Object)'> (0x00000000eb88e258) 
thrown [e:\jenkins\tmp\workspace\build\src\src\hotspot\share\interpreter\linkResolver.cpp, line 766]
Event: 7.447 Thread 0x00000000002efce0 Exception <a 'java/lang/NoSuchMethodError'{0x00000000eb94de08}: 'void java.lang.invoke.DirectMethodHandle$Holder.invokeSpecial(java.lang.Object, java.lang.Object, java.lang.Object)'> (0x00000000eb94de08) 
thrown [e:\jenkins\tmp\workspace\build\src\src\hotspot\share\interpreter\linkResolver.cpp, line 766]
Event: 9.322 Thread 0x00000000002efce0 Exception <a 'java/lang/NoSuchMethodError'{0x00000000ebece2b0}: 'java.lang.Object java.lang.invoke.DirectMethodHandle$Holder.newInvokeSpecial(java.lang.Object, int, java.lang.Object)'> (0x00000000ebece2b0) 
thrown [e:\jenkins\tmp\workspace\build\src\src\hotspot\share\interpreter\linkResolver.cpp, line 766]
Event: 11.317 Thread 0x00000000002efce0 Exception <a 'java/lang/UnsatisfiedLinkError'{0x00000000ec1da4c0}: 'void org.eclipse.equinox.launcher.JNIBridge._update_splash()'> (0x00000000ec1da4c0) 
thrown [e:\jenkins\tmp\workspace\build\src\src\hotspot\share\prims\nativeLookup.cpp, line 543]
Event: 11.979 Thread 0x00000000190f0d50 Exception <a 'java/lang/NoSuchMethodError'{0x00000000ec3c1cf0}: 'java.lang.Object java.lang.invoke.DirectMethodHandle$Holder.invokeStaticInit(java.lang.Object)'> (0x00000000ec3c1cf0) 
thrown [e:\jenkins\tmp\workspace\build\src\src\hotspot\share\interpreter\linkResolver.cpp, line 766]

VM Operations (20 events):
Event: 9.006 Executing VM operation: HandshakeAllThreads
Event: 9.006 Executing VM operation: HandshakeAllThreads done
Event: 9.006 Executing VM operation: Cleanup
Event: 9.007 Executing VM operation: Cleanup done
Event: 9.049 Executing VM operation: HandshakeAllThreads
Event: 9.049 Executing VM operation: HandshakeAllThreads done
Event: 10.049 Executing VM operation: Cleanup
Event: 10.049 Executing VM operation: Cleanup done
Event: 11.050 Executing VM operation: Cleanup
Event: 11.051 Executing VM operation: Cleanup done
Event: 12.051 Executing VM operation: ParallelGCFailedAllocation
Event: 12.180 Executing VM operation: ParallelGCFailedAllocation done
Event: 12.241 Executing VM operation: HandshakeAllThreads
Event: 12.242 Executing VM operation: HandshakeAllThreads done
Event: 13.242 Executing VM operation: Cleanup
Event: 13.268 Executing VM operation: Cleanup done
Event: 14.268 Executing VM operation: Cleanup
Event: 14.268 Executing VM operation: Cleanup done
Event: 15.269 Executing VM operation: Cleanup
Event: 15.269 Executing VM operation: Cleanup done

Events (20 events):
Event: 13.852 loading class java/util/Timer done
Event: 13.852 loading class java/util/TaskQueue
Event: 13.853 loading class java/util/TaskQueue done
Event: 13.853 loading class java/util/TimerThread
Event: 13.853 loading class java/util/TimerThread done
Event: 13.854 loading class java/util/Timer$ThreadReaper
Event: 13.854 loading class java/util/Timer$ThreadReaper done
Event: 13.858 Thread 0x0000000019adf5f0 Thread added: 0x0000000019adf5f0
Event: 13.967 loading class java/util/concurrent/locks/ReentrantLock$FairSync
Event: 13.968 loading class java/util/concurrent/locks/ReentrantLock$FairSync done
Event: 13.998 loading class java/util/Collections$ReverseComparator
Event: 13.998 loading class java/util/Collections$ReverseComparator done
Event: 14.618 loading class javax/xml/parsers/ParserConfigurationException
Event: 14.619 loading class javax/xml/parsers/ParserConfigurationException done
Event: 14.921 loading class java/lang/CloneNotSupportedException
Event: 14.921 loading class java/lang/CloneNotSupportedException done
Event: 15.606 loading class java/util/TreeMap$Values
Event: 15.606 loading class java/util/TreeMap$Values done
Event: 15.606 loading class java/util/TreeMap$ValueIterator
Event: 15.607 loading class java/util/TreeMap$ValueIterator done


Dynamic libraries:
0x000000013f980000 - 0x000000013f98e000 	c:\Users\LENOVO\.vscode\extensions\redhat.java-1.8.0-win32-x64\jre\17.0.3-win32-x86_64\bin\java.exe
0x0000000077320000 - 0x00000000774ca000 	C:\Windows\SYSTEM32\ntdll.dll
0x000007fee3020000 - 0x000007fee3036000 	C:\Program Files\Avast Software\Avast\aswhook.dll
0x0000000077200000 - 0x000000007731f000 	C:\Windows\system32\kernel32.dll
0x000007fefd120000 - 0x000007fefd18a000 	C:\Windows\system32\KERNELBASE.dll
0x000007fed0620000 - 0x000007fed0638000 	c:\Users\LENOVO\.vscode\extensions\redhat.java-1.8.0-win32-x64\jre\17.0.3-win32-x86_64\bin\jli.dll
0x000007fefbc00000 - 0x000007fefbdf4000 	C:\Windows\WinSxS\amd64_microsoft.windows.common-controls_6595b64144ccf1df_6.0.7601.18837_none_fa3b1e3d17594757\COMCTL32.dll
0x000007feff510000 - 0x000007feff5af000 	C:\Windows\system32\msvcrt.dll
0x000007fefe900000 - 0x000007fefe967000 	C:\Windows\system32\GDI32.dll
0x0000000077100000 - 0x00000000771fa000 	C:\Windows\system32\USER32.dll
0x000007feff0b0000 - 0x000007feff0be000 	C:\Windows\system32\LPK.dll
0x000007fefd740000 - 0x000007fefd80a000 	C:\Windows\system32\USP10.dll
0x000007feff0c0000 - 0x000007feff131000 	C:\Windows\system32\SHLWAPI.dll
0x000007fed0600000 - 0x000007fed0619000 	c:\Users\LENOVO\.vscode\extensions\redhat.java-1.8.0-win32-x64\jre\17.0.3-win32-x86_64\bin\VCRUNTIME140.dll
0x000007fed05f0000 - 0x000007fed05f4000 	c:\Users\LENOVO\.vscode\extensions\redhat.java-1.8.0-win32-x64\jre\17.0.3-win32-x86_64\bin\api-ms-win-crt-runtime-l1-1-0.dll
0x000007fed0230000 - 0x000007fed032a000 	c:\Users\LENOVO\.vscode\extensions\redhat.java-1.8.0-win32-x64\jre\17.0.3-win32-x86_64\bin\ucrtbase.DLL
0x000007fed05e0000 - 0x000007fed05e3000 	c:\Users\LENOVO\.vscode\extensions\redhat.java-1.8.0-win32-x64\jre\17.0.3-win32-x86_64\bin\api-ms-win-core-localization-l1-2-0.dll
0x000007fed05d0000 - 0x000007fed05d3000 	c:\Users\LENOVO\.vscode\extensions\redhat.java-1.8.0-win32-x64\jre\17.0.3-win32-x86_64\bin\api-ms-win-core-processthreads-l1-1-1.dll
0x000007fed05c0000 - 0x000007fed05c3000 	c:\Users\LENOVO\.vscode\extensions\redhat.java-1.8.0-win32-x64\jre\17.0.3-win32-x86_64\bin\api-ms-win-core-file-l1-2-0.dll
0x000007fed05b0000 - 0x000007fed05b3000 	c:\Users\LENOVO\.vscode\extensions\redhat.java-1.8.0-win32-x64\jre\17.0.3-win32-x86_64\bin\api-ms-win-core-timezone-l1-1-0.dll
0x000007fed05a0000 - 0x000007fed05a3000 	c:\Users\LENOVO\.vscode\extensions\redhat.java-1.8.0-win32-x64\jre\17.0.3-win32-x86_64\bin\api-ms-win-core-file-l2-1-0.dll
0x000007fed0590000 - 0x000007fed0593000 	c:\Users\LENOVO\.vscode\extensions\redhat.java-1.8.0-win32-x64\jre\17.0.3-win32-x86_64\bin\api-ms-win-core-synch-l1-2-0.dll
0x000007fed0580000 - 0x000007fed0583000 	c:\Users\LENOVO\.vscode\extensions\redhat.java-1.8.0-win32-x64\jre\17.0.3-win32-x86_64\bin\api-ms-win-crt-heap-l1-1-0.dll
0x000007fed0570000 - 0x000007fed0574000 	c:\Users\LENOVO\.vscode\extensions\redhat.java-1.8.0-win32-x64\jre\17.0.3-win32-x86_64\bin\api-ms-win-crt-string-l1-1-0.dll
0x000007fed0560000 - 0x000007fed0564000 	c:\Users\LENOVO\.vscode\extensions\redhat.java-1.8.0-win32-x64\jre\17.0.3-win32-x86_64\bin\api-ms-win-crt-stdio-l1-1-0.dll
0x000007fed0550000 - 0x000007fed0554000 	c:\Users\LENOVO\.vscode\extensions\redhat.java-1.8.0-win32-x64\jre\17.0.3-win32-x86_64\bin\api-ms-win-crt-convert-l1-1-0.dll
0x000007fed0540000 - 0x000007fed0543000 	c:\Users\LENOVO\.vscode\extensions\redhat.java-1.8.0-win32-x64\jre\17.0.3-win32-x86_64\bin\api-ms-win-crt-environment-l1-1-0.dll
0x000007fed0530000 - 0x000007fed0533000 	c:\Users\LENOVO\.vscode\extensions\redhat.java-1.8.0-win32-x64\jre\17.0.3-win32-x86_64\bin\api-ms-win-crt-filesystem-l1-1-0.dll
0x000007fed0220000 - 0x000007fed0225000 	c:\Users\LENOVO\.vscode\extensions\redhat.java-1.8.0-win32-x64\jre\17.0.3-win32-x86_64\bin\api-ms-win-crt-math-l1-1-0.dll
0x000007fed0210000 - 0x000007fed0213000 	c:\Users\LENOVO\.vscode\extensions\redhat.java-1.8.0-win32-x64\jre\17.0.3-win32-x86_64\bin\api-ms-win-crt-locale-l1-1-0.dll
0x000007fefd410000 - 0x000007fefd43e000 	C:\Windows\system32\IMM32.DLL
0x000007fefee50000 - 0x000007fefef59000 	C:\Windows\system32\MSCTF.dll
0x000007fed0200000 - 0x000007fed020c000 	c:\Users\LENOVO\.vscode\extensions\redhat.java-1.8.0-win32-x64\jre\17.0.3-win32-x86_64\bin\vcruntime140_1.dll
0x000007fed0160000 - 0x000007fed01f1000 	c:\Users\LENOVO\.vscode\extensions\redhat.java-1.8.0-win32-x64\jre\17.0.3-win32-x86_64\bin\msvcp140.dll
0x000007fed0150000 - 0x000007fed0153000 	c:\Users\LENOVO\.vscode\extensions\redhat.java-1.8.0-win32-x64\jre\17.0.3-win32-x86_64\bin\api-ms-win-crt-time-l1-1-0.dll
0x000007fed0140000 - 0x000007fed0143000 	c:\Users\LENOVO\.vscode\extensions\redhat.java-1.8.0-win32-x64\jre\17.0.3-win32-x86_64\bin\api-ms-win-crt-utility-l1-1-0.dll
0x000007fec7680000 - 0x000007fec82c8000 	c:\Users\LENOVO\.vscode\extensions\redhat.java-1.8.0-win32-x64\jre\17.0.3-win32-x86_64\bin\server\jvm.dll
0x000007fefe820000 - 0x000007fefe8fb000 	C:\Windows\system32\ADVAPI32.dll
0x000007fefd440000 - 0x000007fefd45f000 	C:\Windows\SYSTEM32\sechost.dll
0x000007feff160000 - 0x000007feff28d000 	C:\Windows\system32\RPCRT4.dll
0x000007fef99e0000 - 0x000007fef99e9000 	C:\Windows\system32\WSOCK32.dll
0x000007feff060000 - 0x000007feff0ad000 	C:\Windows\system32\WS2_32.dll
0x000007feff290000 - 0x000007feff298000 	C:\Windows\system32\NSI.dll
0x000007feebd60000 - 0x000007feebd9b000 	C:\Windows\system32\WINMM.dll
0x000007fefc120000 - 0x000007fefc12c000 	C:\Windows\system32\VERSION.dll
0x00000000774f0000 - 0x00000000774f7000 	C:\Windows\system32\PSAPI.DLL
0x000007fecc940000 - 0x000007fecc94a000 	c:\Users\LENOVO\.vscode\extensions\redhat.java-1.8.0-win32-x64\jre\17.0.3-win32-x86_64\bin\jimage.dll
0x000007fefa670000 - 0x000007fefa795000 	C:\Windows\system32\DBGHELP.DLL
0x000007fed0110000 - 0x000007fed0135000 	c:\Users\LENOVO\.vscode\extensions\redhat.java-1.8.0-win32-x64\jre\17.0.3-win32-x86_64\bin\java.dll
0x000007fec9d40000 - 0x000007fec9d58000 	c:\Users\LENOVO\.vscode\extensions\redhat.java-1.8.0-win32-x64\jre\17.0.3-win32-x86_64\bin\zip.dll
0x000007fefd8b0000 - 0x000007fefe639000 	C:\Windows\system32\SHELL32.dll
0x000007fefec40000 - 0x000007fefee43000 	C:\Windows\system32\ole32.dll
0x000007fefd050000 - 0x000007fefd05f000 	C:\Windows\system32\profapi.dll
0x000007fed00e0000 - 0x000007fed00f9000 	C:\Users\LENOVO\.vscode\extensions\redhat.java-1.8.0-win32-x64\jre\17.0.3-win32-x86_64\bin\net.dll
0x000007fef7c10000 - 0x000007fef7c81000 	C:\Windows\system32\WINHTTP.dll
0x000007fef7ba0000 - 0x000007fef7c05000 	C:\Windows\system32\webio.dll
0x000007fefc7f0000 - 0x000007fefc845000 	C:\Windows\system32\mswsock.dll
0x000007fefc7e0000 - 0x000007fefc7e7000 	C:\Windows\System32\wship6.dll
0x000007fecc950000 - 0x000007fecc965000 	C:\Users\LENOVO\.vscode\extensions\redhat.java-1.8.0-win32-x64\jre\17.0.3-win32-x86_64\bin\nio.dll
0x000007fec9de0000 - 0x000007fec9e1e000 	C:\Users\LENOVO\AppData\Roaming\Code\User\globalStorage\redhat.java\1.8.0\config_ss_win\org.eclipse.equinox.launcher\org.eclipse.equinox.launcher.win32.win32.x86_64_1.2.500.v20220509-0833\eclipse_11700.dll

dbghelp: loaded successfully - version: 4.0.5 - missing functions: none
symbol engine: initialized successfully - sym options: 0x614 - pdb path: .;c:\Users\LENOVO\.vscode\extensions\redhat.java-1.8.0-win32-x64\jre\17.0.3-win32-x86_64\bin;C:\Windows\SYSTEM32;C:\Program Files\Avast Software\Avast;C:\Windows\WinSxS\amd64_microsoft.windows.common-controls_6595b64144ccf1df_6.0.7601.18837_none_fa3b1e3d17594757;c:\Users\LENOVO\.vscode\extensions\redhat.java-1.8.0-win32-x64\jre\17.0.3-win32-x86_64\bin\server;C:\Users\LENOVO\AppData\Roaming\Code\User\globalStorage\redhat.java\1.8.0\config_ss_win\org.eclipse.equinox.launcher\org.eclipse.equinox.launcher.win32.win32.x86_64_1.2.500.v20220509-0833

VM Arguments:
jvm_args: --add-modules=ALL-SYSTEM --add-opens=java.base/java.util=ALL-UNNAMED --add-opens=java.base/java.lang=ALL-UNNAMED --add-opens=java.base/sun.nio.fs=ALL-UNNAMED -Declipse.application=org.eclipse.jdt.ls.core.id1 -Dosgi.bundles.defaultStartLevel=4 -Declipse.product=org.eclipse.jdt.ls.core.product -Djava.import.generatesMetadataFilesAtProjectRoot=false -Dfile.encoding=utf8 -DwatchParentProcess=false -XX:+UseParallelGC -XX:GCTimeRatio=4 -XX:AdaptiveSizePolicyWeight=90 -Dsun.zip.disableMemoryMapping=true -Xmx1G -Xms100m 
java_command: c:\Users\LENOVO\.vscode\extensions\redhat.java-1.8.0-win32-x64\server\plugins\org.eclipse.equinox.launcher_1.6.400.v20210924-0641.jar -configuration c:\Users\LENOVO\AppData\Roaming\Code\User\globalStorage\redhat.java\1.8.0\config_ss_win -data c:\Users\LENOVO\AppData\Roaming\Code\User\workspaceStorage\123212859bc6ca5fc8f745e4ec924077\redhat.java\ss_ws
java_class_path (initial): c:\Users\LENOVO\.vscode\extensions\redhat.java-1.8.0-win32-x64\server\plugins\org.eclipse.equinox.launcher_1.6.400.v20210924-0641.jar
Launcher Type: SUN_STANDARD

[Global flags]
    uintx AdaptiveSizePolicyWeight                 = 90                                        {product} {command line}
     intx CICompilerCount                          = 2                                         {product} {ergonomic}
    uintx GCTimeRatio                              = 4                                         {product} {command line}
   size_t InitialHeapSize                          = 104857600                                 {product} {command line}
   size_t MaxHeapSize                              = 1073741824                                {product} {command line}
   size_t MaxNewSize                               = 357564416                                 {product} {ergonomic}
   size_t MinHeapDeltaBytes                        = 524288                                    {product} {ergonomic}
   size_t MinHeapSize                              = 104857600                                 {product} {command line}
   size_t NewSize                                  = 34603008                                  {product} {ergonomic}
    uintx NonNMethodCodeHeapSize                   = 5826188                                {pd product} {ergonomic}
    uintx NonProfiledCodeHeapSize                  = 122916026                              {pd product} {ergonomic}
   size_t OldSize                                  = 70254592                                  {product} {ergonomic}
    uintx ProfiledCodeHeapSize                     = 122916026                              {pd product} {ergonomic}
    uintx ReservedCodeCacheSize                    = 251658240                              {pd product} {ergonomic}
     bool SegmentedCodeCache                       = true                                      {product} {ergonomic}
   size_t SoftMaxHeapSize                          = 1073741824                             {manageable} {ergonomic}
     bool UseCompressedClassPointers               = true                           {product lp64_product} {ergonomic}
     bool UseCompressedOops                        = true                           {product lp64_product} {ergonomic}
     bool UseLargePagesIndividualAllocation        = false                                  {pd product} {ergonomic}
     bool UseParallelGC                            = true                                      {product} {command line}

Logging:
Log output configuration:
 #0: stdout all=warning uptime,level,tags
 #1: stderr all=off uptime,level,tags

Environment Variables:
JAVA_HOME=C:\Program Files\Java\jdk-18
PATH=C:\Program Files\Common Files\Oracle\Java\javapath;C:\Windows\system32;C:\Windows;C:\Windows\System32\Wbem;C:\Windows\System32\WindowsPowerShell\v1.0\;C:\Program Files (x86)\ATI Technologies\ATI.ACE\Core-Static;C:\Program Files\IBM\SPSS\Statistics\23\JRE\bin;C:\Program Files\Git\cmd;C:\Program Files\nodejs\;C:\Program Files\MySQL\MySQL Server 8.0\bin;C:\Program Files (x86)\nodejs\;C:\Program Files\apache-maven-3.8.6\bin;C:\Users\LENOVO\AppData\Local\Programs\Python\Python38-32\Scripts\;C:\Users\LENOVO\AppData\Local\Programs\Python\Python38-32\;C:\Users\LENOVO\AppData\Local\Programs\Microsoft VS Code\bin;C:\Users\LENOVO\AppData\Roaming\npm;C:\Program Files\apache-maven-3.8.6\bin
USERNAME=LENOVO
OS=Windows_NT
PROCESSOR_IDENTIFIER=AMD64 Family 22 Model 0 Stepping 1, AuthenticAMD



---------------  S Y S T E M  ---------------

OS:
 Windows 7 , 64 bit Build 7601 (6.1.7601.23572)
OS uptime: 0 days 5:06 hours

CPU: total 2 (initial active 2) (2 cores per cpu, 1 threads per core) family 22 model 0 stepping 1 microcode 0x0, cx8, cmov, fxsr, mmx, 3dnowpref, sse, sse2, sse3, ssse3, sse4a, sse4.1, sse4.2, popcnt, lzcnt, tsc, tscinvbit, avx, aes, clmul, bmi1, vzeroupper, clflush

Memory: 4k page, system-wide physical 1485M (76M free)
TotalPageFile size 5941M (AvailPageFile size 4M)
current process WorkingSet (physical memory assigned to process): 78M, peak: 78M
current process commit charge ("private bytes"): 188M, peak: 188M

vm_info: OpenJDK 64-Bit Server VM (17.0.3+7) for windows-amd64 JRE (17.0.3+7), built on Apr 19 2022 16:55:35 by "" with MS VC++ 16.7 (VS2019)

END.
