#
# There is insufficient memory for the Java Runtime Environment to continue.
# Native memory allocation (malloc) failed to allocate 1063760 bytes for Chunk::new
# Possible reasons:
#   The system is out of physical RAM or swap space
#   The process is running with CompressedOops enabled, and the Java Heap may be blocking the growth of the native heap
# Possible solutions:
#   Reduce memory load on the system
#   Increase physical memory or swap space
#   Check if swap backing store is full
#   Decrease Java heap size (-Xmx/-Xms)
#   Decrease number of Java threads
#   Decrease Java thread stack sizes (-Xss)
#   Set larger code cache with -XX:ReservedCodeCacheSize=
#   JVM is running with Unscaled Compressed Oops mode in which the Java heap is
#     placed in the first 4GB address space. The Java Heap base address is the
#     maximum limit for the native heap growth. Please use -XX:HeapBaseMinAddress
#     to set the Java Heap base and to place the Java Heap above 4GB virtual address.
# This output file may be truncated or incomplete.
#
#  Out of Memory Error (arena.cpp:184), pid=760, tid=4340
#
# JRE version: Java(TM) SE Runtime Environment (18.0+36) (build 18+36-2087)
# Java VM: Java HotSpot(TM) 64-Bit Server VM (18+36-2087, mixed mode, sharing, tiered, compressed oops, compressed class ptrs, serial gc, windows-amd64)
# No core dump will be written. Minidumps are not enabled by default on client versions of Windows
#

---------------  S U M M A R Y ------------

Command Line: com.example.demo.DemoApplication

Host: AMD E1-2100 APU with Radeon(TM) HD Graphics    , 2 cores, 1G,  Windows 7 , 64 bit Build 7601 (6.1.7601.23572)
Time: Fri Jul 29 16:44:33 2022 SE Asia Standard Time elapsed time: 16.291806 seconds (0d 0h 0m 16s)

---------------  T H R E A D  ---------------

Current thread (0x000000001dd28a50):  JavaThread "C2 CompilerThread0" daemon [_thread_in_native, id=4340, stack(0x000000001df30000,0x000000001e030000)]


Current CompileTask:
C2:  16292 2492   !   4       java.net.URL::<init> (543 bytes)

Stack: [0x000000001df30000,0x000000001e030000]
Native frames: (J=compiled Java code, j=interpreted, Vv=VM code, C=native code)
V  [jvm.dll+0x69804a]
V  [jvm.dll+0x7f308d]
V  [jvm.dll+0x7f499e]
V  [jvm.dll+0x7f5053]
V  [jvm.dll+0x25ca3f]
V  [jvm.dll+0xb8c2f]
V  [jvm.dll+0xb8fa5]
V  [jvm.dll+0x385a6b]
V  [jvm.dll+0x34f811]
V  [jvm.dll+0x34ecaa]
V  [jvm.dll+0x22fc21]
V  [jvm.dll+0x22eff1]
V  [jvm.dll+0x1b9cfc]
V  [jvm.dll+0x23e8ca]
V  [jvm.dll+0x23cbac]
V  [jvm.dll+0x7a5781]
V  [jvm.dll+0x79fbba]
V  [jvm.dll+0x696ef5]
C  [ucrtbase.DLL+0x1d912]
C  [kernel32.dll+0x159cd]
C  [ntdll.dll+0x2a561]


---------------  P R O C E S S  ---------------

Threads class SMR info:
_java_thread_list=0x000000001ddeddb0, length=12, elements={
0x000000000044b600, 0x00000000004cbaf0, 0x00000000191bcfb0, 0x00000000191cfcb0,
0x00000000191d16c0, 0x00000000191d6420, 0x00000000191dad70, 0x000000001dd28a50,
0x00000000191df300, 0x000000001dd3bb30, 0x000000001de50ed0, 0x000000001de5a9d0
}

Java Threads: ( => current thread )
  0x000000000044b600 JavaThread "main" [_thread_in_vm, id=7328, stack(0x00000000020b0000,0x00000000021b0000)]
  0x00000000004cbaf0 JavaThread "Reference Handler" daemon [_thread_blocked, id=7308, stack(0x0000000019220000,0x0000000019320000)]
  0x00000000191bcfb0 JavaThread "Finalizer" daemon [_thread_blocked, id=6836, stack(0x000000001d6a0000,0x000000001d7a0000)]
  0x00000000191cfcb0 JavaThread "Signal Dispatcher" daemon [_thread_blocked, id=5796, stack(0x000000001d8e0000,0x000000001d9e0000)]
  0x00000000191d16c0 JavaThread "Attach Listener" daemon [_thread_blocked, id=7008, stack(0x000000001dae0000,0x000000001dbe0000)]
  0x00000000191d6420 JavaThread "Service Thread" daemon [_thread_blocked, id=7528, stack(0x000000001dc20000,0x000000001dd20000)]
  0x00000000191dad70 JavaThread "Monitor Deflation Thread" daemon [_thread_blocked, id=7368, stack(0x000000001d7c0000,0x000000001d8c0000)]
=>0x000000001dd28a50 JavaThread "C2 CompilerThread0" daemon [_thread_in_native, id=4340, stack(0x000000001df30000,0x000000001e030000)]
  0x00000000191df300 JavaThread "C1 CompilerThread0" daemon [_thread_blocked, id=7924, stack(0x000000001e200000,0x000000001e300000)]
  0x000000001dd3bb30 JavaThread "Sweeper thread" daemon [_thread_blocked, id=7392, stack(0x000000001e070000,0x000000001e170000)]
  0x000000001de50ed0 JavaThread "Notification Thread" daemon [_thread_blocked, id=8060, stack(0x000000001e3a0000,0x000000001e4a0000)]
  0x000000001de5a9d0 JavaThread "Common-Cleaner" daemon [_thread_blocked, id=5632, stack(0x000000001e7a0000,0x000000001e8a0000)]

Other Threads:
  0x00000000004c7450 VMThread "VM Thread" [stack: 0x000000001d4b0000,0x000000001d5b0000] [id=5640]
  0x000000001de517b0 WatcherThread "VM Periodic Task Thread" [stack: 0x000000001e640000,0x000000001e740000] [id=7044]

Threads with active compile tasks:
C2 CompilerThread0    16458 2492   !   4       java.net.URL::<init> (543 bytes)

VM state: not at safepoint (normal execution)

VM Mutex/Monitor currently owned by a thread: None

Heap address: 0x00000000e8c00000, size: 372 MB, Compressed Oops mode: 32-bit

CDS archive(s) mapped at: [0x0000000800000000-0x0000000800ba0000-0x0000000800ba0000), size 12189696, SharedBaseAddress: 0x0000000800000000, ArchiveRelocationMode: 0.
Compressed class space mapped at: 0x0000000800c00000-0x0000000840c00000, reserved size: 1073741824
Narrow klass base: 0x0000000800000000, Narrow klass shift: 0, Narrow klass range: 0x100000000

GC Precious Log:
 CardTable entry size: 512
 CPUs: 2 total, 2 available
 Memory: 1485M
 Large Page Support: Disabled
 NUMA Support: Disabled
 Compressed Oops: Enabled (32-bit)
 Heap Min Capacity: 8M
 Heap Initial Capacity: 24M
 Heap Max Capacity: 372M
 Pre-touch: Disabled

Heap:
 def new generation   total 7424K, used 3909K [0x00000000e8c00000, 0x00000000e9400000, 0x00000000f0800000)
  eden space 6656K,  51% used [0x00000000e8c00000, 0x00000000e8f56de8, 0x00000000e9280000)
  from space 768K,  63% used [0x00000000e9340000, 0x00000000e93ba680, 0x00000000e9400000)
  to   space 768K,   0% used [0x00000000e9280000, 0x00000000e9280000, 0x00000000e9340000)
 tenured generation   total 16384K, used 9204K [0x00000000f0800000, 0x00000000f1800000, 0x0000000100000000)
   the space 16384K,  56% used [0x00000000f0800000, 0x00000000f10fd1a0, 0x00000000f10fd200, 0x00000000f1800000)
 Metaspace       used 17768K, committed 17984K, reserved 1114112K
  class space    used 2114K, committed 2240K, reserved 1048576K

Card table byte_map: [0x0000000018fa0000,0x0000000019060000] _byte_map_base: 0x000000001885a000

Polling page: 0x0000000000150000

Metaspace:

Usage:
  Non-class:     15.29 MB used.
      Class:      2.06 MB used.
       Both:     17.35 MB used.

Virtual space:
  Non-class space:       64.00 MB reserved,      15.38 MB ( 24%) committed,  1 nodes.
      Class space:        1.00 GB reserved,       2.19 MB ( <1%) committed,  1 nodes.
             Both:        1.06 GB reserved,      17.56 MB (  2%) committed. 

Chunk freelists:
   Non-Class:  592.00 KB
       Class:  1.63 MB
        Both:  2.20 MB

MaxMetaspaceSize: unlimited
CompressedClassSpaceSize: 1.00 GB
Initial GC threshold: 21.00 MB
Current GC threshold: 21.00 MB
CDS: on
MetaspaceReclaimPolicy: balanced
 - commit_granule_bytes: 65536.
 - commit_granule_words: 8192.
 - virtual_space_node_default_size: 8388608.
 - enlarge_chunks_in_place: 1.
 - new_chunks_are_fully_committed: 0.
 - uncommit_free_chunks: 1.
 - use_allocation_guard: 0.


Internal statistics:

num_allocs_failed_limit: 0.
num_arena_births: 188.
num_arena_deaths: 0.
num_vsnodes_births: 2.
num_vsnodes_deaths: 0.
num_space_committed: 281.
num_space_uncommitted: 0.
num_chunks_returned_to_freelist: 0.
num_chunks_taken_from_freelist: 802.
num_chunk_merges: 0.
num_chunk_splits: 535.
num_chunks_enlarged: 438.
num_inconsistent_stats: 0.

CodeHeap 'non-profiled nmethods': size=120064Kb used=855Kb max_used=855Kb free=119208Kb
 bounds [0x0000000011970000, 0x0000000011be0000, 0x0000000018eb0000]
CodeHeap 'profiled nmethods': size=120000Kb used=5484Kb max_used=5484Kb free=114515Kb
 bounds [0x000000000a440000, 0x000000000a9a0000, 0x0000000011970000]
CodeHeap 'non-nmethods': size=5696Kb used=1180Kb max_used=1203Kb free=4515Kb
 bounds [0x0000000009eb0000, 0x000000000a120000, 0x000000000a440000]
 total_blobs=3081 nmethods=2620 adapters=375
 compilation: enabled
              stopped_count=0, restarted_count=0
 full_count=0

Compilation events (20 events):
Event: 16.144 Thread 0x00000000191df300 2613       3       org.springframework.boot.autoconfigure.condition.ConditionMessage::isEmpty (16 bytes)
Event: 16.146 Thread 0x00000000191df300 nmethod 2613 0x000000000a98d490 code [0x000000000a98d640, 0x000000000a98d978]
Event: 16.151 Thread 0x00000000191df300 2614       3       java.util.stream.ReferencePipeline::collect (124 bytes)
Event: 16.154 Thread 0x00000000191df300 nmethod 2614 0x000000000a98da90 code [0x000000000a98dd20, 0x000000000a98e9c8]
Event: 16.160 Thread 0x00000000191df300 2615       3       org.springframework.boot.autoconfigure.condition.ConditionMessage::andCondition (34 bytes)
Event: 16.163 Thread 0x00000000191df300 nmethod 2615 0x000000000a98ee10 code [0x000000000a98f0a0, 0x000000000a98fa38]
Event: 16.165 Thread 0x00000000191df300 2616       3       java.lang.Class::enumConstantDirectory (119 bytes)
Event: 16.169 Thread 0x00000000191df300 nmethod 2616 0x000000000a98fe10 code [0x000000000a9900e0, 0x000000000a990cb8]
Event: 16.181 Thread 0x00000000191df300 2617       3       jdk.internal.loader.URLClassPath$FileLoader::findResource (18 bytes)
Event: 16.182 Thread 0x00000000191df300 nmethod 2617 0x000000000a991110 code [0x000000000a9912c0, 0x000000000a991538]
Event: 16.238 Thread 0x00000000191df300 2618       3       java.lang.reflect.Method::toShortSignature (78 bytes)
Event: 16.242 Thread 0x00000000191df300 nmethod 2618 0x000000000a991610 code [0x000000000a9918a0, 0x000000000a992258]
Event: 16.242 Thread 0x00000000191df300 2620       3       java.lang.reflect.ProxyGenerator::checkReturnTypes (288 bytes)
Event: 16.251 Thread 0x00000000191df300 nmethod 2620 0x000000000a992610 code [0x000000000a992b00, 0x000000000a995008]
Event: 16.252 Thread 0x00000000191df300 2619       3       java.lang.reflect.ProxyGenerator::addProxyMethod (190 bytes)
Event: 16.260 Thread 0x00000000191df300 nmethod 2619 0x000000000a995c10 code [0x000000000a995f80, 0x000000000a9977a8]
Event: 16.260 Thread 0x00000000191df300 2621       3       java.lang.invoke.DirectMethodHandle::rebind (5 bytes)
Event: 16.261 Thread 0x00000000191df300 nmethod 2621 0x000000000a998010 code [0x000000000a9981a0, 0x000000000a9982c8]
Event: 16.261 Thread 0x00000000191df300 2622       3       java.lang.invoke.BoundMethodHandle::makeReinvoker (27 bytes)
Event: 16.263 Thread 0x00000000191df300 nmethod 2622 0x000000000a998390 code [0x000000000a998540, 0x000000000a998808]

GC Heap History (20 events):
Event: 3.761 GC heap before
{Heap before GC invocations=1 (full 0):
 def new generation   total 7424K, used 7423K [0x00000000e8c00000, 0x00000000e9400000, 0x00000000f0800000)
  eden space 6656K,  99% used [0x00000000e8c00000, 0x00000000e927ffe8, 0x00000000e9280000)
  from space 768K, 100% used [0x00000000e9340000, 0x00000000e9400000, 0x00000000e9400000)
  to   space 768K,   0% used [0x00000000e9280000, 0x00000000e9280000, 0x00000000e9340000)
 tenured generation   total 16384K, used 3214K [0x00000000f0800000, 0x00000000f1800000, 0x0000000100000000)
   the space 16384K,  19% used [0x00000000f0800000, 0x00000000f0b23bb8, 0x00000000f0b23c00, 0x00000000f1800000)
 Metaspace       used 3483K, committed 3648K, reserved 1114112K
  class space    used 356K, committed 448K, reserved 1048576K
}
Event: 3.790 GC heap after
{Heap after GC invocations=2 (full 0):
 def new generation   total 7424K, used 768K [0x00000000e8c00000, 0x00000000e9400000, 0x00000000f0800000)
  eden space 6656K,   0% used [0x00000000e8c00000, 0x00000000e8c00000, 0x00000000e9280000)
  from space 768K, 100% used [0x00000000e9280000, 0x00000000e9340000, 0x00000000e9340000)
  to   space 768K,   0% used [0x00000000e9340000, 0x00000000e9340000, 0x00000000e9400000)
 tenured generation   total 16384K, used 4511K [0x00000000f0800000, 0x00000000f1800000, 0x0000000100000000)
   the space 16384K,  27% used [0x00000000f0800000, 0x00000000f0c67f08, 0x00000000f0c68000, 0x00000000f1800000)
 Metaspace       used 3483K, committed 3648K, reserved 1114112K
  class space    used 356K, committed 448K, reserved 1048576K
}
Event: 5.711 GC heap before
{Heap before GC invocations=2 (full 0):
 def new generation   total 7424K, used 7424K [0x00000000e8c00000, 0x00000000e9400000, 0x00000000f0800000)
  eden space 6656K, 100% used [0x00000000e8c00000, 0x00000000e9280000, 0x00000000e9280000)
  from space 768K, 100% used [0x00000000e9280000, 0x00000000e9340000, 0x00000000e9340000)
  to   space 768K,   0% used [0x00000000e9340000, 0x00000000e9340000, 0x00000000e9400000)
 tenured generation   total 16384K, used 4511K [0x00000000f0800000, 0x00000000f1800000, 0x0000000100000000)
   the space 16384K,  27% used [0x00000000f0800000, 0x00000000f0c67f08, 0x00000000f0c68000, 0x00000000f1800000)
 Metaspace       used 5592K, committed 5760K, reserved 1114112K
  class space    used 634K, committed 704K, reserved 1048576K
}
Event: 5.729 GC heap after
{Heap after GC invocations=3 (full 0):
 def new generation   total 7424K, used 702K [0x00000000e8c00000, 0x00000000e9400000, 0x00000000f0800000)
  eden space 6656K,   0% used [0x00000000e8c00000, 0x00000000e8c00000, 0x00000000e9280000)
  from space 768K,  91% used [0x00000000e9340000, 0x00000000e93efb70, 0x00000000e9400000)
  to   space 768K,   0% used [0x00000000e9280000, 0x00000000e9280000, 0x00000000e9340000)
 tenured generation   total 16384K, used 5271K [0x00000000f0800000, 0x00000000f1800000, 0x0000000100000000)
   the space 16384K,  32% used [0x00000000f0800000, 0x00000000f0d25d00, 0x00000000f0d25e00, 0x00000000f1800000)
 Metaspace       used 5592K, committed 5760K, reserved 1114112K
  class space    used 634K, committed 704K, reserved 1048576K
}
Event: 7.804 GC heap before
{Heap before GC invocations=3 (full 0):
 def new generation   total 7424K, used 7358K [0x00000000e8c00000, 0x00000000e9400000, 0x00000000f0800000)
  eden space 6656K, 100% used [0x00000000e8c00000, 0x00000000e9280000, 0x00000000e9280000)
  from space 768K,  91% used [0x00000000e9340000, 0x00000000e93efb70, 0x00000000e9400000)
  to   space 768K,   0% used [0x00000000e9280000, 0x00000000e9280000, 0x00000000e9340000)
 tenured generation   total 16384K, used 5271K [0x00000000f0800000, 0x00000000f1800000, 0x0000000100000000)
   the space 16384K,  32% used [0x00000000f0800000, 0x00000000f0d25d00, 0x00000000f0d25e00, 0x00000000f1800000)
 Metaspace       used 7363K, committed 7552K, reserved 1114112K
  class space    used 904K, committed 1024K, reserved 1048576K
}
Event: 7.822 GC heap after
{Heap after GC invocations=4 (full 0):
 def new generation   total 7424K, used 638K [0x00000000e8c00000, 0x00000000e9400000, 0x00000000f0800000)
  eden space 6656K,   0% used [0x00000000e8c00000, 0x00000000e8c00000, 0x00000000e9280000)
  from space 768K,  83% used [0x00000000e9280000, 0x00000000e931fa40, 0x00000000e9340000)
  to   space 768K,   0% used [0x00000000e9340000, 0x00000000e9340000, 0x00000000e9400000)
 tenured generation   total 16384K, used 5946K [0x00000000f0800000, 0x00000000f1800000, 0x0000000100000000)
   the space 16384K,  36% used [0x00000000f0800000, 0x00000000f0dcebc0, 0x00000000f0dcec00, 0x00000000f1800000)
 Metaspace       used 7363K, committed 7552K, reserved 1114112K
  class space    used 904K, committed 1024K, reserved 1048576K
}
Event: 8.486 GC heap before
{Heap before GC invocations=4 (full 0):
 def new generation   total 7424K, used 7294K [0x00000000e8c00000, 0x00000000e9400000, 0x00000000f0800000)
  eden space 6656K, 100% used [0x00000000e8c00000, 0x00000000e9280000, 0x00000000e9280000)
  from space 768K,  83% used [0x00000000e9280000, 0x00000000e931fa40, 0x00000000e9340000)
  to   space 768K,   0% used [0x00000000e9340000, 0x00000000e9340000, 0x00000000e9400000)
 tenured generation   total 16384K, used 5946K [0x00000000f0800000, 0x00000000f1800000, 0x0000000100000000)
   the space 16384K,  36% used [0x00000000f0800000, 0x00000000f0dcebc0, 0x00000000f0dcec00, 0x00000000f1800000)
 Metaspace       used 9416K, committed 9664K, reserved 1114112K
  class space    used 1116K, committed 1216K, reserved 1048576K
}
Event: 8.497 GC heap after
{Heap after GC invocations=5 (full 0):
 def new generation   total 7424K, used 219K [0x00000000e8c00000, 0x00000000e9400000, 0x00000000f0800000)
  eden space 6656K,   0% used [0x00000000e8c00000, 0x00000000e8c00000, 0x00000000e9280000)
  from space 768K,  28% used [0x00000000e9340000, 0x00000000e9376c78, 0x00000000e9400000)
  to   space 768K,   0% used [0x00000000e9280000, 0x00000000e9280000, 0x00000000e9340000)
 tenured generation   total 16384K, used 6543K [0x00000000f0800000, 0x00000000f1800000, 0x0000000100000000)
   the space 16384K,  39% used [0x00000000f0800000, 0x00000000f0e63c90, 0x00000000f0e63e00, 0x00000000f1800000)
 Metaspace       used 9416K, committed 9664K, reserved 1114112K
  class space    used 1116K, committed 1216K, reserved 1048576K
}
Event: 9.153 GC heap before
{Heap before GC invocations=5 (full 0):
 def new generation   total 7424K, used 6875K [0x00000000e8c00000, 0x00000000e9400000, 0x00000000f0800000)
  eden space 6656K, 100% used [0x00000000e8c00000, 0x00000000e9280000, 0x00000000e9280000)
  from space 768K,  28% used [0x00000000e9340000, 0x00000000e9376c78, 0x00000000e9400000)
  to   space 768K,   0% used [0x00000000e9280000, 0x00000000e9280000, 0x00000000e9340000)
 tenured generation   total 16384K, used 6543K [0x00000000f0800000, 0x00000000f1800000, 0x0000000100000000)
   the space 16384K,  39% used [0x00000000f0800000, 0x00000000f0e63c90, 0x00000000f0e63e00, 0x00000000f1800000)
 Metaspace       used 11328K, committed 11584K, reserved 1114112K
  class space    used 1329K, committed 1472K, reserved 1048576K
}
Event: 9.161 GC heap after
{Heap after GC invocations=6 (full 0):
 def new generation   total 7424K, used 506K [0x00000000e8c00000, 0x00000000e9400000, 0x00000000f0800000)
  eden space 6656K,   0% used [0x00000000e8c00000, 0x00000000e8c00000, 0x00000000e9280000)
  from space 768K,  65% used [0x00000000e9280000, 0x00000000e92feb40, 0x00000000e9340000)
  to   space 768K,   0% used [0x00000000e9340000, 0x00000000e9340000, 0x00000000e9400000)
 tenured generation   total 16384K, used 6543K [0x00000000f0800000, 0x00000000f1800000, 0x0000000100000000)
   the space 16384K,  39% used [0x00000000f0800000, 0x00000000f0e63c90, 0x00000000f0e63e00, 0x00000000f1800000)
 Metaspace       used 11328K, committed 11584K, reserved 1114112K
  class space    used 1329K, committed 1472K, reserved 1048576K
}
Event: 9.938 GC heap before
{Heap before GC invocations=6 (full 0):
 def new generation   total 7424K, used 7162K [0x00000000e8c00000, 0x00000000e9400000, 0x00000000f0800000)
  eden space 6656K, 100% used [0x00000000e8c00000, 0x00000000e9280000, 0x00000000e9280000)
  from space 768K,  65% used [0x00000000e9280000, 0x00000000e92feb40, 0x00000000e9340000)
  to   space 768K,   0% used [0x00000000e9340000, 0x00000000e9340000, 0x00000000e9400000)
 tenured generation   total 16384K, used 6543K [0x00000000f0800000, 0x00000000f1800000, 0x0000000100000000)
   the space 16384K,  39% used [0x00000000f0800000, 0x00000000f0e63c90, 0x00000000f0e63e00, 0x00000000f1800000)
 Metaspace       used 12913K, committed 13184K, reserved 1114112K
  class space    used 1551K, committed 1664K, reserved 1048576K
}
Event: 9.951 GC heap after
{Heap after GC invocations=7 (full 0):
 def new generation   total 7424K, used 592K [0x00000000e8c00000, 0x00000000e9400000, 0x00000000f0800000)
  eden space 6656K,   0% used [0x00000000e8c00000, 0x00000000e8c00000, 0x00000000e9280000)
  from space 768K,  77% used [0x00000000e9340000, 0x00000000e93d4098, 0x00000000e9400000)
  to   space 768K,   0% used [0x00000000e9280000, 0x00000000e9280000, 0x00000000e9340000)
 tenured generation   total 16384K, used 6745K [0x00000000f0800000, 0x00000000f1800000, 0x0000000100000000)
   the space 16384K,  41% used [0x00000000f0800000, 0x00000000f0e96528, 0x00000000f0e96600, 0x00000000f1800000)
 Metaspace       used 12913K, committed 13184K, reserved 1114112K
  class space    used 1551K, committed 1664K, reserved 1048576K
}
Event: 11.271 GC heap before
{Heap before GC invocations=7 (full 0):
 def new generation   total 7424K, used 7248K [0x00000000e8c00000, 0x00000000e9400000, 0x00000000f0800000)
  eden space 6656K, 100% used [0x00000000e8c00000, 0x00000000e9280000, 0x00000000e9280000)
  from space 768K,  77% used [0x00000000e9340000, 0x00000000e93d4098, 0x00000000e9400000)
  to   space 768K,   0% used [0x00000000e9280000, 0x00000000e9280000, 0x00000000e9340000)
 tenured generation   total 16384K, used 6745K [0x00000000f0800000, 0x00000000f1800000, 0x0000000100000000)
   the space 16384K,  41% used [0x00000000f0800000, 0x00000000f0e96528, 0x00000000f0e96600, 0x00000000f1800000)
 Metaspace       used 14601K, committed 14848K, reserved 1114112K
  class space    used 1758K, committed 1856K, reserved 1048576K
}
Event: 11.287 GC heap after
{Heap after GC invocations=8 (full 0):
 def new generation   total 7424K, used 768K [0x00000000e8c00000, 0x00000000e9400000, 0x00000000f0800000)
  eden space 6656K,   0% used [0x00000000e8c00000, 0x00000000e8c00000, 0x00000000e9280000)
  from space 768K, 100% used [0x00000000e9280000, 0x00000000e9340000, 0x00000000e9340000)
  to   space 768K,   0% used [0x00000000e9340000, 0x00000000e9340000, 0x00000000e9400000)
 tenured generation   total 16384K, used 7217K [0x00000000f0800000, 0x00000000f1800000, 0x0000000100000000)
   the space 16384K,  44% used [0x00000000f0800000, 0x00000000f0f0c4e0, 0x00000000f0f0c600, 0x00000000f1800000)
 Metaspace       used 14601K, committed 14848K, reserved 1114112K
  class space    used 1758K, committed 1856K, reserved 1048576K
}
Event: 12.688 GC heap before
{Heap before GC invocations=8 (full 0):
 def new generation   total 7424K, used 7420K [0x00000000e8c00000, 0x00000000e9400000, 0x00000000f0800000)
  eden space 6656K,  99% used [0x00000000e8c00000, 0x00000000e927f168, 0x00000000e9280000)
  from space 768K, 100% used [0x00000000e9280000, 0x00000000e9340000, 0x00000000e9340000)
  to   space 768K,   0% used [0x00000000e9340000, 0x00000000e9340000, 0x00000000e9400000)
 tenured generation   total 16384K, used 7217K [0x00000000f0800000, 0x00000000f1800000, 0x0000000100000000)
   the space 16384K,  44% used [0x00000000f0800000, 0x00000000f0f0c4e0, 0x00000000f0f0c600, 0x00000000f1800000)
 Metaspace       used 15537K, committed 15744K, reserved 1114112K
  class space    used 1856K, committed 1920K, reserved 1048576K
}
Event: 12.707 GC heap after
{Heap after GC invocations=9 (full 0):
 def new generation   total 7424K, used 767K [0x00000000e8c00000, 0x00000000e9400000, 0x00000000f0800000)
  eden space 6656K,   0% used [0x00000000e8c00000, 0x00000000e8c00000, 0x00000000e9280000)
  from space 768K,  99% used [0x00000000e9340000, 0x00000000e93ffff8, 0x00000000e9400000)
  to   space 768K,   0% used [0x00000000e9280000, 0x00000000e9280000, 0x00000000e9340000)
 tenured generation   total 16384K, used 7997K [0x00000000f0800000, 0x00000000f1800000, 0x0000000100000000)
   the space 16384K,  48% used [0x00000000f0800000, 0x00000000f0fcf420, 0x00000000f0fcf600, 0x00000000f1800000)
 Metaspace       used 15537K, committed 15744K, reserved 1114112K
  class space    used 1856K, committed 1920K, reserved 1048576K
}
Event: 14.116 GC heap before
{Heap before GC invocations=9 (full 0):
 def new generation   total 7424K, used 7423K [0x00000000e8c00000, 0x00000000e9400000, 0x00000000f0800000)
  eden space 6656K, 100% used [0x00000000e8c00000, 0x00000000e9280000, 0x00000000e9280000)
  from space 768K,  99% used [0x00000000e9340000, 0x00000000e93ffff8, 0x00000000e9400000)
  to   space 768K,   0% used [0x00000000e9280000, 0x00000000e9280000, 0x00000000e9340000)
 tenured generation   total 16384K, used 7997K [0x00000000f0800000, 0x00000000f1800000, 0x0000000100000000)
   the space 16384K,  48% used [0x00000000f0800000, 0x00000000f0fcf420, 0x00000000f0fcf600, 0x00000000f1800000)
 Metaspace       used 16179K, committed 16320K, reserved 1114112K
  class space    used 1914K, committed 1984K, reserved 1048576K
}
Event: 14.130 GC heap after
{Heap after GC invocations=10 (full 0):
 def new generation   total 7424K, used 479K [0x00000000e8c00000, 0x00000000e9400000, 0x00000000f0800000)
  eden space 6656K,   0% used [0x00000000e8c00000, 0x00000000e8c00000, 0x00000000e9280000)
  from space 768K,  62% used [0x00000000e9280000, 0x00000000e92f7cf8, 0x00000000e9340000)
  to   space 768K,   0% used [0x00000000e9340000, 0x00000000e9340000, 0x00000000e9400000)
 tenured generation   total 16384K, used 8735K [0x00000000f0800000, 0x00000000f1800000, 0x0000000100000000)
   the space 16384K,  53% used [0x00000000f0800000, 0x00000000f1087d50, 0x00000000f1087e00, 0x00000000f1800000)
 Metaspace       used 16179K, committed 16320K, reserved 1114112K
  class space    used 1914K, committed 1984K, reserved 1048576K
}
Event: 15.514 GC heap before
{Heap before GC invocations=10 (full 0):
 def new generation   total 7424K, used 7135K [0x00000000e8c00000, 0x00000000e9400000, 0x00000000f0800000)
  eden space 6656K, 100% used [0x00000000e8c00000, 0x00000000e9280000, 0x00000000e9280000)
  from space 768K,  62% used [0x00000000e9280000, 0x00000000e92f7cf8, 0x00000000e9340000)
  to   space 768K,   0% used [0x00000000e9340000, 0x00000000e9340000, 0x00000000e9400000)
 tenured generation   total 16384K, used 8735K [0x00000000f0800000, 0x00000000f1800000, 0x0000000100000000)
   the space 16384K,  53% used [0x00000000f0800000, 0x00000000f1087d50, 0x00000000f1087e00, 0x00000000f1800000)
 Metaspace       used 17211K, committed 17408K, reserved 1114112K
  class space    used 2037K, committed 2112K, reserved 1048576K
}
Event: 15.530 GC heap after
{Heap after GC invocations=11 (full 0):
 def new generation   total 7424K, used 489K [0x00000000e8c00000, 0x00000000e9400000, 0x00000000f0800000)
  eden space 6656K,   0% used [0x00000000e8c00000, 0x00000000e8c00000, 0x00000000e9280000)
  from space 768K,  63% used [0x00000000e9340000, 0x00000000e93ba680, 0x00000000e9400000)
  to   space 768K,   0% used [0x00000000e9280000, 0x00000000e9280000, 0x00000000e9340000)
 tenured generation   total 16384K, used 9204K [0x00000000f0800000, 0x00000000f1800000, 0x0000000100000000)
   the space 16384K,  56% used [0x00000000f0800000, 0x00000000f10fd1a0, 0x00000000f10fd200, 0x00000000f1800000)
 Metaspace       used 17211K, committed 17408K, reserved 1114112K
  class space    used 2037K, committed 2112K, reserved 1048576K
}

Deoptimization events (20 events):
Event: 14.377 Thread 0x000000000044b600 Uncommon trap: trap_request=0xffffffde fr.pc=0x000000001198f714 relative=0x0000000000000194
Event: 14.377 Thread 0x000000000044b600 Uncommon trap: reason=class_check action=maybe_recompile pc=0x000000001198f714 method=java.lang.String.equals(Ljava/lang/Object;)Z @ 8 c2
Event: 14.377 Thread 0x000000000044b600 DEOPT PACKING pc=0x000000001198f714 sp=0x00000000021ae5b0
Event: 14.377 Thread 0x000000000044b600 DEOPT UNPACKING pc=0x0000000009f020a3 sp=0x00000000021ae548 mode 2
Event: 14.377 Thread 0x000000000044b600 Uncommon trap: trap_request=0xffffffde fr.pc=0x000000001198f714 relative=0x0000000000000194
Event: 14.377 Thread 0x000000000044b600 Uncommon trap: reason=class_check action=maybe_recompile pc=0x000000001198f714 method=java.lang.String.equals(Ljava/lang/Object;)Z @ 8 c2
Event: 14.377 Thread 0x000000000044b600 DEOPT PACKING pc=0x000000001198f714 sp=0x00000000021ae5b0
Event: 14.377 Thread 0x000000000044b600 DEOPT UNPACKING pc=0x0000000009f020a3 sp=0x00000000021ae548 mode 2
Event: 14.383 Thread 0x000000000044b600 Uncommon trap: trap_request=0xffffffde fr.pc=0x000000001198f714 relative=0x0000000000000194
Event: 14.383 Thread 0x000000000044b600 Uncommon trap: reason=class_check action=maybe_recompile pc=0x000000001198f714 method=java.lang.String.equals(Ljava/lang/Object;)Z @ 8 c2
Event: 14.383 Thread 0x000000000044b600 DEOPT PACKING pc=0x000000001198f714 sp=0x00000000021ae220
Event: 14.383 Thread 0x000000000044b600 DEOPT UNPACKING pc=0x0000000009f020a3 sp=0x00000000021ae1b8 mode 2
Event: 15.191 Thread 0x000000000044b600 Uncommon trap: trap_request=0xffffff45 fr.pc=0x00000000119e5a98 relative=0x00000000000000f8
Event: 15.191 Thread 0x000000000044b600 Uncommon trap: reason=unstable_if action=reinterpret pc=0x00000000119e5a98 method=java.util.Arrays.equals([Ljava/lang/Object;[Ljava/lang/Object;)Z @ 44 c2
Event: 15.192 Thread 0x000000000044b600 DEOPT PACKING pc=0x00000000119e5a98 sp=0x00000000021adbf0
Event: 15.192 Thread 0x000000000044b600 DEOPT UNPACKING pc=0x0000000009f020a3 sp=0x00000000021adb90 mode 2
Event: 15.877 Thread 0x000000000044b600 Uncommon trap: trap_request=0xffffffc6 fr.pc=0x0000000011a2620c relative=0x0000000000000c8c
Event: 15.877 Thread 0x000000000044b600 Uncommon trap: reason=bimorphic_or_optimized_type_check action=maybe_recompile pc=0x0000000011a2620c method=java.util.HashMap.putVal(ILjava/lang/Object;Ljava/lang/Object;ZZ)Ljava/lang/Object; @ 203 c2
Event: 15.878 Thread 0x000000000044b600 DEOPT PACKING pc=0x0000000011a2620c sp=0x00000000021ae640
Event: 15.878 Thread 0x000000000044b600 DEOPT UNPACKING pc=0x0000000009f020a3 sp=0x00000000021ae4b8 mode 2

Classes loaded (20 events):
Event: 10.527 Loading class java/util/regex/Pattern$LazyLoop
Event: 10.528 Loading class java/util/regex/Pattern$Loop
Event: 10.528 Loading class java/util/regex/Pattern$Loop done
Event: 10.528 Loading class java/util/regex/Pattern$LazyLoop done
Event: 10.528 Loading class java/util/regex/Pattern$Prolog
Event: 10.529 Loading class java/util/regex/Pattern$Prolog done
Event: 10.578 Loading class java/lang/AssertionError
Event: 10.578 Loading class java/lang/AssertionError done
Event: 11.302 Loading class javax/naming/ldap/LdapContext
Event: 11.303 Loading class javax/naming/directory/DirContext
Event: 11.304 Loading class javax/naming/directory/DirContext done
Event: 11.304 Loading class javax/naming/ldap/LdapContext done
Event: 11.972 Loading class java/lang/Deprecated
Event: 11.973 Loading class java/lang/Deprecated done
Event: 13.572 Loading class java/nio/charset/CharacterCodingException
Event: 13.573 Loading class java/nio/charset/CharacterCodingException done
Event: 15.815 Loading class java/lang/UnsupportedClassVersionError
Event: 15.816 Loading class java/lang/ClassFormatError
Event: 15.817 Loading class java/lang/ClassFormatError done
Event: 15.817 Loading class java/lang/UnsupportedClassVersionError done

Classes unloaded (0 events):
No events

Classes redefined (0 events):
No events

Internal exceptions (20 events):
Event: 9.925 Thread 0x000000001de047e0 Exception <a 'java/lang/IncompatibleClassChangeError'{0x00000000e925f7f8}: Found class java.lang.Object, but interface was expected> (0x00000000e925f7f8) 
thrown [t:\workspace\open\src\hotspot\share\interpreter\linkResolver.cpp, line 833]
Event: 10.011 Thread 0x000000001de047e0 Exception <a 'java/lang/NoSuchMethodError'{0x00000000e8c8a148}: 'java.lang.Object java.lang.invoke.DirectMethodHandle$Holder.invokeVirtual(java.lang.Object, java.lang.Object, java.lang.Object, java.lang.Object)'> (0x00000000e8c8a148) 
thrown [t:\workspace\open\src\hotspot\share\interpreter\linkResolver.cpp, line 766]
Event: 10.268 Thread 0x000000000044b600 Exception <a 'java/lang/ClassNotFoundException'{0x00000000e8de5ce8}: java/lang/ObjectCustomizer> (0x00000000e8de5ce8) 
thrown [t:\workspace\open\src\hotspot\share\classfile\systemDictionary.cpp, line 255]
Event: 10.285 Thread 0x000000000044b600 Exception <a 'java/lang/IncompatibleClassChangeError'{0x00000000e8deadc8}: Found class java.lang.Object, but interface was expected> (0x00000000e8deadc8) 
thrown [t:\workspace\open\src\hotspot\share\interpreter\linkResolver.cpp, line 833]
Event: 10.314 Thread 0x000000000044b600 Exception <a 'java/lang/ClassNotFoundException'{0x00000000e8e08568}: org/springframework/context/annotation/ConfigurationClassPostProcessorCustomizer> (0x00000000e8e08568) 
thrown [t:\workspace\open\src\hotspot\share\classfile\systemDictionary.cpp, line 255]
Event: 10.342 Thread 0x000000000044b600 Exception <a 'java/lang/ClassNotFoundException'{0x00000000e8e25b00}: org/springframework/beans/factory/support/BeanDefinitionRegistryPostProcessorCustomizer> (0x00000000e8e25b00) 
thrown [t:\workspace\open\src\hotspot\share\classfile\systemDictionary.cpp, line 255]
Event: 10.345 Thread 0x000000000044b600 Exception <a 'java/lang/ClassNotFoundException'{0x00000000e8e29780}: org/springframework/beans/factory/config/BeanFactoryPostProcessorCustomizer> (0x00000000e8e29780) 
thrown [t:\workspace\open\src\hotspot\share\classfile\systemDictionary.cpp, line 255]
Event: 10.348 Thread 0x000000000044b600 Exception <a 'java/lang/ClassNotFoundException'{0x00000000e8e2d548}: org/springframework/core/PriorityOrderedCustomizer> (0x00000000e8e2d548) 
thrown [t:\workspace\open\src\hotspot\share\classfile\systemDictionary.cpp, line 255]
Event: 10.349 Thread 0x000000000044b600 Exception <a 'java/lang/ClassNotFoundException'{0x00000000e8e2fd80}: org/springframework/core/OrderedCustomizer> (0x00000000e8e2fd80) 
thrown [t:\workspace\open\src\hotspot\share\classfile\systemDictionary.cpp, line 255]
Event: 10.352 Thread 0x000000000044b600 Exception <a 'java/lang/ClassNotFoundException'{0x00000000e8e33740}: org/springframework/context/ResourceLoaderAwareCustomizer> (0x00000000e8e33740) 
thrown [t:\workspace\open\src\hotspot\share\classfile\systemDictionary.cpp, line 255]
Event: 10.356 Thread 0x000000000044b600 Exception <a 'java/lang/ClassNotFoundException'{0x00000000e8e372a8}: org/springframework/beans/factory/AwareCustomizer> (0x00000000e8e372a8) 
thrown [t:\workspace\open\src\hotspot\share\classfile\systemDictionary.cpp, line 255]
Event: 10.357 Thread 0x000000000044b600 Exception <a 'java/lang/ClassNotFoundException'{0x00000000e8e39d98}: org/springframework/context/ApplicationStartupAwareCustomizer> (0x00000000e8e39d98) 
thrown [t:\workspace\open\src\hotspot\share\classfile\systemDictionary.cpp, line 255]
Event: 10.359 Thread 0x000000000044b600 Exception <a 'java/lang/ClassNotFoundException'{0x00000000e8e3dde0}: org/springframework/beans/factory/AwareCustomizer> (0x00000000e8e3dde0) 
thrown [t:\workspace\open\src\hotspot\share\classfile\systemDictionary.cpp, line 255]
Event: 10.361 Thread 0x000000000044b600 Exception <a 'java/lang/ClassNotFoundException'{0x00000000e8e408d8}: org/springframework/beans/factory/BeanClassLoaderAwareCustomizer> (0x00000000e8e408d8) 
thrown [t:\workspace\open\src\hotspot\share\classfile\systemDictionary.cpp, line 255]
Event: 10.363 Thread 0x000000000044b600 Exception <a 'java/lang/ClassNotFoundException'{0x00000000e8e44428}: org/springframework/beans/factory/AwareCustomizer> (0x00000000e8e44428) 
thrown [t:\workspace\open\src\hotspot\share\classfile\systemDictionary.cpp, line 255]
Event: 10.364 Thread 0x000000000044b600 Exception <a 'java/lang/ClassNotFoundException'{0x00000000e8e46d10}: org/springframework/context/EnvironmentAwareCustomizer> (0x00000000e8e46d10) 
thrown [t:\workspace\open\src\hotspot\share\classfile\systemDictionary.cpp, line 255]
Event: 10.368 Thread 0x000000000044b600 Exception <a 'java/lang/ClassNotFoundException'{0x00000000e8e4a7f8}: org/springframework/beans/factory/AwareCustomizer> (0x00000000e8e4a7f8) 
thrown [t:\workspace\open\src\hotspot\share\classfile\systemDictionary.cpp, line 255]
Event: 10.503 Thread 0x000000000044b600 Exception <a 'java/lang/NoSuchMethodError'{0x00000000e8f34078}: 'java.lang.Object java.lang.invoke.DirectMethodHandle$Holder.invokeVirtual(java.lang.Object, java.lang.Object, java.lang.Object)'> (0x00000000e8f34078) 
thrown [t:\workspace\open\src\hotspot\share\interpreter\linkResolver.cpp, line 766]
Event: 11.655 Thread 0x000000000044b600 Exception <a 'java/lang/IncompatibleClassChangeError'{0x00000000e8e998a0}: Found class java.lang.Object, but interface was expected> (0x00000000e8e998a0) 
thrown [t:\workspace\open\src\hotspot\share\interpreter\linkResolver.cpp, line 833]
Event: 12.078 Thread 0x000000000044b600 Exception <a 'java/lang/NoSuchMethodError'{0x00000000e8ff1fc8}: 'void java.lang.invoke.DirectMethodHandle$Holder.invokeInterface(java.lang.Object, java.lang.Object, java.lang.Object, java.lang.Object)'> (0x00000000e8ff1fc8) 
thrown [t:\workspace\open\src\hotspot\share\interpreter\linkResolver.cpp, line 766]

VM Operations (20 events):
Event: 9.152 Executing VM operation: GenCollectForAllocation
Event: 9.163 Executing VM operation: GenCollectForAllocation done
Event: 9.938 Executing VM operation: GenCollectForAllocation
Event: 9.951 Executing VM operation: GenCollectForAllocation done
Event: 10.074 Executing VM operation: HandshakeAllThreads
Event: 10.074 Executing VM operation: HandshakeAllThreads done
Event: 10.450 Executing VM operation: HandshakeAllThreads
Event: 10.450 Executing VM operation: HandshakeAllThreads done
Event: 11.271 Executing VM operation: GenCollectForAllocation
Event: 11.288 Executing VM operation: GenCollectForAllocation done
Event: 12.688 Executing VM operation: GenCollectForAllocation
Event: 12.707 Executing VM operation: GenCollectForAllocation done
Event: 14.116 Executing VM operation: GenCollectForAllocation
Event: 14.131 Executing VM operation: GenCollectForAllocation done
Event: 14.432 Executing VM operation: HandshakeAllThreads
Event: 14.432 Executing VM operation: HandshakeAllThreads done
Event: 15.432 Executing VM operation: Cleanup
Event: 15.468 Executing VM operation: Cleanup done
Event: 15.514 Executing VM operation: GenCollectForAllocation
Event: 15.530 Executing VM operation: GenCollectForAllocation done

Events (20 events):
Event: 0.219 Thread 0x00000000191cfcb0 Thread added: 0x00000000191cfcb0
Event: 0.220 Thread 0x00000000191d16c0 Thread added: 0x00000000191d16c0
Event: 0.220 Thread 0x00000000191d6420 Thread added: 0x00000000191d6420
Event: 0.221 Thread 0x00000000191dad70 Thread added: 0x00000000191dad70
Event: 0.223 Thread 0x000000001dd28a50 Thread added: 0x000000001dd28a50
Event: 0.224 Thread 0x00000000191df300 Thread added: 0x00000000191df300
Event: 0.227 Thread 0x000000001dd3bb30 Thread added: 0x000000001dd3bb30
Event: 0.508 Thread 0x000000001de50ed0 Thread added: 0x000000001de50ed0
Event: 0.538 Thread 0x000000001de5a9d0 Thread added: 0x000000001de5a9d0
Event: 0.594 Loaded shared library C:\Program Files\Java\jdk-18\bin\net.dll
Event: 0.609 Loaded shared library C:\Program Files\Java\jdk-18\bin\nio.dll
Event: 0.628 Loaded shared library C:\Program Files\Java\jdk-18\bin\zip.dll
Event: 1.138 Loaded shared library C:\Program Files\Java\jdk-18\bin\verify.dll
Event: 1.173 Loaded shared library C:\Program Files\Java\jdk-18\bin\jimage.dll
Event: 6.931 Loaded shared library C:\Program Files\Java\jdk-18\bin\management.dll
Event: 6.957 Loaded shared library C:\Program Files\Java\jdk-18\bin\management_ext.dll
Event: 7.665 Thread 0x000000001de047e0 Thread added: 0x000000001de047e0
Event: 10.047 Thread 0x000000001de047e0 Thread exited: 0x000000001de047e0
Event: 11.154 Thread 0x000000001ed22f00 Thread added: 0x000000001ed22f00
Event: 11.375 Thread 0x000000001ed22f00 Thread exited: 0x000000001ed22f00


Dynamic libraries:
0x000000013f080000 - 0x000000013f090000 	C:\Program Files\Java\jdk-18\bin\java.exe
0x0000000077590000 - 0x000000007773a000 	C:\Windows\SYSTEM32\ntdll.dll
0x000007fef3480000 - 0x000007fef3497000 	C:\Program Files\Avast Software\Avast\aswhook.dll
0x0000000077370000 - 0x000000007748f000 	C:\Windows\system32\kernel32.dll
0x000007fefd570000 - 0x000007fefd5da000 	C:\Windows\system32\KERNELBASE.dll
0x000007fee0010000 - 0x000007fee0028000 	C:\Program Files\Java\jdk-18\bin\jli.dll
0x000007fefd750000 - 0x000007fefd82b000 	C:\Windows\system32\ADVAPI32.dll
0x000007fefea50000 - 0x000007fefeaef000 	C:\Windows\system32\msvcrt.dll
0x000007fefe5c0000 - 0x000007fefe5df000 	C:\Windows\SYSTEM32\sechost.dll
0x000007feff130000 - 0x000007feff25d000 	C:\Windows\system32\RPCRT4.dll
0x000007fefbe70000 - 0x000007fefc064000 	C:\Windows\WinSxS\amd64_microsoft.windows.common-controls_6595b64144ccf1df_6.0.7601.18837_none_fa3b1e3d17594757\COMCTL32.dll
0x000007fefd6e0000 - 0x000007fefd747000 	C:\Windows\system32\GDI32.dll
0x0000000077490000 - 0x000000007758a000 	C:\Windows\system32\USER32.dll
0x000007fefeb90000 - 0x000007fefeb9e000 	C:\Windows\system32\LPK.dll
0x000007feff260000 - 0x000007feff32a000 	C:\Windows\system32\USP10.dll
0x000007fefe7f0000 - 0x000007fefe861000 	C:\Windows\system32\SHLWAPI.dll
0x000007fefc3b0000 - 0x000007fefc3bc000 	C:\Windows\system32\VERSION.dll
0x000007fef5fc0000 - 0x000007fef5fda000 	C:\Program Files\Java\jdk-18\bin\VCRUNTIME140.dll
0x000007fef5ff0000 - 0x000007fef5ff4000 	C:\Program Files\Java\jdk-18\bin\api-ms-win-crt-runtime-l1-1-0.dll
0x000007fed2770000 - 0x000007fed286a000 	C:\Program Files\Java\jdk-18\bin\ucrtbase.DLL
0x000007fef3150000 - 0x000007fef3153000 	C:\Program Files\Java\jdk-18\bin\api-ms-win-core-localization-l1-2-0.dll
0x000007fef2db0000 - 0x000007fef2db3000 	C:\Program Files\Java\jdk-18\bin\api-ms-win-core-processthreads-l1-1-1.dll
0x000007feef6e0000 - 0x000007feef6e3000 	C:\Program Files\Java\jdk-18\bin\api-ms-win-core-file-l1-2-0.dll
0x000007feef5f0000 - 0x000007feef5f3000 	C:\Program Files\Java\jdk-18\bin\api-ms-win-core-timezone-l1-1-0.dll
0x000007feee2e0000 - 0x000007feee2e3000 	C:\Program Files\Java\jdk-18\bin\api-ms-win-core-file-l2-1-0.dll
0x000007fee0900000 - 0x000007fee0903000 	C:\Program Files\Java\jdk-18\bin\api-ms-win-core-synch-l1-2-0.dll
0x000007fef5fe0000 - 0x000007fef5fe3000 	C:\Program Files\Java\jdk-18\bin\api-ms-win-crt-heap-l1-1-0.dll
0x000007fef5fa0000 - 0x000007fef5fa4000 	C:\Program Files\Java\jdk-18\bin\api-ms-win-crt-string-l1-1-0.dll
0x000007fef5fb0000 - 0x000007fef5fb4000 	C:\Program Files\Java\jdk-18\bin\api-ms-win-crt-stdio-l1-1-0.dll
0x000007fef2f80000 - 0x000007fef2f84000 	C:\Program Files\Java\jdk-18\bin\api-ms-win-crt-convert-l1-1-0.dll
0x000007fef2520000 - 0x000007fef2523000 	C:\Program Files\Java\jdk-18\bin\api-ms-win-crt-environment-l1-1-0.dll
0x000007fef2530000 - 0x000007fef2533000 	C:\Program Files\Java\jdk-18\bin\api-ms-win-crt-filesystem-l1-1-0.dll
0x000007fef2a00000 - 0x000007fef2a05000 	C:\Program Files\Java\jdk-18\bin\api-ms-win-crt-math-l1-1-0.dll
0x000007feefa30000 - 0x000007feefa33000 	C:\Program Files\Java\jdk-18\bin\api-ms-win-crt-locale-l1-1-0.dll
0x000007feff580000 - 0x000007feff5ae000 	C:\Windows\system32\IMM32.DLL
0x000007feff460000 - 0x000007feff569000 	C:\Windows\system32\MSCTF.dll
0x000007fef4f10000 - 0x000007fef4f1c000 	C:\Program Files\Java\jdk-18\bin\vcruntime140_1.dll
0x000007fee0b00000 - 0x000007fee0b8d000 	C:\Program Files\Java\jdk-18\bin\msvcp140.dll
0x000007fef1d50000 - 0x000007fef1d53000 	C:\Program Files\Java\jdk-18\bin\api-ms-win-crt-time-l1-1-0.dll
0x000007fef2c10000 - 0x000007fef2c13000 	C:\Program Files\Java\jdk-18\bin\api-ms-win-crt-utility-l1-1-0.dll
0x000007fed1630000 - 0x000007fed2241000 	C:\Program Files\Java\jdk-18\bin\server\jvm.dll
0x000007fef97a0000 - 0x000007fef97a9000 	C:\Windows\system32\WSOCK32.dll
0x000007feff330000 - 0x000007feff37d000 	C:\Windows\system32\WS2_32.dll
0x000007feff570000 - 0x000007feff578000 	C:\Windows\system32\NSI.dll
0x000007fefae90000 - 0x000007fefaecb000 	C:\Windows\system32\WINMM.dll
0x0000000077760000 - 0x0000000077767000 	C:\Windows\system32\PSAPI.DLL
0x000007fef1f70000 - 0x000007fef1f7a000 	C:\Program Files\Java\jdk-18\bin\jimage.dll
0x000007fefa8b0000 - 0x000007fefa9d5000 	C:\Windows\system32\DBGHELP.DLL
0x000007fee0c90000 - 0x000007fee0cb5000 	C:\Program Files\Java\jdk-18\bin\java.dll
0x000007fee0bb0000 - 0x000007fee0c86000 	C:\Program Files\Java\jdk-18\bin\jsvml.dll
0x000007fefd830000 - 0x000007fefe5b9000 	C:\Windows\system32\SHELL32.dll
0x000007fefe5e0000 - 0x000007fefe7e3000 	C:\Windows\system32\ole32.dll
0x000007fefd2c0000 - 0x000007fefd2cf000 	C:\Windows\system32\profapi.dll
0x000007feee280000 - 0x000007feee293000 	C:\Program Files\Java\jdk-18\bin\net.dll
0x000007fef7970000 - 0x000007fef79e1000 	C:\Windows\system32\WINHTTP.dll
0x000007fef7900000 - 0x000007fef7965000 	C:\Windows\system32\webio.dll
0x000007fefca60000 - 0x000007fefcab5000 	C:\Windows\system32\mswsock.dll
0x000007fefca50000 - 0x000007fefca57000 	C:\Windows\System32\wship6.dll
0x000007feebe20000 - 0x000007feebe36000 	C:\Program Files\Java\jdk-18\bin\nio.dll
0x000007fee0b90000 - 0x000007fee0ba8000 	C:\Program Files\Java\jdk-18\bin\zip.dll
0x000007fef1d40000 - 0x000007fef1d50000 	C:\Program Files\Java\jdk-18\bin\verify.dll
0x000007feef530000 - 0x000007feef539000 	C:\Program Files\Java\jdk-18\bin\management.dll
0x000007feed3c0000 - 0x000007feed3cb000 	C:\Program Files\Java\jdk-18\bin\management_ext.dll
0x000007fefa1d0000 - 0x000007fefa1e5000 	C:\Windows\system32\NLAapi.dll
0x000007fef3aa0000 - 0x000007fef3ab5000 	C:\Windows\system32\napinsp.dll
0x000007fef3a80000 - 0x000007fef3a99000 	C:\Windows\system32\pnrpnsp.dll
0x000007fefc8e0000 - 0x000007fefc93b000 	C:\Windows\system32\DNSAPI.dll
0x000007fef3a70000 - 0x000007fef3a7b000 	C:\Windows\System32\winrnr.dll
0x000007fef3a60000 - 0x000007fef3a70000 	C:\Windows\system32\wshbth.dll
0x000007fefc480000 - 0x000007fefc487000 	C:\Windows\System32\wshtcpip.dll
0x000007fefa040000 - 0x000007fefa067000 	C:\Windows\system32\IPHLPAPI.DLL
0x000007fefa030000 - 0x000007fefa03b000 	C:\Windows\system32\WINNSI.DLL
0x000007fef3380000 - 0x000007fef3388000 	C:\Windows\system32\rasadhlp.dll
0x000007fef9da0000 - 0x000007fef9df3000 	C:\Windows\System32\fwpuclnt.dll

dbghelp: loaded successfully - version: 4.0.5 - missing functions: none
symbol engine: initialized successfully - sym options: 0x614 - pdb path: .;C:\Program Files\Java\jdk-18\bin;C:\Windows\SYSTEM32;C:\Program Files\Avast Software\Avast;C:\Windows\WinSxS\amd64_microsoft.windows.common-controls_6595b64144ccf1df_6.0.7601.18837_none_fa3b1e3d17594757;C:\Program Files\Java\jdk-18\bin\server

VM Arguments:
java_command: com.example.demo.DemoApplication
java_class_path (initial): C:\Users\LENOVO\Documents\demo1\target\classes;C:\Users\LENOVO\.m2\repository\org\springframework\boot\spring-boot-starter-web\2.7.1\spring-boot-starter-web-2.7.1.jar;C:\Users\LENOVO\.m2\repository\org\springframework\boot\spring-boot-starter\2.7.1\spring-boot-starter-2.7.1.jar;C:\Users\LENOVO\.m2\repository\org\springframework\boot\spring-boot\2.7.1\spring-boot-2.7.1.jar;C:\Users\LENOVO\.m2\repository\org\springframework\boot\spring-boot-autoconfigure\2.7.1\spring-boot-autoconfigure-2.7.1.jar;C:\Users\LENOVO\.m2\repository\org\springframework\boot\spring-boot-starter-logging\2.7.1\spring-boot-starter-logging-2.7.1.jar;C:\Users\LENOVO\.m2\repository\ch\qos\logback\logback-classic\1.2.11\logback-classic-1.2.11.jar;C:\Users\LENOVO\.m2\repository\ch\qos\logback\logback-core\1.2.11\logback-core-1.2.11.jar;C:\Users\LENOVO\.m2\repository\org\apache\logging\log4j\log4j-to-slf4j\2.17.2\log4j-to-slf4j-2.17.2.jar;C:\Users\LENOVO\.m2\repository\org\apache\logging\log4j\log4j-api\2.17.2\log4j-api-2.17.2.jar;C:\Users\LENOVO\.m2\repository\org\slf4j\jul-to-slf4j\1.7.36\jul-to-slf4j-1.7.36.jar;C:\Users\LENOVO\.m2\repository\jakarta\annotation\jakarta.annotation-api\1.3.5\jakarta.annotation-api-1.3.5.jar;C:\Users\LENOVO\.m2\repository\org\yaml\snakeyaml\1.30\snakeyaml-1.30.jar;C:\Users\LENOVO\.m2\repository\org\springframework\boot\spring-boot-starter-json\2.7.1\spring-boot-starter-json-2.7.1.jar;C:\Users\LENOVO\.m2\repository\com\fasterxml\jackson\core\jackson-databind\2.13.3\jackson-databind-2.13.3.jar;C:\Users\LENOVO\.m2\repository\com\fasterxml\jackson\core\jackson-annotations\2.13.3\jackson-annotations-2.13.3.jar;C:\Users\LENOVO\.m2\repository\com\fasterxml\jackson\core\jackson-core\2.13.3\jackson-core-2.13.3.jar;C:\Users\LENOVO\.m2\repository\com\fasterxml\jackson\datatype\jackson-datatype-jdk8\2.13.3\jackson-datatype-jdk8-2.13.3.jar;C:\Users\LENOVO\.m2\repository\com\fasterxml\jackson\datatype\jackson-datatype-jsr310\2.13.3\jackson-datatype-jsr310-2.13.3.jar;C:\Users\LENOVO\.m2\repository\com\fasterxml\jackson\module\jackson-module-parameter-names\2.13.3\jackson-module-parameter-names-2.13.3.jar;C:\Users\LENOVO\.m2\repository\org\springframework\boot\spring-boot-starter-tomcat\2.7.1\spring-boot-starter-tomcat-2.7.1.jar;C:\Users\LENOVO\.m2\repository\org\apache\tomcat\embed\tomcat-embed-core\9.0.64\tomcat-embed-core-9.0.64.jar;C:\Users\LENOVO\.m2\repository\org\apache\tomcat\embed\tomcat-embed-el\9.0.64\tomcat-embed-el-9.0.64.jar;C:\Users\LENOVO\.m2\repository\org\apache\tomcat\embed\tomcat-embed-websocket\9.0.64\tomcat-embed-websocket-9.0.64.jar;C:\Users\LENOVO\.m2\repository\org\springframework\spring-web\5.3.21\spring-web-5.3.21.jar;C:\Users\LENOVO\.m2\repository\org\springframework\spring-beans\5.3.21\spring-beans-5.3.21.jar;C:\Users\LENOVO\.m2\repository\org\springframework\spring-webmvc\5.3.21\spring-webmvc-5.3.21.jar;C:\Users\LENOVO\.m2\repository\org\springframework\spring-aop\5.3.21\spring-aop-5.3.21.jar;C:\Users\LENOVO\.m2\repository\org\springframework\spring-context\5.3.21\spring-context-5.3.21.jar;C:\Users\LENOVO\.m2\repository\org\springframework\spring-expression\5.3.21\spring-expression-5.3.21.jar;C:\Users\LENOVO\.m2\repository\org\slf4j\slf4j-api\1.7.36\slf4j-api-1.7.36.jar;C:\Users\LENOVO\.m2\repository\jakarta\xml\bind\jakarta.xml.bind-api\2.3.3\jakarta.xml.bind-api-2.3.3.jar;C:\Users\LENOVO\.m2\repository\jakarta\activation\jakarta.activation-api\1.2.2\jakarta.activation-api-1.2.2.jar;C:\Users\LENOVO\.m2\repository\net\bytebuddy\byte-buddy\1.12.11\byte-buddy-1.12.11.jar;C:\Users\LENOVO\.m2\repository\org\springframework\spring-core\5.3.21\spring-core-5.3.21.jar;C:\Users\LENOVO\.m2\repository\org\springframework\spring-jcl\5.3.21\spring-jcl-5.3.21.jar;C:\Users\LENOVO\.m2\repository\mysql\mysql-connector-java\8.0.29\mysql-connector-java-8.0.29.jar;C:\Users\LENOVO\.m2\repository\org\springframework\boot\spring-boot-starter-data-jpa\2.7.1\spring-boot-starter-data-jpa-2.7.1.jar;C:\Users\LENOVO\.m2\repository\org\springframework\boot\spring-boot-starter-aop\2.7.1\spring-boot-starter-aop-2.7.1.jar;C:\Users\LENOVO\.m2\repository\org\aspectj\aspectjweaver\1.9.7\aspectjweaver-1.9.7.jar;C:\Users\LENOVO\.m2\repository\jakarta\transaction\jakarta.transaction-api\1.3.3\jakarta.transaction-api-1.3.3.jar;C:\Users\LENOVO\.m2\repository\jakarta\persistence\jakarta.persistence-api\2.2.3\jakarta.persistence-api-2.2.3.jar;C:\Users\LENOVO\.m2\repository\org\hibernate\hibernate-core\5.6.9.Final\hibernate-core-5.6.9.Final.jar;C:\Users\LENOVO\.m2\repository\org\jboss\logging\jboss-logging\3.4.3.Final\jboss-logging-3.4.3.Final.jar;C:\Users\LENOVO\.m2\repository\antlr\antlr\2.7.7\antlr-2.7.7.jar;C:\Users\LENOVO\.m2\repository\org\jboss\jandex\2.4.2.Final\jandex-2.4.2.Final.jar;C:\Users\LENOVO\.m2\repository\com\fasterxml\classmate\1.5.1\classmate-1.5.1.jar;C:\Users\LENOVO\.m2\repository\org\hibernate\common\hibernate-commons-annotations\5.1.2.Final\hibernate-commons-annotations-5.1.2.Final.jar;C:\Users\LENOVO\.m2\repository\org\glassfish\jaxb\jaxb-runtime\2.3.6\jaxb-runtime-2.3.6.jar;C:\Users\LENOVO\.m2\repository\org\glassfish\jaxb\txw2\2.3.6\txw2-2.3.6.jar;C:\Users\LENOVO\.m2\repository\com\sun\istack\istack-commons-runtime\3.0.12\istack-commons-runtime-3.0.12.jar;C:\Users\LENOVO\.m2\repository\com\sun\activation\jakarta.activation\1.2.2\jakarta.activation-1.2.2.jar;C:\Users\LENOVO\.m2\repository\org\springframework\data\spring-data-jpa\2.7.1\spring-data-jpa-2.7.1.jar;C:\Users\LENOVO\.m2\repository\org\springframework\data\spring-data-commons\2.7.1\spring-data-commons-2.7.1.jar;C:\Users\LENOVO\.m2\repository\org\springframework\spring-orm\5.3.21\spring-orm-5.3.21.jar;C:\Users\LENOVO\.m2\repository\org\springframework\spring-tx\5.3.21\spring-tx-5.3.21.jar;C:\Users\LENOVO\.m2\repository\org\springframework\spring-aspects\5.3.21\spring-aspects-5.3.21.jar;C:\Users\LENOVO\.m2\repository\org\springframework\boot\spring-boot-starter-jdbc\2.7.1\spring-boot-starter-jdbc-2.7.1.jar;C:\Users\LENOVO\.m2\repository\com\zaxxer\HikariCP\4.0.3\HikariCP-4.0.3.jar;C:\Users\LENOVO\.m2\repository\org\springframework\spring-jdbc\5.3.21\spring-jdbc-5.3.21.jar
Launcher Type: SUN_STANDARD

[Global flags]
     intx CICompilerCount                          = 2                                         {product} {ergonomic}
   size_t InitialHeapSize                          = 25165824                                  {product} {ergonomic}
   size_t MaxHeapSize                              = 390070272                                 {product} {ergonomic}
   size_t MaxNewSize                               = 130023424                                 {product} {ergonomic}
   size_t MinHeapDeltaBytes                        = 196608                                    {product} {ergonomic}
   size_t MinHeapSize                              = 8388608                                   {product} {ergonomic}
   size_t NewSize                                  = 8388608                                   {product} {ergonomic}
    uintx NonNMethodCodeHeapSize                   = 5826188                                {pd product} {ergonomic}
    uintx NonProfiledCodeHeapSize                  = 122916026                              {pd product} {ergonomic}
   size_t OldSize                                  = 16777216                                  {product} {ergonomic}
    uintx ProfiledCodeHeapSize                     = 122916026                              {pd product} {ergonomic}
    uintx ReservedCodeCacheSize                    = 251658240                              {pd product} {ergonomic}
     bool SegmentedCodeCache                       = true                                      {product} {ergonomic}
   size_t SoftMaxHeapSize                          = 390070272                              {manageable} {ergonomic}
     bool UseCompressedClassPointers               = true                           {product lp64_product} {ergonomic}
     bool UseCompressedOops                        = true                           {product lp64_product} {ergonomic}
     bool UseLargePagesIndividualAllocation        = false                                  {pd product} {ergonomic}
     bool UseSerialGC                              = true                                      {product} {ergonomic}

Logging:
Log output configuration:
 #0: stdout all=warning uptime,level,tags foldmultilines=false
 #1: stderr all=off uptime,level,tags foldmultilines=false

Environment Variables:
JAVA_HOME=C:\Program Files\Java\jdk-18
PATH=C:\Program Files\Common Files\Oracle\Java\javapath;C:\Windows\system32;C:\Windows;C:\Windows\System32\Wbem;C:\Windows\System32\WindowsPowerShell\v1.0\;C:\Program Files (x86)\ATI Technologies\ATI.ACE\Core-Static;C:\Program Files\IBM\SPSS\Statistics\23\JRE\bin;C:\Program Files\Git\cmd;C:\Program Files\nodejs\;C:\Program Files\MySQL\MySQL Server 8.0\bin;C:\Program Files (x86)\nodejs\;C:\Program Files\apache-maven-3.8.6\bin;C:\Users\LENOVO\AppData\Local\Programs\Python\Python38-32\Scripts\;C:\Users\LENOVO\AppData\Local\Programs\Python\Python38-32\;C:\Users\LENOVO\AppData\Local\Programs\Microsoft VS Code\bin;C:\Users\LENOVO\AppData\Roaming\npm;C:\Program Files\apache-maven-3.8.6\bin
USERNAME=LENOVO
OS=Windows_NT
PROCESSOR_IDENTIFIER=AMD64 Family 22 Model 0 Stepping 1, AuthenticAMD



---------------  S Y S T E M  ---------------

OS:
 Windows 7 , 64 bit Build 7601 (6.1.7601.23572)
OS uptime: 0 days 8:36 hours

CPU: total 2 (initial active 2) (2 cores per cpu, 1 threads per core) family 22 model 0 stepping 1 microcode 0x0, cx8, cmov, fxsr, mmx, 3dnowpref, sse, sse2, sse3, ssse3, sse4a, sse4.1, sse4.2, popcnt, lzcnt, tsc, tscinvbit, avx, aes, clmul, bmi1, vzeroupper, clflush

Memory: 4k page, system-wide physical 1485M (100M free)
TotalPageFile size 5941M (AvailPageFile size 4M)
current process WorkingSet (physical memory assigned to process): 91M, peak: 91M
current process commit charge ("private bytes"): 96M, peak: 97M

vm_info: Java HotSpot(TM) 64-Bit Server VM (18+36-2087) for windows-amd64 JRE (18+36-2087), built on Feb 15 2022 09:43:11 by "mach5one" with MS VC++ 16.8 / 16.9 (VS2019)

END.
