#
# There is insufficient memory for the Java Runtime Environment to continue.
# Native memory allocation (mmap) failed to map 65536 bytes for Failed to commit metaspace.
# Possible reasons:
#   The system is out of physical RAM or swap space
#   The process is running with CompressedOops enabled, and the Java Heap may be blocking the growth of the native heap
# Possible solutions:
#   Reduce memory load on the system
#   Increase physical memory or swap space
#   Check if swap backing store is full
#   Decrease Java heap size (-Xmx/-Xms)
#   Decrease number of Java threads
#   Decrease Java thread stack sizes (-Xss)
#   Set larger code cache with -XX:ReservedCodeCacheSize=
#   JVM is running with Unscaled Compressed Oops mode in which the Java heap is
#     placed in the first 4GB address space. The Java Heap base address is the
#     maximum limit for the native heap growth. Please use -XX:HeapBaseMinAddress
#     to set the Java Heap base and to place the Java Heap above 4GB virtual address.
# This output file may be truncated or incomplete.
#
#  Out of Memory Error (virtualSpaceNode.cpp:110), pid=8312, tid=7680
#
# JRE version: OpenJDK Runtime Environment Temurin-17.0.3+7 (17.0.3+7) (build 17.0.3+7)
# Java VM: OpenJDK 64-Bit Server VM Temurin-17.0.3+7 (17.0.3+7, mixed mode, tiered, compressed oops, compressed class ptrs, parallel gc, windows-amd64)
# No core dump will be written. Minidumps are not enabled by default on client versions of Windows
#

---------------  S U M M A R Y ------------

Command Line: --add-modules=ALL-SYSTEM --add-opens=java.base/java.util=ALL-UNNAMED --add-opens=java.base/java.lang=ALL-UNNAMED --add-opens=java.base/sun.nio.fs=ALL-UNNAMED -Declipse.application=org.eclipse.jdt.ls.core.id1 -Dosgi.bundles.defaultStartLevel=4 -Declipse.product=org.eclipse.jdt.ls.core.product -Djava.import.generatesMetadataFilesAtProjectRoot=false -Dfile.encoding=utf8 -DwatchParentProcess=false -XX:+UseParallelGC -XX:GCTimeRatio=4 -XX:AdaptiveSizePolicyWeight=90 -Dsun.zip.disableMemoryMapping=true -Xmx1G -Xms100m c:\Users\LENOVO\.vscode\extensions\redhat.java-1.8.0-win32-x64\server\plugins\org.eclipse.equinox.launcher_1.6.400.v20210924-0641.jar -configuration c:\Users\LENOVO\AppData\Roaming\Code\User\globalStorage\redhat.java\1.8.0\config_ss_win -data c:\Users\LENOVO\AppData\Roaming\Code\User\workspaceStorage\123212859bc6ca5fc8f745e4ec924077\redhat.java\ss_ws

Host: AMD E1-2100 APU with Radeon(TM) HD Graphics    , 2 cores, 1G,  Windows 7 , 64 bit Build 7601 (6.1.7601.23572)
Time: Fri Jul  8 13:06:58 2022 SE Asia Standard Time elapsed time: 26.616410 seconds (0d 0h 0m 26s)

---------------  T H R E A D  ---------------

Current thread (0x0000000019d340f0):  JavaThread "Start Level: Equinox Container: eac36358-010a-4ebd-ab8e-6f07ac793d8c" daemon [_thread_in_vm, id=7680, stack(0x000000001a2e0000,0x000000001a3e0000)]

Stack: [0x000000001a2e0000,0x000000001a3e0000]
Native frames: (J=compiled Java code, j=interpreted, Vv=VM code, C=native code)
V  [jvm.dll+0x675efa]
V  [jvm.dll+0x830a24]
V  [jvm.dll+0x8321ce]
V  [jvm.dll+0x832833]
V  [jvm.dll+0x2454b5]
V  [jvm.dll+0x82c9cb]
V  [jvm.dll+0x61ab26]
V  [jvm.dll+0x1c046e]
V  [jvm.dll+0x61d471]
V  [jvm.dll+0x61b4c6]
V  [jvm.dll+0x239a1f]
V  [jvm.dll+0x6252d5]
V  [jvm.dll+0x1ea19b]
V  [jvm.dll+0x1ea6d5]
V  [jvm.dll+0x1eb10f]
V  [jvm.dll+0x1e05b1]
V  [jvm.dll+0x53bb80]
V  [jvm.dll+0x7aba28]
V  [jvm.dll+0x7abb14]
V  [jvm.dll+0x40c7c5]
V  [jvm.dll+0x4129b8]
C  [java.dll+0x17ec]

Java frames: (J=compiled Java code, j=interpreted, Vv=VM code)
J 1025  java.lang.ClassLoader.defineClass1(Ljava/lang/ClassLoader;Ljava/lang/String;[BIILjava/security/ProtectionDomain;Ljava/lang/String;)Ljava/lang/Class; java.base@17.0.3 (0 bytes) @ 0x000000000cd81adb [0x000000000cd81a20+0x00000000000000bb]
J 1411 c1 java.lang.ClassLoader.defineClass(Ljava/lang/String;[BIILjava/security/ProtectionDomain;)Ljava/lang/Class; java.base@17.0.3 (43 bytes) @ 0x0000000005a88c54 [0x0000000005a88900+0x0000000000000354]
J 1726 c1 org.eclipse.osgi.internal.loader.ModuleClassLoader.defineClass(Ljava/lang/String;[BLorg/eclipse/osgi/internal/loader/classpath/ClasspathEntry;)Lorg/eclipse/osgi/internal/loader/ModuleClassLoader$DefineClassResult; (138 bytes) @ 0x0000000005b3e09c [0x0000000005b3de40+0x000000000000025c]
J 1511 c1 org.eclipse.osgi.internal.loader.classpath.ClasspathManager.defineClass(Ljava/lang/String;[BLorg/eclipse/osgi/internal/loader/classpath/ClasspathEntry;Lorg/eclipse/osgi/storage/bundlefile/BundleEntry;Ljava/util/List;)Ljava/lang/Class; (636 bytes) @ 0x0000000005abc5c4 [0x0000000005ababe0+0x00000000000019e4]
J 1704 c1 org.eclipse.osgi.internal.loader.classpath.ClasspathManager.findClassImpl(Ljava/lang/String;Lorg/eclipse/osgi/internal/loader/classpath/ClasspathEntry;Ljava/util/List;)Ljava/lang/Class; (308 bytes) @ 0x0000000005b2923c [0x0000000005b264c0+0x0000000000002d7c]
J 1713 c1 org.eclipse.osgi.internal.loader.classpath.ClasspathManager.findLocalClassImpl(Ljava/lang/String;[Lorg/eclipse/osgi/internal/loader/classpath/ClasspathEntry;Ljava/util/List;)Ljava/lang/Class; (55 bytes) @ 0x0000000005b302cc [0x0000000005b30140+0x000000000000018c]
J 1487 c1 org.eclipse.osgi.internal.loader.classpath.ClasspathManager.findLocalClassImpl(Ljava/lang/String;Ljava/util/List;)Ljava/lang/Class; (132 bytes) @ 0x0000000005ab1154 [0x0000000005ab0c40+0x0000000000000514]
J 1703 c1 org.eclipse.osgi.internal.loader.classpath.ClasspathManager.findLocalClass(Ljava/lang/String;)Ljava/lang/Class; (210 bytes) @ 0x0000000005b2453c [0x0000000005b238a0+0x0000000000000c9c]
J 1480 c1 org.eclipse.osgi.internal.loader.BundleLoader.findLocalClass(Ljava/lang/String;)Ljava/lang/Class; (152 bytes) @ 0x0000000005aaa4ec [0x0000000005aa9ca0+0x000000000000084c]
J 1405 c1 org.eclipse.osgi.internal.loader.BundleLoader.findClass0(Ljava/lang/String;ZZ)Ljava/lang/Class; (466 bytes) @ 0x0000000005a83594 [0x0000000005a80ea0+0x00000000000026f4]
J 1404 c1 org.eclipse.osgi.internal.loader.BundleLoader.findClass(Ljava/lang/String;)Ljava/lang/Class; (8 bytes) @ 0x0000000005a8059c [0x0000000005a80520+0x000000000000007c]
J 1443 c1 org.eclipse.osgi.internal.loader.ModuleClassLoader.loadClass(Ljava/lang/String;Z)Ljava/lang/Class; (20 bytes) @ 0x0000000005a9537c [0x0000000005a95260+0x000000000000011c]
J 682 c1 java.lang.ClassLoader.loadClass(Ljava/lang/String;)Ljava/lang/Class; java.base@17.0.3 (7 bytes) @ 0x000000000591673c [0x0000000005916640+0x00000000000000fc]
v  ~StubRoutines::call_stub
j  org.eclipse.jdt.internal.core.DeltaProcessingState.getRootInfos(Z)Lorg/eclipse/jdt/internal/core/DeltaProcessingState$RootInfos;+256
j  org.eclipse.jdt.internal.core.DeltaProcessingState.initializeRootsWithPreviousSession()V+2
j  org.eclipse.jdt.internal.core.JavaModelManager.startup()V+141
j  org.eclipse.jdt.core.JavaCore.start(Lorg/osgi/framework/BundleContext;)V+12
j  org.eclipse.osgi.internal.framework.BundleContextImpl$2.run()Ljava/lang/Void;+23
j  org.eclipse.osgi.internal.framework.BundleContextImpl$2.run()Ljava/lang/Object;+1
J 997 c1 java.security.AccessController.executePrivileged(Ljava/security/PrivilegedExceptionAction;Ljava/security/AccessControlContext;Ljava/lang/Class;)Ljava/lang/Object; java.base@17.0.3 (65 bytes) @ 0x00000000059a6b34 [0x00000000059a69e0+0x0000000000000154]
j  java.security.AccessController.doPrivileged(Ljava/security/PrivilegedExceptionAction;)Ljava/lang/Object;+9 java.base@17.0.3
j  org.eclipse.osgi.internal.framework.BundleContextImpl.startActivator(Lorg/osgi/framework/BundleActivator;)V+9
j  org.eclipse.osgi.internal.framework.BundleContextImpl.start()V+134
j  org.eclipse.osgi.internal.framework.EquinoxBundle.startWorker0()V+35
j  org.eclipse.osgi.internal.framework.EquinoxBundle$EquinoxModule.startWorker()V+4
j  org.eclipse.osgi.container.Module.doStart([Lorg/eclipse/osgi/container/Module$StartOptions;)Lorg/eclipse/osgi/container/ModuleContainerAdaptor$ModuleEvent;+190
J 1805 c1 org.eclipse.osgi.container.Module.start([Lorg/eclipse/osgi/container/Module$StartOptions;)V (655 bytes) @ 0x0000000005b689a4 [0x0000000005b665e0+0x00000000000023c4]
J 1808 c1 org.eclipse.osgi.framework.util.SecureAction.start(Lorg/eclipse/osgi/container/Module;[Lorg/eclipse/osgi/container/Module$StartOptions;)V (61 bytes) @ 0x0000000005b6fc4c [0x0000000005b6f7c0+0x000000000000048c]
J 1579 c1 org.eclipse.osgi.internal.hooks.EclipseLazyStarter.postFindLocalClass(Ljava/lang/String;Ljava/lang/Class;Lorg/eclipse/osgi/internal/loader/classpath/ClasspathManager;)V (394 bytes) @ 0x0000000005adeedc [0x0000000005addf60+0x0000000000000f7c]
J 1703 c1 org.eclipse.osgi.internal.loader.classpath.ClasspathManager.findLocalClass(Ljava/lang/String;)Ljava/lang/Class; (210 bytes) @ 0x0000000005b24854 [0x0000000005b238a0+0x0000000000000fb4]
J 1480 c1 org.eclipse.osgi.internal.loader.BundleLoader.findLocalClass(Ljava/lang/String;)Ljava/lang/Class; (152 bytes) @ 0x0000000005aaa4ec [0x0000000005aa9ca0+0x000000000000084c]
J 1701 c1 org.eclipse.osgi.internal.loader.sources.SingleSourcePackage.loadClass(Ljava/lang/String;)Ljava/lang/Class; (9 bytes) @ 0x0000000005b22fbc [0x0000000005b22ec0+0x00000000000000fc]
J 1405 c1 org.eclipse.osgi.internal.loader.BundleLoader.findClass0(Ljava/lang/String;ZZ)Ljava/lang/Class; (466 bytes) @ 0x0000000005a8349c [0x0000000005a80ea0+0x00000000000025fc]
J 1404 c1 org.eclipse.osgi.internal.loader.BundleLoader.findClass(Ljava/lang/String;)Ljava/lang/Class; (8 bytes) @ 0x0000000005a8059c [0x0000000005a80520+0x000000000000007c]
J 1443 c1 org.eclipse.osgi.internal.loader.ModuleClassLoader.loadClass(Ljava/lang/String;Z)Ljava/lang/Class; (20 bytes) @ 0x0000000005a9537c [0x0000000005a95260+0x000000000000011c]
J 682 c1 java.lang.ClassLoader.loadClass(Ljava/lang/String;)Ljava/lang/Class; java.base@17.0.3 (7 bytes) @ 0x000000000591673c [0x0000000005916640+0x00000000000000fc]
v  ~StubRoutines::call_stub
j  java.lang.Class.getDeclaredConstructors0(Z)[Ljava/lang/reflect/Constructor;+0 java.base@17.0.3
j  java.lang.Class.privateGetDeclaredConstructors(Z)[Ljava/lang/reflect/Constructor;+52 java.base@17.0.3
j  java.lang.Class.getConstructor0([Ljava/lang/Class;I)Ljava/lang/reflect/Constructor;+14 java.base@17.0.3
j  java.lang.Class.getConstructor([Ljava/lang/Class;)Ljava/lang/reflect/Constructor;+24 java.base@17.0.3
j  org.eclipse.osgi.internal.framework.BundleContextImpl.loadBundleActivator()Lorg/osgi/framework/BundleActivator;+105
j  org.eclipse.osgi.internal.framework.BundleContextImpl.start()V+18
j  org.eclipse.osgi.internal.framework.EquinoxBundle.startWorker0()V+35
j  org.eclipse.osgi.internal.framework.EquinoxBundle$EquinoxModule.startWorker()V+4
j  org.eclipse.osgi.container.Module.doStart([Lorg/eclipse/osgi/container/Module$StartOptions;)Lorg/eclipse/osgi/container/ModuleContainerAdaptor$ModuleEvent;+190
j  org.eclipse.osgi.container.Module.start([Lorg/eclipse/osgi/container/Module$StartOptions;)V+460
j  org.eclipse.osgi.container.ModuleContainer$ContainerStartLevel$2.run()V+71
j  org.eclipse.osgi.internal.framework.EquinoxContainerAdaptor$1$1.execute(Ljava/lang/Runnable;)V+1
j  org.eclipse.osgi.container.ModuleContainer$ContainerStartLevel.incStartLevel(ILjava/util/List;Z)V+192
j  org.eclipse.osgi.container.ModuleContainer$ContainerStartLevel.incStartLevel(ILjava/util/List;Ljava/util/List;Ljava/util/List;Ljava/util/List;)V+19
j  org.eclipse.osgi.container.ModuleContainer$ContainerStartLevel.doContainerStartLevel(Lorg/eclipse/osgi/container/Module;I[Lorg/osgi/framework/FrameworkListener;)V+349
j  org.eclipse.osgi.container.ModuleContainer$ContainerStartLevel.dispatchEvent(Lorg/eclipse/osgi/container/Module;[Lorg/osgi/framework/FrameworkListener;ILjava/lang/Integer;)V+32
j  org.eclipse.osgi.container.ModuleContainer$ContainerStartLevel.dispatchEvent(Ljava/lang/Object;Ljava/lang/Object;ILjava/lang/Object;)V+15
j  org.eclipse.osgi.framework.eventmgr.EventManager.dispatchEvent(Ljava/util/Set;Lorg/eclipse/osgi/framework/eventmgr/EventDispatcher;ILjava/lang/Object;)V+48
j  org.eclipse.osgi.framework.eventmgr.EventManager$EventThread.run()V+26
v  ~StubRoutines::call_stub

---------------  P R O C E S S  ---------------

Threads class SMR info:
_java_thread_list=0x0000000019e98c90, length=20, elements={
0x00000000002afce0, 0x0000000017486780, 0x00000000174a92a0, 0x00000000174b8b60,
0x00000000174df070, 0x00000000174e00d0, 0x00000000174e0990, 0x00000000174e1e60,
0x00000000174e2760, 0x000000001754e800, 0x0000000000320a60, 0x0000000018f31d10,
0x0000000019b45900, 0x0000000019b909c0, 0x0000000019d340f0, 0x00000000198e4080,
0x00000000191883b0, 0x0000000019f27930, 0x0000000019f27e00, 0x0000000019f282d0
}

Java Threads: ( => current thread )
  0x00000000002afce0 JavaThread "main" [_thread_blocked, id=8124, stack(0x0000000001fd0000,0x00000000020d0000)]
  0x0000000017486780 JavaThread "Reference Handler" daemon [_thread_blocked, id=3620, stack(0x0000000018270000,0x0000000018370000)]
  0x00000000174a92a0 JavaThread "Finalizer" daemon [_thread_blocked, id=6956, stack(0x0000000018480000,0x0000000018580000)]
  0x00000000174b8b60 JavaThread "Signal Dispatcher" daemon [_thread_blocked, id=6068, stack(0x0000000017fd0000,0x00000000180d0000)]
  0x00000000174df070 JavaThread "Attach Listener" daemon [_thread_blocked, id=6328, stack(0x0000000018580000,0x0000000018680000)]
  0x00000000174e00d0 JavaThread "Service Thread" daemon [_thread_blocked, id=7332, stack(0x0000000018820000,0x0000000018920000)]
  0x00000000174e0990 JavaThread "Monitor Deflation Thread" daemon [_thread_blocked, id=8912, stack(0x00000000186b0000,0x00000000187b0000)]
  0x00000000174e1e60 JavaThread "C2 CompilerThread0" daemon [_thread_blocked, id=7448, stack(0x0000000018ae0000,0x0000000018be0000)]
  0x00000000174e2760 JavaThread "C1 CompilerThread0" daemon [_thread_blocked, id=7340, stack(0x0000000018c20000,0x0000000018d20000)]
  0x000000001754e800 JavaThread "Sweeper thread" daemon [_thread_blocked, id=3656, stack(0x0000000018d30000,0x0000000018e30000)]
  0x0000000000320a60 JavaThread "Common-Cleaner" daemon [_thread_blocked, id=7240, stack(0x00000000192b0000,0x00000000193b0000)]
  0x0000000018f31d10 JavaThread "Notification Thread" daemon [_thread_blocked, id=924, stack(0x00000000193b0000,0x00000000194b0000)]
  0x0000000019b45900 JavaThread "Active Thread: Equinox Container: eac36358-010a-4ebd-ab8e-6f07ac793d8c" [_thread_blocked, id=9124, stack(0x0000000019730000,0x0000000019830000)]
  0x0000000019b909c0 JavaThread "Framework Event Dispatcher: Equinox Container: eac36358-010a-4ebd-ab8e-6f07ac793d8c" daemon [_thread_blocked, id=8672, stack(0x000000001a0e0000,0x000000001a1e0000)]
=>0x0000000019d340f0 JavaThread "Start Level: Equinox Container: eac36358-010a-4ebd-ab8e-6f07ac793d8c" daemon [_thread_in_vm, id=7680, stack(0x000000001a2e0000,0x000000001a3e0000)]
  0x00000000198e4080 JavaThread "SCR Component Actor" daemon [_thread_blocked, id=6632, stack(0x000000001acd0000,0x000000001add0000)]
  0x00000000191883b0 JavaThread "Worker-JM" [_thread_blocked, id=6864, stack(0x000000001b830000,0x000000001b930000)]
  0x0000000019f27930 JavaThread "Worker-0" [_thread_blocked, id=6772, stack(0x000000001ae20000,0x000000001af20000)]
  0x0000000019f27e00 JavaThread "Worker-1" [_thread_blocked, id=8976, stack(0x000000001bae0000,0x000000001bbe0000)]
  0x0000000019f282d0 JavaThread "Timer-1" [_thread_blocked, id=9024, stack(0x000000001b930000,0x000000001ba30000)]

Other Threads:
  0x0000000017470780 VMThread "VM Thread" [stack: 0x0000000018130000,0x0000000018230000] [id=7152]
  0x0000000018ed72f0 WatcherThread [stack: 0x0000000019570000,0x0000000019670000] [id=8248]
  0x00000000002cb7e0 GCTaskThread "GC Thread#0" [stack: 0x00000000145b0000,0x00000000146b0000] [id=7836]
  0x0000000019b274a0 GCTaskThread "GC Thread#1" [stack: 0x0000000018990000,0x0000000018a90000] [id=8392]

Threads with active compile tasks:

VM state: not at safepoint (normal execution)

VM Mutex/Monitor currently owned by a thread:  ([mutex/lock_event])
[0x00000000002aa060] Metaspace_lock - owner thread: 0x0000000019d340f0

Heap address: 0x00000000c0000000, size: 1024 MB, Compressed Oops mode: 32-bit

CDS archive(s) not mapped
Compressed class space mapped at: 0x000000013fc00000-0x000000017fc00000, reserved size: 1073741824
Narrow klass base: 0x0000000000000000, Narrow klass shift: 3, Narrow klass range: 0x17fc00000

GC Precious Log:
 CPUs: 2 total, 2 available
 Memory: 1485M
 Large Page Support: Disabled
 NUMA Support: Disabled
 Compressed Oops: Enabled (32-bit)
 Alignments: Space 512K, Generation 512K, Heap 2M
 Heap Min Capacity: 100M
 Heap Initial Capacity: 100M
 Heap Max Capacity: 1G
 Pre-touch: Disabled
 Parallel Workers: 2

Heap:
 PSYoungGen      total 29696K, used 18410K [0x00000000eab00000, 0x00000000ecc00000, 0x0000000100000000)
  eden space 25600K, 71% used [0x00000000eab00000,0x00000000ebcfa8e0,0x00000000ec400000)
  from space 4096K, 0% used [0x00000000ec800000,0x00000000ec800000,0x00000000ecc00000)
  to   space 4096K, 0% used [0x00000000ec400000,0x00000000ec400000,0x00000000ec800000)
 ParOldGen       total 68608K, used 6754K [0x00000000c0000000, 0x00000000c4300000, 0x00000000eab00000)
  object space 68608K, 9% used [0x00000000c0000000,0x00000000c0698818,0x00000000c4300000)
 Metaspace       used 25841K, committed 26176K, reserved 1073152K
  class space    used 2497K, committed 2624K, reserved 1048576K

Card table byte_map: [0x0000000014360000,0x0000000014570000] _byte_map_base: 0x0000000013d60000

Marking Bits: (ParMarkBitMap*) 0x000007fec8204b80
 Begin Bits: [0x0000000014810000, 0x0000000015810000)
 End Bits:   [0x0000000015810000, 0x0000000016810000)

Polling page: 0x0000000000240000

Metaspace:

Usage:
  Non-class:     22.80 MB used.
      Class:      2.44 MB used.
       Both:     25.24 MB used.

Virtual space:
  Non-class space:       24.00 MB reserved,      23.00 MB ( 96%) committed,  3 nodes.
      Class space:        1.00 GB reserved,       2.56 MB ( <1%) committed,  1 nodes.
             Both:        1.02 GB reserved,      25.56 MB (  2%) committed. 

Chunk freelists:
   Non-Class:  1008.00 KB
       Class:  1.39 MB
        Both:  2.37 MB

MaxMetaspaceSize: unlimited
CompressedClassSpaceSize: 1.00 GB
Initial GC threshold: 21.00 MB
Current GC threshold: 35.00 MB
CDS: off
MetaspaceReclaimPolicy: balanced
 - commit_granule_bytes: 65536.
 - commit_granule_words: 8192.
 - virtual_space_node_default_size: 1048576.
 - enlarge_chunks_in_place: 1.
 - new_chunks_are_fully_committed: 0.
 - uncommit_free_chunks: 1.
 - use_allocation_guard: 0.
 - handle_deallocations: 1.


Internal statistics:

num_allocs_failed_limit: 3.
num_arena_births: 142.
num_arena_deaths: 0.
num_vsnodes_births: 4.
num_vsnodes_deaths: 0.
num_space_committed: 409.
num_space_uncommitted: 0.
num_chunks_returned_to_freelist: 3.
num_chunks_taken_from_freelist: 774.
num_chunk_merges: 3.
num_chunk_splits: 543.
num_chunks_enlarged: 412.
num_purges: 0.
num_inconsistent_stats: 0.

CodeHeap 'non-profiled nmethods': size=120064Kb used=694Kb max_used=694Kb free=119369Kb
 bounds [0x000000000cd30000, 0x000000000cfa0000, 0x0000000014270000]
CodeHeap 'profiled nmethods': size=120000Kb used=3880Kb max_used=3880Kb free=116120Kb
 bounds [0x0000000005800000, 0x0000000005bd0000, 0x000000000cd30000]
CodeHeap 'non-nmethods': size=5696Kb used=1223Kb max_used=1241Kb free=4472Kb
 bounds [0x0000000005270000, 0x00000000054e0000, 0x0000000005800000]
 total_blobs=2511 nmethods=1979 adapters=447
 compilation: enabled
              stopped_count=0, restarted_count=0
 full_count=0

Compilation events (20 events):
Event: 26.565 Thread 0x00000000174e2760 nmethod 1978 0x0000000005bc1310 code [0x0000000005bc14a0, 0x0000000005bc15e8]
Event: 26.565 Thread 0x00000000174e2760 1981       3       java.util.concurrent.ConcurrentHashMap$MapEntry::<init> (20 bytes)
Event: 26.566 Thread 0x00000000174e2760 nmethod 1981 0x0000000005bc1690 code [0x0000000005bc1820, 0x0000000005bc19d8]
Event: 26.566 Thread 0x00000000174e2760 1979       3       java.util.concurrent.ConcurrentHashMap$EntryIterator::next (51 bytes)
Event: 26.567 Thread 0x00000000174e2760 nmethod 1979 0x0000000005bc1a90 code [0x0000000005bc1c60, 0x0000000005bc2038]
Event: 26.567 Thread 0x00000000174e2760 1982       3       java.lang.Module::isExported (18 bytes)
Event: 26.569 Thread 0x00000000174e2760 nmethod 1982 0x0000000005bc2210 code [0x0000000005bc23e0, 0x0000000005bc27e8]
Event: 26.575 Thread 0x00000000174e2760 1983   !   3       java.lang.invoke.MemberName::getFieldType (176 bytes)
Event: 26.581 Thread 0x00000000174e2760 nmethod 1983 0x0000000005bc2990 code [0x0000000005bc2cc0, 0x0000000005bc4198]
Event: 26.581 Thread 0x00000000174e2760 1984       3       jdk.internal.misc.VM::isSystemDomainLoader (17 bytes)
Event: 26.584 Thread 0x00000000174e2760 nmethod 1984 0x0000000005bc4890 code [0x0000000005bc4ae0, 0x0000000005bc55b8]
Event: 26.585 Thread 0x00000000174e2760 1986       3       jdk.internal.org.objectweb.asm.Frame::setLocal (65 bytes)
Event: 26.586 Thread 0x00000000174e2760 nmethod 1986 0x0000000005bc5910 code [0x0000000005bc5ae0, 0x0000000005bc5f88]
Event: 26.586 Thread 0x00000000174e2760 1987       3       java.lang.invoke.InvokerBytecodeGenerator::getInternalName (100 bytes)
Event: 26.588 Thread 0x00000000174e2760 nmethod 1987 0x0000000005bc6110 code [0x0000000005bc6320, 0x0000000005bc67f8]
Event: 26.588 Thread 0x00000000174e2760 1989       3       java.lang.invoke.InvokerBytecodeGenerator::loadInsnOpcode (98 bytes)
Event: 26.591 Thread 0x00000000174e2760 nmethod 1989 0x0000000005bc6910 code [0x0000000005bc6b80, 0x0000000005bc7578]
Event: 26.591 Thread 0x00000000174e2760 1990       3       java.lang.invoke.InvokerBytecodeGenerator::emitLoadInsn (21 bytes)
Event: 26.592 Thread 0x00000000174e2760 nmethod 1990 0x0000000005bc7890 code [0x0000000005bc7a40, 0x0000000005bc7c98]
Event: 26.592 Thread 0x00000000174e2760 1988       3       jdk.internal.org.objectweb.asm.Frame::pop (53 bytes)

GC Heap History (6 events):
Event: 12.750 GC heap before
{Heap before GC invocations=1 (full 0):
 PSYoungGen      total 29696K, used 25600K [0x00000000eab00000, 0x00000000ecc00000, 0x0000000100000000)
  eden space 25600K, 100% used [0x00000000eab00000,0x00000000ec400000,0x00000000ec400000)
  from space 4096K, 0% used [0x00000000ec800000,0x00000000ec800000,0x00000000ecc00000)
  to   space 4096K, 0% used [0x00000000ec400000,0x00000000ec400000,0x00000000ec800000)
 ParOldGen       total 68608K, used 0K [0x00000000c0000000, 0x00000000c4300000, 0x00000000eab00000)
  object space 68608K, 0% used [0x00000000c0000000,0x00000000c0000000,0x00000000c4300000)
 Metaspace       used 13063K, committed 13248K, reserved 1064960K
  class space    used 1316K, committed 1408K, reserved 1048576K
}
Event: 13.422 GC heap after
{Heap after GC invocations=1 (full 0):
 PSYoungGen      total 29696K, used 4047K [0x00000000eab00000, 0x00000000ecc00000, 0x0000000100000000)
  eden space 25600K, 0% used [0x00000000eab00000,0x00000000eab00000,0x00000000ec400000)
  from space 4096K, 98% used [0x00000000ec400000,0x00000000ec7f3d58,0x00000000ec800000)
  to   space 4096K, 0% used [0x00000000ec800000,0x00000000ec800000,0x00000000ecc00000)
 ParOldGen       total 68608K, used 0K [0x00000000c0000000, 0x00000000c4300000, 0x00000000eab00000)
  object space 68608K, 0% used [0x00000000c0000000,0x00000000c0000000,0x00000000c4300000)
 Metaspace       used 13063K, committed 13248K, reserved 1064960K
  class space    used 1316K, committed 1408K, reserved 1048576K
}
Event: 23.574 GC heap before
{Heap before GC invocations=2 (full 0):
 PSYoungGen      total 29696K, used 21761K [0x00000000eab00000, 0x00000000ecc00000, 0x0000000100000000)
  eden space 25600K, 69% used [0x00000000eab00000,0x00000000ebc4ca28,0x00000000ec400000)
  from space 4096K, 98% used [0x00000000ec400000,0x00000000ec7f3d58,0x00000000ec800000)
  to   space 4096K, 0% used [0x00000000ec800000,0x00000000ec800000,0x00000000ecc00000)
 ParOldGen       total 68608K, used 0K [0x00000000c0000000, 0x00000000c4300000, 0x00000000eab00000)
  object space 68608K, 0% used [0x00000000c0000000,0x00000000c0000000,0x00000000c4300000)
 Metaspace       used 21166K, committed 21504K, reserved 1073152K
  class space    used 2129K, committed 2304K, reserved 1048576K
}
Event: 23.635 GC heap after
{Heap after GC invocations=2 (full 0):
 PSYoungGen      total 29696K, used 4092K [0x00000000eab00000, 0x00000000ecc00000, 0x0000000100000000)
  eden space 25600K, 0% used [0x00000000eab00000,0x00000000eab00000,0x00000000ec400000)
  from space 4096K, 99% used [0x00000000ec800000,0x00000000ecbff038,0x00000000ecc00000)
  to   space 4096K, 0% used [0x00000000ec400000,0x00000000ec400000,0x00000000ec800000)
 ParOldGen       total 68608K, used 2745K [0x00000000c0000000, 0x00000000c4300000, 0x00000000eab00000)
  object space 68608K, 4% used [0x00000000c0000000,0x00000000c02ae760,0x00000000c4300000)
 Metaspace       used 21166K, committed 21504K, reserved 1073152K
  class space    used 2129K, committed 2304K, reserved 1048576K
}
Event: 23.635 GC heap before
{Heap before GC invocations=3 (full 1):
 PSYoungGen      total 29696K, used 4092K [0x00000000eab00000, 0x00000000ecc00000, 0x0000000100000000)
  eden space 25600K, 0% used [0x00000000eab00000,0x00000000eab00000,0x00000000ec400000)
  from space 4096K, 99% used [0x00000000ec800000,0x00000000ecbff038,0x00000000ecc00000)
  to   space 4096K, 0% used [0x00000000ec400000,0x00000000ec400000,0x00000000ec800000)
 ParOldGen       total 68608K, used 2745K [0x00000000c0000000, 0x00000000c4300000, 0x00000000eab00000)
  object space 68608K, 4% used [0x00000000c0000000,0x00000000c02ae760,0x00000000c4300000)
 Metaspace       used 21166K, committed 21504K, reserved 1073152K
  class space    used 2129K, committed 2304K, reserved 1048576K
}
Event: 23.877 GC heap after
{Heap after GC invocations=3 (full 1):
 PSYoungGen      total 29696K, used 0K [0x00000000eab00000, 0x00000000ecc00000, 0x0000000100000000)
  eden space 25600K, 0% used [0x00000000eab00000,0x00000000eab00000,0x00000000ec400000)
  from space 4096K, 0% used [0x00000000ec800000,0x00000000ec800000,0x00000000ecc00000)
  to   space 4096K, 0% used [0x00000000ec400000,0x00000000ec400000,0x00000000ec800000)
 ParOldGen       total 68608K, used 6754K [0x00000000c0000000, 0x00000000c4300000, 0x00000000eab00000)
  object space 68608K, 9% used [0x00000000c0000000,0x00000000c0698818,0x00000000c4300000)
 Metaspace       used 21166K, committed 21504K, reserved 1073152K
  class space    used 2129K, committed 2304K, reserved 1048576K
}

Deoptimization events (20 events):
Event: 21.372 Thread 0x0000000019d340f0 DEOPT PACKING pc=0x000000000cdafb20 sp=0x000000001a3d9500
Event: 21.372 Thread 0x0000000019d340f0 DEOPT UNPACKING pc=0x00000000052c20a3 sp=0x000000001a3d9468 mode 2
Event: 21.771 Thread 0x0000000019d340f0 DEOPT PACKING pc=0x0000000005b43bce sp=0x000000001a3d7960
Event: 21.771 Thread 0x0000000019d340f0 DEOPT UNPACKING pc=0x00000000052c2843 sp=0x000000001a3d6da8 mode 0
Event: 22.216 Thread 0x0000000019d340f0 Uncommon trap: trap_request=0xffffff45 fr.pc=0x000000000cd8b2c0 relative=0x0000000000000040
Event: 22.216 Thread 0x0000000019d340f0 Uncommon trap: reason=unstable_if action=reinterpret pc=0x000000000cd8b2c0 method=sun.nio.fs.WindowsPathParser.isSlash(C)Z @ 9 c2
Event: 22.216 Thread 0x0000000019d340f0 DEOPT PACKING pc=0x000000000cd8b2c0 sp=0x000000001a3d9380
Event: 22.216 Thread 0x0000000019d340f0 DEOPT UNPACKING pc=0x00000000052c20a3 sp=0x000000001a3d9308 mode 2
Event: 25.890 Thread 0x0000000019d340f0 DEOPT PACKING pc=0x0000000005887656 sp=0x000000001a3d80b0
Event: 25.890 Thread 0x0000000019d340f0 DEOPT UNPACKING pc=0x00000000052c2843 sp=0x000000001a3d75a8 mode 0
Event: 25.910 Thread 0x0000000019d340f0 DEOPT PACKING pc=0x0000000005887656 sp=0x000000001a3d80b0
Event: 25.910 Thread 0x0000000019d340f0 DEOPT UNPACKING pc=0x00000000052c2843 sp=0x000000001a3d75a8 mode 0
Event: 26.501 Thread 0x0000000019d340f0 Uncommon trap: trap_request=0xffffff45 fr.pc=0x000000000cdd7354 relative=0x0000000000000894
Event: 26.501 Thread 0x0000000019d340f0 Uncommon trap: reason=unstable_if action=reinterpret pc=0x000000000cdd7354 method=java.util.Properties$LineReader.readLine()I @ 25 c2
Event: 26.501 Thread 0x0000000019d340f0 DEOPT PACKING pc=0x000000000cdd7354 sp=0x000000001a3d8eb0
Event: 26.501 Thread 0x0000000019d340f0 DEOPT UNPACKING pc=0x00000000052c20a3 sp=0x000000001a3d8e60 mode 2
Event: 26.512 Thread 0x0000000019d340f0 Uncommon trap: trap_request=0xffffff76 fr.pc=0x000000000cdc0c68 relative=0x0000000000000b68
Event: 26.512 Thread 0x0000000019d340f0 Uncommon trap: reason=predicate action=maybe_recompile pc=0x000000000cdc0c68 method=java.util.Properties$LineReader.readLine()I @ 53 c2
Event: 26.512 Thread 0x0000000019d340f0 DEOPT PACKING pc=0x000000000cdc0c68 sp=0x000000001a3d8ec0
Event: 26.512 Thread 0x0000000019d340f0 DEOPT UNPACKING pc=0x00000000052c20a3 sp=0x000000001a3d8e78 mode 2

Classes unloaded (0 events):
No events

Classes redefined (0 events):
No events

Internal exceptions (20 events):
Event: 6.018 Thread 0x00000000002afce0 Exception <a 'java/lang/NoSuchMethodError'{0x00000000eb87efc8}: 'java.lang.Object java.lang.invoke.DirectMethodHandle$Holder.invokeInterface(java.lang.Object, java.lang.Object)'> (0x00000000eb87efc8) 
thrown [e:\jenkins\tmp\workspace\build\src\src\hotspot\share\interpreter\linkResolver.cpp, line 766]
Event: 6.024 Thread 0x00000000002afce0 Exception <a 'java/lang/IncompatibleClassChangeError'{0x00000000eb8827c0}: Found class java.lang.Object, but interface was expected> (0x00000000eb8827c0) 
thrown [e:\jenkins\tmp\workspace\build\src\src\hotspot\share\interpreter\linkResolver.cpp, line 833]
Event: 6.032 Thread 0x00000000002afce0 Exception <a 'java/lang/NoSuchMethodError'{0x00000000eb8856e0}: 'void java.lang.invoke.DirectMethodHandle$Holder.invokeStatic(java.lang.Object, java.lang.Object)'> (0x00000000eb8856e0) 
thrown [e:\jenkins\tmp\workspace\build\src\src\hotspot\share\interpreter\linkResolver.cpp, line 766]
Event: 6.034 Thread 0x00000000002afce0 Exception <a 'java/lang/NoSuchMethodError'{0x00000000eb888ee0}: 'void java.lang.invoke.DirectMethodHandle$Holder.invokeStaticInit(java.lang.Object, java.lang.Object)'> (0x00000000eb888ee0) 
thrown [e:\jenkins\tmp\workspace\build\src\src\hotspot\share\interpreter\linkResolver.cpp, line 766]
Event: 6.053 Thread 0x00000000002afce0 Exception <a 'java/lang/NoSuchMethodError'{0x00000000eb88ea80}: 'int java.lang.invoke.DirectMethodHandle$Holder.invokeStaticInit(java.lang.Object, java.lang.Object)'> (0x00000000eb88ea80) 
thrown [e:\jenkins\tmp\workspace\build\src\src\hotspot\share\interpreter\linkResolver.cpp, line 766]
Event: 6.570 Thread 0x00000000002afce0 Exception <a 'java/lang/NoSuchMethodError'{0x00000000eb94d8f0}: 'void java.lang.invoke.DirectMethodHandle$Holder.invokeSpecial(java.lang.Object, java.lang.Object, java.lang.Object)'> (0x00000000eb94d8f0) 
thrown [e:\jenkins\tmp\workspace\build\src\src\hotspot\share\interpreter\linkResolver.cpp, line 766]
Event: 8.844 Thread 0x00000000002afce0 Exception <a 'java/lang/NoSuchMethodError'{0x00000000ebecd9f0}: 'java.lang.Object java.lang.invoke.DirectMethodHandle$Holder.newInvokeSpecial(java.lang.Object, int, java.lang.Object)'> (0x00000000ebecd9f0) 
thrown [e:\jenkins\tmp\workspace\build\src\src\hotspot\share\interpreter\linkResolver.cpp, line 766]
Event: 12.387 Thread 0x00000000002afce0 Exception <a 'java/lang/UnsatisfiedLinkError'{0x00000000ec1dbfb8}: 'void org.eclipse.equinox.launcher.JNIBridge._update_splash()'> (0x00000000ec1dbfb8) 
thrown [e:\jenkins\tmp\workspace\build\src\src\hotspot\share\prims\nativeLookup.cpp, line 543]
Event: 12.692 Thread 0x0000000019d340f0 Exception <a 'java/lang/NoSuchMethodError'{0x00000000ec3a8838}: 'java.lang.Object java.lang.invoke.DirectMethodHandle$Holder.invokeStaticInit(java.lang.Object)'> (0x00000000ec3a8838) 
thrown [e:\jenkins\tmp\workspace\build\src\src\hotspot\share\interpreter\linkResolver.cpp, line 766]
Event: 16.169 Thread 0x0000000019d340f0 Exception <a 'java/io/FileNotFoundException'{0x00000000eafafcc0}> (0x00000000eafafcc0) 
thrown [e:\jenkins\tmp\workspace\build\src\src\hotspot\share\prims\jni.cpp, line 516]
Event: 16.445 Thread 0x0000000019d340f0 Exception <a 'java/lang/NullPointerException'{0x00000000eafd2158}> (0x00000000eafd2158) 
thrown [e:\jenkins\tmp\workspace\build\src\src\hotspot\share\interpreter\linkResolver.cpp, line 1357]
Event: 16.445 Thread 0x0000000019d340f0 Exception <a 'java/lang/NullPointerException'{0x00000000eafd2980}> (0x00000000eafd2980) 
thrown [e:\jenkins\tmp\workspace\build\src\src\hotspot\share\interpreter\linkResolver.cpp, line 1357]
Event: 19.207 Thread 0x0000000019d340f0 Exception <a 'java/lang/NoSuchMethodError'{0x00000000eb35b3d8}: 'void java.lang.invoke.DirectMethodHandle$Holder.invokeInterface(java.lang.Object, java.lang.Object, java.lang.Object)'> (0x00000000eb35b3d8) 
thrown [e:\jenkins\tmp\workspace\build\src\src\hotspot\share\interpreter\linkResolver.cpp, line 766]
Event: 20.064 Thread 0x0000000019d340f0 Exception <a 'java/lang/NoSuchMethodError'{0x00000000eb4f2190}: 'java.lang.Object java.lang.invoke.Invokers$Holder.invokeExact_MT(java.lang.Object, java.lang.Object, java.lang.Object, java.lang.Object, java.lang.Object, java.lang.Object)'> (0x00000000eb4f2190) 
thrown [e:\jenkins\tmp\workspace\build\src\src\hotspot\share\interpreter\linkResolver.cpp, line 766]
Event: 22.465 Thread 0x0000000019d340f0 Exception <a 'java/lang/NoSuchMethodError'{0x00000000eb87e2c8}: 'int java.lang.invoke.DirectMethodHandle$Holder.invokeStaticInit(java.lang.Object, java.lang.Object, java.lang.Object)'> (0x00000000eb87e2c8) 
thrown [e:\jenkins\tmp\workspace\build\src\src\hotspot\share\interpreter\linkResolver.cpp, line 766]
Event: 22.511 Thread 0x0000000019d340f0 Exception <a 'java/lang/IncompatibleClassChangeError'{0x00000000eb8d2c50}: Found class java.lang.Object, but interface was expected> (0x00000000eb8d2c50) 
thrown [e:\jenkins\tmp\workspace\build\src\src\hotspot\share\interpreter\linkResolver.cpp, line 833]
Event: 26.475 Thread 0x0000000019d340f0 Exception <a 'java/lang/ClassNotFoundException'{0x00000000ebc465f0}: com/sun/org/apache/xerces/internal/impl/msg/spi/DOMMessagesProvider> (0x00000000ebc465f0) 
thrown [e:\jenkins\tmp\workspace\build\src\src\hotspot\share\classfile\systemDictionary.cpp, line 256]
Event: 26.512 Thread 0x0000000019d340f0 Implicit null exception at 0x000000000cdc01f2 to 0x000000000cdc0c50
Event: 26.519 Thread 0x0000000019d340f0 Exception <a 'java/lang/ClassNotFoundException'{0x00000000ebc5fee8}: com/sun/org/apache/xerces/internal/impl/msg/spi/XMLSerializerMessagesProvider> (0x00000000ebc5fee8) 
thrown [e:\jenkins\tmp\workspace\build\src\src\hotspot\share\classfile\systemDictionary.cpp, line 256]
Event: 26.551 Thread 0x0000000019d340f0 Exception <a 'java/lang/ClassNotFoundException'{0x00000000ebc6d1c0}: com/sun/org/apache/xerces/internal/impl/msg/spi/XMLMessagesProvider> (0x00000000ebc6d1c0) 
thrown [e:\jenkins\tmp\workspace\build\src\src\hotspot\share\classfile\systemDictionary.cpp, line 256]

VM Operations (20 events):
Event: 17.385 Executing VM operation: HandshakeAllThreads
Event: 17.385 Executing VM operation: HandshakeAllThreads done
Event: 18.387 Executing VM operation: Cleanup
Event: 18.507 Executing VM operation: Cleanup done
Event: 18.827 Executing VM operation: HandshakeAllThreads
Event: 18.827 Executing VM operation: HandshakeAllThreads done
Event: 18.848 Executing VM operation: HandshakeAllThreads
Event: 18.848 Executing VM operation: HandshakeAllThreads done
Event: 19.865 Executing VM operation: Cleanup
Event: 20.029 Executing VM operation: Cleanup done
Event: 21.041 Executing VM operation: Cleanup
Event: 21.098 Executing VM operation: Cleanup done
Event: 23.098 Executing VM operation: Cleanup
Event: 23.099 Executing VM operation: Cleanup done
Event: 23.573 Executing VM operation: CollectForMetadataAllocation
Event: 23.878 Executing VM operation: CollectForMetadataAllocation done
Event: 24.942 Executing VM operation: Cleanup
Event: 24.951 Executing VM operation: Cleanup done
Event: 25.958 Executing VM operation: Cleanup
Event: 26.171 Executing VM operation: Cleanup done

Events (20 events):
Event: 26.549 loading class com/sun/org/apache/xerces/internal/impl/msg/XMLSerializerMessages_en
Event: 26.549 loading class com/sun/org/apache/xerces/internal/impl/msg/XMLSerializerMessages_en done
Event: 26.549 loading class com/sun/org/apache/xerces/internal/impl/msg/XMLSerializerMessages_en
Event: 26.549 loading class com/sun/org/apache/xerces/internal/impl/msg/XMLSerializerMessages_en done
Event: 26.550 loading class com/sun/org/apache/xerces/internal/impl/msg/XMLSerializerMessages_en_US
Event: 26.550 loading class com/sun/org/apache/xerces/internal/impl/msg/XMLSerializerMessages_en_US done
Event: 26.550 loading class com/sun/org/apache/xerces/internal/impl/msg/XMLSerializerMessages_en_US
Event: 26.550 loading class com/sun/org/apache/xerces/internal/impl/msg/XMLSerializerMessages_en_US done
Event: 26.552 loading class com/sun/org/apache/xerces/internal/impl/msg/XMLMessages
Event: 26.552 loading class com/sun/org/apache/xerces/internal/impl/msg/XMLMessages done
Event: 26.552 loading class com/sun/org/apache/xerces/internal/impl/msg/XMLMessages
Event: 26.552 loading class com/sun/org/apache/xerces/internal/impl/msg/XMLMessages done
Event: 26.566 loading class com/sun/org/apache/xerces/internal/impl/msg/XMLMessages_en
Event: 26.566 loading class com/sun/org/apache/xerces/internal/impl/msg/XMLMessages_en done
Event: 26.566 loading class com/sun/org/apache/xerces/internal/impl/msg/XMLMessages_en
Event: 26.566 loading class com/sun/org/apache/xerces/internal/impl/msg/XMLMessages_en done
Event: 26.567 loading class com/sun/org/apache/xerces/internal/impl/msg/XMLMessages_en_US
Event: 26.567 loading class com/sun/org/apache/xerces/internal/impl/msg/XMLMessages_en_US done
Event: 26.567 loading class com/sun/org/apache/xerces/internal/impl/msg/XMLMessages_en_US
Event: 26.567 loading class com/sun/org/apache/xerces/internal/impl/msg/XMLMessages_en_US done


Dynamic libraries:
0x000000013f980000 - 0x000000013f98e000 	c:\Users\LENOVO\.vscode\extensions\redhat.java-1.8.0-win32-x64\jre\17.0.3-win32-x86_64\bin\java.exe
0x0000000077320000 - 0x00000000774ca000 	C:\Windows\SYSTEM32\ntdll.dll
0x000007fee3020000 - 0x000007fee3036000 	C:\Program Files\Avast Software\Avast\aswhook.dll
0x0000000077200000 - 0x000000007731f000 	C:\Windows\system32\kernel32.dll
0x000007fefd120000 - 0x000007fefd18a000 	C:\Windows\system32\KERNELBASE.dll
0x000007fef5d80000 - 0x000007fef5d98000 	c:\Users\LENOVO\.vscode\extensions\redhat.java-1.8.0-win32-x64\jre\17.0.3-win32-x86_64\bin\jli.dll
0x000007fefbc00000 - 0x000007fefbdf4000 	C:\Windows\WinSxS\amd64_microsoft.windows.common-controls_6595b64144ccf1df_6.0.7601.18837_none_fa3b1e3d17594757\COMCTL32.dll
0x000007feff510000 - 0x000007feff5af000 	C:\Windows\system32\msvcrt.dll
0x000007fefe900000 - 0x000007fefe967000 	C:\Windows\system32\GDI32.dll
0x0000000077100000 - 0x00000000771fa000 	C:\Windows\system32\USER32.dll
0x000007feff0b0000 - 0x000007feff0be000 	C:\Windows\system32\LPK.dll
0x000007fefd740000 - 0x000007fefd80a000 	C:\Windows\system32\USP10.dll
0x000007feff0c0000 - 0x000007feff131000 	C:\Windows\system32\SHLWAPI.dll
0x000007fed0620000 - 0x000007fed0639000 	c:\Users\LENOVO\.vscode\extensions\redhat.java-1.8.0-win32-x64\jre\17.0.3-win32-x86_64\bin\VCRUNTIME140.dll
0x000007fef5d70000 - 0x000007fef5d74000 	c:\Users\LENOVO\.vscode\extensions\redhat.java-1.8.0-win32-x64\jre\17.0.3-win32-x86_64\bin\api-ms-win-crt-runtime-l1-1-0.dll
0x000007fed0230000 - 0x000007fed032a000 	c:\Users\LENOVO\.vscode\extensions\redhat.java-1.8.0-win32-x64\jre\17.0.3-win32-x86_64\bin\ucrtbase.DLL
0x000007fed0610000 - 0x000007fed0613000 	c:\Users\LENOVO\.vscode\extensions\redhat.java-1.8.0-win32-x64\jre\17.0.3-win32-x86_64\bin\api-ms-win-core-localization-l1-2-0.dll
0x000007fed0600000 - 0x000007fed0603000 	c:\Users\LENOVO\.vscode\extensions\redhat.java-1.8.0-win32-x64\jre\17.0.3-win32-x86_64\bin\api-ms-win-core-processthreads-l1-1-1.dll
0x000007fed05f0000 - 0x000007fed05f3000 	c:\Users\LENOVO\.vscode\extensions\redhat.java-1.8.0-win32-x64\jre\17.0.3-win32-x86_64\bin\api-ms-win-core-file-l1-2-0.dll
0x000007fed05e0000 - 0x000007fed05e3000 	c:\Users\LENOVO\.vscode\extensions\redhat.java-1.8.0-win32-x64\jre\17.0.3-win32-x86_64\bin\api-ms-win-core-timezone-l1-1-0.dll
0x000007fed05d0000 - 0x000007fed05d3000 	c:\Users\LENOVO\.vscode\extensions\redhat.java-1.8.0-win32-x64\jre\17.0.3-win32-x86_64\bin\api-ms-win-core-file-l2-1-0.dll
0x000007fed05c0000 - 0x000007fed05c3000 	c:\Users\LENOVO\.vscode\extensions\redhat.java-1.8.0-win32-x64\jre\17.0.3-win32-x86_64\bin\api-ms-win-core-synch-l1-2-0.dll
0x000007fed05b0000 - 0x000007fed05b3000 	c:\Users\LENOVO\.vscode\extensions\redhat.java-1.8.0-win32-x64\jre\17.0.3-win32-x86_64\bin\api-ms-win-crt-heap-l1-1-0.dll
0x000007fed05a0000 - 0x000007fed05a4000 	c:\Users\LENOVO\.vscode\extensions\redhat.java-1.8.0-win32-x64\jre\17.0.3-win32-x86_64\bin\api-ms-win-crt-string-l1-1-0.dll
0x000007fed0590000 - 0x000007fed0594000 	c:\Users\LENOVO\.vscode\extensions\redhat.java-1.8.0-win32-x64\jre\17.0.3-win32-x86_64\bin\api-ms-win-crt-stdio-l1-1-0.dll
0x000007fed0580000 - 0x000007fed0584000 	c:\Users\LENOVO\.vscode\extensions\redhat.java-1.8.0-win32-x64\jre\17.0.3-win32-x86_64\bin\api-ms-win-crt-convert-l1-1-0.dll
0x000007fed0570000 - 0x000007fed0573000 	c:\Users\LENOVO\.vscode\extensions\redhat.java-1.8.0-win32-x64\jre\17.0.3-win32-x86_64\bin\api-ms-win-crt-environment-l1-1-0.dll
0x000007fed0560000 - 0x000007fed0563000 	c:\Users\LENOVO\.vscode\extensions\redhat.java-1.8.0-win32-x64\jre\17.0.3-win32-x86_64\bin\api-ms-win-crt-filesystem-l1-1-0.dll
0x000007fed0550000 - 0x000007fed0555000 	c:\Users\LENOVO\.vscode\extensions\redhat.java-1.8.0-win32-x64\jre\17.0.3-win32-x86_64\bin\api-ms-win-crt-math-l1-1-0.dll
0x000007fed0540000 - 0x000007fed0543000 	c:\Users\LENOVO\.vscode\extensions\redhat.java-1.8.0-win32-x64\jre\17.0.3-win32-x86_64\bin\api-ms-win-crt-locale-l1-1-0.dll
0x000007fefd410000 - 0x000007fefd43e000 	C:\Windows\system32\IMM32.DLL
0x000007fefee50000 - 0x000007fefef59000 	C:\Windows\system32\MSCTF.dll
0x000007fed0530000 - 0x000007fed053c000 	c:\Users\LENOVO\.vscode\extensions\redhat.java-1.8.0-win32-x64\jre\17.0.3-win32-x86_64\bin\vcruntime140_1.dll
0x000007fed0190000 - 0x000007fed0221000 	c:\Users\LENOVO\.vscode\extensions\redhat.java-1.8.0-win32-x64\jre\17.0.3-win32-x86_64\bin\msvcp140.dll
0x000007fed0180000 - 0x000007fed0183000 	c:\Users\LENOVO\.vscode\extensions\redhat.java-1.8.0-win32-x64\jre\17.0.3-win32-x86_64\bin\api-ms-win-crt-time-l1-1-0.dll
0x000007fed0170000 - 0x000007fed0173000 	c:\Users\LENOVO\.vscode\extensions\redhat.java-1.8.0-win32-x64\jre\17.0.3-win32-x86_64\bin\api-ms-win-crt-utility-l1-1-0.dll
0x000007fec7680000 - 0x000007fec82c8000 	c:\Users\LENOVO\.vscode\extensions\redhat.java-1.8.0-win32-x64\jre\17.0.3-win32-x86_64\bin\server\jvm.dll
0x000007fefe820000 - 0x000007fefe8fb000 	C:\Windows\system32\ADVAPI32.dll
0x000007fefd440000 - 0x000007fefd45f000 	C:\Windows\SYSTEM32\sechost.dll
0x000007feff160000 - 0x000007feff28d000 	C:\Windows\system32\RPCRT4.dll
0x000007fef99e0000 - 0x000007fef99e9000 	C:\Windows\system32\WSOCK32.dll
0x000007feff060000 - 0x000007feff0ad000 	C:\Windows\system32\WS2_32.dll
0x000007feff290000 - 0x000007feff298000 	C:\Windows\system32\NSI.dll
0x000007feebd60000 - 0x000007feebd9b000 	C:\Windows\system32\WINMM.dll
0x000007fefc120000 - 0x000007fefc12c000 	C:\Windows\system32\VERSION.dll
0x00000000774f0000 - 0x00000000774f7000 	C:\Windows\system32\PSAPI.DLL
0x000007fefb670000 - 0x000007fefb67a000 	c:\Users\LENOVO\.vscode\extensions\redhat.java-1.8.0-win32-x64\jre\17.0.3-win32-x86_64\bin\jimage.dll
0x000007fefa670000 - 0x000007fefa795000 	C:\Windows\system32\DBGHELP.DLL
0x000007fef5cb0000 - 0x000007fef5cd5000 	c:\Users\LENOVO\.vscode\extensions\redhat.java-1.8.0-win32-x64\jre\17.0.3-win32-x86_64\bin\java.dll
0x000007fef5d20000 - 0x000007fef5d38000 	c:\Users\LENOVO\.vscode\extensions\redhat.java-1.8.0-win32-x64\jre\17.0.3-win32-x86_64\bin\zip.dll
0x000007fefd8b0000 - 0x000007fefe639000 	C:\Windows\system32\SHELL32.dll
0x000007fefec40000 - 0x000007fefee43000 	C:\Windows\system32\ole32.dll
0x000007fefd050000 - 0x000007fefd05f000 	C:\Windows\system32\profapi.dll
0x000007fef5c90000 - 0x000007fef5ca9000 	C:\Users\LENOVO\.vscode\extensions\redhat.java-1.8.0-win32-x64\jre\17.0.3-win32-x86_64\bin\net.dll
0x000007fef7c10000 - 0x000007fef7c81000 	C:\Windows\system32\WINHTTP.dll
0x000007fef7ba0000 - 0x000007fef7c05000 	C:\Windows\system32\webio.dll
0x000007fefc7f0000 - 0x000007fefc845000 	C:\Windows\system32\mswsock.dll
0x000007fefc7e0000 - 0x000007fefc7e7000 	C:\Windows\System32\wship6.dll
0x000007fef5c70000 - 0x000007fef5c85000 	C:\Users\LENOVO\.vscode\extensions\redhat.java-1.8.0-win32-x64\jre\17.0.3-win32-x86_64\bin\nio.dll
0x000007fed0130000 - 0x000007fed016e000 	C:\Users\LENOVO\AppData\Roaming\Code\User\globalStorage\redhat.java\1.8.0\config_ss_win\org.eclipse.equinox.launcher\org.eclipse.equinox.launcher.win32.win32.x86_64_1.2.500.v20220509-0833\eclipse_11700.dll

dbghelp: loaded successfully - version: 4.0.5 - missing functions: none
symbol engine: initialized successfully - sym options: 0x614 - pdb path: .;c:\Users\LENOVO\.vscode\extensions\redhat.java-1.8.0-win32-x64\jre\17.0.3-win32-x86_64\bin;C:\Windows\SYSTEM32;C:\Program Files\Avast Software\Avast;C:\Windows\WinSxS\amd64_microsoft.windows.common-controls_6595b64144ccf1df_6.0.7601.18837_none_fa3b1e3d17594757;c:\Users\LENOVO\.vscode\extensions\redhat.java-1.8.0-win32-x64\jre\17.0.3-win32-x86_64\bin\server;C:\Users\LENOVO\AppData\Roaming\Code\User\globalStorage\redhat.java\1.8.0\config_ss_win\org.eclipse.equinox.launcher\org.eclipse.equinox.launcher.win32.win32.x86_64_1.2.500.v20220509-0833

VM Arguments:
jvm_args: --add-modules=ALL-SYSTEM --add-opens=java.base/java.util=ALL-UNNAMED --add-opens=java.base/java.lang=ALL-UNNAMED --add-opens=java.base/sun.nio.fs=ALL-UNNAMED -Declipse.application=org.eclipse.jdt.ls.core.id1 -Dosgi.bundles.defaultStartLevel=4 -Declipse.product=org.eclipse.jdt.ls.core.product -Djava.import.generatesMetadataFilesAtProjectRoot=false -Dfile.encoding=utf8 -DwatchParentProcess=false -XX:+UseParallelGC -XX:GCTimeRatio=4 -XX:AdaptiveSizePolicyWeight=90 -Dsun.zip.disableMemoryMapping=true -Xmx1G -Xms100m 
java_command: c:\Users\LENOVO\.vscode\extensions\redhat.java-1.8.0-win32-x64\server\plugins\org.eclipse.equinox.launcher_1.6.400.v20210924-0641.jar -configuration c:\Users\LENOVO\AppData\Roaming\Code\User\globalStorage\redhat.java\1.8.0\config_ss_win -data c:\Users\LENOVO\AppData\Roaming\Code\User\workspaceStorage\123212859bc6ca5fc8f745e4ec924077\redhat.java\ss_ws
java_class_path (initial): c:\Users\LENOVO\.vscode\extensions\redhat.java-1.8.0-win32-x64\server\plugins\org.eclipse.equinox.launcher_1.6.400.v20210924-0641.jar
Launcher Type: SUN_STANDARD

[Global flags]
    uintx AdaptiveSizePolicyWeight                 = 90                                        {product} {command line}
     intx CICompilerCount                          = 2                                         {product} {ergonomic}
    uintx GCTimeRatio                              = 4                                         {product} {command line}
   size_t InitialHeapSize                          = 104857600                                 {product} {command line}
   size_t MaxHeapSize                              = 1073741824                                {product} {command line}
   size_t MaxNewSize                               = 357564416                                 {product} {ergonomic}
   size_t MinHeapDeltaBytes                        = 524288                                    {product} {ergonomic}
   size_t MinHeapSize                              = 104857600                                 {product} {command line}
   size_t NewSize                                  = 34603008                                  {product} {ergonomic}
    uintx NonNMethodCodeHeapSize                   = 5826188                                {pd product} {ergonomic}
    uintx NonProfiledCodeHeapSize                  = 122916026                              {pd product} {ergonomic}
   size_t OldSize                                  = 70254592                                  {product} {ergonomic}
    uintx ProfiledCodeHeapSize                     = 122916026                              {pd product} {ergonomic}
    uintx ReservedCodeCacheSize                    = 251658240                              {pd product} {ergonomic}
     bool SegmentedCodeCache                       = true                                      {product} {ergonomic}
   size_t SoftMaxHeapSize                          = 1073741824                             {manageable} {ergonomic}
     bool UseCompressedClassPointers               = true                           {product lp64_product} {ergonomic}
     bool UseCompressedOops                        = true                           {product lp64_product} {ergonomic}
     bool UseLargePagesIndividualAllocation        = false                                  {pd product} {ergonomic}
     bool UseParallelGC                            = true                                      {product} {command line}

Logging:
Log output configuration:
 #0: stdout all=warning uptime,level,tags
 #1: stderr all=off uptime,level,tags

Environment Variables:
JAVA_HOME=C:\Program Files\Java\jdk-18
PATH=C:\Program Files\Common Files\Oracle\Java\javapath;C:\Windows\system32;C:\Windows;C:\Windows\System32\Wbem;C:\Windows\System32\WindowsPowerShell\v1.0\;C:\Program Files (x86)\ATI Technologies\ATI.ACE\Core-Static;C:\Program Files\IBM\SPSS\Statistics\23\JRE\bin;C:\Program Files\Git\cmd;C:\Program Files\nodejs\;C:\Program Files\MySQL\MySQL Server 8.0\bin;C:\Program Files (x86)\nodejs\;C:\Program Files\apache-maven-3.8.6\bin;C:\Users\LENOVO\AppData\Local\Programs\Python\Python38-32\Scripts\;C:\Users\LENOVO\AppData\Local\Programs\Python\Python38-32\;C:\Users\LENOVO\AppData\Local\Programs\Microsoft VS Code\bin;C:\Users\LENOVO\AppData\Roaming\npm;C:\Program Files\apache-maven-3.8.6\bin
USERNAME=LENOVO
OS=Windows_NT
PROCESSOR_IDENTIFIER=AMD64 Family 22 Model 0 Stepping 1, AuthenticAMD



---------------  S Y S T E M  ---------------

OS:
 Windows 7 , 64 bit Build 7601 (6.1.7601.23572)
OS uptime: 0 days 5:07 hours

CPU: total 2 (initial active 2) (2 cores per cpu, 1 threads per core) family 22 model 0 stepping 1 microcode 0x0, cx8, cmov, fxsr, mmx, 3dnowpref, sse, sse2, sse3, ssse3, sse4a, sse4.1, sse4.2, popcnt, lzcnt, tsc, tscinvbit, avx, aes, clmul, bmi1, vzeroupper, clflush

Memory: 4k page, system-wide physical 1485M (84M free)
TotalPageFile size 5941M (AvailPageFile size 4M)
current process WorkingSet (physical memory assigned to process): 109M, peak: 109M
current process commit charge ("private bytes"): 206M, peak: 206M

vm_info: OpenJDK 64-Bit Server VM (17.0.3+7) for windows-amd64 JRE (17.0.3+7), built on Apr 19 2022 16:55:35 by "" with MS VC++ 16.7 (VS2019)

END.
