#
# There is insufficient memory for the Java Runtime Environment to continue.
# Native memory allocation (malloc) failed to allocate 105792 bytes for Chunk::new
# Possible reasons:
#   The system is out of physical RAM or swap space
#   The process is running with CompressedOops enabled, and the Java Heap may be blocking the growth of the native heap
# Possible solutions:
#   Reduce memory load on the system
#   Increase physical memory or swap space
#   Check if swap backing store is full
#   Decrease Java heap size (-Xmx/-Xms)
#   Decrease number of Java threads
#   Decrease Java thread stack sizes (-Xss)
#   Set larger code cache with -XX:ReservedCodeCacheSize=
#   JVM is running with Unscaled Compressed Oops mode in which the Java heap is
#     placed in the first 4GB address space. The Java Heap base address is the
#     maximum limit for the native heap growth. Please use -XX:HeapBaseMinAddress
#     to set the Java Heap base and to place the Java Heap above 4GB virtual address.
# This output file may be truncated or incomplete.
#
#  Out of Memory Error (arena.cpp:189), pid=1188, tid=5496
#
# JRE version: OpenJDK Runtime Environment Temurin-17.0.3+7 (17.0.3+7) (build 17.0.3+7)
# Java VM: OpenJDK 64-Bit Server VM Temurin-17.0.3+7 (17.0.3+7, mixed mode, tiered, compressed oops, compressed class ptrs, parallel gc, windows-amd64)
# No core dump will be written. Minidumps are not enabled by default on client versions of Windows
#

---------------  S U M M A R Y ------------

Command Line: --add-modules=ALL-SYSTEM --add-opens=java.base/java.util=ALL-UNNAMED --add-opens=java.base/java.lang=ALL-UNNAMED --add-opens=java.base/sun.nio.fs=ALL-UNNAMED -Declipse.application=org.eclipse.jdt.ls.core.id1 -Dosgi.bundles.defaultStartLevel=4 -Declipse.product=org.eclipse.jdt.ls.core.product -Djava.import.generatesMetadataFilesAtProjectRoot=false -Dfile.encoding=utf8 -DwatchParentProcess=false -XX:+UseParallelGC -XX:GCTimeRatio=4 -XX:AdaptiveSizePolicyWeight=90 -Dsun.zip.disableMemoryMapping=true -Xmx1G -Xms100m -XX:+HeapDumpOnOutOfMemoryError -XX:HeapDumpPath=c:\Users\LENOVO\AppData\Roaming\Code\User\workspaceStorage\123212859bc6ca5fc8f745e4ec924077\redhat.java c:\Users\LENOVO\.vscode\extensions\redhat.java-1.8.0-win32-x64\server\plugins\org.eclipse.equinox.launcher_1.6.400.v20210924-0641.jar -configuration c:\Users\LENOVO\AppData\Roaming\Code\User\globalStorage\redhat.java\1.8.0\config_win -data c:\Users\LENOVO\AppData\Roaming\Code\User\workspaceStorage\123212859bc6ca5fc8f745e4ec924077\redhat.java\jdt_ws

Host: AMD E1-2100 APU with Radeon(TM) HD Graphics    , 2 cores, 1G,  Windows 7 , 64 bit Build 7601 (6.1.7601.23572)
Time: Fri Jul  8 13:06:30 2022 SE Asia Standard Time elapsed time: 19.999958 seconds (0d 0h 0m 19s)

---------------  T H R E A D  ---------------

Current thread (0x00000000174b9760):  JavaThread "C2 CompilerThread0" daemon [_thread_in_native, id=5496, stack(0x0000000018780000,0x0000000018880000)]


Current CompileTask:
C2:  20000 2010       4       java.util.Properties::getProperty (50 bytes)

Stack: [0x0000000018780000,0x0000000018880000]
Native frames: (J=compiled Java code, j=interpreted, Vv=VM code, C=native code)
V  [jvm.dll+0x675efa]
V  [jvm.dll+0x830a24]
V  [jvm.dll+0x8321ce]
V  [jvm.dll+0x832833]
V  [jvm.dll+0x2454b5]
V  [jvm.dll+0xabd7b]
V  [jvm.dll+0xac30c]
V  [jvm.dll+0x363627]
V  [jvm.dll+0x32dca1]
V  [jvm.dll+0x32d14a]
V  [jvm.dll+0x218361]
V  [jvm.dll+0x217781]
V  [jvm.dll+0x1a3ccd]
V  [jvm.dll+0x227178]
V  [jvm.dll+0x2252bc]
V  [jvm.dll+0x7e673b]
V  [jvm.dll+0x7e0cfa]
V  [jvm.dll+0x674d85]
C  [ucrtbase.DLL+0x1c1ae]
C  [kernel32.dll+0x159cd]
C  [ntdll.dll+0x2a561]


---------------  P R O C E S S  ---------------

Threads class SMR info:
_java_thread_list=0x0000000019259390, length=18, elements={
0x00000000003e5d80, 0x00000000004797e0, 0x000000000047c420, 0x0000000017498f00,
0x00000000174b3a70, 0x00000000174b45f0, 0x00000000174b5e70, 0x00000000174b9760,
0x00000000174e1a60, 0x0000000017521ec0, 0x0000000018f883b0, 0x0000000019027630,
0x0000000019858fa0, 0x00000000199a05f0, 0x00000000199a19e0, 0x00000000192d8740,
0x0000000019c5f5a0, 0x000000001994a350
}

Java Threads: ( => current thread )
  0x00000000003e5d80 JavaThread "main" [_thread_blocked, id=8660, stack(0x00000000021c0000,0x00000000022c0000)]
  0x00000000004797e0 JavaThread "Reference Handler" daemon [_thread_blocked, id=5188, stack(0x0000000018170000,0x0000000018270000)]
  0x000000000047c420 JavaThread "Finalizer" daemon [_thread_blocked, id=4148, stack(0x0000000018340000,0x0000000018440000)]
  0x0000000017498f00 JavaThread "Signal Dispatcher" daemon [_thread_blocked, id=7412, stack(0x0000000018610000,0x0000000018710000)]
  0x00000000174b3a70 JavaThread "Attach Listener" daemon [_thread_blocked, id=7608, stack(0x00000000184b0000,0x00000000185b0000)]
  0x00000000174b45f0 JavaThread "Service Thread" daemon [_thread_blocked, id=5100, stack(0x0000000018880000,0x0000000018980000)]
  0x00000000174b5e70 JavaThread "Monitor Deflation Thread" daemon [_thread_blocked, id=1700, stack(0x0000000018ae0000,0x0000000018be0000)]
=>0x00000000174b9760 JavaThread "C2 CompilerThread0" daemon [_thread_in_native, id=5496, stack(0x0000000018780000,0x0000000018880000)]
  0x00000000174e1a60 JavaThread "C1 CompilerThread0" daemon [_thread_blocked, id=9108, stack(0x0000000018c80000,0x0000000018d80000)]
  0x0000000017521ec0 JavaThread "Sweeper thread" daemon [_thread_blocked, id=8448, stack(0x0000000018e60000,0x0000000018f60000)]
  0x0000000018f883b0 JavaThread "Common-Cleaner" daemon [_thread_blocked, id=8564, stack(0x00000000193f0000,0x00000000194f0000)]
  0x0000000019027630 JavaThread "Notification Thread" daemon [_thread_blocked, id=8560, stack(0x00000000195e0000,0x00000000196e0000)]
  0x0000000019858fa0 JavaThread "Active Thread: Equinox Container: 90dd6d9d-7331-436f-ac70-08168e96abba" [_thread_blocked, id=4320, stack(0x000000001a8d0000,0x000000001a9d0000)]
  0x00000000199a05f0 JavaThread "Framework Event Dispatcher: Equinox Container: 90dd6d9d-7331-436f-ac70-08168e96abba" daemon [_thread_blocked, id=8132, stack(0x000000001aa90000,0x000000001ab90000)]
  0x00000000199a19e0 JavaThread "Start Level: Equinox Container: 90dd6d9d-7331-436f-ac70-08168e96abba" daemon [_thread_in_vm, id=4672, stack(0x000000001ac60000,0x000000001ad60000)]
  0x00000000192d8740 JavaThread "SCR Component Actor" daemon [_thread_blocked, id=6940, stack(0x000000001b0e0000,0x000000001b1e0000)]
  0x0000000019c5f5a0 JavaThread "Bundle File Closer" daemon [_thread_blocked, id=8620, stack(0x000000001b3c0000,0x000000001b4c0000)]
  0x000000001994a350 JavaThread "Timer-1" [_thread_blocked, id=5584, stack(0x000000001b250000,0x000000001b350000)]

Other Threads:
  0x00000000174795a0 VMThread "VM Thread" [stack: 0x0000000017fc0000,0x00000000180c0000] [id=7272]
  0x0000000019029f00 WatcherThread [stack: 0x00000000196f0000,0x00000000197f0000] [id=2364]
  0x0000000000401c00 GCTaskThread "GC Thread#0" [stack: 0x00000000147e0000,0x00000000148e0000] [id=5576]
  0x00000000199ad260 GCTaskThread "GC Thread#1" [stack: 0x000000001af10000,0x000000001b010000] [id=1800]

Threads with active compile tasks:
C2 CompilerThread0    20142 2010       4       java.util.Properties::getProperty (50 bytes)

VM state: not at safepoint (normal execution)

VM Mutex/Monitor currently owned by a thread: None

Heap address: 0x00000000c0000000, size: 1024 MB, Compressed Oops mode: 32-bit

CDS archive(s) not mapped
Compressed class space mapped at: 0x000000013fc00000-0x000000017fc00000, reserved size: 1073741824
Narrow klass base: 0x0000000000000000, Narrow klass shift: 3, Narrow klass range: 0x17fc00000

GC Precious Log:
 CPUs: 2 total, 2 available
 Memory: 1485M
 Large Page Support: Disabled
 NUMA Support: Disabled
 Compressed Oops: Enabled (32-bit)
 Alignments: Space 512K, Generation 512K, Heap 2M
 Heap Min Capacity: 100M
 Heap Initial Capacity: 100M
 Heap Max Capacity: 1G
 Pre-touch: Disabled
 Parallel Workers: 2

Heap:
 PSYoungGen      total 29696K, used 22129K [0x00000000eab00000, 0x00000000ecc00000, 0x0000000100000000)
  eden space 25600K, 70% used [0x00000000eab00000,0x00000000ebca22e8,0x00000000ec400000)
  from space 4096K, 99% used [0x00000000ec400000,0x00000000ec7fa2d8,0x00000000ec800000)
  to   space 4096K, 0% used [0x00000000ec800000,0x00000000ec800000,0x00000000ecc00000)
 ParOldGen       total 68608K, used 689K [0x00000000c0000000, 0x00000000c4300000, 0x00000000eab00000)
  object space 68608K, 1% used [0x00000000c0000000,0x00000000c00ac568,0x00000000c4300000)
 Metaspace       used 16391K, committed 16704K, reserved 1064960K
  class space    used 1673K, committed 1792K, reserved 1048576K

Card table byte_map: [0x0000000014440000,0x0000000014650000] _byte_map_base: 0x0000000013e40000

Marking Bits: (ParMarkBitMap*) 0x000007fec8204b80
 Begin Bits: [0x00000000148e0000, 0x00000000158e0000)
 End Bits:   [0x00000000158e0000, 0x00000000168e0000)

Polling page: 0x0000000000240000

Metaspace:

Usage:
  Non-class:     14.37 MB used.
      Class:      1.63 MB used.
       Both:     16.01 MB used.

Virtual space:
  Non-class space:       16.00 MB reserved,      14.56 MB ( 91%) committed,  2 nodes.
      Class space:        1.00 GB reserved,       1.75 MB ( <1%) committed,  1 nodes.
             Both:        1.02 GB reserved,      16.31 MB (  2%) committed. 

Chunk freelists:
   Non-Class:  1.35 MB
       Class:  2.07 MB
        Both:  3.42 MB

MaxMetaspaceSize: unlimited
CompressedClassSpaceSize: 1.00 GB
Initial GC threshold: 21.00 MB
Current GC threshold: 21.00 MB
CDS: off
MetaspaceReclaimPolicy: balanced
 - commit_granule_bytes: 65536.
 - commit_granule_words: 8192.
 - virtual_space_node_default_size: 1048576.
 - enlarge_chunks_in_place: 1.
 - new_chunks_are_fully_committed: 0.
 - uncommit_free_chunks: 1.
 - use_allocation_guard: 0.
 - handle_deallocations: 1.


Internal statistics:

num_allocs_failed_limit: 0.
num_arena_births: 106.
num_arena_deaths: 0.
num_vsnodes_births: 3.
num_vsnodes_deaths: 0.
num_space_committed: 261.
num_space_uncommitted: 0.
num_chunks_returned_to_freelist: 0.
num_chunks_taken_from_freelist: 403.
num_chunk_merges: 0.
num_chunk_splits: 251.
num_chunks_enlarged: 179.
num_purges: 0.
num_inconsistent_stats: 0.

CodeHeap 'non-profiled nmethods': size=120064Kb used=673Kb max_used=673Kb free=119390Kb
 bounds [0x000000000ce10000, 0x000000000d080000, 0x0000000014350000]
CodeHeap 'profiled nmethods': size=120000Kb used=4015Kb max_used=4015Kb free=115984Kb
 bounds [0x00000000058e0000, 0x0000000005cd0000, 0x000000000ce10000]
CodeHeap 'non-nmethods': size=5696Kb used=1164Kb max_used=1182Kb free=4531Kb
 bounds [0x0000000005350000, 0x00000000055c0000, 0x00000000058e0000]
 total_blobs=2453 nmethods=1998 adapters=370
 compilation: enabled
              stopped_count=0, restarted_count=0
 full_count=0

Compilation events (20 events):
Event: 19.915 Thread 0x00000000174e1a60 nmethod 2000 0x000000000ceb7990 code [0x000000000ceb7b20, 0x000000000ceb7bf8]
Event: 19.918 Thread 0x00000000174e1a60 2001       3       java.util.ArrayList$ArrayListSpliterator::tryAdvance (79 bytes)
Event: 19.920 Thread 0x00000000174e1a60 nmethod 2001 0x0000000005cc9c10 code [0x0000000005cc9e00, 0x0000000005cca348]
Event: 19.920 Thread 0x00000000174e1a60 2002       3       java.util.stream.StreamSpliterators$WrappingSpliterator$$Lambda$72/0x000000013fcfdb88::getAsBoolean (8 bytes)
Event: 19.921 Thread 0x00000000174e1a60 nmethod 2002 0x0000000005cca590 code [0x0000000005cca740, 0x0000000005cca988]
Event: 19.921 Thread 0x00000000174e1a60 2003       3       java.util.stream.StreamSpliterators$WrappingSpliterator::lambda$initPartialTraversalState$0 (14 bytes)
Event: 19.922 Thread 0x00000000174e1a60 nmethod 2003 0x0000000005ccaa90 code [0x0000000005ccac40, 0x0000000005ccae08]
Event: 19.924 Thread 0x00000000174e1a60 2004       1       java.util.Collections$1::hasNext (5 bytes)
Event: 19.925 Thread 0x00000000174e1a60 nmethod 2004 0x000000000ceb7c90 code [0x000000000ceb7e20, 0x000000000ceb7ef8]
Event: 19.927 Thread 0x00000000174b9760 2005       4       com.sun.org.apache.xerces.internal.xni.QName::<init> (9 bytes)
Event: 19.929 Thread 0x00000000174b9760 nmethod 2005 0x000000000ceb7f90 code [0x000000000ceb8100, 0x000000000ceb8198]
Event: 19.933 Thread 0x00000000174b9760 2006       4       com.sun.org.apache.xerces.internal.impl.XMLEntityScanner::scanChar (265 bytes)
Event: 19.941 Thread 0x00000000174b9760 nmethod 2006 0x000000000ceb8290 code [0x000000000ceb8420, 0x000000000ceb8598]
Event: 19.944 Thread 0x00000000174e1a60 2007       3       java.util.stream.Sink::begin (1 bytes)
Event: 19.944 Thread 0x00000000174e1a60 nmethod 2007 0x0000000005ccaf10 code [0x0000000005ccb0a0, 0x0000000005ccb1b8]
Event: 19.949 Thread 0x00000000174e1a60 2008       3       java.util.HashMap::clear (50 bytes)
Event: 19.951 Thread 0x00000000174e1a60 nmethod 2008 0x0000000005ccb290 code [0x0000000005ccb440, 0x0000000005ccb7b8]
Event: 19.952 Thread 0x00000000174e1a60 2009       3       java.util.concurrent.locks.ReentrantReadWriteLock$Sync::isHeldExclusively (16 bytes)
Event: 19.953 Thread 0x00000000174e1a60 nmethod 2009 0x0000000005ccb910 code [0x0000000005ccbaa0, 0x0000000005ccbc38]
Event: 19.955 Thread 0x00000000174b9760 2010       4       java.util.Properties::getProperty (50 bytes)

GC Heap History (2 events):
Event: 12.764 GC heap before
{Heap before GC invocations=1 (full 0):
 PSYoungGen      total 29696K, used 25600K [0x00000000eab00000, 0x00000000ecc00000, 0x0000000100000000)
  eden space 25600K, 100% used [0x00000000eab00000,0x00000000ec400000,0x00000000ec400000)
  from space 4096K, 0% used [0x00000000ec800000,0x00000000ec800000,0x00000000ecc00000)
  to   space 4096K, 0% used [0x00000000ec400000,0x00000000ec400000,0x00000000ec800000)
 ParOldGen       total 68608K, used 0K [0x00000000c0000000, 0x00000000c4300000, 0x00000000eab00000)
  object space 68608K, 0% used [0x00000000c0000000,0x00000000c0000000,0x00000000c4300000)
 Metaspace       used 12718K, committed 12864K, reserved 1064960K
  class space    used 1275K, committed 1344K, reserved 1048576K
}
Event: 12.846 GC heap after
{Heap after GC invocations=1 (full 0):
 PSYoungGen      total 29696K, used 4072K [0x00000000eab00000, 0x00000000ecc00000, 0x0000000100000000)
  eden space 25600K, 0% used [0x00000000eab00000,0x00000000eab00000,0x00000000ec400000)
  from space 4096K, 99% used [0x00000000ec400000,0x00000000ec7fa2d8,0x00000000ec800000)
  to   space 4096K, 0% used [0x00000000ec800000,0x00000000ec800000,0x00000000ecc00000)
 ParOldGen       total 68608K, used 689K [0x00000000c0000000, 0x00000000c4300000, 0x00000000eab00000)
  object space 68608K, 1% used [0x00000000c0000000,0x00000000c00ac568,0x00000000c4300000)
 Metaspace       used 12718K, committed 12864K, reserved 1064960K
  class space    used 1275K, committed 1344K, reserved 1048576K
}

Deoptimization events (20 events):
Event: 19.734 Thread 0x00000000199a19e0 Uncommon trap: trap_request=0xffffffc6 fr.pc=0x000000000ce9043c relative=0x000000000000019c
Event: 19.734 Thread 0x00000000199a19e0 Uncommon trap: reason=bimorphic_or_optimized_type_check action=maybe_recompile pc=0x000000000ce9043c method=java.util.Collections$UnmodifiableCollection$1.next()Ljava/lang/Object; @ 4 c2
Event: 19.734 Thread 0x00000000199a19e0 DEOPT PACKING pc=0x000000000ce9043c sp=0x000000001ad5ce30
Event: 19.734 Thread 0x00000000199a19e0 DEOPT UNPACKING pc=0x00000000053a20a3 sp=0x000000001ad5cde0 mode 2
Event: 19.734 Thread 0x00000000199a19e0 Uncommon trap: trap_request=0xffffffc6 fr.pc=0x000000000ce8c4b8 relative=0x0000000000000098
Event: 19.734 Thread 0x00000000199a19e0 Uncommon trap: reason=bimorphic_or_optimized_type_check action=maybe_recompile pc=0x000000000ce8c4b8 method=java.util.Collections$UnmodifiableCollection$1.hasNext()Z @ 4 c2
Event: 19.734 Thread 0x00000000199a19e0 DEOPT PACKING pc=0x000000000ce8c4b8 sp=0x000000001ad5ce50
Event: 19.734 Thread 0x00000000199a19e0 DEOPT UNPACKING pc=0x00000000053a20a3 sp=0x000000001ad5cde0 mode 2
Event: 19.734 Thread 0x00000000199a19e0 Uncommon trap: trap_request=0xffffffc6 fr.pc=0x000000000ce9043c relative=0x000000000000019c
Event: 19.734 Thread 0x00000000199a19e0 Uncommon trap: reason=bimorphic_or_optimized_type_check action=maybe_recompile pc=0x000000000ce9043c method=java.util.Collections$UnmodifiableCollection$1.next()Ljava/lang/Object; @ 4 c2
Event: 19.734 Thread 0x00000000199a19e0 DEOPT PACKING pc=0x000000000ce9043c sp=0x000000001ad5ce30
Event: 19.734 Thread 0x00000000199a19e0 DEOPT UNPACKING pc=0x00000000053a20a3 sp=0x000000001ad5cde0 mode 2
Event: 19.734 Thread 0x00000000199a19e0 Uncommon trap: trap_request=0xffffffc6 fr.pc=0x000000000ce8c4b8 relative=0x0000000000000098
Event: 19.734 Thread 0x00000000199a19e0 Uncommon trap: reason=bimorphic_or_optimized_type_check action=maybe_recompile pc=0x000000000ce8c4b8 method=java.util.Collections$UnmodifiableCollection$1.hasNext()Z @ 4 c2
Event: 19.734 Thread 0x00000000199a19e0 DEOPT PACKING pc=0x000000000ce8c4b8 sp=0x000000001ad5ce50
Event: 19.734 Thread 0x00000000199a19e0 DEOPT UNPACKING pc=0x00000000053a20a3 sp=0x000000001ad5cde0 mode 2
Event: 19.734 Thread 0x00000000199a19e0 Uncommon trap: trap_request=0xffffffc6 fr.pc=0x000000000ce9043c relative=0x000000000000019c
Event: 19.734 Thread 0x00000000199a19e0 Uncommon trap: reason=bimorphic_or_optimized_type_check action=maybe_recompile pc=0x000000000ce9043c method=java.util.Collections$UnmodifiableCollection$1.next()Ljava/lang/Object; @ 4 c2
Event: 19.735 Thread 0x00000000199a19e0 DEOPT PACKING pc=0x000000000ce9043c sp=0x000000001ad5ce30
Event: 19.735 Thread 0x00000000199a19e0 DEOPT UNPACKING pc=0x00000000053a20a3 sp=0x000000001ad5cde0 mode 2

Classes unloaded (0 events):
No events

Classes redefined (0 events):
No events

Internal exceptions (20 events):
Event: 3.551 Thread 0x00000000003e5d80 Exception <a 'java/io/FileNotFoundException'{0x00000000eaf91f48}> (0x00000000eaf91f48) 
thrown [e:\jenkins\tmp\workspace\build\src\src\hotspot\share\prims\jni.cpp, line 516]
Event: 3.636 Thread 0x00000000003e5d80 Exception <a 'java/io/FileNotFoundException'{0x00000000eafb9ba0}> (0x00000000eafb9ba0) 
thrown [e:\jenkins\tmp\workspace\build\src\src\hotspot\share\prims\jni.cpp, line 516]
Event: 3.765 Thread 0x00000000003e5d80 Implicit null exception at 0x000000000ce2bfdc to 0x000000000ce2c858
Event: 5.321 Thread 0x00000000003e5d80 Exception <a 'java/lang/ClassNotFoundException'{0x00000000eb67b548}: sun/net/www/protocol/c/Handler> (0x00000000eb67b548) 
thrown [e:\jenkins\tmp\workspace\build\src\src\hotspot\share\classfile\systemDictionary.cpp, line 256]
Event: 5.323 Thread 0x00000000003e5d80 Exception <a 'java/lang/ClassNotFoundException'{0x00000000eb67c878}: sun/net/www/protocol/c/Handler> (0x00000000eb67c878) 
thrown [e:\jenkins\tmp\workspace\build\src\src\hotspot\share\classfile\systemDictionary.cpp, line 256]
Event: 5.324 Thread 0x00000000003e5d80 Exception <a 'java/lang/ClassNotFoundException'{0x00000000eb67d9e8}: sun/net/www/protocol/c/Handler> (0x00000000eb67d9e8) 
thrown [e:\jenkins\tmp\workspace\build\src\src\hotspot\share\classfile\systemDictionary.cpp, line 256]
Event: 5.370 Thread 0x00000000003e5d80 Exception <a 'java/io/FileNotFoundException'{0x00000000eb69fbb8}> (0x00000000eb69fbb8) 
thrown [e:\jenkins\tmp\workspace\build\src\src\hotspot\share\prims\jni.cpp, line 516]
Event: 6.197 Thread 0x00000000003e5d80 Exception <a 'java/lang/NoSuchMethodError'{0x00000000eb87e038}: 'int java.lang.invoke.DirectMethodHandle$Holder.invokeStaticInit(java.lang.Object, java.lang.Object, java.lang.Object, java.lang.Object)'> (0x00000000eb87e038) 
thrown [e:\jenkins\tmp\workspace\build\src\src\hotspot\share\interpreter\linkResolver.cpp, line 766]
Event: 6.213 Thread 0x00000000003e5d80 Exception <a 'java/lang/NoSuchMethodError'{0x00000000eb8886a8}: 'java.lang.Object java.lang.invoke.DirectMethodHandle$Holder.invokeInterface(java.lang.Object, java.lang.Object)'> (0x00000000eb8886a8) 
thrown [e:\jenkins\tmp\workspace\build\src\src\hotspot\share\interpreter\linkResolver.cpp, line 766]
Event: 6.218 Thread 0x00000000003e5d80 Exception <a 'java/lang/IncompatibleClassChangeError'{0x00000000eb88bea0}: Found class java.lang.Object, but interface was expected> (0x00000000eb88bea0) 
thrown [e:\jenkins\tmp\workspace\build\src\src\hotspot\share\interpreter\linkResolver.cpp, line 833]
Event: 6.227 Thread 0x00000000003e5d80 Exception <a 'java/lang/NoSuchMethodError'{0x00000000eb88edc0}: 'void java.lang.invoke.DirectMethodHandle$Holder.invokeStatic(java.lang.Object, java.lang.Object)'> (0x00000000eb88edc0) 
thrown [e:\jenkins\tmp\workspace\build\src\src\hotspot\share\interpreter\linkResolver.cpp, line 766]
Event: 6.230 Thread 0x00000000003e5d80 Exception <a 'java/lang/NoSuchMethodError'{0x00000000eb8925c0}: 'void java.lang.invoke.DirectMethodHandle$Holder.invokeStaticInit(java.lang.Object, java.lang.Object)'> (0x00000000eb8925c0) 
thrown [e:\jenkins\tmp\workspace\build\src\src\hotspot\share\interpreter\linkResolver.cpp, line 766]
Event: 6.252 Thread 0x00000000003e5d80 Exception <a 'java/lang/NoSuchMethodError'{0x00000000eb898160}: 'int java.lang.invoke.DirectMethodHandle$Holder.invokeStaticInit(java.lang.Object, java.lang.Object)'> (0x00000000eb898160) 
thrown [e:\jenkins\tmp\workspace\build\src\src\hotspot\share\interpreter\linkResolver.cpp, line 766]
Event: 6.668 Thread 0x00000000003e5d80 Exception <a 'java/lang/NoSuchMethodError'{0x00000000eb975120}: 'void java.lang.invoke.DirectMethodHandle$Holder.invokeSpecial(java.lang.Object, java.lang.Object, java.lang.Object)'> (0x00000000eb975120) 
thrown [e:\jenkins\tmp\workspace\build\src\src\hotspot\share\interpreter\linkResolver.cpp, line 766]
Event: 9.079 Thread 0x00000000003e5d80 Exception <a 'java/lang/NoSuchMethodError'{0x00000000ec01c8f8}: 'java.lang.Object java.lang.invoke.DirectMethodHandle$Holder.newInvokeSpecial(java.lang.Object, int, java.lang.Object)'> (0x00000000ec01c8f8) 
thrown [e:\jenkins\tmp\workspace\build\src\src\hotspot\share\interpreter\linkResolver.cpp, line 766]
Event: 12.720 Thread 0x00000000003e5d80 Exception <a 'java/lang/UnsatisfiedLinkError'{0x00000000ec37ead0}: 'void org.eclipse.equinox.launcher.JNIBridge._update_splash()'> (0x00000000ec37ead0) 
thrown [e:\jenkins\tmp\workspace\build\src\src\hotspot\share\prims\nativeLookup.cpp, line 543]
Event: 13.206 Thread 0x00000000199a19e0 Exception <a 'java/lang/NoSuchMethodError'{0x00000000ead3ea10}: 'java.lang.Object java.lang.invoke.DirectMethodHandle$Holder.invokeStaticInit(java.lang.Object)'> (0x00000000ead3ea10) 
thrown [e:\jenkins\tmp\workspace\build\src\src\hotspot\share\interpreter\linkResolver.cpp, line 766]
Event: 19.494 Thread 0x00000000199a19e0 Exception <a 'java/io/FileNotFoundException'{0x00000000ebafa490}> (0x00000000ebafa490) 
thrown [e:\jenkins\tmp\workspace\build\src\src\hotspot\share\prims\jni.cpp, line 516]
Event: 19.558 Thread 0x00000000199a19e0 Exception <a 'java/lang/NullPointerException'{0x00000000ebb1ae70}> (0x00000000ebb1ae70) 
thrown [e:\jenkins\tmp\workspace\build\src\src\hotspot\share\interpreter\linkResolver.cpp, line 1357]
Event: 19.558 Thread 0x00000000199a19e0 Exception <a 'java/lang/NullPointerException'{0x00000000ebb1b698}> (0x00000000ebb1b698) 
thrown [e:\jenkins\tmp\workspace\build\src\src\hotspot\share\interpreter\linkResolver.cpp, line 1357]

VM Operations (20 events):
Event: 8.645 Executing VM operation: HandshakeAllThreads
Event: 8.645 Executing VM operation: HandshakeAllThreads done
Event: 8.753 Executing VM operation: HandshakeAllThreads
Event: 8.753 Executing VM operation: HandshakeAllThreads done
Event: 9.752 Executing VM operation: Cleanup
Event: 9.829 Executing VM operation: Cleanup done
Event: 10.830 Executing VM operation: Cleanup
Event: 10.834 Executing VM operation: Cleanup done
Event: 12.763 Executing VM operation: ParallelGCFailedAllocation
Event: 12.849 Executing VM operation: ParallelGCFailedAllocation done
Event: 13.334 Executing VM operation: HandshakeAllThreads
Event: 13.334 Executing VM operation: HandshakeAllThreads done
Event: 14.335 Executing VM operation: Cleanup
Event: 14.338 Executing VM operation: Cleanup done
Event: 15.439 Executing VM operation: Cleanup
Event: 15.440 Executing VM operation: Cleanup done
Event: 17.452 Executing VM operation: Cleanup
Event: 17.641 Executing VM operation: Cleanup done
Event: 18.658 Executing VM operation: Cleanup
Event: 18.658 Executing VM operation: Cleanup done

Events (20 events):
Event: 15.284 loading class org/xml/sax/SAXParseException done
Event: 18.868 loading class java/util/AbstractMap$SimpleImmutableEntry
Event: 18.869 loading class java/util/AbstractMap$SimpleImmutableEntry done
Event: 18.970 Thread 0x0000000019c5f5a0 Thread added: 0x0000000019c5f5a0
Event: 19.337 loading class java/util/TreeMap$Values
Event: 19.338 loading class java/util/TreeMap$Values done
Event: 19.338 loading class java/util/TreeMap$ValueIterator
Event: 19.339 loading class java/util/TreeMap$ValueIterator done
Event: 19.497 loading class java/util/function/IntFunction
Event: 19.498 loading class java/util/function/IntFunction done
Event: 19.557 loading class java/util/ImmutableCollections$Map1
Event: 19.557 loading class java/util/ImmutableCollections$Map1 done
Event: 19.559 loading class java/util/AbstractMap$1
Event: 19.559 loading class java/util/AbstractMap$1 done
Event: 19.559 loading class java/util/AbstractMap$1$1
Event: 19.559 loading class java/util/AbstractMap$1$1 done
Event: 19.584 Thread 0x000000001994a350 Thread exited: 0x000000001994a350
Event: 19.617 Thread 0x000000001994a350 Thread added: 0x000000001994a350
Event: 19.719 loading class java/lang/Process
Event: 19.721 loading class java/lang/Process done


Dynamic libraries:
0x000000013f980000 - 0x000000013f98e000 	c:\Users\LENOVO\.vscode\extensions\redhat.java-1.8.0-win32-x64\jre\17.0.3-win32-x86_64\bin\java.exe
0x0000000077320000 - 0x00000000774ca000 	C:\Windows\SYSTEM32\ntdll.dll
0x000007fee3020000 - 0x000007fee3036000 	C:\Program Files\Avast Software\Avast\aswhook.dll
0x0000000077200000 - 0x000000007731f000 	C:\Windows\system32\kernel32.dll
0x000007fefd120000 - 0x000007fefd18a000 	C:\Windows\system32\KERNELBASE.dll
0x000007fef5d80000 - 0x000007fef5d98000 	c:\Users\LENOVO\.vscode\extensions\redhat.java-1.8.0-win32-x64\jre\17.0.3-win32-x86_64\bin\jli.dll
0x000007fefbc00000 - 0x000007fefbdf4000 	C:\Windows\WinSxS\amd64_microsoft.windows.common-controls_6595b64144ccf1df_6.0.7601.18837_none_fa3b1e3d17594757\COMCTL32.dll
0x000007feff510000 - 0x000007feff5af000 	C:\Windows\system32\msvcrt.dll
0x000007fefe900000 - 0x000007fefe967000 	C:\Windows\system32\GDI32.dll
0x0000000077100000 - 0x00000000771fa000 	C:\Windows\system32\USER32.dll
0x000007feff0b0000 - 0x000007feff0be000 	C:\Windows\system32\LPK.dll
0x000007fefd740000 - 0x000007fefd80a000 	C:\Windows\system32\USP10.dll
0x000007feff0c0000 - 0x000007feff131000 	C:\Windows\system32\SHLWAPI.dll
0x000007fed0620000 - 0x000007fed0639000 	c:\Users\LENOVO\.vscode\extensions\redhat.java-1.8.0-win32-x64\jre\17.0.3-win32-x86_64\bin\VCRUNTIME140.dll
0x000007fef5d70000 - 0x000007fef5d74000 	c:\Users\LENOVO\.vscode\extensions\redhat.java-1.8.0-win32-x64\jre\17.0.3-win32-x86_64\bin\api-ms-win-crt-runtime-l1-1-0.dll
0x000007fed0230000 - 0x000007fed032a000 	c:\Users\LENOVO\.vscode\extensions\redhat.java-1.8.0-win32-x64\jre\17.0.3-win32-x86_64\bin\ucrtbase.DLL
0x000007fed0610000 - 0x000007fed0613000 	c:\Users\LENOVO\.vscode\extensions\redhat.java-1.8.0-win32-x64\jre\17.0.3-win32-x86_64\bin\api-ms-win-core-localization-l1-2-0.dll
0x000007fed0600000 - 0x000007fed0603000 	c:\Users\LENOVO\.vscode\extensions\redhat.java-1.8.0-win32-x64\jre\17.0.3-win32-x86_64\bin\api-ms-win-core-processthreads-l1-1-1.dll
0x000007fed05f0000 - 0x000007fed05f3000 	c:\Users\LENOVO\.vscode\extensions\redhat.java-1.8.0-win32-x64\jre\17.0.3-win32-x86_64\bin\api-ms-win-core-file-l1-2-0.dll
0x000007fed05e0000 - 0x000007fed05e3000 	c:\Users\LENOVO\.vscode\extensions\redhat.java-1.8.0-win32-x64\jre\17.0.3-win32-x86_64\bin\api-ms-win-core-timezone-l1-1-0.dll
0x000007fed05d0000 - 0x000007fed05d3000 	c:\Users\LENOVO\.vscode\extensions\redhat.java-1.8.0-win32-x64\jre\17.0.3-win32-x86_64\bin\api-ms-win-core-file-l2-1-0.dll
0x000007fed05c0000 - 0x000007fed05c3000 	c:\Users\LENOVO\.vscode\extensions\redhat.java-1.8.0-win32-x64\jre\17.0.3-win32-x86_64\bin\api-ms-win-core-synch-l1-2-0.dll
0x000007fed05b0000 - 0x000007fed05b3000 	c:\Users\LENOVO\.vscode\extensions\redhat.java-1.8.0-win32-x64\jre\17.0.3-win32-x86_64\bin\api-ms-win-crt-heap-l1-1-0.dll
0x000007fed05a0000 - 0x000007fed05a4000 	c:\Users\LENOVO\.vscode\extensions\redhat.java-1.8.0-win32-x64\jre\17.0.3-win32-x86_64\bin\api-ms-win-crt-string-l1-1-0.dll
0x000007fed0590000 - 0x000007fed0594000 	c:\Users\LENOVO\.vscode\extensions\redhat.java-1.8.0-win32-x64\jre\17.0.3-win32-x86_64\bin\api-ms-win-crt-stdio-l1-1-0.dll
0x000007fed0580000 - 0x000007fed0584000 	c:\Users\LENOVO\.vscode\extensions\redhat.java-1.8.0-win32-x64\jre\17.0.3-win32-x86_64\bin\api-ms-win-crt-convert-l1-1-0.dll
0x000007fed0570000 - 0x000007fed0573000 	c:\Users\LENOVO\.vscode\extensions\redhat.java-1.8.0-win32-x64\jre\17.0.3-win32-x86_64\bin\api-ms-win-crt-environment-l1-1-0.dll
0x000007fed0560000 - 0x000007fed0563000 	c:\Users\LENOVO\.vscode\extensions\redhat.java-1.8.0-win32-x64\jre\17.0.3-win32-x86_64\bin\api-ms-win-crt-filesystem-l1-1-0.dll
0x000007fed0550000 - 0x000007fed0555000 	c:\Users\LENOVO\.vscode\extensions\redhat.java-1.8.0-win32-x64\jre\17.0.3-win32-x86_64\bin\api-ms-win-crt-math-l1-1-0.dll
0x000007fed0540000 - 0x000007fed0543000 	c:\Users\LENOVO\.vscode\extensions\redhat.java-1.8.0-win32-x64\jre\17.0.3-win32-x86_64\bin\api-ms-win-crt-locale-l1-1-0.dll
0x000007fefd410000 - 0x000007fefd43e000 	C:\Windows\system32\IMM32.DLL
0x000007fefee50000 - 0x000007fefef59000 	C:\Windows\system32\MSCTF.dll
0x000007fed0530000 - 0x000007fed053c000 	c:\Users\LENOVO\.vscode\extensions\redhat.java-1.8.0-win32-x64\jre\17.0.3-win32-x86_64\bin\vcruntime140_1.dll
0x000007fed0190000 - 0x000007fed0221000 	c:\Users\LENOVO\.vscode\extensions\redhat.java-1.8.0-win32-x64\jre\17.0.3-win32-x86_64\bin\msvcp140.dll
0x000007fed0180000 - 0x000007fed0183000 	c:\Users\LENOVO\.vscode\extensions\redhat.java-1.8.0-win32-x64\jre\17.0.3-win32-x86_64\bin\api-ms-win-crt-time-l1-1-0.dll
0x000007fed0170000 - 0x000007fed0173000 	c:\Users\LENOVO\.vscode\extensions\redhat.java-1.8.0-win32-x64\jre\17.0.3-win32-x86_64\bin\api-ms-win-crt-utility-l1-1-0.dll
0x000007fec7680000 - 0x000007fec82c8000 	c:\Users\LENOVO\.vscode\extensions\redhat.java-1.8.0-win32-x64\jre\17.0.3-win32-x86_64\bin\server\jvm.dll
0x000007fefe820000 - 0x000007fefe8fb000 	C:\Windows\system32\ADVAPI32.dll
0x000007fefd440000 - 0x000007fefd45f000 	C:\Windows\SYSTEM32\sechost.dll
0x000007feff160000 - 0x000007feff28d000 	C:\Windows\system32\RPCRT4.dll
0x000007fef99e0000 - 0x000007fef99e9000 	C:\Windows\system32\WSOCK32.dll
0x000007feff060000 - 0x000007feff0ad000 	C:\Windows\system32\WS2_32.dll
0x000007feff290000 - 0x000007feff298000 	C:\Windows\system32\NSI.dll
0x000007feebd60000 - 0x000007feebd9b000 	C:\Windows\system32\WINMM.dll
0x000007fefc120000 - 0x000007fefc12c000 	C:\Windows\system32\VERSION.dll
0x00000000774f0000 - 0x00000000774f7000 	C:\Windows\system32\PSAPI.DLL
0x000007fed0160000 - 0x000007fed016a000 	c:\Users\LENOVO\.vscode\extensions\redhat.java-1.8.0-win32-x64\jre\17.0.3-win32-x86_64\bin\jimage.dll
0x000007fefa670000 - 0x000007fefa795000 	C:\Windows\system32\DBGHELP.DLL
0x000007fed0130000 - 0x000007fed0155000 	c:\Users\LENOVO\.vscode\extensions\redhat.java-1.8.0-win32-x64\jre\17.0.3-win32-x86_64\bin\java.dll
0x000007fed0110000 - 0x000007fed0128000 	c:\Users\LENOVO\.vscode\extensions\redhat.java-1.8.0-win32-x64\jre\17.0.3-win32-x86_64\bin\zip.dll
0x000007fefd8b0000 - 0x000007fefe639000 	C:\Windows\system32\SHELL32.dll
0x000007fefec40000 - 0x000007fefee43000 	C:\Windows\system32\ole32.dll
0x000007fefd050000 - 0x000007fefd05f000 	C:\Windows\system32\profapi.dll
0x000007fed00e0000 - 0x000007fed00f9000 	C:\Users\LENOVO\.vscode\extensions\redhat.java-1.8.0-win32-x64\jre\17.0.3-win32-x86_64\bin\net.dll
0x000007fef7c10000 - 0x000007fef7c81000 	C:\Windows\system32\WINHTTP.dll
0x000007fef7ba0000 - 0x000007fef7c05000 	C:\Windows\system32\webio.dll
0x000007fefc7f0000 - 0x000007fefc845000 	C:\Windows\system32\mswsock.dll
0x000007fefc7e0000 - 0x000007fefc7e7000 	C:\Windows\System32\wship6.dll
0x000007fecc950000 - 0x000007fecc965000 	C:\Users\LENOVO\.vscode\extensions\redhat.java-1.8.0-win32-x64\jre\17.0.3-win32-x86_64\bin\nio.dll
0x000007fec9de0000 - 0x000007fec9e1e000 	C:\Users\LENOVO\AppData\Roaming\Code\User\globalStorage\redhat.java\1.8.0\config_win\org.eclipse.equinox.launcher\org.eclipse.equinox.launcher.win32.win32.x86_64_1.2.500.v20220509-0833\eclipse_11700.dll

dbghelp: loaded successfully - version: 4.0.5 - missing functions: none
symbol engine: initialized successfully - sym options: 0x614 - pdb path: .;c:\Users\LENOVO\.vscode\extensions\redhat.java-1.8.0-win32-x64\jre\17.0.3-win32-x86_64\bin;C:\Windows\SYSTEM32;C:\Program Files\Avast Software\Avast;C:\Windows\WinSxS\amd64_microsoft.windows.common-controls_6595b64144ccf1df_6.0.7601.18837_none_fa3b1e3d17594757;c:\Users\LENOVO\.vscode\extensions\redhat.java-1.8.0-win32-x64\jre\17.0.3-win32-x86_64\bin\server;C:\Users\LENOVO\AppData\Roaming\Code\User\globalStorage\redhat.java\1.8.0\config_win\org.eclipse.equinox.launcher\org.eclipse.equinox.launcher.win32.win32.x86_64_1.2.500.v20220509-0833

VM Arguments:
jvm_args: --add-modules=ALL-SYSTEM --add-opens=java.base/java.util=ALL-UNNAMED --add-opens=java.base/java.lang=ALL-UNNAMED --add-opens=java.base/sun.nio.fs=ALL-UNNAMED -Declipse.application=org.eclipse.jdt.ls.core.id1 -Dosgi.bundles.defaultStartLevel=4 -Declipse.product=org.eclipse.jdt.ls.core.product -Djava.import.generatesMetadataFilesAtProjectRoot=false -Dfile.encoding=utf8 -DwatchParentProcess=false -XX:+UseParallelGC -XX:GCTimeRatio=4 -XX:AdaptiveSizePolicyWeight=90 -Dsun.zip.disableMemoryMapping=true -Xmx1G -Xms100m -XX:+HeapDumpOnOutOfMemoryError -XX:HeapDumpPath=c:\Users\LENOVO\AppData\Roaming\Code\User\workspaceStorage\123212859bc6ca5fc8f745e4ec924077\redhat.java 
java_command: c:\Users\LENOVO\.vscode\extensions\redhat.java-1.8.0-win32-x64\server\plugins\org.eclipse.equinox.launcher_1.6.400.v20210924-0641.jar -configuration c:\Users\LENOVO\AppData\Roaming\Code\User\globalStorage\redhat.java\1.8.0\config_win -data c:\Users\LENOVO\AppData\Roaming\Code\User\workspaceStorage\123212859bc6ca5fc8f745e4ec924077\redhat.java\jdt_ws
java_class_path (initial): c:\Users\LENOVO\.vscode\extensions\redhat.java-1.8.0-win32-x64\server\plugins\org.eclipse.equinox.launcher_1.6.400.v20210924-0641.jar
Launcher Type: SUN_STANDARD

[Global flags]
    uintx AdaptiveSizePolicyWeight                 = 90                                        {product} {command line}
     intx CICompilerCount                          = 2                                         {product} {ergonomic}
    uintx GCTimeRatio                              = 4                                         {product} {command line}
     bool HeapDumpOnOutOfMemoryError               = true                                   {manageable} {command line}
    ccstr HeapDumpPath                             = c:\Users\LENOVO\AppData\Roaming\Code\User\workspaceStorage\123212859bc6ca5fc8f745e4ec924077\redhat.java         {manageable} {command line}
   size_t InitialHeapSize                          = 104857600                                 {product} {command line}
   size_t MaxHeapSize                              = 1073741824                                {product} {command line}
   size_t MaxNewSize                               = 357564416                                 {product} {ergonomic}
   size_t MinHeapDeltaBytes                        = 524288                                    {product} {ergonomic}
   size_t MinHeapSize                              = 104857600                                 {product} {command line}
   size_t NewSize                                  = 34603008                                  {product} {ergonomic}
    uintx NonNMethodCodeHeapSize                   = 5826188                                {pd product} {ergonomic}
    uintx NonProfiledCodeHeapSize                  = 122916026                              {pd product} {ergonomic}
   size_t OldSize                                  = 70254592                                  {product} {ergonomic}
    uintx ProfiledCodeHeapSize                     = 122916026                              {pd product} {ergonomic}
    uintx ReservedCodeCacheSize                    = 251658240                              {pd product} {ergonomic}
     bool SegmentedCodeCache                       = true                                      {product} {ergonomic}
   size_t SoftMaxHeapSize                          = 1073741824                             {manageable} {ergonomic}
     bool UseCompressedClassPointers               = true                           {product lp64_product} {ergonomic}
     bool UseCompressedOops                        = true                           {product lp64_product} {ergonomic}
     bool UseLargePagesIndividualAllocation        = false                                  {pd product} {ergonomic}
     bool UseParallelGC                            = true                                      {product} {command line}

Logging:
Log output configuration:
 #0: stdout all=warning uptime,level,tags
 #1: stderr all=off uptime,level,tags

Environment Variables:
JAVA_HOME=C:\Program Files\Java\jdk-18
PATH=C:\Program Files\Common Files\Oracle\Java\javapath;C:\Windows\system32;C:\Windows;C:\Windows\System32\Wbem;C:\Windows\System32\WindowsPowerShell\v1.0\;C:\Program Files (x86)\ATI Technologies\ATI.ACE\Core-Static;C:\Program Files\IBM\SPSS\Statistics\23\JRE\bin;C:\Program Files\Git\cmd;C:\Program Files\nodejs\;C:\Program Files\MySQL\MySQL Server 8.0\bin;C:\Program Files (x86)\nodejs\;C:\Program Files\apache-maven-3.8.6\bin;C:\Users\LENOVO\AppData\Local\Programs\Python\Python38-32\Scripts\;C:\Users\LENOVO\AppData\Local\Programs\Python\Python38-32\;C:\Users\LENOVO\AppData\Local\Programs\Microsoft VS Code\bin;C:\Users\LENOVO\AppData\Roaming\npm;C:\Program Files\apache-maven-3.8.6\bin
USERNAME=LENOVO
OS=Windows_NT
PROCESSOR_IDENTIFIER=AMD64 Family 22 Model 0 Stepping 1, AuthenticAMD



---------------  S Y S T E M  ---------------

OS:
 Windows 7 , 64 bit Build 7601 (6.1.7601.23572)
OS uptime: 0 days 5:06 hours

CPU: total 2 (initial active 2) (2 cores per cpu, 1 threads per core) family 22 model 0 stepping 1 microcode 0x0, cx8, cmov, fxsr, mmx, 3dnowpref, sse, sse2, sse3, ssse3, sse4a, sse4.1, sse4.2, popcnt, lzcnt, tsc, tscinvbit, avx, aes, clmul, bmi1, vzeroupper, clflush

Memory: 4k page, system-wide physical 1485M (89M free)
TotalPageFile size 5941M (AvailPageFile size 4M)
current process WorkingSet (physical memory assigned to process): 85M, peak: 85M
current process commit charge ("private bytes"): 194M, peak: 194M

vm_info: OpenJDK 64-Bit Server VM (17.0.3+7) for windows-amd64 JRE (17.0.3+7), built on Apr 19 2022 16:55:35 by "" with MS VC++ 16.7 (VS2019)

END.
