#
# There is insufficient memory for the Java Runtime Environment to continue.
# Native memory allocation (mmap) failed to map 65536 bytes for Failed to commit metaspace.
# Possible reasons:
#   The system is out of physical RAM or swap space
#   The process is running with CompressedOops enabled, and the Java Heap may be blocking the growth of the native heap
# Possible solutions:
#   Reduce memory load on the system
#   Increase physical memory or swap space
#   Check if swap backing store is full
#   Decrease Java heap size (-Xmx/-Xms)
#   Decrease number of Java threads
#   Decrease Java thread stack sizes (-Xss)
#   Set larger code cache with -XX:ReservedCodeCacheSize=
#   JVM is running with Unscaled Compressed Oops mode in which the Java heap is
#     placed in the first 4GB address space. The Java Heap base address is the
#     maximum limit for the native heap growth. Please use -XX:HeapBaseMinAddress
#     to set the Java Heap base and to place the Java Heap above 4GB virtual address.
# This output file may be truncated or incomplete.
#
#  Out of Memory Error (virtualSpaceNode.cpp:110), pid=8640, tid=6640
#
# JRE version: OpenJDK Runtime Environment Temurin-17.0.3+7 (17.0.3+7) (build 17.0.3+7)
# Java VM: OpenJDK 64-Bit Server VM Temurin-17.0.3+7 (17.0.3+7, mixed mode, tiered, compressed oops, compressed class ptrs, parallel gc, windows-amd64)
# No core dump will be written. Minidumps are not enabled by default on client versions of Windows
#

---------------  S U M M A R Y ------------

Command Line: --add-modules=ALL-SYSTEM --add-opens=java.base/java.util=ALL-UNNAMED --add-opens=java.base/java.lang=ALL-UNNAMED --add-opens=java.base/sun.nio.fs=ALL-UNNAMED -Declipse.application=org.eclipse.jdt.ls.core.id1 -Dosgi.bundles.defaultStartLevel=4 -Declipse.product=org.eclipse.jdt.ls.core.product -Djava.import.generatesMetadataFilesAtProjectRoot=false -Dfile.encoding=utf8 -DwatchParentProcess=false -XX:+UseParallelGC -XX:GCTimeRatio=4 -XX:AdaptiveSizePolicyWeight=90 -Dsun.zip.disableMemoryMapping=true -Xmx1G -Xms100m -XX:+HeapDumpOnOutOfMemoryError -XX:HeapDumpPath=c:\Users\LENOVO\AppData\Roaming\Code\User\workspaceStorage\123212859bc6ca5fc8f745e4ec924077\redhat.java c:\Users\LENOVO\.vscode\extensions\redhat.java-1.8.0-win32-x64\server\plugins\org.eclipse.equinox.launcher_1.6.400.v20210924-0641.jar -configuration c:\Users\LENOVO\AppData\Roaming\Code\User\globalStorage\redhat.java\1.8.0\config_win -data c:\Users\LENOVO\AppData\Roaming\Code\User\workspaceStorage\123212859bc6ca5fc8f745e4ec924077\redhat.java\jdt_ws

Host: AMD E1-2100 APU with Radeon(TM) HD Graphics    , 2 cores, 1G,  Windows 7 , 64 bit Build 7601 (6.1.7601.23572)
Time: Fri Jul  8 13:07:24 2022 SE Asia Standard Time elapsed time: 4.930994 seconds (0d 0h 0m 4s)

---------------  T H R E A D  ---------------

Current thread (0x00000000001f5d80):  JavaThread "main" [_thread_in_vm, id=6640, stack(0x0000000002120000,0x0000000002220000)]

Stack: [0x0000000002120000,0x0000000002220000]
Native frames: (J=compiled Java code, j=interpreted, Vv=VM code, C=native code)
V  [jvm.dll+0x675efa]
V  [jvm.dll+0x830a24]
V  [jvm.dll+0x8321ce]
V  [jvm.dll+0x832833]
V  [jvm.dll+0x2454b5]
V  [jvm.dll+0x82c9cb]
V  [jvm.dll+0x61ab26]
V  [jvm.dll+0x1c046e]
V  [jvm.dll+0x61d471]
V  [jvm.dll+0x61b4c6]
V  [jvm.dll+0x239a1f]
V  [jvm.dll+0x6252d5]
V  [jvm.dll+0x1ea19b]
V  [jvm.dll+0x1ea6d5]
V  [jvm.dll+0x1eb10f]
V  [jvm.dll+0x1e05b1]
V  [jvm.dll+0x53bb80]
V  [jvm.dll+0x7aba28]
V  [jvm.dll+0x7abb14]
V  [jvm.dll+0x40c7c5]
V  [jvm.dll+0x4129b8]
C  [java.dll+0x17ec]

Java frames: (J=compiled Java code, j=interpreted, Vv=VM code)
j  java.lang.ClassLoader.defineClass1(Ljava/lang/ClassLoader;Ljava/lang/String;[BIILjava/security/ProtectionDomain;Ljava/lang/String;)Ljava/lang/Class;+0 java.base@17.0.3
j  java.lang.ClassLoader.defineClass(Ljava/lang/String;[BIILjava/security/ProtectionDomain;)Ljava/lang/Class;+27 java.base@17.0.3
j  java.security.SecureClassLoader.defineClass(Ljava/lang/String;[BIILjava/security/CodeSource;)Ljava/lang/Class;+12 java.base@17.0.3
j  java.net.URLClassLoader.defineClass(Ljava/lang/String;Ljdk/internal/loader/Resource;)Ljava/lang/Class;+221 java.base@17.0.3
j  java.net.URLClassLoader$1.run()Ljava/lang/Class;+43 java.base@17.0.3
j  java.net.URLClassLoader$1.run()Ljava/lang/Object;+1 java.base@17.0.3
j  java.security.AccessController.executePrivileged(Ljava/security/PrivilegedExceptionAction;Ljava/security/AccessControlContext;Ljava/lang/Class;)Ljava/lang/Object;+29 java.base@17.0.3
j  java.security.AccessController.doPrivileged(Ljava/security/PrivilegedExceptionAction;Ljava/security/AccessControlContext;)Ljava/lang/Object;+13 java.base@17.0.3
j  java.net.URLClassLoader.findClass(Ljava/lang/String;)Ljava/lang/Class;+13 java.base@17.0.3
j  java.lang.ClassLoader.loadClass(Ljava/lang/String;Z)Ljava/lang/Class;+69 java.base@17.0.3
J 689 c1 java.lang.ClassLoader.loadClass(Ljava/lang/String;)Ljava/lang/Class; java.base@17.0.3 (7 bytes) @ 0x00000000059a23bc [0x00000000059a22c0+0x00000000000000fc]
v  ~StubRoutines::call_stub
j  org.eclipse.osgi.storage.Storage.<init>(Lorg/eclipse/osgi/internal/framework/EquinoxContainer;[Ljava/lang/String;)V+208
j  org.eclipse.osgi.storage.Storage.createStorage(Lorg/eclipse/osgi/internal/framework/EquinoxContainer;)Lorg/eclipse/osgi/storage/Storage;+11
j  org.eclipse.osgi.internal.framework.EquinoxContainer.<init>(Ljava/util/Map;Lorg/osgi/framework/connect/ModuleConnector;)V+145
j  org.eclipse.osgi.launch.Equinox.<init>(Ljava/util/Map;Lorg/osgi/framework/connect/ModuleConnector;)V+10
j  org.eclipse.osgi.launch.Equinox.<init>(Ljava/util/Map;)V+3
j  org.eclipse.core.runtime.adaptor.EclipseStarter.startup([Ljava/lang/String;Ljava/lang/Runnable;)Lorg/osgi/framework/BundleContext;+28
j  org.eclipse.core.runtime.adaptor.EclipseStarter.run([Ljava/lang/String;Ljava/lang/Runnable;)Ljava/lang/Object;+21
v  ~StubRoutines::call_stub
j  jdk.internal.reflect.NativeMethodAccessorImpl.invoke0(Ljava/lang/reflect/Method;Ljava/lang/Object;[Ljava/lang/Object;)Ljava/lang/Object;+0 java.base@17.0.3
j  jdk.internal.reflect.NativeMethodAccessorImpl.invoke(Ljava/lang/Object;[Ljava/lang/Object;)Ljava/lang/Object;+133 java.base@17.0.3
j  jdk.internal.reflect.DelegatingMethodAccessorImpl.invoke(Ljava/lang/Object;[Ljava/lang/Object;)Ljava/lang/Object;+6 java.base@17.0.3
j  java.lang.reflect.Method.invoke(Ljava/lang/Object;[Ljava/lang/Object;)Ljava/lang/Object;+59 java.base@17.0.3
j  org.eclipse.equinox.launcher.Main.invokeFramework([Ljava/lang/String;[Ljava/net/URL;)V+201
j  org.eclipse.equinox.launcher.Main.basicRun([Ljava/lang/String;)V+159
j  org.eclipse.equinox.launcher.Main.run([Ljava/lang/String;)I+4
j  org.eclipse.equinox.launcher.Main.main([Ljava/lang/String;)V+10
v  ~StubRoutines::call_stub

---------------  P R O C E S S  ---------------

Threads class SMR info:
_java_thread_list=0x0000000018f8bda0, length=12, elements={
0x00000000001f5d80, 0x00000000002897e0, 0x000000000028c420, 0x0000000017498f00,
0x00000000174b3a70, 0x00000000174b45f0, 0x00000000174b5170, 0x00000000174b7d60,
0x00000000174faf20, 0x0000000017516b00, 0x0000000018ee0040, 0x0000000018f91920
}

Java Threads: ( => current thread )
=>0x00000000001f5d80 JavaThread "main" [_thread_in_vm, id=6640, stack(0x0000000002120000,0x0000000002220000)]
  0x00000000002897e0 JavaThread "Reference Handler" daemon [_thread_blocked, id=3412, stack(0x00000000182c0000,0x00000000183c0000)]
  0x000000000028c420 JavaThread "Finalizer" daemon [_thread_blocked, id=4324, stack(0x00000000183f0000,0x00000000184f0000)]
  0x0000000017498f00 JavaThread "Signal Dispatcher" daemon [_thread_blocked, id=8660, stack(0x0000000018560000,0x0000000018660000)]
  0x00000000174b3a70 JavaThread "Attach Listener" daemon [_thread_blocked, id=5576, stack(0x00000000180d0000,0x00000000181d0000)]
  0x00000000174b45f0 JavaThread "Service Thread" daemon [_thread_blocked, id=7272, stack(0x00000000186c0000,0x00000000187c0000)]
  0x00000000174b5170 JavaThread "Monitor Deflation Thread" daemon [_thread_blocked, id=5188, stack(0x0000000018840000,0x0000000018940000)]
  0x00000000174b7d60 JavaThread "C2 CompilerThread0" daemon [_thread_blocked, id=4148, stack(0x00000000189a0000,0x0000000018aa0000)]
  0x00000000174faf20 JavaThread "C1 CompilerThread0" daemon [_thread_blocked, id=7412, stack(0x0000000018c30000,0x0000000018d30000)]
  0x0000000017516b00 JavaThread "Sweeper thread" daemon [_thread_blocked, id=7608, stack(0x0000000018db0000,0x0000000018eb0000)]
  0x0000000018ee0040 JavaThread "Common-Cleaner" daemon [_thread_blocked, id=4320, stack(0x0000000019400000,0x0000000019500000)]
  0x0000000018f91920 JavaThread "Notification Thread" daemon [_thread_blocked, id=1800, stack(0x00000000195e0000,0x00000000196e0000)]

Other Threads:
  0x00000000174795a0 VMThread "VM Thread" [stack: 0x0000000017fd0000,0x00000000180d0000] [id=8012] _threads_hazard_ptr=0x0000000018f8bda0
  0x00000000175ffce0 WatcherThread [stack: 0x0000000019790000,0x0000000019890000] [id=6940]
  0x0000000000211c00 GCTaskThread "GC Thread#0" [stack: 0x00000000147d0000,0x00000000148d0000] [id=7916]

Threads with active compile tasks:

VM state: synchronizing (normal execution)

VM Mutex/Monitor currently owned by a thread:  ([mutex/lock_event])
[0x00000000001f01f0] Metaspace_lock - owner thread: 0x00000000001f5d80
[0x00000000001f0f10] Threads_lock - owner thread: 0x00000000174795a0

Heap address: 0x00000000c0000000, size: 1024 MB, Compressed Oops mode: 32-bit

CDS archive(s) not mapped
Compressed class space mapped at: 0x000000013fc00000-0x000000017fc00000, reserved size: 1073741824
Narrow klass base: 0x0000000000000000, Narrow klass shift: 3, Narrow klass range: 0x17fc00000

GC Precious Log:
 CPUs: 2 total, 2 available
 Memory: 1485M
 Large Page Support: Disabled
 NUMA Support: Disabled
 Compressed Oops: Enabled (32-bit)
 Alignments: Space 512K, Generation 512K, Heap 2M
 Heap Min Capacity: 100M
 Heap Initial Capacity: 100M
 Heap Max Capacity: 1G
 Pre-touch: Disabled
 Parallel Workers: 2

Heap:
 PSYoungGen      total 29696K, used 13940K [0x00000000eab00000, 0x00000000ecc00000, 0x0000000100000000)
  eden space 25600K, 54% used [0x00000000eab00000,0x00000000eb89d398,0x00000000ec400000)
  from space 4096K, 0% used [0x00000000ec800000,0x00000000ec800000,0x00000000ecc00000)
  to   space 4096K, 0% used [0x00000000ec400000,0x00000000ec400000,0x00000000ec800000)
 ParOldGen       total 68608K, used 0K [0x00000000c0000000, 0x00000000c4300000, 0x00000000eab00000)
  object space 68608K, 0% used [0x00000000c0000000,0x00000000c0000000,0x00000000c4300000)
 Metaspace       used 9816K, committed 9920K, reserved 1064960K
  class space    used 973K, committed 1024K, reserved 1048576K

Card table byte_map: [0x00000000143e0000,0x00000000145f0000] _byte_map_base: 0x0000000013de0000

Marking Bits: (ParMarkBitMap*) 0x000007fec8204b80
 Begin Bits: [0x00000000148d0000, 0x00000000158d0000)
 End Bits:   [0x00000000158d0000, 0x00000000168d0000)

Polling page: 0x0000000001f70000

Metaspace:

Usage:
  Non-class:      8.64 MB used.
      Class:    973.65 KB used.
       Both:      9.59 MB used.

Virtual space:
  Non-class space:       16.00 MB reserved,       8.69 MB ( 54%) committed,  2 nodes.
      Class space:        1.00 GB reserved,       1.00 MB ( <1%) committed,  1 nodes.
             Both:        1.02 GB reserved,       9.69 MB ( <1%) committed. 

Chunk freelists:
   Non-Class:  2.42 MB
       Class:  2.91 MB
        Both:  5.33 MB

MaxMetaspaceSize: unlimited
CompressedClassSpaceSize: 1.00 GB
Initial GC threshold: 21.00 MB
Current GC threshold: 21.00 MB
CDS: off
MetaspaceReclaimPolicy: balanced
 - commit_granule_bytes: 65536.
 - commit_granule_words: 8192.
 - virtual_space_node_default_size: 1048576.
 - enlarge_chunks_in_place: 1.
 - new_chunks_are_fully_committed: 0.
 - uncommit_free_chunks: 1.
 - use_allocation_guard: 0.
 - handle_deallocations: 1.


Internal statistics:

num_allocs_failed_limit: 0.
num_arena_births: 14.
num_arena_deaths: 0.
num_vsnodes_births: 3.
num_vsnodes_deaths: 0.
num_space_committed: 155.
num_space_uncommitted: 0.
num_chunks_returned_to_freelist: 0.
num_chunks_taken_from_freelist: 71.
num_chunk_merges: 0.
num_chunk_splits: 42.
num_chunks_enlarged: 38.
num_purges: 0.
num_inconsistent_stats: 0.

CodeHeap 'non-profiled nmethods': size=120064Kb used=232Kb max_used=232Kb free=119831Kb
 bounds [0x000000000cdb0000, 0x000000000d020000, 0x00000000142f0000]
CodeHeap 'profiled nmethods': size=120000Kb used=1207Kb max_used=1207Kb free=118793Kb
 bounds [0x0000000005880000, 0x0000000005af0000, 0x000000000cdb0000]
CodeHeap 'non-nmethods': size=5696Kb used=1128Kb max_used=1143Kb free=4567Kb
 bounds [0x00000000052f0000, 0x0000000005560000, 0x0000000005880000]
 total_blobs=1134 nmethods=717 adapters=333
 compilation: enabled
              stopped_count=0, restarted_count=0
 full_count=0

Compilation events (20 events):
Event: 4.853 Thread 0x00000000174faf20  711       1       java.security.CodeSigner::getSignerCertPath (5 bytes)
Event: 4.854 Thread 0x00000000174faf20 nmethod 711 0x000000000cde9290 code [0x000000000cde9420, 0x000000000cde94f8]
Event: 4.856 Thread 0x00000000174faf20  712       1       java.util.jar.Manifest::getMainAttributes (5 bytes)
Event: 4.856 Thread 0x00000000174faf20 nmethod 712 0x000000000cde9590 code [0x000000000cde9720, 0x000000000cde97f8]
Event: 4.860 Thread 0x00000000174faf20  713       1       jdk.internal.loader.URLClassPath$Loader::getBaseURL (5 bytes)
Event: 4.861 Thread 0x00000000174faf20 nmethod 713 0x000000000cde9890 code [0x000000000cde9a20, 0x000000000cde9af8]
Event: 4.862 Thread 0x00000000174faf20  714       3       sun.security.util.ManifestEntryVerifier::update (48 bytes)
Event: 4.865 Thread 0x00000000174faf20 nmethod 714 0x00000000059a9590 code [0x00000000059a97a0, 0x00000000059a9e58]
Event: 4.875 Thread 0x00000000174faf20  715   !   3       java.util.jar.JarFile::getManifestFromReference (197 bytes)
Event: 4.880 Thread 0x00000000174faf20 nmethod 715 0x00000000059aa110 code [0x00000000059aa400, 0x00000000059ab6f8]
Event: 4.891 Thread 0x00000000174faf20  716       3       jdk.internal.access.SharedSecrets::javaUtilJarAccess (19 bytes)
Event: 4.892 Thread 0x00000000174faf20 nmethod 716 0x00000000059abe10 code [0x00000000059ac000, 0x00000000059ac3a8]
Event: 4.893 Thread 0x00000000174faf20  717  s    1       java.util.Hashtable::size (5 bytes)
Event: 4.894 Thread 0x00000000174faf20 nmethod 717 0x000000000cde9b90 code [0x000000000cde9d20, 0x000000000cde9e98]
Event: 4.905 Thread 0x00000000174faf20  718  s    3       jdk.internal.loader.Resource::cachedInputStream (20 bytes)
Event: 4.906 Thread 0x00000000174faf20 nmethod 718 0x00000000059ac590 code [0x00000000059ac740, 0x00000000059acaa8]
Event: 4.907 Thread 0x00000000174faf20  719       1       java.util.zip.ZipEntry::getCrc (5 bytes)
Event: 4.908 Thread 0x00000000174faf20 nmethod 719 0x000000000cde9f10 code [0x000000000cdea0a0, 0x000000000cdea178]
Event: 4.911 Thread 0x00000000174faf20  720       3       java.security.CodeSource::getCertificates (98 bytes)
Event: 4.914 Thread 0x00000000174faf20 nmethod 720 0x00000000059acc10 code [0x00000000059ace60, 0x00000000059ad8f8]

GC Heap History (0 events):
No events

Deoptimization events (20 events):
Event: 4.039 Thread 0x00000000001f5d80 Uncommon trap: trap_request=0xffffff45 fr.pc=0x000000000cdd638c relative=0x00000000000007ec
Event: 4.039 Thread 0x00000000001f5d80 Uncommon trap: reason=unstable_if action=reinterpret pc=0x000000000cdd638c method=sun.security.provider.SHA5.implCompress0([BI)V @ 4 c2
Event: 4.039 Thread 0x00000000001f5d80 DEOPT PACKING pc=0x000000000cdd638c sp=0x000000000221cf60
Event: 4.039 Thread 0x00000000001f5d80 DEOPT UNPACKING pc=0x00000000053420a3 sp=0x000000000221ce70 mode 2
Event: 4.047 Thread 0x00000000001f5d80 DEOPT PACKING pc=0x0000000005981261 sp=0x000000000221cee0
Event: 4.047 Thread 0x00000000001f5d80 DEOPT UNPACKING pc=0x0000000005342843 sp=0x000000000221c368 mode 0
Event: 4.048 Thread 0x00000000001f5d80 DEOPT PACKING pc=0x0000000005981261 sp=0x000000000221cee0
Event: 4.048 Thread 0x00000000001f5d80 DEOPT UNPACKING pc=0x0000000005342843 sp=0x000000000221c368 mode 0
Event: 4.049 Thread 0x00000000001f5d80 DEOPT PACKING pc=0x0000000005981261 sp=0x000000000221cee0
Event: 4.049 Thread 0x00000000001f5d80 DEOPT UNPACKING pc=0x0000000005342843 sp=0x000000000221c368 mode 0
Event: 4.050 Thread 0x00000000001f5d80 DEOPT PACKING pc=0x0000000005981261 sp=0x000000000221cee0
Event: 4.050 Thread 0x00000000001f5d80 DEOPT UNPACKING pc=0x0000000005342843 sp=0x000000000221c368 mode 0
Event: 4.053 Thread 0x00000000001f5d80 DEOPT PACKING pc=0x0000000005981261 sp=0x000000000221cee0
Event: 4.053 Thread 0x00000000001f5d80 DEOPT UNPACKING pc=0x0000000005342843 sp=0x000000000221c368 mode 0
Event: 4.059 Thread 0x00000000001f5d80 DEOPT PACKING pc=0x0000000005981261 sp=0x000000000221cee0
Event: 4.059 Thread 0x00000000001f5d80 DEOPT UNPACKING pc=0x0000000005342843 sp=0x000000000221c368 mode 0
Event: 4.532 Thread 0x00000000001f5d80 Uncommon trap: trap_request=0xffffff45 fr.pc=0x000000000cde0fb4 relative=0x0000000000000974
Event: 4.532 Thread 0x00000000001f5d80 Uncommon trap: reason=unstable_if action=reinterpret pc=0x000000000cde0fb4 method=java.util.HashMap.hash(Ljava/lang/Object;)I @ 1 c2
Event: 4.532 Thread 0x00000000001f5d80 DEOPT PACKING pc=0x000000000cde0fb4 sp=0x000000000221e0f0
Event: 4.532 Thread 0x00000000001f5d80 DEOPT UNPACKING pc=0x00000000053420a3 sp=0x000000000221e060 mode 2

Classes unloaded (0 events):
No events

Classes redefined (0 events):
No events

Internal exceptions (13 events):
Event: 0.895 Thread 0x00000000001f5d80 Exception <a 'java/lang/NoSuchMethodError'{0x00000000eacb2178}: 'void java.lang.invoke.DirectMethodHandle$Holder.invokeStatic(java.lang.Object, java.lang.Object, java.lang.Object)'> (0x00000000eacb2178) 
thrown [e:\jenkins\tmp\workspace\build\src\src\hotspot\share\interpreter\linkResolver.cpp, line 766]
Event: 2.464 Thread 0x00000000001f5d80 Exception <a 'java/lang/ClassNotFoundException'{0x00000000eaf79138}: sun/net/www/protocol/c/Handler> (0x00000000eaf79138) 
thrown [e:\jenkins\tmp\workspace\build\src\src\hotspot\share\classfile\systemDictionary.cpp, line 256]
Event: 2.522 Thread 0x00000000001f5d80 Exception <a 'java/io/FileNotFoundException'{0x00000000eaf8f888}> (0x00000000eaf8f888) 
thrown [e:\jenkins\tmp\workspace\build\src\src\hotspot\share\prims\jni.cpp, line 516]
Event: 2.526 Thread 0x00000000001f5d80 Exception <a 'java/io/FileNotFoundException'{0x00000000eaf90598}> (0x00000000eaf90598) 
thrown [e:\jenkins\tmp\workspace\build\src\src\hotspot\share\prims\jni.cpp, line 516]
Event: 2.527 Thread 0x00000000001f5d80 Exception <a 'java/io/FileNotFoundException'{0x00000000eaf91288}> (0x00000000eaf91288) 
thrown [e:\jenkins\tmp\workspace\build\src\src\hotspot\share\prims\jni.cpp, line 516]
Event: 2.528 Thread 0x00000000001f5d80 Exception <a 'java/io/FileNotFoundException'{0x00000000eaf91f48}> (0x00000000eaf91f48) 
thrown [e:\jenkins\tmp\workspace\build\src\src\hotspot\share\prims\jni.cpp, line 516]
Event: 2.612 Thread 0x00000000001f5d80 Exception <a 'java/io/FileNotFoundException'{0x00000000eafb9bd0}> (0x00000000eafb9bd0) 
thrown [e:\jenkins\tmp\workspace\build\src\src\hotspot\share\prims\jni.cpp, line 516]
Event: 4.038 Thread 0x00000000001f5d80 Implicit null exception at 0x000000000cdd5bdc to 0x000000000cdd6378
Event: 4.204 Thread 0x00000000001f5d80 Exception <a 'java/lang/ClassNotFoundException'{0x00000000eb67b568}: sun/net/www/protocol/c/Handler> (0x00000000eb67b568) 
thrown [e:\jenkins\tmp\workspace\build\src\src\hotspot\share\classfile\systemDictionary.cpp, line 256]
Event: 4.205 Thread 0x00000000001f5d80 Exception <a 'java/lang/ClassNotFoundException'{0x00000000eb67c898}: sun/net/www/protocol/c/Handler> (0x00000000eb67c898) 
thrown [e:\jenkins\tmp\workspace\build\src\src\hotspot\share\classfile\systemDictionary.cpp, line 256]
Event: 4.207 Thread 0x00000000001f5d80 Exception <a 'java/lang/ClassNotFoundException'{0x00000000eb67da08}: sun/net/www/protocol/c/Handler> (0x00000000eb67da08) 
thrown [e:\jenkins\tmp\workspace\build\src\src\hotspot\share\classfile\systemDictionary.cpp, line 256]
Event: 4.270 Thread 0x00000000001f5d80 Exception <a 'java/io/FileNotFoundException'{0x00000000eb69fbd8}> (0x00000000eb69fbd8) 
thrown [e:\jenkins\tmp\workspace\build\src\src\hotspot\share\prims\jni.cpp, line 516]
Event: 4.532 Thread 0x00000000001f5d80 Implicit null exception at 0x000000000cde067b to 0x000000000cde0f9c

VM Operations (8 events):
Event: 0.929 Executing VM operation: HandshakeAllThreads
Event: 0.930 Executing VM operation: HandshakeAllThreads done
Event: 1.929 Executing VM operation: Cleanup
Event: 1.936 Executing VM operation: Cleanup done
Event: 3.935 Executing VM operation: Cleanup
Event: 3.937 Executing VM operation: Cleanup done
Event: 4.108 Executing VM operation: HandshakeAllThreads
Event: 4.108 Executing VM operation: HandshakeAllThreads done

Events (20 events):
Event: 4.423 loading class java/util/concurrent/locks/ReentrantReadWriteLock$WriteLock
Event: 4.424 loading class java/util/concurrent/locks/ReentrantReadWriteLock$WriteLock done
Event: 4.427 loading class java/lang/UnsupportedOperationException
Event: 4.428 loading class java/lang/UnsupportedOperationException done
Event: 4.508 loading class java/util/regex/Pattern$BmpCharPredicate
Event: 4.508 loading class java/util/regex/Pattern$BmpCharPredicate done
Event: 4.522 loading class java/util/regex/Pattern$BmpCharProperty
Event: 4.523 loading class java/util/regex/Pattern$BmpCharProperty done
Event: 4.523 loading class java/util/regex/Pattern$Ques
Event: 4.524 loading class java/util/regex/Pattern$Ques done
Event: 4.524 loading class java/util/regex/Pattern$Qtype
Event: 4.524 loading class java/util/regex/Pattern$Qtype done
Event: 4.621 loading class java/net/URLClassLoader$3
Event: 4.622 loading class java/net/URLClassLoader$3 done
Event: 4.622 loading class java/net/URLClassLoader$3$1
Event: 4.622 loading class java/net/URLClassLoader$3$1 done
Event: 4.623 loading class jdk/internal/loader/URLClassPath$FileLoader
Event: 4.623 loading class jdk/internal/loader/URLClassPath$FileLoader done
Event: 4.890 loading class java/lang/NoSuchFieldError
Event: 4.890 loading class java/lang/NoSuchFieldError done


Dynamic libraries:
0x000000013f980000 - 0x000000013f98e000 	c:\Users\LENOVO\.vscode\extensions\redhat.java-1.8.0-win32-x64\jre\17.0.3-win32-x86_64\bin\java.exe
0x0000000077320000 - 0x00000000774ca000 	C:\Windows\SYSTEM32\ntdll.dll
0x000007fee3020000 - 0x000007fee3036000 	C:\Program Files\Avast Software\Avast\aswhook.dll
0x0000000077200000 - 0x000000007731f000 	C:\Windows\system32\kernel32.dll
0x000007fefd120000 - 0x000007fefd18a000 	C:\Windows\system32\KERNELBASE.dll
0x000007fefb660000 - 0x000007fefb678000 	c:\Users\LENOVO\.vscode\extensions\redhat.java-1.8.0-win32-x64\jre\17.0.3-win32-x86_64\bin\jli.dll
0x000007fefbc00000 - 0x000007fefbdf4000 	C:\Windows\WinSxS\amd64_microsoft.windows.common-controls_6595b64144ccf1df_6.0.7601.18837_none_fa3b1e3d17594757\COMCTL32.dll
0x000007feff510000 - 0x000007feff5af000 	C:\Windows\system32\msvcrt.dll
0x000007fefe900000 - 0x000007fefe967000 	C:\Windows\system32\GDI32.dll
0x0000000077100000 - 0x00000000771fa000 	C:\Windows\system32\USER32.dll
0x000007feff0b0000 - 0x000007feff0be000 	C:\Windows\system32\LPK.dll
0x000007fefd740000 - 0x000007fefd80a000 	C:\Windows\system32\USP10.dll
0x000007feff0c0000 - 0x000007feff131000 	C:\Windows\system32\SHLWAPI.dll
0x000007fef5d80000 - 0x000007fef5d99000 	c:\Users\LENOVO\.vscode\extensions\redhat.java-1.8.0-win32-x64\jre\17.0.3-win32-x86_64\bin\VCRUNTIME140.dll
0x000007fefadd0000 - 0x000007fefadd4000 	c:\Users\LENOVO\.vscode\extensions\redhat.java-1.8.0-win32-x64\jre\17.0.3-win32-x86_64\bin\api-ms-win-crt-runtime-l1-1-0.dll
0x000007fed0540000 - 0x000007fed063a000 	c:\Users\LENOVO\.vscode\extensions\redhat.java-1.8.0-win32-x64\jre\17.0.3-win32-x86_64\bin\ucrtbase.DLL
0x000007fef5d70000 - 0x000007fef5d73000 	c:\Users\LENOVO\.vscode\extensions\redhat.java-1.8.0-win32-x64\jre\17.0.3-win32-x86_64\bin\api-ms-win-core-localization-l1-2-0.dll
0x000007fef5d30000 - 0x000007fef5d33000 	c:\Users\LENOVO\.vscode\extensions\redhat.java-1.8.0-win32-x64\jre\17.0.3-win32-x86_64\bin\api-ms-win-core-processthreads-l1-1-1.dll
0x000007fef5d20000 - 0x000007fef5d23000 	c:\Users\LENOVO\.vscode\extensions\redhat.java-1.8.0-win32-x64\jre\17.0.3-win32-x86_64\bin\api-ms-win-core-file-l1-2-0.dll
0x000007fef5cd0000 - 0x000007fef5cd3000 	c:\Users\LENOVO\.vscode\extensions\redhat.java-1.8.0-win32-x64\jre\17.0.3-win32-x86_64\bin\api-ms-win-core-timezone-l1-1-0.dll
0x000007fef5cc0000 - 0x000007fef5cc3000 	c:\Users\LENOVO\.vscode\extensions\redhat.java-1.8.0-win32-x64\jre\17.0.3-win32-x86_64\bin\api-ms-win-core-file-l2-1-0.dll
0x000007fef5cb0000 - 0x000007fef5cb3000 	c:\Users\LENOVO\.vscode\extensions\redhat.java-1.8.0-win32-x64\jre\17.0.3-win32-x86_64\bin\api-ms-win-core-synch-l1-2-0.dll
0x000007fef5ca0000 - 0x000007fef5ca3000 	c:\Users\LENOVO\.vscode\extensions\redhat.java-1.8.0-win32-x64\jre\17.0.3-win32-x86_64\bin\api-ms-win-crt-heap-l1-1-0.dll
0x000007fef5c90000 - 0x000007fef5c94000 	c:\Users\LENOVO\.vscode\extensions\redhat.java-1.8.0-win32-x64\jre\17.0.3-win32-x86_64\bin\api-ms-win-crt-string-l1-1-0.dll
0x000007fef5c80000 - 0x000007fef5c84000 	c:\Users\LENOVO\.vscode\extensions\redhat.java-1.8.0-win32-x64\jre\17.0.3-win32-x86_64\bin\api-ms-win-crt-stdio-l1-1-0.dll
0x000007fef5c70000 - 0x000007fef5c74000 	c:\Users\LENOVO\.vscode\extensions\redhat.java-1.8.0-win32-x64\jre\17.0.3-win32-x86_64\bin\api-ms-win-crt-convert-l1-1-0.dll
0x000007fef5c60000 - 0x000007fef5c63000 	c:\Users\LENOVO\.vscode\extensions\redhat.java-1.8.0-win32-x64\jre\17.0.3-win32-x86_64\bin\api-ms-win-crt-environment-l1-1-0.dll
0x000007fef5c50000 - 0x000007fef5c53000 	c:\Users\LENOVO\.vscode\extensions\redhat.java-1.8.0-win32-x64\jre\17.0.3-win32-x86_64\bin\api-ms-win-crt-filesystem-l1-1-0.dll
0x000007fef5c40000 - 0x000007fef5c45000 	c:\Users\LENOVO\.vscode\extensions\redhat.java-1.8.0-win32-x64\jre\17.0.3-win32-x86_64\bin\api-ms-win-crt-math-l1-1-0.dll
0x000007fed0530000 - 0x000007fed0533000 	c:\Users\LENOVO\.vscode\extensions\redhat.java-1.8.0-win32-x64\jre\17.0.3-win32-x86_64\bin\api-ms-win-crt-locale-l1-1-0.dll
0x000007fefd410000 - 0x000007fefd43e000 	C:\Windows\system32\IMM32.DLL
0x000007fefee50000 - 0x000007fefef59000 	C:\Windows\system32\MSCTF.dll
0x000007fed0320000 - 0x000007fed032c000 	c:\Users\LENOVO\.vscode\extensions\redhat.java-1.8.0-win32-x64\jre\17.0.3-win32-x86_64\bin\vcruntime140_1.dll
0x000007fed0280000 - 0x000007fed0311000 	c:\Users\LENOVO\.vscode\extensions\redhat.java-1.8.0-win32-x64\jre\17.0.3-win32-x86_64\bin\msvcp140.dll
0x000007fed0270000 - 0x000007fed0273000 	c:\Users\LENOVO\.vscode\extensions\redhat.java-1.8.0-win32-x64\jre\17.0.3-win32-x86_64\bin\api-ms-win-crt-time-l1-1-0.dll
0x000007fed0260000 - 0x000007fed0263000 	c:\Users\LENOVO\.vscode\extensions\redhat.java-1.8.0-win32-x64\jre\17.0.3-win32-x86_64\bin\api-ms-win-crt-utility-l1-1-0.dll
0x000007fec7680000 - 0x000007fec82c8000 	c:\Users\LENOVO\.vscode\extensions\redhat.java-1.8.0-win32-x64\jre\17.0.3-win32-x86_64\bin\server\jvm.dll
0x000007fefe820000 - 0x000007fefe8fb000 	C:\Windows\system32\ADVAPI32.dll
0x000007fefd440000 - 0x000007fefd45f000 	C:\Windows\SYSTEM32\sechost.dll
0x000007feff160000 - 0x000007feff28d000 	C:\Windows\system32\RPCRT4.dll
0x000007fef99e0000 - 0x000007fef99e9000 	C:\Windows\system32\WSOCK32.dll
0x000007feff060000 - 0x000007feff0ad000 	C:\Windows\system32\WS2_32.dll
0x000007feff290000 - 0x000007feff298000 	C:\Windows\system32\NSI.dll
0x000007feebd60000 - 0x000007feebd9b000 	C:\Windows\system32\WINMM.dll
0x000007fefc120000 - 0x000007fefc12c000 	C:\Windows\system32\VERSION.dll
0x00000000774f0000 - 0x00000000774f7000 	C:\Windows\system32\PSAPI.DLL
0x000007fed0250000 - 0x000007fed025a000 	c:\Users\LENOVO\.vscode\extensions\redhat.java-1.8.0-win32-x64\jre\17.0.3-win32-x86_64\bin\jimage.dll
0x000007fefa670000 - 0x000007fefa795000 	C:\Windows\system32\DBGHELP.DLL
0x000007fed0220000 - 0x000007fed0245000 	c:\Users\LENOVO\.vscode\extensions\redhat.java-1.8.0-win32-x64\jre\17.0.3-win32-x86_64\bin\java.dll
0x000007fed0510000 - 0x000007fed0528000 	c:\Users\LENOVO\.vscode\extensions\redhat.java-1.8.0-win32-x64\jre\17.0.3-win32-x86_64\bin\zip.dll
0x000007fefd8b0000 - 0x000007fefe639000 	C:\Windows\system32\SHELL32.dll
0x000007fefec40000 - 0x000007fefee43000 	C:\Windows\system32\ole32.dll
0x000007fefd050000 - 0x000007fefd05f000 	C:\Windows\system32\profapi.dll
0x000007fed04f0000 - 0x000007fed0509000 	C:\Users\LENOVO\.vscode\extensions\redhat.java-1.8.0-win32-x64\jre\17.0.3-win32-x86_64\bin\net.dll
0x000007fef7c10000 - 0x000007fef7c81000 	C:\Windows\system32\WINHTTP.dll
0x000007fef7ba0000 - 0x000007fef7c05000 	C:\Windows\system32\webio.dll
0x000007fefc7f0000 - 0x000007fefc845000 	C:\Windows\system32\mswsock.dll
0x000007fefc7e0000 - 0x000007fefc7e7000 	C:\Windows\System32\wship6.dll
0x000007fed04d0000 - 0x000007fed04e5000 	C:\Users\LENOVO\.vscode\extensions\redhat.java-1.8.0-win32-x64\jre\17.0.3-win32-x86_64\bin\nio.dll

dbghelp: loaded successfully - version: 4.0.5 - missing functions: none
symbol engine: initialized successfully - sym options: 0x614 - pdb path: .;c:\Users\LENOVO\.vscode\extensions\redhat.java-1.8.0-win32-x64\jre\17.0.3-win32-x86_64\bin;C:\Windows\SYSTEM32;C:\Program Files\Avast Software\Avast;C:\Windows\WinSxS\amd64_microsoft.windows.common-controls_6595b64144ccf1df_6.0.7601.18837_none_fa3b1e3d17594757;c:\Users\LENOVO\.vscode\extensions\redhat.java-1.8.0-win32-x64\jre\17.0.3-win32-x86_64\bin\server

VM Arguments:
jvm_args: --add-modules=ALL-SYSTEM --add-opens=java.base/java.util=ALL-UNNAMED --add-opens=java.base/java.lang=ALL-UNNAMED --add-opens=java.base/sun.nio.fs=ALL-UNNAMED -Declipse.application=org.eclipse.jdt.ls.core.id1 -Dosgi.bundles.defaultStartLevel=4 -Declipse.product=org.eclipse.jdt.ls.core.product -Djava.import.generatesMetadataFilesAtProjectRoot=false -Dfile.encoding=utf8 -DwatchParentProcess=false -XX:+UseParallelGC -XX:GCTimeRatio=4 -XX:AdaptiveSizePolicyWeight=90 -Dsun.zip.disableMemoryMapping=true -Xmx1G -Xms100m -XX:+HeapDumpOnOutOfMemoryError -XX:HeapDumpPath=c:\Users\LENOVO\AppData\Roaming\Code\User\workspaceStorage\123212859bc6ca5fc8f745e4ec924077\redhat.java 
java_command: c:\Users\LENOVO\.vscode\extensions\redhat.java-1.8.0-win32-x64\server\plugins\org.eclipse.equinox.launcher_1.6.400.v20210924-0641.jar -configuration c:\Users\LENOVO\AppData\Roaming\Code\User\globalStorage\redhat.java\1.8.0\config_win -data c:\Users\LENOVO\AppData\Roaming\Code\User\workspaceStorage\123212859bc6ca5fc8f745e4ec924077\redhat.java\jdt_ws
java_class_path (initial): c:\Users\LENOVO\.vscode\extensions\redhat.java-1.8.0-win32-x64\server\plugins\org.eclipse.equinox.launcher_1.6.400.v20210924-0641.jar
Launcher Type: SUN_STANDARD

[Global flags]
    uintx AdaptiveSizePolicyWeight                 = 90                                        {product} {command line}
     intx CICompilerCount                          = 2                                         {product} {ergonomic}
    uintx GCTimeRatio                              = 4                                         {product} {command line}
     bool HeapDumpOnOutOfMemoryError               = true                                   {manageable} {command line}
    ccstr HeapDumpPath                             = c:\Users\LENOVO\AppData\Roaming\Code\User\workspaceStorage\123212859bc6ca5fc8f745e4ec924077\redhat.java         {manageable} {command line}
   size_t InitialHeapSize                          = 104857600                                 {product} {command line}
   size_t MaxHeapSize                              = 1073741824                                {product} {command line}
   size_t MaxNewSize                               = 357564416                                 {product} {ergonomic}
   size_t MinHeapDeltaBytes                        = 524288                                    {product} {ergonomic}
   size_t MinHeapSize                              = 104857600                                 {product} {command line}
   size_t NewSize                                  = 34603008                                  {product} {ergonomic}
    uintx NonNMethodCodeHeapSize                   = 5826188                                {pd product} {ergonomic}
    uintx NonProfiledCodeHeapSize                  = 122916026                              {pd product} {ergonomic}
   size_t OldSize                                  = 70254592                                  {product} {ergonomic}
    uintx ProfiledCodeHeapSize                     = 122916026                              {pd product} {ergonomic}
    uintx ReservedCodeCacheSize                    = 251658240                              {pd product} {ergonomic}
     bool SegmentedCodeCache                       = true                                      {product} {ergonomic}
   size_t SoftMaxHeapSize                          = 1073741824                             {manageable} {ergonomic}
     bool UseCompressedClassPointers               = true                           {product lp64_product} {ergonomic}
     bool UseCompressedOops                        = true                           {product lp64_product} {ergonomic}
     bool UseLargePagesIndividualAllocation        = false                                  {pd product} {ergonomic}
     bool UseParallelGC                            = true                                      {product} {command line}

Logging:
Log output configuration:
 #0: stdout all=warning uptime,level,tags
 #1: stderr all=off uptime,level,tags

Environment Variables:
JAVA_HOME=C:\Program Files\Java\jdk-18
PATH=C:\Program Files\Common Files\Oracle\Java\javapath;C:\Windows\system32;C:\Windows;C:\Windows\System32\Wbem;C:\Windows\System32\WindowsPowerShell\v1.0\;C:\Program Files (x86)\ATI Technologies\ATI.ACE\Core-Static;C:\Program Files\IBM\SPSS\Statistics\23\JRE\bin;C:\Program Files\Git\cmd;C:\Program Files\nodejs\;C:\Program Files\MySQL\MySQL Server 8.0\bin;C:\Program Files (x86)\nodejs\;C:\Program Files\apache-maven-3.8.6\bin;C:\Users\LENOVO\AppData\Local\Programs\Python\Python38-32\Scripts\;C:\Users\LENOVO\AppData\Local\Programs\Python\Python38-32\;C:\Users\LENOVO\AppData\Local\Programs\Microsoft VS Code\bin;C:\Users\LENOVO\AppData\Roaming\npm;C:\Program Files\apache-maven-3.8.6\bin
USERNAME=LENOVO
OS=Windows_NT
PROCESSOR_IDENTIFIER=AMD64 Family 22 Model 0 Stepping 1, AuthenticAMD



---------------  S Y S T E M  ---------------

OS:
 Windows 7 , 64 bit Build 7601 (6.1.7601.23572)
OS uptime: 0 days 5:07 hours

CPU: total 2 (initial active 2) (2 cores per cpu, 1 threads per core) family 22 model 0 stepping 1 microcode 0x0, cx8, cmov, fxsr, mmx, 3dnowpref, sse, sse2, sse3, ssse3, sse4a, sse4.1, sse4.2, popcnt, lzcnt, tsc, tscinvbit, avx, aes, clmul, bmi1, vzeroupper, clflush

Memory: 4k page, system-wide physical 1485M (147M free)
TotalPageFile size 5941M (AvailPageFile size 30M)
current process WorkingSet (physical memory assigned to process): 55M, peak: 55M
current process commit charge ("private bytes"): 181M, peak: 181M

vm_info: OpenJDK 64-Bit Server VM (17.0.3+7) for windows-amd64 JRE (17.0.3+7), built on Apr 19 2022 16:55:35 by "" with MS VC++ 16.7 (VS2019)

END.
