#
# There is insufficient memory for the Java Runtime Environment to continue.
# Native memory allocation (malloc) failed to allocate 154096 bytes for Chunk::new
# Possible reasons:
#   The system is out of physical RAM or swap space
#   The process is running with CompressedOops enabled, and the Java Heap may be blocking the growth of the native heap
# Possible solutions:
#   Reduce memory load on the system
#   Increase physical memory or swap space
#   Check if swap backing store is full
#   Decrease Java heap size (-Xmx/-Xms)
#   Decrease number of Java threads
#   Decrease Java thread stack sizes (-Xss)
#   Set larger code cache with -XX:ReservedCodeCacheSize=
#   JVM is running with Unscaled Compressed Oops mode in which the Java heap is
#     placed in the first 4GB address space. The Java Heap base address is the
#     maximum limit for the native heap growth. Please use -XX:HeapBaseMinAddress
#     to set the Java Heap base and to place the Java Heap above 4GB virtual address.
# This output file may be truncated or incomplete.
#
#  Out of Memory Error (arena.cpp:189), pid=9164, tid=5024
#
# JRE version: OpenJDK Runtime Environment Temurin-17.0.3+7 (17.0.3+7) (build 17.0.3+7)
# Java VM: OpenJDK 64-Bit Server VM Temurin-17.0.3+7 (17.0.3+7, mixed mode, tiered, compressed oops, compressed class ptrs, parallel gc, windows-amd64)
# No core dump will be written. Minidumps are not enabled by default on client versions of Windows
#

---------------  S U M M A R Y ------------

Command Line: --add-modules=ALL-SYSTEM --add-opens=java.base/java.util=ALL-UNNAMED --add-opens=java.base/java.lang=ALL-UNNAMED --add-opens=java.base/sun.nio.fs=ALL-UNNAMED -Declipse.application=org.eclipse.jdt.ls.core.id1 -Dosgi.bundles.defaultStartLevel=4 -Declipse.product=org.eclipse.jdt.ls.core.product -Djava.import.generatesMetadataFilesAtProjectRoot=false -Dfile.encoding=utf8 -DwatchParentProcess=false -XX:+UseParallelGC -XX:GCTimeRatio=4 -XX:AdaptiveSizePolicyWeight=90 -Dsun.zip.disableMemoryMapping=true -Xmx1G -Xms100m c:\Users\LENOVO\.vscode\extensions\redhat.java-1.8.0-win32-x64\server\plugins\org.eclipse.equinox.launcher_1.6.400.v20210924-0641.jar -configuration c:\Users\LENOVO\AppData\Roaming\Code\User\globalStorage\redhat.java\1.8.0\config_ss_win -data c:\Users\LENOVO\AppData\Roaming\Code\User\workspaceStorage\123212859bc6ca5fc8f745e4ec924077\redhat.java\ss_ws

Host: AMD E1-2100 APU with Radeon(TM) HD Graphics    , 2 cores, 1G,  Windows 7 , 64 bit Build 7601 (6.1.7601.23572)
Time: Fri Jul  8 13:06:31 2022 SE Asia Standard Time elapsed time: 20.432717 seconds (0d 0h 0m 20s)

---------------  T H R E A D  ---------------

Current thread (0x00000000174b8c00):  JavaThread "C2 CompilerThread0" daemon [_thread_in_native, id=5024, stack(0x0000000018b20000,0x0000000018c20000)]


Current CompileTask:
C2:  20433 1586       4       java.util.HashSet::add (20 bytes)

Stack: [0x0000000018b20000,0x0000000018c20000]
Native frames: (J=compiled Java code, j=interpreted, Vv=VM code, C=native code)
V  [jvm.dll+0x675efa]
V  [jvm.dll+0x830a24]
V  [jvm.dll+0x8321ce]
V  [jvm.dll+0x832833]
V  [jvm.dll+0x2454b5]
V  [jvm.dll+0xabd7b]
V  [jvm.dll+0xac30c]
V  [jvm.dll+0x3635d2]
V  [jvm.dll+0x32dca1]
V  [jvm.dll+0x32d14a]
V  [jvm.dll+0x218361]
V  [jvm.dll+0x217781]
V  [jvm.dll+0x1a3ccd]
V  [jvm.dll+0x227178]
V  [jvm.dll+0x2252bc]
V  [jvm.dll+0x7e673b]
V  [jvm.dll+0x7e0cfa]
V  [jvm.dll+0x674d85]
C  [ucrtbase.DLL+0x1c1ae]
C  [kernel32.dll+0x159cd]
C  [ntdll.dll+0x2a561]


---------------  P R O C E S S  ---------------

Threads class SMR info:
_java_thread_list=0x0000000019875c20, length=17, elements={
0x00000000000cfce0, 0x0000000017486670, 0x0000000017488000, 0x00000000174b3980,
0x00000000174b5240, 0x00000000174b68d0, 0x00000000174b7260, 0x00000000174b8c00,
0x00000000174dde00, 0x0000000017515720, 0x00000000175f1460, 0x0000000018eb0d00,
0x0000000019a10f10, 0x0000000018f4a5f0, 0x0000000018f4b3d0, 0x0000000019b80820,
0x0000000019b3f170
}

Java Threads: ( => current thread )
  0x00000000000cfce0 JavaThread "main" [_thread_blocked, id=8664, stack(0x0000000001fe0000,0x00000000020e0000)]
  0x0000000017486670 JavaThread "Reference Handler" daemon [_thread_blocked, id=8876, stack(0x0000000018220000,0x0000000018320000)]
  0x0000000017488000 JavaThread "Finalizer" daemon [_thread_blocked, id=8872, stack(0x00000000183e0000,0x00000000184e0000)]
  0x00000000174b3980 JavaThread "Signal Dispatcher" daemon [_thread_blocked, id=7876, stack(0x00000000180c0000,0x00000000181c0000)]
  0x00000000174b5240 JavaThread "Attach Listener" daemon [_thread_blocked, id=8284, stack(0x00000000185a0000,0x00000000186a0000)]
  0x00000000174b68d0 JavaThread "Service Thread" daemon [_thread_blocked, id=1872, stack(0x0000000018740000,0x0000000018840000)]
  0x00000000174b7260 JavaThread "Monitor Deflation Thread" daemon [_thread_blocked, id=9020, stack(0x00000000189b0000,0x0000000018ab0000)]
=>0x00000000174b8c00 JavaThread "C2 CompilerThread0" daemon [_thread_in_native, id=5024, stack(0x0000000018b20000,0x0000000018c20000)]
  0x00000000174dde00 JavaThread "C1 CompilerThread0" daemon [_thread_blocked, id=9032, stack(0x0000000018cc0000,0x0000000018dc0000)]
  0x0000000017515720 JavaThread "Sweeper thread" daemon [_thread_blocked, id=4764, stack(0x0000000018880000,0x0000000018980000)]
  0x00000000175f1460 JavaThread "Common-Cleaner" daemon [_thread_blocked, id=8556, stack(0x00000000192a0000,0x00000000193a0000)]
  0x0000000018eb0d00 JavaThread "Notification Thread" daemon [_thread_blocked, id=8548, stack(0x00000000193b0000,0x00000000194b0000)]
  0x0000000019a10f10 JavaThread "Active Thread: Equinox Container: 45f08d89-d5fe-4461-b988-52e7742b2f50" [_thread_blocked, id=3140, stack(0x000000001a8a0000,0x000000001a9a0000)]
  0x0000000018f4a5f0 JavaThread "Framework Event Dispatcher: Equinox Container: 45f08d89-d5fe-4461-b988-52e7742b2f50" daemon [_thread_blocked, id=7416, stack(0x000000001aa50000,0x000000001ab50000)]
  0x0000000018f4b3d0 JavaThread "Start Level: Equinox Container: 45f08d89-d5fe-4461-b988-52e7742b2f50" daemon [_thread_in_vm, id=7740, stack(0x000000001ac30000,0x000000001ad30000)]
  0x0000000019b80820 JavaThread "SCR Component Actor" daemon [_thread_blocked, id=8328, stack(0x000000001add0000,0x000000001aed0000)]
  0x0000000019b3f170 JavaThread "Timer-0" [_thread_blocked, id=6156, stack(0x000000001b0a0000,0x000000001b1a0000)]

Other Threads:
  0x0000000017470670 VMThread "VM Thread" [stack: 0x0000000017fa0000,0x00000000180a0000] [id=5728]
  0x0000000018e8dd50 WatcherThread [stack: 0x00000000195e0000,0x00000000196e0000] [id=6648]
  0x00000000000eb7e0 GCTaskThread "GC Thread#0" [stack: 0x00000000146d0000,0x00000000147d0000] [id=8668]
  0x0000000019822470 GCTaskThread "GC Thread#1" [stack: 0x000000001aed0000,0x000000001afd0000] [id=7120]

Threads with active compile tasks:
C2 CompilerThread0    20588 1586       4       java.util.HashSet::add (20 bytes)

VM state: not at safepoint (normal execution)

VM Mutex/Monitor currently owned by a thread: None

Heap address: 0x00000000c0000000, size: 1024 MB, Compressed Oops mode: 32-bit

CDS archive(s) not mapped
Compressed class space mapped at: 0x000000013fc00000-0x000000017fc00000, reserved size: 1073741824
Narrow klass base: 0x0000000000000000, Narrow klass shift: 3, Narrow klass range: 0x17fc00000

GC Precious Log:
 CPUs: 2 total, 2 available
 Memory: 1485M
 Large Page Support: Disabled
 NUMA Support: Disabled
 Compressed Oops: Enabled (32-bit)
 Alignments: Space 512K, Generation 512K, Heap 2M
 Heap Min Capacity: 100M
 Heap Initial Capacity: 100M
 Heap Max Capacity: 1G
 Pre-touch: Disabled
 Parallel Workers: 2

Heap:
 PSYoungGen      total 29696K, used 11120K [0x00000000eab00000, 0x00000000ecc00000, 0x0000000100000000)
  eden space 25600K, 27% used [0x00000000eab00000,0x00000000eb1e8388,0x00000000ec400000)
  from space 4096K, 98% used [0x00000000ec400000,0x00000000ec7f3d58,0x00000000ec800000)
  to   space 4096K, 0% used [0x00000000ec800000,0x00000000ec800000,0x00000000ecc00000)
 ParOldGen       total 68608K, used 0K [0x00000000c0000000, 0x00000000c4300000, 0x00000000eab00000)
  object space 68608K, 0% used [0x00000000c0000000,0x00000000c0000000,0x00000000c4300000)
 Metaspace       used 16381K, committed 16768K, reserved 1064960K
  class space    used 1693K, committed 1856K, reserved 1048576K

Card table byte_map: [0x0000000014340000,0x0000000014550000] _byte_map_base: 0x0000000013d40000

Marking Bits: (ParMarkBitMap*) 0x000007fec8204b80
 Begin Bits: [0x00000000147d0000, 0x00000000157d0000)
 End Bits:   [0x00000000157d0000, 0x00000000167d0000)

Polling page: 0x0000000000340000

Metaspace:

Usage:
  Non-class:     14.34 MB used.
      Class:      1.65 MB used.
       Both:     16.00 MB used.

Virtual space:
  Non-class space:       16.00 MB reserved,      14.56 MB ( 91%) committed,  2 nodes.
      Class space:        1.00 GB reserved,       1.81 MB ( <1%) committed,  1 nodes.
             Both:        1.02 GB reserved,      16.38 MB (  2%) committed. 

Chunk freelists:
   Non-Class:  1.39 MB
       Class:  2.05 MB
        Both:  3.44 MB

MaxMetaspaceSize: unlimited
CompressedClassSpaceSize: 1.00 GB
Initial GC threshold: 21.00 MB
Current GC threshold: 21.00 MB
CDS: off
MetaspaceReclaimPolicy: balanced
 - commit_granule_bytes: 65536.
 - commit_granule_words: 8192.
 - virtual_space_node_default_size: 1048576.
 - enlarge_chunks_in_place: 1.
 - new_chunks_are_fully_committed: 0.
 - uncommit_free_chunks: 1.
 - use_allocation_guard: 0.
 - handle_deallocations: 1.


Internal statistics:

num_allocs_failed_limit: 0.
num_arena_births: 110.
num_arena_deaths: 0.
num_vsnodes_births: 3.
num_vsnodes_deaths: 0.
num_space_committed: 262.
num_space_uncommitted: 0.
num_chunks_returned_to_freelist: 0.
num_chunks_taken_from_freelist: 415.
num_chunk_merges: 0.
num_chunk_splits: 268.
num_chunks_enlarged: 198.
num_purges: 0.
num_inconsistent_stats: 0.

CodeHeap 'non-profiled nmethods': size=120064Kb used=516Kb max_used=516Kb free=119547Kb
 bounds [0x000000000cc20000, 0x000000000ce90000, 0x0000000014160000]
CodeHeap 'profiled nmethods': size=120000Kb used=2944Kb max_used=2944Kb free=117055Kb
 bounds [0x00000000056f0000, 0x00000000059e0000, 0x000000000cc20000]
CodeHeap 'non-nmethods': size=5696Kb used=1167Kb max_used=1182Kb free=4528Kb
 bounds [0x0000000005160000, 0x00000000053d0000, 0x00000000056f0000]
 total_blobs=2039 nmethods=1579 adapters=375
 compilation: enabled
              stopped_count=0, restarted_count=0
 full_count=0

Compilation events (20 events):
Event: 19.884 Thread 0x00000000174dde00 nmethod 1577 0x00000000059cb710 code [0x00000000059cb940, 0x00000000059cbfc8]
Event: 19.884 Thread 0x00000000174dde00 1575       3       java.util.ArrayList$SubList::iterator (5 bytes)
Event: 19.886 Thread 0x00000000174dde00 nmethod 1575 0x00000000059cc290 code [0x00000000059cc4a0, 0x00000000059ccab8]
Event: 19.886 Thread 0x00000000174dde00 1576       3       java.util.ArrayList$SubList::listIterator (19 bytes)
Event: 19.887 Thread 0x00000000174dde00 nmethod 1576 0x00000000059ccd10 code [0x00000000059ccf00, 0x00000000059cd418]
Event: 19.905 Thread 0x00000000174dde00 1579       3       java.io.DataInputStream::readShort (40 bytes)
Event: 19.906 Thread 0x00000000174dde00 nmethod 1579 0x00000000059cd690 code [0x00000000059cd860, 0x00000000059cdc08]
Event: 19.906 Thread 0x00000000174dde00 1580       3       java.io.DataInputStream::readFully (9 bytes)
Event: 19.907 Thread 0x00000000174dde00 nmethod 1580 0x00000000059cdd90 code [0x00000000059cdf40, 0x00000000059ce088]
Event: 20.300 Thread 0x00000000174b8c00 1583   !   4       java.nio.DirectByteBuffer::get (34 bytes)
Event: 20.306 Thread 0x00000000174b8c00 nmethod 1583 0x000000000cca0310 code [0x000000000cca04a0, 0x000000000cca05d8]
Event: 20.336 Thread 0x00000000174b8c00 1585       4       java.util.StringTokenizer::scanToken (179 bytes)
Event: 20.346 Thread 0x00000000174dde00 1581       3       sun.util.locale.LocaleUtils::isUpper (18 bytes)
Event: 20.348 Thread 0x00000000174dde00 nmethod 1581 0x00000000059ce190 code [0x00000000059ce320, 0x00000000059ce498]
Event: 20.349 Thread 0x00000000174dde00 1584       3       jdk.internal.org.objectweb.asm.MethodWriter::visitLabel (328 bytes)
Event: 20.357 Thread 0x00000000174dde00 nmethod 1584 0x00000000059ce510 code [0x00000000059ce740, 0x00000000059cf0c8]
Event: 20.357 Thread 0x00000000174dde00 1582       3       jdk.internal.org.objectweb.asm.MethodWriter::endCurrentBasicBlockWithNoSuccessor (94 bytes)
Event: 20.360 Thread 0x00000000174dde00 nmethod 1582 0x00000000059cf310 code [0x00000000059cf4e0, 0x00000000059cf9e8]
Event: 20.371 Thread 0x00000000174b8c00 nmethod 1585 0x000000000cca0790 code [0x000000000cca0960, 0x000000000cca0ea0]
Event: 20.373 Thread 0x00000000174b8c00 1586       4       java.util.HashSet::add (20 bytes)

GC Heap History (2 events):
Event: 15.666 GC heap before
{Heap before GC invocations=1 (full 0):
 PSYoungGen      total 29696K, used 25600K [0x00000000eab00000, 0x00000000ecc00000, 0x0000000100000000)
  eden space 25600K, 100% used [0x00000000eab00000,0x00000000ec400000,0x00000000ec400000)
  from space 4096K, 0% used [0x00000000ec800000,0x00000000ec800000,0x00000000ecc00000)
  to   space 4096K, 0% used [0x00000000ec400000,0x00000000ec400000,0x00000000ec800000)
 ParOldGen       total 68608K, used 0K [0x00000000c0000000, 0x00000000c4300000, 0x00000000eab00000)
  object space 68608K, 0% used [0x00000000c0000000,0x00000000c0000000,0x00000000c4300000)
 Metaspace       used 12966K, committed 13184K, reserved 1064960K
  class space    used 1308K, committed 1408K, reserved 1048576K
}
Event: 15.796 GC heap after
{Heap after GC invocations=1 (full 0):
 PSYoungGen      total 29696K, used 4047K [0x00000000eab00000, 0x00000000ecc00000, 0x0000000100000000)
  eden space 25600K, 0% used [0x00000000eab00000,0x00000000eab00000,0x00000000ec400000)
  from space 4096K, 98% used [0x00000000ec400000,0x00000000ec7f3d58,0x00000000ec800000)
  to   space 4096K, 0% used [0x00000000ec800000,0x00000000ec800000,0x00000000ecc00000)
 ParOldGen       total 68608K, used 0K [0x00000000c0000000, 0x00000000c4300000, 0x00000000eab00000)
  object space 68608K, 0% used [0x00000000c0000000,0x00000000c0000000,0x00000000c4300000)
 Metaspace       used 12966K, committed 13184K, reserved 1064960K
  class space    used 1308K, committed 1408K, reserved 1048576K
}

Deoptimization events (20 events):
Event: 20.251 Thread 0x0000000018f4b3d0 Uncommon trap: trap_request=0xffffffc6 fr.pc=0x000000000cc9b818 relative=0x0000000000000358
Event: 20.251 Thread 0x0000000018f4b3d0 Uncommon trap: reason=bimorphic_or_optimized_type_check action=maybe_recompile pc=0x000000000cc9b818 method=java.io.DataInputStream.readByte()B @ 4 c2
Event: 20.251 Thread 0x0000000018f4b3d0 DEOPT PACKING pc=0x000000000cc9b818 sp=0x000000001ad28ad0
Event: 20.251 Thread 0x0000000018f4b3d0 DEOPT UNPACKING pc=0x00000000051b20a3 sp=0x000000001ad28a88 mode 2
Event: 20.251 Thread 0x0000000018f4b3d0 Uncommon trap: trap_request=0xffffffc6 fr.pc=0x000000000cc9b818 relative=0x0000000000000358
Event: 20.251 Thread 0x0000000018f4b3d0 Uncommon trap: reason=bimorphic_or_optimized_type_check action=maybe_recompile pc=0x000000000cc9b818 method=java.io.DataInputStream.readByte()B @ 4 c2
Event: 20.251 Thread 0x0000000018f4b3d0 DEOPT PACKING pc=0x000000000cc9b818 sp=0x000000001ad28a40
Event: 20.251 Thread 0x0000000018f4b3d0 DEOPT UNPACKING pc=0x00000000051b20a3 sp=0x000000001ad289f8 mode 2
Event: 20.252 Thread 0x0000000018f4b3d0 Uncommon trap: trap_request=0xffffffc6 fr.pc=0x000000000cc9b818 relative=0x0000000000000358
Event: 20.252 Thread 0x0000000018f4b3d0 Uncommon trap: reason=bimorphic_or_optimized_type_check action=maybe_recompile pc=0x000000000cc9b818 method=java.io.DataInputStream.readByte()B @ 4 c2
Event: 20.252 Thread 0x0000000018f4b3d0 DEOPT PACKING pc=0x000000000cc9b818 sp=0x000000001ad28a60
Event: 20.252 Thread 0x0000000018f4b3d0 DEOPT UNPACKING pc=0x00000000051b20a3 sp=0x000000001ad28a18 mode 2
Event: 20.252 Thread 0x0000000018f4b3d0 Uncommon trap: trap_request=0xffffffc6 fr.pc=0x000000000cc9b818 relative=0x0000000000000358
Event: 20.252 Thread 0x0000000018f4b3d0 Uncommon trap: reason=bimorphic_or_optimized_type_check action=maybe_recompile pc=0x000000000cc9b818 method=java.io.DataInputStream.readByte()B @ 4 c2
Event: 20.252 Thread 0x0000000018f4b3d0 DEOPT PACKING pc=0x000000000cc9b818 sp=0x000000001ad28a60
Event: 20.252 Thread 0x0000000018f4b3d0 DEOPT UNPACKING pc=0x00000000051b20a3 sp=0x000000001ad28a18 mode 2
Event: 20.324 Thread 0x0000000018f4b3d0 Uncommon trap: trap_request=0xffffff45 fr.pc=0x000000000cc47074 relative=0x0000000000000074
Event: 20.324 Thread 0x0000000018f4b3d0 Uncommon trap: reason=unstable_if action=reinterpret pc=0x000000000cc47074 method=jdk.internal.misc.Unsafe.convEndian(ZJ)J @ 4 c2
Event: 20.324 Thread 0x0000000018f4b3d0 DEOPT PACKING pc=0x000000000cc47074 sp=0x000000001ad27800
Event: 20.324 Thread 0x0000000018f4b3d0 DEOPT UNPACKING pc=0x00000000051b20a3 sp=0x000000001ad27728 mode 2

Classes unloaded (0 events):
No events

Classes redefined (0 events):
No events

Internal exceptions (20 events):
Event: 8.017 Thread 0x00000000000cfce0 Exception <a 'java/lang/ClassNotFoundException'{0x00000000eb679ed8}: sun/net/www/protocol/c/Handler> (0x00000000eb679ed8) 
thrown [e:\jenkins\tmp\workspace\build\src\src\hotspot\share\classfile\systemDictionary.cpp, line 256]
Event: 8.018 Thread 0x00000000000cfce0 Exception <a 'java/lang/ClassNotFoundException'{0x00000000eb67b048}: sun/net/www/protocol/c/Handler> (0x00000000eb67b048) 
thrown [e:\jenkins\tmp\workspace\build\src\src\hotspot\share\classfile\systemDictionary.cpp, line 256]
Event: 8.057 Thread 0x00000000000cfce0 Exception <a 'java/io/FileNotFoundException'{0x00000000eb6950a8}> (0x00000000eb6950a8) 
thrown [e:\jenkins\tmp\workspace\build\src\src\hotspot\share\prims\jni.cpp, line 516]
Event: 8.783 Thread 0x00000000000cfce0 Implicit null exception at 0x000000000cc43abb to 0x000000000cc442ac
Event: 8.784 Thread 0x00000000000cfce0 Implicit null exception at 0x000000000cc55df1 to 0x000000000cc55fd4
Event: 8.784 Thread 0x00000000000cfce0 Implicit null exception at 0x000000000cc4ef71 to 0x000000000cc4f148
Event: 8.785 Thread 0x00000000000cfce0 Implicit null exception at 0x000000000cc55a8f to 0x000000000cc55b05
Event: 9.242 Thread 0x00000000000cfce0 Exception <a 'java/lang/NoSuchMethodError'{0x00000000eb8740d0}: 'int java.lang.invoke.DirectMethodHandle$Holder.invokeStaticInit(java.lang.Object, java.lang.Object, java.lang.Object, java.lang.Object)'> (0x00000000eb8740d0) 
thrown [e:\jenkins\tmp\workspace\build\src\src\hotspot\share\interpreter\linkResolver.cpp, line 766]
Event: 9.280 Thread 0x00000000000cfce0 Exception <a 'java/lang/NoSuchMethodError'{0x00000000eb87e740}: 'java.lang.Object java.lang.invoke.DirectMethodHandle$Holder.invokeInterface(java.lang.Object, java.lang.Object)'> (0x00000000eb87e740) 
thrown [e:\jenkins\tmp\workspace\build\src\src\hotspot\share\interpreter\linkResolver.cpp, line 766]
Event: 9.282 Thread 0x00000000000cfce0 Exception <a 'java/lang/IncompatibleClassChangeError'{0x00000000eb881f38}: Found class java.lang.Object, but interface was expected> (0x00000000eb881f38) 
thrown [e:\jenkins\tmp\workspace\build\src\src\hotspot\share\interpreter\linkResolver.cpp, line 833]
Event: 9.291 Thread 0x00000000000cfce0 Exception <a 'java/lang/NoSuchMethodError'{0x00000000eb884e58}: 'void java.lang.invoke.DirectMethodHandle$Holder.invokeStatic(java.lang.Object, java.lang.Object)'> (0x00000000eb884e58) 
thrown [e:\jenkins\tmp\workspace\build\src\src\hotspot\share\interpreter\linkResolver.cpp, line 766]
Event: 9.293 Thread 0x00000000000cfce0 Exception <a 'java/lang/NoSuchMethodError'{0x00000000eb888658}: 'void java.lang.invoke.DirectMethodHandle$Holder.invokeStaticInit(java.lang.Object, java.lang.Object)'> (0x00000000eb888658) 
thrown [e:\jenkins\tmp\workspace\build\src\src\hotspot\share\interpreter\linkResolver.cpp, line 766]
Event: 9.353 Thread 0x00000000000cfce0 Exception <a 'java/lang/NoSuchMethodError'{0x00000000eb88e1f8}: 'int java.lang.invoke.DirectMethodHandle$Holder.invokeStaticInit(java.lang.Object, java.lang.Object)'> (0x00000000eb88e1f8) 
thrown [e:\jenkins\tmp\workspace\build\src\src\hotspot\share\interpreter\linkResolver.cpp, line 766]
Event: 9.905 Thread 0x00000000000cfce0 Exception <a 'java/lang/NoSuchMethodError'{0x00000000eb94dd78}: 'void java.lang.invoke.DirectMethodHandle$Holder.invokeSpecial(java.lang.Object, java.lang.Object, java.lang.Object)'> (0x00000000eb94dd78) 
thrown [e:\jenkins\tmp\workspace\build\src\src\hotspot\share\interpreter\linkResolver.cpp, line 766]
Event: 13.296 Thread 0x00000000000cfce0 Exception <a 'java/lang/NoSuchMethodError'{0x00000000ebecccc0}: 'java.lang.Object java.lang.invoke.DirectMethodHandle$Holder.newInvokeSpecial(java.lang.Object, int, java.lang.Object)'> (0x00000000ebecccc0) 
thrown [e:\jenkins\tmp\workspace\build\src\src\hotspot\share\interpreter\linkResolver.cpp, line 766]
Event: 14.972 Thread 0x00000000000cfce0 Exception <a 'java/lang/UnsatisfiedLinkError'{0x00000000ec1d9920}: 'void org.eclipse.equinox.launcher.JNIBridge._update_splash()'> (0x00000000ec1d9920) 
thrown [e:\jenkins\tmp\workspace\build\src\src\hotspot\share\prims\nativeLookup.cpp, line 543]
Event: 15.618 Thread 0x0000000018f4b3d0 Exception <a 'java/lang/NoSuchMethodError'{0x00000000ec3c0148}: 'java.lang.Object java.lang.invoke.DirectMethodHandle$Holder.invokeStaticInit(java.lang.Object)'> (0x00000000ec3c0148) 
thrown [e:\jenkins\tmp\workspace\build\src\src\hotspot\share\interpreter\linkResolver.cpp, line 766]
Event: 18.675 Thread 0x0000000018f4b3d0 Exception <a 'java/io/FileNotFoundException'{0x00000000eafa7540}> (0x00000000eafa7540) 
thrown [e:\jenkins\tmp\workspace\build\src\src\hotspot\share\prims\jni.cpp, line 516]
Event: 18.772 Thread 0x0000000018f4b3d0 Exception <a 'java/lang/NullPointerException'{0x00000000eafc99f0}> (0x00000000eafc99f0) 
thrown [e:\jenkins\tmp\workspace\build\src\src\hotspot\share\interpreter\linkResolver.cpp, line 1357]
Event: 18.772 Thread 0x0000000018f4b3d0 Exception <a 'java/lang/NullPointerException'{0x00000000eafca218}> (0x00000000eafca218) 
thrown [e:\jenkins\tmp\workspace\build\src\src\hotspot\share\interpreter\linkResolver.cpp, line 1357]

VM Operations (20 events):
Event: 13.009 Executing VM operation: HandshakeAllThreads
Event: 13.009 Executing VM operation: HandshakeAllThreads done
Event: 13.071 Executing VM operation: HandshakeAllThreads
Event: 13.071 Executing VM operation: HandshakeAllThreads done
Event: 13.174 Executing VM operation: HandshakeAllThreads
Event: 13.174 Executing VM operation: HandshakeAllThreads done
Event: 14.174 Executing VM operation: Cleanup
Event: 14.175 Executing VM operation: Cleanup done
Event: 15.666 Executing VM operation: ParallelGCFailedAllocation
Event: 15.834 Executing VM operation: ParallelGCFailedAllocation done
Event: 15.955 Executing VM operation: HandshakeAllThreads
Event: 15.955 Executing VM operation: HandshakeAllThreads done
Event: 16.996 Executing VM operation: Cleanup
Event: 17.066 Executing VM operation: Cleanup done
Event: 18.066 Executing VM operation: Cleanup
Event: 18.085 Executing VM operation: Cleanup done
Event: 20.156 Executing VM operation: Cleanup
Event: 20.160 Executing VM operation: Cleanup done
Event: 20.254 Executing VM operation: HandshakeAllThreads
Event: 20.258 Executing VM operation: HandshakeAllThreads done

Events (20 events):
Event: 20.289 loading class sun/util/locale/LocaleObjectCache$CacheEntry
Event: 20.289 loading class sun/util/locale/LocaleObjectCache$CacheEntry done
Event: 20.289 loading class java/util/Locale$Cache
Event: 20.289 loading class java/util/Locale$Cache done
Event: 20.298 loading class java/util/concurrent/CopyOnWriteArrayList$COWIterator
Event: 20.299 loading class java/util/concurrent/CopyOnWriteArrayList$COWIterator done
Event: 20.299 loading class jdk/internal/module/ModulePatcher$PatchedModuleReader
Event: 20.300 loading class jdk/internal/module/ModulePatcher$PatchedModuleReader done
Event: 20.325 loading class sun/net/www/protocol/jrt/Handler
Event: 20.325 loading class sun/net/www/protocol/jrt/Handler done
Event: 20.328 loading class java/util/ServiceLoader$1
Event: 20.328 loading class java/util/ServiceLoader$1 done
Event: 20.328 loading class java/util/ServiceLoader$ProviderImpl
Event: 20.329 loading class java/util/ServiceLoader$Provider
Event: 20.329 loading class java/util/ServiceLoader$Provider done
Event: 20.329 loading class java/util/ServiceLoader$ProviderImpl done
Event: 20.334 loading class sun/util/locale/provider/CalendarProviderImpl
Event: 20.334 loading class sun/util/locale/provider/AvailableLanguageTags
Event: 20.334 loading class sun/util/locale/provider/AvailableLanguageTags done
Event: 20.335 loading class sun/util/locale/provider/CalendarProviderImpl done


Dynamic libraries:
0x000000013f980000 - 0x000000013f98e000 	c:\Users\LENOVO\.vscode\extensions\redhat.java-1.8.0-win32-x64\jre\17.0.3-win32-x86_64\bin\java.exe
0x0000000077320000 - 0x00000000774ca000 	C:\Windows\SYSTEM32\ntdll.dll
0x000007fee3020000 - 0x000007fee3036000 	C:\Program Files\Avast Software\Avast\aswhook.dll
0x0000000077200000 - 0x000000007731f000 	C:\Windows\system32\kernel32.dll
0x000007fefd120000 - 0x000007fefd18a000 	C:\Windows\system32\KERNELBASE.dll
0x000007fef5d80000 - 0x000007fef5d98000 	c:\Users\LENOVO\.vscode\extensions\redhat.java-1.8.0-win32-x64\jre\17.0.3-win32-x86_64\bin\jli.dll
0x000007fefbc00000 - 0x000007fefbdf4000 	C:\Windows\WinSxS\amd64_microsoft.windows.common-controls_6595b64144ccf1df_6.0.7601.18837_none_fa3b1e3d17594757\COMCTL32.dll
0x000007feff510000 - 0x000007feff5af000 	C:\Windows\system32\msvcrt.dll
0x000007fefe900000 - 0x000007fefe967000 	C:\Windows\system32\GDI32.dll
0x0000000077100000 - 0x00000000771fa000 	C:\Windows\system32\USER32.dll
0x000007feff0b0000 - 0x000007feff0be000 	C:\Windows\system32\LPK.dll
0x000007fefd740000 - 0x000007fefd80a000 	C:\Windows\system32\USP10.dll
0x000007feff0c0000 - 0x000007feff131000 	C:\Windows\system32\SHLWAPI.dll
0x000007fed0620000 - 0x000007fed0639000 	c:\Users\LENOVO\.vscode\extensions\redhat.java-1.8.0-win32-x64\jre\17.0.3-win32-x86_64\bin\VCRUNTIME140.dll
0x000007fef5d70000 - 0x000007fef5d74000 	c:\Users\LENOVO\.vscode\extensions\redhat.java-1.8.0-win32-x64\jre\17.0.3-win32-x86_64\bin\api-ms-win-crt-runtime-l1-1-0.dll
0x000007fed0230000 - 0x000007fed032a000 	c:\Users\LENOVO\.vscode\extensions\redhat.java-1.8.0-win32-x64\jre\17.0.3-win32-x86_64\bin\ucrtbase.DLL
0x000007fed0610000 - 0x000007fed0613000 	c:\Users\LENOVO\.vscode\extensions\redhat.java-1.8.0-win32-x64\jre\17.0.3-win32-x86_64\bin\api-ms-win-core-localization-l1-2-0.dll
0x000007fed0600000 - 0x000007fed0603000 	c:\Users\LENOVO\.vscode\extensions\redhat.java-1.8.0-win32-x64\jre\17.0.3-win32-x86_64\bin\api-ms-win-core-processthreads-l1-1-1.dll
0x000007fed05f0000 - 0x000007fed05f3000 	c:\Users\LENOVO\.vscode\extensions\redhat.java-1.8.0-win32-x64\jre\17.0.3-win32-x86_64\bin\api-ms-win-core-file-l1-2-0.dll
0x000007fed05e0000 - 0x000007fed05e3000 	c:\Users\LENOVO\.vscode\extensions\redhat.java-1.8.0-win32-x64\jre\17.0.3-win32-x86_64\bin\api-ms-win-core-timezone-l1-1-0.dll
0x000007fed05d0000 - 0x000007fed05d3000 	c:\Users\LENOVO\.vscode\extensions\redhat.java-1.8.0-win32-x64\jre\17.0.3-win32-x86_64\bin\api-ms-win-core-file-l2-1-0.dll
0x000007fed05c0000 - 0x000007fed05c3000 	c:\Users\LENOVO\.vscode\extensions\redhat.java-1.8.0-win32-x64\jre\17.0.3-win32-x86_64\bin\api-ms-win-core-synch-l1-2-0.dll
0x000007fed05b0000 - 0x000007fed05b3000 	c:\Users\LENOVO\.vscode\extensions\redhat.java-1.8.0-win32-x64\jre\17.0.3-win32-x86_64\bin\api-ms-win-crt-heap-l1-1-0.dll
0x000007fed05a0000 - 0x000007fed05a4000 	c:\Users\LENOVO\.vscode\extensions\redhat.java-1.8.0-win32-x64\jre\17.0.3-win32-x86_64\bin\api-ms-win-crt-string-l1-1-0.dll
0x000007fed0590000 - 0x000007fed0594000 	c:\Users\LENOVO\.vscode\extensions\redhat.java-1.8.0-win32-x64\jre\17.0.3-win32-x86_64\bin\api-ms-win-crt-stdio-l1-1-0.dll
0x000007fed0580000 - 0x000007fed0584000 	c:\Users\LENOVO\.vscode\extensions\redhat.java-1.8.0-win32-x64\jre\17.0.3-win32-x86_64\bin\api-ms-win-crt-convert-l1-1-0.dll
0x000007fed0570000 - 0x000007fed0573000 	c:\Users\LENOVO\.vscode\extensions\redhat.java-1.8.0-win32-x64\jre\17.0.3-win32-x86_64\bin\api-ms-win-crt-environment-l1-1-0.dll
0x000007fed0560000 - 0x000007fed0563000 	c:\Users\LENOVO\.vscode\extensions\redhat.java-1.8.0-win32-x64\jre\17.0.3-win32-x86_64\bin\api-ms-win-crt-filesystem-l1-1-0.dll
0x000007fed0550000 - 0x000007fed0555000 	c:\Users\LENOVO\.vscode\extensions\redhat.java-1.8.0-win32-x64\jre\17.0.3-win32-x86_64\bin\api-ms-win-crt-math-l1-1-0.dll
0x000007fed0540000 - 0x000007fed0543000 	c:\Users\LENOVO\.vscode\extensions\redhat.java-1.8.0-win32-x64\jre\17.0.3-win32-x86_64\bin\api-ms-win-crt-locale-l1-1-0.dll
0x000007fefd410000 - 0x000007fefd43e000 	C:\Windows\system32\IMM32.DLL
0x000007fefee50000 - 0x000007fefef59000 	C:\Windows\system32\MSCTF.dll
0x000007fed0530000 - 0x000007fed053c000 	c:\Users\LENOVO\.vscode\extensions\redhat.java-1.8.0-win32-x64\jre\17.0.3-win32-x86_64\bin\vcruntime140_1.dll
0x000007fed0190000 - 0x000007fed0221000 	c:\Users\LENOVO\.vscode\extensions\redhat.java-1.8.0-win32-x64\jre\17.0.3-win32-x86_64\bin\msvcp140.dll
0x000007fed0180000 - 0x000007fed0183000 	c:\Users\LENOVO\.vscode\extensions\redhat.java-1.8.0-win32-x64\jre\17.0.3-win32-x86_64\bin\api-ms-win-crt-time-l1-1-0.dll
0x000007fed0170000 - 0x000007fed0173000 	c:\Users\LENOVO\.vscode\extensions\redhat.java-1.8.0-win32-x64\jre\17.0.3-win32-x86_64\bin\api-ms-win-crt-utility-l1-1-0.dll
0x000007fec7680000 - 0x000007fec82c8000 	c:\Users\LENOVO\.vscode\extensions\redhat.java-1.8.0-win32-x64\jre\17.0.3-win32-x86_64\bin\server\jvm.dll
0x000007fefe820000 - 0x000007fefe8fb000 	C:\Windows\system32\ADVAPI32.dll
0x000007fefd440000 - 0x000007fefd45f000 	C:\Windows\SYSTEM32\sechost.dll
0x000007feff160000 - 0x000007feff28d000 	C:\Windows\system32\RPCRT4.dll
0x000007fef99e0000 - 0x000007fef99e9000 	C:\Windows\system32\WSOCK32.dll
0x000007feff060000 - 0x000007feff0ad000 	C:\Windows\system32\WS2_32.dll
0x000007feff290000 - 0x000007feff298000 	C:\Windows\system32\NSI.dll
0x000007feebd60000 - 0x000007feebd9b000 	C:\Windows\system32\WINMM.dll
0x000007fefc120000 - 0x000007fefc12c000 	C:\Windows\system32\VERSION.dll
0x00000000774f0000 - 0x00000000774f7000 	C:\Windows\system32\PSAPI.DLL
0x000007fed0160000 - 0x000007fed016a000 	c:\Users\LENOVO\.vscode\extensions\redhat.java-1.8.0-win32-x64\jre\17.0.3-win32-x86_64\bin\jimage.dll
0x000007fefa670000 - 0x000007fefa795000 	C:\Windows\system32\DBGHELP.DLL
0x000007fed0130000 - 0x000007fed0155000 	c:\Users\LENOVO\.vscode\extensions\redhat.java-1.8.0-win32-x64\jre\17.0.3-win32-x86_64\bin\java.dll
0x000007fed0110000 - 0x000007fed0128000 	c:\Users\LENOVO\.vscode\extensions\redhat.java-1.8.0-win32-x64\jre\17.0.3-win32-x86_64\bin\zip.dll
0x000007fefd8b0000 - 0x000007fefe639000 	C:\Windows\system32\SHELL32.dll
0x000007fefec40000 - 0x000007fefee43000 	C:\Windows\system32\ole32.dll
0x000007fefd050000 - 0x000007fefd05f000 	C:\Windows\system32\profapi.dll
0x000007fed00e0000 - 0x000007fed00f9000 	C:\Users\LENOVO\.vscode\extensions\redhat.java-1.8.0-win32-x64\jre\17.0.3-win32-x86_64\bin\net.dll
0x000007fef7c10000 - 0x000007fef7c81000 	C:\Windows\system32\WINHTTP.dll
0x000007fef7ba0000 - 0x000007fef7c05000 	C:\Windows\system32\webio.dll
0x000007fefc7f0000 - 0x000007fefc845000 	C:\Windows\system32\mswsock.dll
0x000007fefc7e0000 - 0x000007fefc7e7000 	C:\Windows\System32\wship6.dll
0x000007fecc950000 - 0x000007fecc965000 	C:\Users\LENOVO\.vscode\extensions\redhat.java-1.8.0-win32-x64\jre\17.0.3-win32-x86_64\bin\nio.dll
0x000007fec9da0000 - 0x000007fec9dde000 	C:\Users\LENOVO\AppData\Roaming\Code\User\globalStorage\redhat.java\1.8.0\config_ss_win\org.eclipse.equinox.launcher\org.eclipse.equinox.launcher.win32.win32.x86_64_1.2.500.v20220509-0833\eclipse_11700.dll

dbghelp: loaded successfully - version: 4.0.5 - missing functions: none
symbol engine: initialized successfully - sym options: 0x614 - pdb path: .;c:\Users\LENOVO\.vscode\extensions\redhat.java-1.8.0-win32-x64\jre\17.0.3-win32-x86_64\bin;C:\Windows\SYSTEM32;C:\Program Files\Avast Software\Avast;C:\Windows\WinSxS\amd64_microsoft.windows.common-controls_6595b64144ccf1df_6.0.7601.18837_none_fa3b1e3d17594757;c:\Users\LENOVO\.vscode\extensions\redhat.java-1.8.0-win32-x64\jre\17.0.3-win32-x86_64\bin\server;C:\Users\LENOVO\AppData\Roaming\Code\User\globalStorage\redhat.java\1.8.0\config_ss_win\org.eclipse.equinox.launcher\org.eclipse.equinox.launcher.win32.win32.x86_64_1.2.500.v20220509-0833

VM Arguments:
jvm_args: --add-modules=ALL-SYSTEM --add-opens=java.base/java.util=ALL-UNNAMED --add-opens=java.base/java.lang=ALL-UNNAMED --add-opens=java.base/sun.nio.fs=ALL-UNNAMED -Declipse.application=org.eclipse.jdt.ls.core.id1 -Dosgi.bundles.defaultStartLevel=4 -Declipse.product=org.eclipse.jdt.ls.core.product -Djava.import.generatesMetadataFilesAtProjectRoot=false -Dfile.encoding=utf8 -DwatchParentProcess=false -XX:+UseParallelGC -XX:GCTimeRatio=4 -XX:AdaptiveSizePolicyWeight=90 -Dsun.zip.disableMemoryMapping=true -Xmx1G -Xms100m 
java_command: c:\Users\LENOVO\.vscode\extensions\redhat.java-1.8.0-win32-x64\server\plugins\org.eclipse.equinox.launcher_1.6.400.v20210924-0641.jar -configuration c:\Users\LENOVO\AppData\Roaming\Code\User\globalStorage\redhat.java\1.8.0\config_ss_win -data c:\Users\LENOVO\AppData\Roaming\Code\User\workspaceStorage\123212859bc6ca5fc8f745e4ec924077\redhat.java\ss_ws
java_class_path (initial): c:\Users\LENOVO\.vscode\extensions\redhat.java-1.8.0-win32-x64\server\plugins\org.eclipse.equinox.launcher_1.6.400.v20210924-0641.jar
Launcher Type: SUN_STANDARD

[Global flags]
    uintx AdaptiveSizePolicyWeight                 = 90                                        {product} {command line}
     intx CICompilerCount                          = 2                                         {product} {ergonomic}
    uintx GCTimeRatio                              = 4                                         {product} {command line}
   size_t InitialHeapSize                          = 104857600                                 {product} {command line}
   size_t MaxHeapSize                              = 1073741824                                {product} {command line}
   size_t MaxNewSize                               = 357564416                                 {product} {ergonomic}
   size_t MinHeapDeltaBytes                        = 524288                                    {product} {ergonomic}
   size_t MinHeapSize                              = 104857600                                 {product} {command line}
   size_t NewSize                                  = 34603008                                  {product} {ergonomic}
    uintx NonNMethodCodeHeapSize                   = 5826188                                {pd product} {ergonomic}
    uintx NonProfiledCodeHeapSize                  = 122916026                              {pd product} {ergonomic}
   size_t OldSize                                  = 70254592                                  {product} {ergonomic}
    uintx ProfiledCodeHeapSize                     = 122916026                              {pd product} {ergonomic}
    uintx ReservedCodeCacheSize                    = 251658240                              {pd product} {ergonomic}
     bool SegmentedCodeCache                       = true                                      {product} {ergonomic}
   size_t SoftMaxHeapSize                          = 1073741824                             {manageable} {ergonomic}
     bool UseCompressedClassPointers               = true                           {product lp64_product} {ergonomic}
     bool UseCompressedOops                        = true                           {product lp64_product} {ergonomic}
     bool UseLargePagesIndividualAllocation        = false                                  {pd product} {ergonomic}
     bool UseParallelGC                            = true                                      {product} {command line}

Logging:
Log output configuration:
 #0: stdout all=warning uptime,level,tags
 #1: stderr all=off uptime,level,tags

Environment Variables:
JAVA_HOME=C:\Program Files\Java\jdk-18
PATH=C:\Program Files\Common Files\Oracle\Java\javapath;C:\Windows\system32;C:\Windows;C:\Windows\System32\Wbem;C:\Windows\System32\WindowsPowerShell\v1.0\;C:\Program Files (x86)\ATI Technologies\ATI.ACE\Core-Static;C:\Program Files\IBM\SPSS\Statistics\23\JRE\bin;C:\Program Files\Git\cmd;C:\Program Files\nodejs\;C:\Program Files\MySQL\MySQL Server 8.0\bin;C:\Program Files (x86)\nodejs\;C:\Program Files\apache-maven-3.8.6\bin;C:\Users\LENOVO\AppData\Local\Programs\Python\Python38-32\Scripts\;C:\Users\LENOVO\AppData\Local\Programs\Python\Python38-32\;C:\Users\LENOVO\AppData\Local\Programs\Microsoft VS Code\bin;C:\Users\LENOVO\AppData\Roaming\npm;C:\Program Files\apache-maven-3.8.6\bin
USERNAME=LENOVO
OS=Windows_NT
PROCESSOR_IDENTIFIER=AMD64 Family 22 Model 0 Stepping 1, AuthenticAMD



---------------  S Y S T E M  ---------------

OS:
 Windows 7 , 64 bit Build 7601 (6.1.7601.23572)
OS uptime: 0 days 5:06 hours

CPU: total 2 (initial active 2) (2 cores per cpu, 1 threads per core) family 22 model 0 stepping 1 microcode 0x0, cx8, cmov, fxsr, mmx, 3dnowpref, sse, sse2, sse3, ssse3, sse4a, sse4.1, sse4.2, popcnt, lzcnt, tsc, tscinvbit, avx, aes, clmul, bmi1, vzeroupper, clflush

Memory: 4k page, system-wide physical 1485M (177M free)
TotalPageFile size 5941M (AvailPageFile size 227M)
current process WorkingSet (physical memory assigned to process): 80M, peak: 80M
current process commit charge ("private bytes"): 190M, peak: 191M

vm_info: OpenJDK 64-Bit Server VM (17.0.3+7) for windows-amd64 JRE (17.0.3+7), built on Apr 19 2022 16:55:35 by "" with MS VC++ 16.7 (VS2019)

END.
